<?xml version="1.0" encoding="UTF-8"?>
<testsuites name="Data-Driven Test Suites" time="177" tests="12" failures="0" errors="0">
   <testsuite name="Data-Driven Test Suites" tests="12" failures="0" errors="0" time="177" timestamp="2018-05-09 03:19:13" hostname="snailwalker - 192.168.0.101" id="Test Suites/Data-Driven Test Suites">
      <properties>
         <property name="deviceName" value=""/>
         <property name="devicePlatform" value=""/>
         <property name="logFolder" value="/Users/snailwalker/Documents/workspace/backend/katalon/Reports/Data-Driven Test Suites/20180509_031911"/>
         <property name="logFiles" value="/Users/snailwalker/Documents/workspace/backend/katalon/Reports/Data-Driven Test Suites/20180509_031911/execution0.log"/>
         <property name="attachments" value=""/>
         <property name="hostName" value="snailwalker - 192.168.0.101"/>
         <property name="os" value="Mac OS X 64bit"/>
         <property name="katalonVersion" value="5.4.1.1"/>
         <property name="browser" value="Chrome 66.0.3359.139"/>
         <property name="hostAddress" value="192.168.0.101"/>
         <property name="sessionId" value="5d43fe0143afac248226c573e8fdc017"/>
         <property name="seleniumVersion" value="3.7.1"/>
         <property name="proxyInformation" value="ProxyInformation{proxyOption=NO_PROXY, proxyServerType=HTTP, password=, proxyServerAddress=, proxyServerPort=0}"/>
         <property name="platform" value="Mac OS X"/>
      </properties>
      <testcase name="Test Cases/Test User Login" classname="Test Cases/Test User Login" status="PASSED">
         <system-out><![CDATA[2018-05-09 03:19:14 - [TEST_CASE][PASSED] - Test Cases/Test User Login: Test Cases/Test User Login

2018-05-09 03:19:14 - [TEST_STEP][PASSED] - openBrowser: Browser is opened with url: ''

2018-05-09 03:19:18 - [MESSAGE][PASSED] - Browser is opened with url: ''

2018-05-09 03:19:18 - [TEST_STEP][PASSED] - navigateToUrl: Navigate to 'http://34.209.48.20:9089/' successfully

2018-05-09 03:19:31 - [MESSAGE][PASSED] - Navigate to 'http://34.209.48.20:9089/' successfully

2018-05-09 03:19:31 - [TEST_STEP][PASSED] - verifyElementPresent: Object 'Object Repository/all_Objects/header' is present

2018-05-09 03:19:32 - [MESSAGE][WARNING] - Timeout '0' is invalid. Using default page load timeout: '30'

2018-05-09 03:19:32 - [MESSAGE][PASSED] - Object 'Object Repository/all_Objects/header' is present

2018-05-09 03:19:32 - [TEST_STEP][PASSED] - verifyElementPresent: Object 'Object Repository/all_Objects/p_header_description' is present

2018-05-09 03:19:32 - [MESSAGE][WARNING] - Timeout '0' is invalid. Using default page load timeout: '30'

2018-05-09 03:19:32 - [MESSAGE][PASSED] - Object 'Object Repository/all_Objects/p_header_description' is present

2018-05-09 03:19:32 - [TEST_STEP][PASSED] - verifyElementPresent: Object 'Object Repository/all_Objects/h2_Login' is present

2018-05-09 03:19:32 - [MESSAGE][WARNING] - Timeout '0' is invalid. Using default page load timeout: '30'

2018-05-09 03:19:32 - [MESSAGE][PASSED] - Object 'Object Repository/all_Objects/h2_Login' is present

2018-05-09 03:19:32 - [TEST_STEP][PASSED] - verifyElementPresent: Object 'Object Repository/all_Objects/label_Username' is present

2018-05-09 03:19:32 - [MESSAGE][WARNING] - Timeout '0' is invalid. Using default page load timeout: '30'

2018-05-09 03:19:32 - [MESSAGE][PASSED] - Object 'Object Repository/all_Objects/label_Username' is present

2018-05-09 03:19:32 - [TEST_STEP][PASSED] - verifyElementPresent: Object 'Object Repository/all_Objects/label_Password' is present

2018-05-09 03:19:32 - [MESSAGE][WARNING] - Timeout '0' is invalid. Using default page load timeout: '30'

2018-05-09 03:19:32 - [MESSAGE][PASSED] - Object 'Object Repository/all_Objects/label_Password' is present

2018-05-09 03:19:32 - [TEST_STEP][PASSED] - verifyElementPresent: Object 'Object Repository/all_Objects/div_Login' is present

2018-05-09 03:19:32 - [MESSAGE][WARNING] - Timeout '0' is invalid. Using default page load timeout: '30'

2018-05-09 03:19:32 - [MESSAGE][PASSED] - Object 'Object Repository/all_Objects/div_Login' is present

2018-05-09 03:19:32 - [TEST_STEP][PASSED] - setText: Text 'user' is set on object 'Object Repository/all_Objects/input_username'

2018-05-09 03:19:32 - [MESSAGE][PASSED] - Text 'user' is set on object 'Object Repository/all_Objects/input_username'

2018-05-09 03:19:32 - [TEST_STEP][PASSED] - setText: Text 'user' is set on object 'Object Repository/all_Objects/input_password'

2018-05-09 03:19:33 - [MESSAGE][PASSED] - Text 'user' is set on object 'Object Repository/all_Objects/input_password'

2018-05-09 03:19:33 - [TEST_STEP][PASSED] - click: Object: 'Object Repository/all_Objects/button_Login' is clicked on

2018-05-09 03:19:33 - [MESSAGE][PASSED] - Object: 'Object Repository/all_Objects/button_Login' is clicked on

2018-05-09 03:19:33 - [TEST_STEP][PASSED] - verifyElementPresent: Object 'Object Repository/all_Objects/header' is present

2018-05-09 03:19:33 - [MESSAGE][WARNING] - Timeout '0' is invalid. Using default page load timeout: '30'

2018-05-09 03:19:33 - [MESSAGE][PASSED] - Object 'Object Repository/all_Objects/header' is present

2018-05-09 03:19:33 - [TEST_STEP][PASSED] - verifyElementPresent: Object 'Object Repository/all_Objects/p_header_description' is present

2018-05-09 03:19:33 - [MESSAGE][WARNING] - Timeout '0' is invalid. Using default page load timeout: '30'

2018-05-09 03:19:33 - [MESSAGE][PASSED] - Object 'Object Repository/all_Objects/p_header_description' is present

2018-05-09 03:19:33 - [TEST_STEP][PASSED] - verifyElementPresent: Object 'Object Repository/all_Objects/div_add to cart' is present

2018-05-09 03:19:33 - [MESSAGE][WARNING] - Timeout '0' is invalid. Using default page load timeout: '30'

2018-05-09 03:19:34 - [MESSAGE][PASSED] - Object 'Object Repository/all_Objects/div_add to cart' is present

2018-05-09 03:19:34 - [TEST_STEP][PASSED] - click: Object: 'Object Repository/all_Objects/button_Carts' is clicked on

2018-05-09 03:19:35 - [MESSAGE][PASSED] - Object: 'Object Repository/all_Objects/button_Carts' is clicked on

2018-05-09 03:19:35 - [TEST_STEP][PASSED] - verifyElementPresent: Object 'Object Repository/all_Objects/User_Shopping Cart_header' is present

2018-05-09 03:19:35 - [MESSAGE][WARNING] - Timeout '0' is invalid. Using default page load timeout: '30'

2018-05-09 03:19:35 - [MESSAGE][PASSED] - Object 'Object Repository/all_Objects/User_Shopping Cart_header' is present

2018-05-09 03:19:35 - [TEST_STEP][PASSED] - verifyElementPresent: Object 'Object Repository/all_Objects/th_Product Name' is present

2018-05-09 03:19:35 - [MESSAGE][WARNING] - Timeout '0' is invalid. Using default page load timeout: '30'

2018-05-09 03:19:35 - [MESSAGE][PASSED] - Object 'Object Repository/all_Objects/th_Product Name' is present

2018-05-09 03:19:35 - [TEST_STEP][PASSED] - verifyElementPresent: Object 'Object Repository/all_Objects/th_Price' is present

2018-05-09 03:19:35 - [MESSAGE][WARNING] - Timeout '0' is invalid. Using default page load timeout: '30'

2018-05-09 03:19:35 - [MESSAGE][PASSED] - Object 'Object Repository/all_Objects/th_Price' is present

2018-05-09 03:19:35 - [TEST_STEP][PASSED] - verifyElementPresent: Object 'Object Repository/all_Objects/th_amount' is present

2018-05-09 03:19:35 - [MESSAGE][WARNING] - Timeout '0' is invalid. Using default page load timeout: '30'

2018-05-09 03:19:35 - [MESSAGE][PASSED] - Object 'Object Repository/all_Objects/th_amount' is present

2018-05-09 03:19:35 - [TEST_STEP][PASSED] - verifyElementPresent: Object 'Object Repository/all_Objects/p_Total price  0 THB' is present

2018-05-09 03:19:35 - [MESSAGE][WARNING] - Timeout '0' is invalid. Using default page load timeout: '30'

2018-05-09 03:19:35 - [MESSAGE][PASSED] - Object 'Object Repository/all_Objects/p_Total price  0 THB' is present

2018-05-09 03:19:35 - [TEST_STEP][PASSED] - verifyElementPresent: Object 'Object Repository/all_Objects/div_confirm' is present

2018-05-09 03:19:35 - [MESSAGE][WARNING] - Timeout '0' is invalid. Using default page load timeout: '30'

2018-05-09 03:19:35 - [MESSAGE][PASSED] - Object 'Object Repository/all_Objects/div_confirm' is present

2018-05-09 03:19:35 - [TEST_STEP][PASSED] - closeBrowser: Browser is closed

2018-05-09 03:19:35 - [MESSAGE][PASSED] - Browser is closed]]></system-out>
         <system-err><![CDATA[]]></system-err>
      </testcase>
      <testcase name="Test Cases/Test User Login" classname="Test Cases/Test User Login" status="PASSED">
         <system-out><![CDATA[2018-05-09 03:19:35 - [TEST_CASE][PASSED] - Test Cases/Test User Login: Test Cases/Test User Login

2018-05-09 03:19:35 - [TEST_STEP][PASSED] - openBrowser: Browser is opened with url: ''

2018-05-09 03:19:36 - [MESSAGE][PASSED] - Browser is opened with url: ''

2018-05-09 03:19:36 - [TEST_STEP][PASSED] - navigateToUrl: Navigate to 'http://34.209.48.20:9089/' successfully

2018-05-09 03:19:46 - [MESSAGE][PASSED] - Navigate to 'http://34.209.48.20:9089/' successfully

2018-05-09 03:19:46 - [TEST_STEP][PASSED] - verifyElementPresent: Object 'Object Repository/all_Objects/header' is present

2018-05-09 03:19:46 - [MESSAGE][WARNING] - Timeout '0' is invalid. Using default page load timeout: '30'

2018-05-09 03:19:46 - [MESSAGE][PASSED] - Object 'Object Repository/all_Objects/header' is present

2018-05-09 03:19:46 - [TEST_STEP][PASSED] - verifyElementPresent: Object 'Object Repository/all_Objects/p_header_description' is present

2018-05-09 03:19:46 - [MESSAGE][WARNING] - Timeout '0' is invalid. Using default page load timeout: '30'

2018-05-09 03:19:46 - [MESSAGE][PASSED] - Object 'Object Repository/all_Objects/p_header_description' is present

2018-05-09 03:19:46 - [TEST_STEP][PASSED] - verifyElementPresent: Object 'Object Repository/all_Objects/h2_Login' is present

2018-05-09 03:19:46 - [MESSAGE][WARNING] - Timeout '0' is invalid. Using default page load timeout: '30'

2018-05-09 03:19:46 - [MESSAGE][PASSED] - Object 'Object Repository/all_Objects/h2_Login' is present

2018-05-09 03:19:46 - [TEST_STEP][PASSED] - verifyElementPresent: Object 'Object Repository/all_Objects/label_Username' is present

2018-05-09 03:19:46 - [MESSAGE][WARNING] - Timeout '0' is invalid. Using default page load timeout: '30'

2018-05-09 03:19:46 - [MESSAGE][PASSED] - Object 'Object Repository/all_Objects/label_Username' is present

2018-05-09 03:19:46 - [TEST_STEP][PASSED] - verifyElementPresent: Object 'Object Repository/all_Objects/label_Password' is present

2018-05-09 03:19:46 - [MESSAGE][WARNING] - Timeout '0' is invalid. Using default page load timeout: '30'

2018-05-09 03:19:46 - [MESSAGE][PASSED] - Object 'Object Repository/all_Objects/label_Password' is present

2018-05-09 03:19:46 - [TEST_STEP][PASSED] - verifyElementPresent: Object 'Object Repository/all_Objects/div_Login' is present

2018-05-09 03:19:46 - [MESSAGE][WARNING] - Timeout '0' is invalid. Using default page load timeout: '30'

2018-05-09 03:19:46 - [MESSAGE][PASSED] - Object 'Object Repository/all_Objects/div_Login' is present

2018-05-09 03:19:46 - [TEST_STEP][PASSED] - setText: Text 'hello' is set on object 'Object Repository/all_Objects/input_username'

2018-05-09 03:19:47 - [MESSAGE][PASSED] - Text 'hello' is set on object 'Object Repository/all_Objects/input_username'

2018-05-09 03:19:47 - [TEST_STEP][PASSED] - setText: Text 'hello' is set on object 'Object Repository/all_Objects/input_password'

2018-05-09 03:19:47 - [MESSAGE][PASSED] - Text 'hello' is set on object 'Object Repository/all_Objects/input_password'

2018-05-09 03:19:47 - [TEST_STEP][PASSED] - click: Object: 'Object Repository/all_Objects/button_Login' is clicked on

2018-05-09 03:19:47 - [MESSAGE][PASSED] - Object: 'Object Repository/all_Objects/button_Login' is clicked on

2018-05-09 03:19:47 - [TEST_STEP][PASSED] - verifyElementPresent: Object 'Object Repository/all_Objects/header' is present

2018-05-09 03:19:47 - [MESSAGE][WARNING] - Timeout '0' is invalid. Using default page load timeout: '30'

2018-05-09 03:19:47 - [MESSAGE][PASSED] - Object 'Object Repository/all_Objects/header' is present

2018-05-09 03:19:47 - [TEST_STEP][PASSED] - verifyElementPresent: Object 'Object Repository/all_Objects/p_header_description' is present

2018-05-09 03:19:47 - [MESSAGE][WARNING] - Timeout '0' is invalid. Using default page load timeout: '30'

2018-05-09 03:19:47 - [MESSAGE][PASSED] - Object 'Object Repository/all_Objects/p_header_description' is present

2018-05-09 03:19:47 - [TEST_STEP][PASSED] - verifyElementPresent: Object 'Object Repository/all_Objects/div_add to cart' is present

2018-05-09 03:19:47 - [MESSAGE][WARNING] - Timeout '0' is invalid. Using default page load timeout: '30'

2018-05-09 03:19:48 - [MESSAGE][PASSED] - Object 'Object Repository/all_Objects/div_add to cart' is present

2018-05-09 03:19:48 - [TEST_STEP][PASSED] - click: Object: 'Object Repository/all_Objects/button_Carts' is clicked on

2018-05-09 03:19:49 - [MESSAGE][PASSED] - Object: 'Object Repository/all_Objects/button_Carts' is clicked on

2018-05-09 03:19:49 - [TEST_STEP][PASSED] - verifyElementPresent: Object 'Object Repository/all_Objects/User_Shopping Cart_header' is present

2018-05-09 03:19:49 - [MESSAGE][WARNING] - Timeout '0' is invalid. Using default page load timeout: '30'

2018-05-09 03:19:49 - [MESSAGE][PASSED] - Object 'Object Repository/all_Objects/User_Shopping Cart_header' is present

2018-05-09 03:19:49 - [TEST_STEP][PASSED] - verifyElementPresent: Object 'Object Repository/all_Objects/th_Product Name' is present

2018-05-09 03:19:49 - [MESSAGE][WARNING] - Timeout '0' is invalid. Using default page load timeout: '30'

2018-05-09 03:19:49 - [MESSAGE][PASSED] - Object 'Object Repository/all_Objects/th_Product Name' is present

2018-05-09 03:19:49 - [TEST_STEP][PASSED] - verifyElementPresent: Object 'Object Repository/all_Objects/th_Price' is present

2018-05-09 03:19:49 - [MESSAGE][WARNING] - Timeout '0' is invalid. Using default page load timeout: '30'

2018-05-09 03:19:49 - [MESSAGE][PASSED] - Object 'Object Repository/all_Objects/th_Price' is present

2018-05-09 03:19:49 - [TEST_STEP][PASSED] - verifyElementPresent: Object 'Object Repository/all_Objects/th_amount' is present

2018-05-09 03:19:49 - [MESSAGE][WARNING] - Timeout '0' is invalid. Using default page load timeout: '30'

2018-05-09 03:19:49 - [MESSAGE][PASSED] - Object 'Object Repository/all_Objects/th_amount' is present

2018-05-09 03:19:49 - [TEST_STEP][PASSED] - verifyElementPresent: Object 'Object Repository/all_Objects/p_Total price  0 THB' is present

2018-05-09 03:19:49 - [MESSAGE][WARNING] - Timeout '0' is invalid. Using default page load timeout: '30'

2018-05-09 03:19:49 - [MESSAGE][PASSED] - Object 'Object Repository/all_Objects/p_Total price  0 THB' is present

2018-05-09 03:19:49 - [TEST_STEP][PASSED] - verifyElementPresent: Object 'Object Repository/all_Objects/div_confirm' is present

2018-05-09 03:19:49 - [MESSAGE][WARNING] - Timeout '0' is invalid. Using default page load timeout: '30'

2018-05-09 03:19:49 - [MESSAGE][PASSED] - Object 'Object Repository/all_Objects/div_confirm' is present

2018-05-09 03:19:49 - [TEST_STEP][PASSED] - closeBrowser: Browser is closed

2018-05-09 03:19:49 - [MESSAGE][PASSED] - Browser is closed]]></system-out>
         <system-err><![CDATA[]]></system-err>
      </testcase>
      <testcase name="Test Cases/Test Admin Login" classname="Test Cases/Test Admin Login" status="PASSED">
         <system-out><![CDATA[2018-05-09 03:19:49 - [TEST_CASE][PASSED] - Test Cases/Test Admin Login: Test Cases/Test Admin Login

2018-05-09 03:19:49 - [TEST_STEP][PASSED] - openBrowser: Browser is opened with url: ''

2018-05-09 03:19:50 - [MESSAGE][PASSED] - Browser is opened with url: ''

2018-05-09 03:19:50 - [TEST_STEP][PASSED] - navigateToUrl: Navigate to 'http://34.209.48.20:9089/' successfully

2018-05-09 03:20:02 - [MESSAGE][PASSED] - Navigate to 'http://34.209.48.20:9089/' successfully

2018-05-09 03:20:02 - [TEST_STEP][PASSED] - verifyElementPresent: Object 'Object Repository/all_Objects/header' is present

2018-05-09 03:20:02 - [MESSAGE][WARNING] - Timeout '0' is invalid. Using default page load timeout: '30'

2018-05-09 03:20:02 - [MESSAGE][PASSED] - Object 'Object Repository/all_Objects/header' is present

2018-05-09 03:20:02 - [TEST_STEP][PASSED] - verifyElementPresent: Object 'Object Repository/all_Objects/p_header_description' is present

2018-05-09 03:20:02 - [MESSAGE][WARNING] - Timeout '0' is invalid. Using default page load timeout: '30'

2018-05-09 03:20:02 - [MESSAGE][PASSED] - Object 'Object Repository/all_Objects/p_header_description' is present

2018-05-09 03:20:02 - [TEST_STEP][PASSED] - verifyElementPresent: Object 'Object Repository/all_Objects/h2_Login' is present

2018-05-09 03:20:02 - [MESSAGE][WARNING] - Timeout '0' is invalid. Using default page load timeout: '30'

2018-05-09 03:20:02 - [MESSAGE][PASSED] - Object 'Object Repository/all_Objects/h2_Login' is present

2018-05-09 03:20:02 - [TEST_STEP][PASSED] - verifyElementPresent: Object 'Object Repository/all_Objects/div_Username' is present

2018-05-09 03:20:02 - [MESSAGE][WARNING] - Timeout '0' is invalid. Using default page load timeout: '30'

2018-05-09 03:20:02 - [MESSAGE][PASSED] - Object 'Object Repository/all_Objects/div_Username' is present

2018-05-09 03:20:02 - [TEST_STEP][PASSED] - verifyElementPresent: Object 'Object Repository/all_Objects/div_Password' is present

2018-05-09 03:20:02 - [MESSAGE][WARNING] - Timeout '0' is invalid. Using default page load timeout: '30'

2018-05-09 03:20:02 - [MESSAGE][PASSED] - Object 'Object Repository/all_Objects/div_Password' is present

2018-05-09 03:20:02 - [TEST_STEP][PASSED] - verifyElementPresent: Object 'Object Repository/all_Objects/div_Login' is present

2018-05-09 03:20:02 - [MESSAGE][WARNING] - Timeout '0' is invalid. Using default page load timeout: '30'

2018-05-09 03:20:02 - [MESSAGE][PASSED] - Object 'Object Repository/all_Objects/div_Login' is present

2018-05-09 03:20:02 - [TEST_STEP][PASSED] - setText: Text 'admin' is set on object 'Object Repository/all_Objects/input_username'

2018-05-09 03:20:02 - [MESSAGE][PASSED] - Text 'admin' is set on object 'Object Repository/all_Objects/input_username'

2018-05-09 03:20:02 - [TEST_STEP][PASSED] - setText: Text 'admin' is set on object 'Object Repository/all_Objects/input_password'

2018-05-09 03:20:02 - [MESSAGE][PASSED] - Text 'admin' is set on object 'Object Repository/all_Objects/input_password'

2018-05-09 03:20:02 - [TEST_STEP][PASSED] - click: Object: 'Object Repository/all_Objects/button_Login' is clicked on

2018-05-09 03:20:02 - [MESSAGE][PASSED] - Object: 'Object Repository/all_Objects/button_Login' is clicked on

2018-05-09 03:20:02 - [TEST_STEP][PASSED] - verifyElementPresent: Object 'Object Repository/all_Objects/div_Products' is present

2018-05-09 03:20:02 - [MESSAGE][WARNING] - Timeout '0' is invalid. Using default page load timeout: '30'

2018-05-09 03:20:03 - [MESSAGE][PASSED] - Object 'Object Repository/all_Objects/div_Products' is present

2018-05-09 03:20:03 - [TEST_STEP][PASSED] - click: Object: 'Object Repository/all_Objects/a_Total Transaction' is clicked on

2018-05-09 03:20:04 - [MESSAGE][PASSED] - Object: 'Object Repository/all_Objects/a_Total Transaction' is clicked on

2018-05-09 03:20:04 - [TEST_STEP][PASSED] - verifyElementPresent: Object 'Object Repository/all_Objects/div_Transaction List' is present

2018-05-09 03:20:04 - [MESSAGE][WARNING] - Timeout '0' is invalid. Using default page load timeout: '30'

2018-05-09 03:20:04 - [MESSAGE][PASSED] - Object 'Object Repository/all_Objects/div_Transaction List' is present

2018-05-09 03:20:04 - [TEST_STEP][PASSED] - closeBrowser: Browser is closed

2018-05-09 03:20:04 - [MESSAGE][PASSED] - Browser is closed]]></system-out>
         <system-err><![CDATA[]]></system-err>
      </testcase>
      <testcase name="Test Cases/Test Available Products for Users - Scripted" classname="Test Cases/Test Available Products for Users - Scripted" status="PASSED">
         <system-out><![CDATA[2018-05-09 03:20:04 - [TEST_CASE][PASSED] - Test Cases/Test Available Products for Users - Scripted: Test Cases/Test Available Products for Users - Scripted

2018-05-09 03:20:04 - [TEST_STEP][PASSED] - Statement - prod = ["productId":"", "name":"", "description":"", "imageLocation":"", "price":""]: null

2018-05-09 03:20:04 - [TEST_STEP][PASSED] - Statement - data = com.kms.katalon.core.testdata.TestDataFactory.findTestData("Data Files/data.product"): Reading excel file with source file '/Users/snailwalker/Documents/workspace/backend/katalon/Data Files/data.xlsx' and sheet name 'product'

2018-05-09 03:20:05 - [TEST_STEP][PASSED] - openBrowser: Browser is opened with url: ''

2018-05-09 03:20:06 - [MESSAGE][PASSED] - Browser is opened with url: ''

2018-05-09 03:20:06 - [TEST_STEP][PASSED] - navigateToUrl: Navigate to 'http://34.209.48.20:9089/' successfully

2018-05-09 03:20:17 - [MESSAGE][PASSED] - Navigate to 'http://34.209.48.20:9089/' successfully

2018-05-09 03:20:17 - [TEST_STEP][PASSED] - verifyElementPresent: Object 'Object Repository/all_Objects/header' is present

2018-05-09 03:20:17 - [MESSAGE][WARNING] - Timeout '0' is invalid. Using default page load timeout: '30'

2018-05-09 03:20:17 - [MESSAGE][PASSED] - Object 'Object Repository/all_Objects/header' is present

2018-05-09 03:20:17 - [TEST_STEP][PASSED] - verifyElementPresent: Object 'Object Repository/all_Objects/p_header_description' is present

2018-05-09 03:20:17 - [MESSAGE][WARNING] - Timeout '0' is invalid. Using default page load timeout: '30'

2018-05-09 03:20:17 - [MESSAGE][PASSED] - Object 'Object Repository/all_Objects/p_header_description' is present

2018-05-09 03:20:17 - [TEST_STEP][PASSED] - verifyElementPresent: Object 'Object Repository/all_Objects/h2_Login' is present

2018-05-09 03:20:17 - [MESSAGE][WARNING] - Timeout '0' is invalid. Using default page load timeout: '30'

2018-05-09 03:20:17 - [MESSAGE][PASSED] - Object 'Object Repository/all_Objects/h2_Login' is present

2018-05-09 03:20:17 - [TEST_STEP][PASSED] - verifyElementPresent: Object 'Object Repository/all_Objects/label_Username' is present

2018-05-09 03:20:17 - [MESSAGE][WARNING] - Timeout '0' is invalid. Using default page load timeout: '30'

2018-05-09 03:20:18 - [MESSAGE][PASSED] - Object 'Object Repository/all_Objects/label_Username' is present

2018-05-09 03:20:18 - [TEST_STEP][PASSED] - verifyElementPresent: Object 'Object Repository/all_Objects/label_Password' is present

2018-05-09 03:20:18 - [MESSAGE][WARNING] - Timeout '0' is invalid. Using default page load timeout: '30'

2018-05-09 03:20:18 - [MESSAGE][PASSED] - Object 'Object Repository/all_Objects/label_Password' is present

2018-05-09 03:20:18 - [TEST_STEP][PASSED] - click: Object: 'Object Repository/all_Objects/h2_Login' is clicked on

2018-05-09 03:20:18 - [MESSAGE][PASSED] - Object: 'Object Repository/all_Objects/h2_Login' is clicked on

2018-05-09 03:20:18 - [TEST_STEP][PASSED] - setText: Text 'user' is set on object 'Object Repository/all_Objects/input_username'

2018-05-09 03:20:18 - [MESSAGE][PASSED] - Text 'user' is set on object 'Object Repository/all_Objects/input_username'

2018-05-09 03:20:18 - [TEST_STEP][PASSED] - setText: Text 'user' is set on object 'Object Repository/all_Objects/input_password'

2018-05-09 03:20:18 - [MESSAGE][PASSED] - Text 'user' is set on object 'Object Repository/all_Objects/input_password'

2018-05-09 03:20:18 - [TEST_STEP][PASSED] - click: Object: 'Object Repository/all_Objects/button_Login' is clicked on

2018-05-09 03:20:18 - [MESSAGE][PASSED] - Object: 'Object Repository/all_Objects/button_Login' is clicked on

2018-05-09 03:20:18 - [TEST_STEP][PASSED] - verifyElementText: Actual text and expected text of test object 'Object Repository/all_Objects/h5_Garden' are matched.

2018-05-09 03:20:20 - [MESSAGE][PASSED] - Actual text and expected text of test object 'Object Repository/all_Objects/h5_Garden' are matched.

2018-05-09 03:20:20 - [TEST_STEP][PASSED] - verifyElementText: Actual text and expected text of test object 'Object Repository/all_Objects/p_The garden which you can gro' are matched.

2018-05-09 03:20:20 - [MESSAGE][PASSED] - Actual text and expected text of test object 'Object Repository/all_Objects/p_The garden which you can gro' are matched.

2018-05-09 03:20:20 - [TEST_STEP][PASSED] - verifyElementText: Actual text and expected text of test object 'Object Repository/all_Objects/h6_Price is 20000.00 THB' are matched.

2018-05-09 03:20:20 - [MESSAGE][PASSED] - Actual text and expected text of test object 'Object Repository/all_Objects/h6_Price is 20000.00 THB' are matched.

2018-05-09 03:20:20 - [TEST_STEP][PASSED] - verifyElementText: Actual text and expected text of test object 'Object Repository/all_Objects/h5_Banana' are matched.

2018-05-09 03:20:20 - [MESSAGE][PASSED] - Actual text and expected text of test object 'Object Repository/all_Objects/h5_Banana' are matched.

2018-05-09 03:20:20 - [TEST_STEP][PASSED] - verifyElementText: Actual text and expected text of test object 'Object Repository/all_Objects/p_A good fruit with very cheap' are matched.

2018-05-09 03:20:20 - [MESSAGE][PASSED] - Actual text and expected text of test object 'Object Repository/all_Objects/p_A good fruit with very cheap' are matched.

2018-05-09 03:20:20 - [TEST_STEP][PASSED] - verifyElementText: Actual text and expected text of test object 'Object Repository/all_Objects/h6_Price is 150.00 THB' are matched.

2018-05-09 03:20:20 - [MESSAGE][PASSED] - Actual text and expected text of test object 'Object Repository/all_Objects/h6_Price is 150.00 THB' are matched.

2018-05-09 03:20:20 - [TEST_STEP][PASSED] - verifyElementText: Actual text and expected text of test object 'Object Repository/all_Objects/h5_Orange' are matched.

2018-05-09 03:20:20 - [MESSAGE][PASSED] - Actual text and expected text of test object 'Object Repository/all_Objects/h5_Orange' are matched.

2018-05-09 03:20:20 - [TEST_STEP][PASSED] - verifyElementText: Actual text and expected text of test object 'Object Repository/all_Objects/p_Nothing good about it' are matched.

2018-05-09 03:20:20 - [MESSAGE][PASSED] - Actual text and expected text of test object 'Object Repository/all_Objects/p_Nothing good about it' are matched.

2018-05-09 03:20:20 - [TEST_STEP][PASSED] - verifyElementText: Actual text and expected text of test object 'Object Repository/all_Objects/h6_Price is 280.00 THB' are matched.

2018-05-09 03:20:20 - [MESSAGE][PASSED] - Actual text and expected text of test object 'Object Repository/all_Objects/h6_Price is 280.00 THB' are matched.

2018-05-09 03:20:20 - [TEST_STEP][PASSED] - verifyElementText: Actual text and expected text of test object 'Object Repository/all_Objects/h5_Papaya' are matched.

2018-05-09 03:20:20 - [MESSAGE][PASSED] - Actual text and expected text of test object 'Object Repository/all_Objects/h5_Papaya' are matched.

2018-05-09 03:20:20 - [TEST_STEP][PASSED] - verifyElementText: Actual text and expected text of test object 'Object Repository/all_Objects/p_Use for papaya salad' are matched.

2018-05-09 03:20:20 - [MESSAGE][PASSED] - Actual text and expected text of test object 'Object Repository/all_Objects/p_Use for papaya salad' are matched.

2018-05-09 03:20:20 - [TEST_STEP][PASSED] - verifyElementText: Actual text and expected text of test object 'Object Repository/all_Objects/h6_Price is 12.00 THB' are matched.

2018-05-09 03:20:20 - [MESSAGE][PASSED] - Actual text and expected text of test object 'Object Repository/all_Objects/h6_Price is 12.00 THB' are matched.

2018-05-09 03:20:20 - [TEST_STEP][PASSED] - verifyElementText: Actual text and expected text of test object 'Object Repository/all_Objects/h5_Rambutan' are matched.

2018-05-09 03:20:20 - [MESSAGE][PASSED] - Actual text and expected text of test object 'Object Repository/all_Objects/h5_Rambutan' are matched.

2018-05-09 03:20:20 - [TEST_STEP][PASSED] - verifyElementText: Actual text and expected text of test object 'Object Repository/all_Objects/p_An expensive fruit from the' are matched.

2018-05-09 03:20:20 - [MESSAGE][PASSED] - Actual text and expected text of test object 'Object Repository/all_Objects/p_An expensive fruit from the' are matched.

2018-05-09 03:20:20 - [TEST_STEP][PASSED] - verifyElementText: Actual text and expected text of test object 'Object Repository/all_Objects/h6_Price is 20.00 THB' are matched.

2018-05-09 03:20:20 - [MESSAGE][PASSED] - Actual text and expected text of test object 'Object Repository/all_Objects/h6_Price is 20.00 THB' are matched.

2018-05-09 03:20:20 - [TEST_STEP][PASSED] - closeBrowser: Browser is closed

2018-05-09 03:20:21 - [MESSAGE][PASSED] - Browser is closed]]></system-out>
         <system-err><![CDATA[]]></system-err>
      </testcase>
      <testcase name="Test Cases/Test Available Products for Users - Scripted" classname="Test Cases/Test Available Products for Users - Scripted" status="PASSED">
         <system-out><![CDATA[2018-05-09 03:20:21 - [TEST_CASE][PASSED] - Test Cases/Test Available Products for Users - Scripted: Test Cases/Test Available Products for Users - Scripted

2018-05-09 03:20:21 - [TEST_STEP][PASSED] - Statement - prod = ["productId":"", "name":"", "description":"", "imageLocation":"", "price":""]: null

2018-05-09 03:20:21 - [TEST_STEP][PASSED] - Statement - data = com.kms.katalon.core.testdata.TestDataFactory.findTestData("Data Files/data.product"): Reading excel file with source file '/Users/snailwalker/Documents/workspace/backend/katalon/Data Files/data.xlsx' and sheet name 'product'

2018-05-09 03:20:21 - [TEST_STEP][PASSED] - openBrowser: Browser is opened with url: ''

2018-05-09 03:20:22 - [MESSAGE][PASSED] - Browser is opened with url: ''

2018-05-09 03:20:22 - [TEST_STEP][PASSED] - navigateToUrl: Navigate to 'http://34.209.48.20:9089/' successfully

2018-05-09 03:20:31 - [MESSAGE][PASSED] - Navigate to 'http://34.209.48.20:9089/' successfully

2018-05-09 03:20:31 - [TEST_STEP][PASSED] - verifyElementPresent: Object 'Object Repository/all_Objects/header' is present

2018-05-09 03:20:31 - [MESSAGE][WARNING] - Timeout '0' is invalid. Using default page load timeout: '30'

2018-05-09 03:20:31 - [MESSAGE][PASSED] - Object 'Object Repository/all_Objects/header' is present

2018-05-09 03:20:31 - [TEST_STEP][PASSED] - verifyElementPresent: Object 'Object Repository/all_Objects/p_header_description' is present

2018-05-09 03:20:31 - [MESSAGE][WARNING] - Timeout '0' is invalid. Using default page load timeout: '30'

2018-05-09 03:20:31 - [MESSAGE][PASSED] - Object 'Object Repository/all_Objects/p_header_description' is present

2018-05-09 03:20:31 - [TEST_STEP][PASSED] - verifyElementPresent: Object 'Object Repository/all_Objects/h2_Login' is present

2018-05-09 03:20:31 - [MESSAGE][WARNING] - Timeout '0' is invalid. Using default page load timeout: '30'

2018-05-09 03:20:31 - [MESSAGE][PASSED] - Object 'Object Repository/all_Objects/h2_Login' is present

2018-05-09 03:20:31 - [TEST_STEP][PASSED] - verifyElementPresent: Object 'Object Repository/all_Objects/label_Username' is present

2018-05-09 03:20:31 - [MESSAGE][WARNING] - Timeout '0' is invalid. Using default page load timeout: '30'

2018-05-09 03:20:31 - [MESSAGE][PASSED] - Object 'Object Repository/all_Objects/label_Username' is present

2018-05-09 03:20:31 - [TEST_STEP][PASSED] - verifyElementPresent: Object 'Object Repository/all_Objects/label_Password' is present

2018-05-09 03:20:31 - [MESSAGE][WARNING] - Timeout '0' is invalid. Using default page load timeout: '30'

2018-05-09 03:20:31 - [MESSAGE][PASSED] - Object 'Object Repository/all_Objects/label_Password' is present

2018-05-09 03:20:31 - [TEST_STEP][PASSED] - click: Object: 'Object Repository/all_Objects/h2_Login' is clicked on

2018-05-09 03:20:32 - [MESSAGE][PASSED] - Object: 'Object Repository/all_Objects/h2_Login' is clicked on

2018-05-09 03:20:32 - [TEST_STEP][PASSED] - setText: Text 'hello' is set on object 'Object Repository/all_Objects/input_username'

2018-05-09 03:20:32 - [MESSAGE][PASSED] - Text 'hello' is set on object 'Object Repository/all_Objects/input_username'

2018-05-09 03:20:32 - [TEST_STEP][PASSED] - setText: Text 'hello' is set on object 'Object Repository/all_Objects/input_password'

2018-05-09 03:20:32 - [MESSAGE][PASSED] - Text 'hello' is set on object 'Object Repository/all_Objects/input_password'

2018-05-09 03:20:32 - [TEST_STEP][PASSED] - click: Object: 'Object Repository/all_Objects/button_Login' is clicked on

2018-05-09 03:20:32 - [MESSAGE][PASSED] - Object: 'Object Repository/all_Objects/button_Login' is clicked on

2018-05-09 03:20:32 - [TEST_STEP][PASSED] - verifyElementText: Actual text and expected text of test object 'Object Repository/all_Objects/h5_Garden' are matched.

2018-05-09 03:20:34 - [MESSAGE][PASSED] - Actual text and expected text of test object 'Object Repository/all_Objects/h5_Garden' are matched.

2018-05-09 03:20:34 - [TEST_STEP][PASSED] - verifyElementText: Actual text and expected text of test object 'Object Repository/all_Objects/p_The garden which you can gro' are matched.

2018-05-09 03:20:34 - [MESSAGE][PASSED] - Actual text and expected text of test object 'Object Repository/all_Objects/p_The garden which you can gro' are matched.

2018-05-09 03:20:34 - [TEST_STEP][PASSED] - verifyElementText: Actual text and expected text of test object 'Object Repository/all_Objects/h6_Price is 20000.00 THB' are matched.

2018-05-09 03:20:34 - [MESSAGE][PASSED] - Actual text and expected text of test object 'Object Repository/all_Objects/h6_Price is 20000.00 THB' are matched.

2018-05-09 03:20:34 - [TEST_STEP][PASSED] - verifyElementText: Actual text and expected text of test object 'Object Repository/all_Objects/h5_Banana' are matched.

2018-05-09 03:20:34 - [MESSAGE][PASSED] - Actual text and expected text of test object 'Object Repository/all_Objects/h5_Banana' are matched.

2018-05-09 03:20:34 - [TEST_STEP][PASSED] - verifyElementText: Actual text and expected text of test object 'Object Repository/all_Objects/p_A good fruit with very cheap' are matched.

2018-05-09 03:20:34 - [MESSAGE][PASSED] - Actual text and expected text of test object 'Object Repository/all_Objects/p_A good fruit with very cheap' are matched.

2018-05-09 03:20:34 - [TEST_STEP][PASSED] - verifyElementText: Actual text and expected text of test object 'Object Repository/all_Objects/h6_Price is 150.00 THB' are matched.

2018-05-09 03:20:34 - [MESSAGE][PASSED] - Actual text and expected text of test object 'Object Repository/all_Objects/h6_Price is 150.00 THB' are matched.

2018-05-09 03:20:34 - [TEST_STEP][PASSED] - verifyElementText: Actual text and expected text of test object 'Object Repository/all_Objects/h5_Orange' are matched.

2018-05-09 03:20:34 - [MESSAGE][PASSED] - Actual text and expected text of test object 'Object Repository/all_Objects/h5_Orange' are matched.

2018-05-09 03:20:34 - [TEST_STEP][PASSED] - verifyElementText: Actual text and expected text of test object 'Object Repository/all_Objects/p_Nothing good about it' are matched.

2018-05-09 03:20:34 - [MESSAGE][PASSED] - Actual text and expected text of test object 'Object Repository/all_Objects/p_Nothing good about it' are matched.

2018-05-09 03:20:34 - [TEST_STEP][PASSED] - verifyElementText: Actual text and expected text of test object 'Object Repository/all_Objects/h6_Price is 280.00 THB' are matched.

2018-05-09 03:20:34 - [MESSAGE][PASSED] - Actual text and expected text of test object 'Object Repository/all_Objects/h6_Price is 280.00 THB' are matched.

2018-05-09 03:20:34 - [TEST_STEP][PASSED] - verifyElementText: Actual text and expected text of test object 'Object Repository/all_Objects/h5_Papaya' are matched.

2018-05-09 03:20:34 - [MESSAGE][PASSED] - Actual text and expected text of test object 'Object Repository/all_Objects/h5_Papaya' are matched.

2018-05-09 03:20:34 - [TEST_STEP][PASSED] - verifyElementText: Actual text and expected text of test object 'Object Repository/all_Objects/p_Use for papaya salad' are matched.

2018-05-09 03:20:34 - [MESSAGE][PASSED] - Actual text and expected text of test object 'Object Repository/all_Objects/p_Use for papaya salad' are matched.

2018-05-09 03:20:34 - [TEST_STEP][PASSED] - verifyElementText: Actual text and expected text of test object 'Object Repository/all_Objects/h6_Price is 12.00 THB' are matched.

2018-05-09 03:20:35 - [MESSAGE][PASSED] - Actual text and expected text of test object 'Object Repository/all_Objects/h6_Price is 12.00 THB' are matched.

2018-05-09 03:20:35 - [TEST_STEP][PASSED] - verifyElementText: Actual text and expected text of test object 'Object Repository/all_Objects/h5_Rambutan' are matched.

2018-05-09 03:20:35 - [MESSAGE][PASSED] - Actual text and expected text of test object 'Object Repository/all_Objects/h5_Rambutan' are matched.

2018-05-09 03:20:35 - [TEST_STEP][PASSED] - verifyElementText: Actual text and expected text of test object 'Object Repository/all_Objects/p_An expensive fruit from the' are matched.

2018-05-09 03:20:35 - [MESSAGE][PASSED] - Actual text and expected text of test object 'Object Repository/all_Objects/p_An expensive fruit from the' are matched.

2018-05-09 03:20:35 - [TEST_STEP][PASSED] - verifyElementText: Actual text and expected text of test object 'Object Repository/all_Objects/h6_Price is 20.00 THB' are matched.

2018-05-09 03:20:35 - [MESSAGE][PASSED] - Actual text and expected text of test object 'Object Repository/all_Objects/h6_Price is 20.00 THB' are matched.

2018-05-09 03:20:35 - [TEST_STEP][PASSED] - closeBrowser: Browser is closed

2018-05-09 03:20:35 - [MESSAGE][PASSED] - Browser is closed]]></system-out>
         <system-err><![CDATA[]]></system-err>
      </testcase>
      <testcase name="Test Cases/Test All Login Page elements present" classname="Test Cases/Test All Login Page elements present" status="PASSED">
         <system-out><![CDATA[2018-05-09 03:20:35 - [TEST_CASE][PASSED] - Test Cases/Test All Login Page elements present: Test Cases/Test All Login Page elements present

2018-05-09 03:20:35 - [TEST_STEP][PASSED] - openBrowser: Browser is opened with url: ''

2018-05-09 03:20:36 - [MESSAGE][PASSED] - Browser is opened with url: ''

2018-05-09 03:20:36 - [TEST_STEP][PASSED] - navigateToUrl: Navigate to 'http://34.209.48.20:9089/' successfully

2018-05-09 03:20:45 - [MESSAGE][PASSED] - Navigate to 'http://34.209.48.20:9089/' successfully

2018-05-09 03:20:45 - [TEST_STEP][PASSED] - verifyElementPresent: Object 'Object Repository/all_Objects/header' is present

2018-05-09 03:20:45 - [MESSAGE][WARNING] - Timeout '0' is invalid. Using default page load timeout: '30'

2018-05-09 03:20:45 - [MESSAGE][PASSED] - Object 'Object Repository/all_Objects/header' is present

2018-05-09 03:20:45 - [TEST_STEP][PASSED] - verifyElementPresent: Object 'Object Repository/all_Objects/p_header_description' is present

2018-05-09 03:20:45 - [MESSAGE][WARNING] - Timeout '0' is invalid. Using default page load timeout: '30'

2018-05-09 03:20:45 - [MESSAGE][PASSED] - Object 'Object Repository/all_Objects/p_header_description' is present

2018-05-09 03:20:45 - [TEST_STEP][PASSED] - verifyElementPresent: Object 'Object Repository/all_Objects/h2_Login' is present

2018-05-09 03:20:45 - [MESSAGE][WARNING] - Timeout '0' is invalid. Using default page load timeout: '30'

2018-05-09 03:20:45 - [MESSAGE][PASSED] - Object 'Object Repository/all_Objects/h2_Login' is present

2018-05-09 03:20:45 - [TEST_STEP][PASSED] - verifyElementPresent: Object 'Object Repository/all_Objects/label_Username' is present

2018-05-09 03:20:45 - [MESSAGE][WARNING] - Timeout '0' is invalid. Using default page load timeout: '30'

2018-05-09 03:20:45 - [MESSAGE][PASSED] - Object 'Object Repository/all_Objects/label_Username' is present

2018-05-09 03:20:45 - [TEST_STEP][PASSED] - verifyElementPresent: Object 'Object Repository/all_Objects/label_Password' is present

2018-05-09 03:20:45 - [MESSAGE][WARNING] - Timeout '0' is invalid. Using default page load timeout: '30'

2018-05-09 03:20:45 - [MESSAGE][PASSED] - Object 'Object Repository/all_Objects/label_Password' is present

2018-05-09 03:20:45 - [TEST_STEP][PASSED] - closeBrowser: Browser is closed

2018-05-09 03:20:46 - [MESSAGE][PASSED] - Browser is closed]]></system-out>
         <system-err><![CDATA[]]></system-err>
      </testcase>
      <testcase name="Test Cases/Test User Logout" classname="Test Cases/Test User Logout" status="PASSED">
         <system-out><![CDATA[2018-05-09 03:20:46 - [TEST_CASE][PASSED] - Test Cases/Test User Logout: Test Cases/Test User Logout

2018-05-09 03:20:46 - [TEST_STEP][PASSED] - openBrowser: Browser is opened with url: ''

2018-05-09 03:20:47 - [MESSAGE][PASSED] - Browser is opened with url: ''

2018-05-09 03:20:47 - [TEST_STEP][PASSED] - navigateToUrl: Navigate to 'http://34.209.48.20:9089/' successfully

2018-05-09 03:20:57 - [MESSAGE][PASSED] - Navigate to 'http://34.209.48.20:9089/' successfully

2018-05-09 03:20:57 - [TEST_STEP][PASSED] - verifyElementPresent: Object 'Object Repository/all_Objects/header' is present

2018-05-09 03:20:57 - [MESSAGE][WARNING] - Timeout '0' is invalid. Using default page load timeout: '30'

2018-05-09 03:20:57 - [MESSAGE][PASSED] - Object 'Object Repository/all_Objects/header' is present

2018-05-09 03:20:57 - [TEST_STEP][PASSED] - verifyElementPresent: Object 'Object Repository/all_Objects/p_header_description' is present

2018-05-09 03:20:57 - [MESSAGE][WARNING] - Timeout '0' is invalid. Using default page load timeout: '30'

2018-05-09 03:20:57 - [MESSAGE][PASSED] - Object 'Object Repository/all_Objects/p_header_description' is present

2018-05-09 03:20:57 - [TEST_STEP][PASSED] - verifyElementPresent: Object 'Object Repository/all_Objects/h2_Login' is present

2018-05-09 03:20:57 - [MESSAGE][WARNING] - Timeout '0' is invalid. Using default page load timeout: '30'

2018-05-09 03:20:57 - [MESSAGE][PASSED] - Object 'Object Repository/all_Objects/h2_Login' is present

2018-05-09 03:20:57 - [TEST_STEP][PASSED] - verifyElementPresent: Object 'Object Repository/all_Objects/label_Username' is present

2018-05-09 03:20:57 - [MESSAGE][WARNING] - Timeout '0' is invalid. Using default page load timeout: '30'

2018-05-09 03:20:57 - [MESSAGE][PASSED] - Object 'Object Repository/all_Objects/label_Username' is present

2018-05-09 03:20:57 - [TEST_STEP][PASSED] - verifyElementPresent: Object 'Object Repository/all_Objects/label_Password' is present

2018-05-09 03:20:57 - [MESSAGE][WARNING] - Timeout '0' is invalid. Using default page load timeout: '30'

2018-05-09 03:20:57 - [MESSAGE][PASSED] - Object 'Object Repository/all_Objects/label_Password' is present

2018-05-09 03:20:57 - [TEST_STEP][PASSED] - setText: Text 'user' is set on object 'Object Repository/all_Objects/input_username'

2018-05-09 03:20:58 - [MESSAGE][PASSED] - Text 'user' is set on object 'Object Repository/all_Objects/input_username'

2018-05-09 03:20:58 - [TEST_STEP][PASSED] - setText: Text 'user' is set on object 'Object Repository/all_Objects/input_password'

2018-05-09 03:20:58 - [MESSAGE][PASSED] - Text 'user' is set on object 'Object Repository/all_Objects/input_password'

2018-05-09 03:20:58 - [TEST_STEP][PASSED] - click: Object: 'Object Repository/all_Objects/button_Login' is clicked on

2018-05-09 03:20:58 - [MESSAGE][PASSED] - Object: 'Object Repository/all_Objects/button_Login' is clicked on

2018-05-09 03:20:58 - [TEST_STEP][PASSED] - verifyElementPresent: Object 'Object Repository/all_Objects/header' is present

2018-05-09 03:20:58 - [MESSAGE][WARNING] - Timeout '0' is invalid. Using default page load timeout: '30'

2018-05-09 03:20:58 - [MESSAGE][PASSED] - Object 'Object Repository/all_Objects/header' is present

2018-05-09 03:20:58 - [TEST_STEP][PASSED] - verifyElementPresent: Object 'Object Repository/all_Objects/p_header_description' is present

2018-05-09 03:20:58 - [MESSAGE][WARNING] - Timeout '0' is invalid. Using default page load timeout: '30'

2018-05-09 03:20:58 - [MESSAGE][PASSED] - Object 'Object Repository/all_Objects/p_header_description' is present

2018-05-09 03:20:58 - [TEST_STEP][PASSED] - verifyElementPresent: Object 'Object Repository/all_Objects/div_add to cart' is present

2018-05-09 03:20:58 - [MESSAGE][WARNING] - Timeout '0' is invalid. Using default page load timeout: '30'

2018-05-09 03:20:59 - [MESSAGE][PASSED] - Object 'Object Repository/all_Objects/div_add to cart' is present

2018-05-09 03:20:59 - [TEST_STEP][PASSED] - click: Object: 'Object Repository/all_Objects/button_Carts' is clicked on

2018-05-09 03:20:59 - [MESSAGE][PASSED] - Object: 'Object Repository/all_Objects/button_Carts' is clicked on

2018-05-09 03:20:59 - [TEST_STEP][PASSED] - verifyElementPresent: Object 'Object Repository/all_Objects/User_Shopping Cart_header' is present

2018-05-09 03:20:59 - [MESSAGE][WARNING] - Timeout '0' is invalid. Using default page load timeout: '30'

2018-05-09 03:20:59 - [MESSAGE][PASSED] - Object 'Object Repository/all_Objects/User_Shopping Cart_header' is present

2018-05-09 03:20:59 - [TEST_STEP][PASSED] - verifyElementPresent: Object 'Object Repository/all_Objects/th_Product Name' is present

2018-05-09 03:20:59 - [MESSAGE][WARNING] - Timeout '0' is invalid. Using default page load timeout: '30'

2018-05-09 03:20:59 - [MESSAGE][PASSED] - Object 'Object Repository/all_Objects/th_Product Name' is present

2018-05-09 03:20:59 - [TEST_STEP][PASSED] - verifyElementPresent: Object 'Object Repository/all_Objects/th_Price' is present

2018-05-09 03:20:59 - [MESSAGE][WARNING] - Timeout '0' is invalid. Using default page load timeout: '30'

2018-05-09 03:20:59 - [MESSAGE][PASSED] - Object 'Object Repository/all_Objects/th_Price' is present

2018-05-09 03:20:59 - [TEST_STEP][PASSED] - verifyElementPresent: Object 'Object Repository/all_Objects/th_amount' is present

2018-05-09 03:20:59 - [MESSAGE][WARNING] - Timeout '0' is invalid. Using default page load timeout: '30'

2018-05-09 03:20:59 - [MESSAGE][PASSED] - Object 'Object Repository/all_Objects/th_amount' is present

2018-05-09 03:20:59 - [TEST_STEP][PASSED] - verifyElementPresent: Object 'Object Repository/all_Objects/p_Total price  0 THB' is present

2018-05-09 03:20:59 - [MESSAGE][WARNING] - Timeout '0' is invalid. Using default page load timeout: '30'

2018-05-09 03:20:59 - [MESSAGE][PASSED] - Object 'Object Repository/all_Objects/p_Total price  0 THB' is present

2018-05-09 03:20:59 - [TEST_STEP][PASSED] - verifyElementPresent: Object 'Object Repository/all_Objects/div_confirm' is present

2018-05-09 03:20:59 - [MESSAGE][WARNING] - Timeout '0' is invalid. Using default page load timeout: '30'

2018-05-09 03:20:59 - [MESSAGE][PASSED] - Object 'Object Repository/all_Objects/div_confirm' is present

2018-05-09 03:20:59 - [TEST_STEP][PASSED] - click: Object: 'Object Repository/all_Objects/button_Logout' is clicked on

2018-05-09 03:20:59 - [MESSAGE][PASSED] - Object: 'Object Repository/all_Objects/button_Logout' is clicked on

2018-05-09 03:20:59 - [TEST_STEP][PASSED] - verifyElementPresent: Object 'Object Repository/all_Objects/header' is present

2018-05-09 03:20:59 - [MESSAGE][WARNING] - Timeout '0' is invalid. Using default page load timeout: '30'

2018-05-09 03:20:59 - [MESSAGE][PASSED] - Object 'Object Repository/all_Objects/header' is present

2018-05-09 03:20:59 - [TEST_STEP][PASSED] - verifyElementPresent: Object 'Object Repository/all_Objects/p_header_description' is present

2018-05-09 03:20:59 - [MESSAGE][WARNING] - Timeout '0' is invalid. Using default page load timeout: '30'

2018-05-09 03:20:59 - [MESSAGE][PASSED] - Object 'Object Repository/all_Objects/p_header_description' is present

2018-05-09 03:20:59 - [TEST_STEP][PASSED] - verifyElementPresent: Object 'Object Repository/all_Objects/h2_Login' is present

2018-05-09 03:20:59 - [MESSAGE][WARNING] - Timeout '0' is invalid. Using default page load timeout: '30'

2018-05-09 03:20:59 - [MESSAGE][PASSED] - Object 'Object Repository/all_Objects/h2_Login' is present

2018-05-09 03:20:59 - [TEST_STEP][PASSED] - verifyElementPresent: Object 'Object Repository/all_Objects/label_Username' is present

2018-05-09 03:20:59 - [MESSAGE][WARNING] - Timeout '0' is invalid. Using default page load timeout: '30'

2018-05-09 03:20:59 - [MESSAGE][PASSED] - Object 'Object Repository/all_Objects/label_Username' is present

2018-05-09 03:20:59 - [TEST_STEP][PASSED] - verifyElementPresent: Object 'Object Repository/all_Objects/label_Password' is present

2018-05-09 03:20:59 - [MESSAGE][WARNING] - Timeout '0' is invalid. Using default page load timeout: '30'

2018-05-09 03:20:59 - [MESSAGE][PASSED] - Object 'Object Repository/all_Objects/label_Password' is present

2018-05-09 03:20:59 - [TEST_STEP][PASSED] - closeBrowser: Browser is closed

2018-05-09 03:20:59 - [MESSAGE][PASSED] - Browser is closed]]></system-out>
         <system-err><![CDATA[]]></system-err>
      </testcase>
      <testcase name="Test Cases/Test User Logout" classname="Test Cases/Test User Logout" status="PASSED">
         <system-out><![CDATA[2018-05-09 03:20:59 - [TEST_CASE][PASSED] - Test Cases/Test User Logout: Test Cases/Test User Logout

2018-05-09 03:21:00 - [TEST_STEP][PASSED] - openBrowser: Browser is opened with url: ''

2018-05-09 03:21:01 - [MESSAGE][PASSED] - Browser is opened with url: ''

2018-05-09 03:21:01 - [TEST_STEP][PASSED] - navigateToUrl: Navigate to 'http://34.209.48.20:9089/' successfully

2018-05-09 03:21:14 - [MESSAGE][PASSED] - Navigate to 'http://34.209.48.20:9089/' successfully

2018-05-09 03:21:14 - [TEST_STEP][PASSED] - verifyElementPresent: Object 'Object Repository/all_Objects/header' is present

2018-05-09 03:21:14 - [MESSAGE][WARNING] - Timeout '0' is invalid. Using default page load timeout: '30'

2018-05-09 03:21:14 - [MESSAGE][PASSED] - Object 'Object Repository/all_Objects/header' is present

2018-05-09 03:21:14 - [TEST_STEP][PASSED] - verifyElementPresent: Object 'Object Repository/all_Objects/p_header_description' is present

2018-05-09 03:21:14 - [MESSAGE][WARNING] - Timeout '0' is invalid. Using default page load timeout: '30'

2018-05-09 03:21:14 - [MESSAGE][PASSED] - Object 'Object Repository/all_Objects/p_header_description' is present

2018-05-09 03:21:14 - [TEST_STEP][PASSED] - verifyElementPresent: Object 'Object Repository/all_Objects/h2_Login' is present

2018-05-09 03:21:14 - [MESSAGE][WARNING] - Timeout '0' is invalid. Using default page load timeout: '30'

2018-05-09 03:21:14 - [MESSAGE][PASSED] - Object 'Object Repository/all_Objects/h2_Login' is present

2018-05-09 03:21:14 - [TEST_STEP][PASSED] - verifyElementPresent: Object 'Object Repository/all_Objects/label_Username' is present

2018-05-09 03:21:14 - [MESSAGE][WARNING] - Timeout '0' is invalid. Using default page load timeout: '30'

2018-05-09 03:21:14 - [MESSAGE][PASSED] - Object 'Object Repository/all_Objects/label_Username' is present

2018-05-09 03:21:14 - [TEST_STEP][PASSED] - verifyElementPresent: Object 'Object Repository/all_Objects/label_Password' is present

2018-05-09 03:21:14 - [MESSAGE][WARNING] - Timeout '0' is invalid. Using default page load timeout: '30'

2018-05-09 03:21:14 - [MESSAGE][PASSED] - Object 'Object Repository/all_Objects/label_Password' is present

2018-05-09 03:21:14 - [TEST_STEP][PASSED] - setText: Text 'hello' is set on object 'Object Repository/all_Objects/input_username'

2018-05-09 03:21:14 - [MESSAGE][PASSED] - Text 'hello' is set on object 'Object Repository/all_Objects/input_username'

2018-05-09 03:21:14 - [TEST_STEP][PASSED] - setText: Text 'hello' is set on object 'Object Repository/all_Objects/input_password'

2018-05-09 03:21:14 - [MESSAGE][PASSED] - Text 'hello' is set on object 'Object Repository/all_Objects/input_password'

2018-05-09 03:21:14 - [TEST_STEP][PASSED] - click: Object: 'Object Repository/all_Objects/button_Login' is clicked on

2018-05-09 03:21:14 - [MESSAGE][PASSED] - Object: 'Object Repository/all_Objects/button_Login' is clicked on

2018-05-09 03:21:14 - [TEST_STEP][PASSED] - verifyElementPresent: Object 'Object Repository/all_Objects/header' is present

2018-05-09 03:21:14 - [MESSAGE][WARNING] - Timeout '0' is invalid. Using default page load timeout: '30'

2018-05-09 03:21:14 - [MESSAGE][PASSED] - Object 'Object Repository/all_Objects/header' is present

2018-05-09 03:21:14 - [TEST_STEP][PASSED] - verifyElementPresent: Object 'Object Repository/all_Objects/p_header_description' is present

2018-05-09 03:21:14 - [MESSAGE][WARNING] - Timeout '0' is invalid. Using default page load timeout: '30'

2018-05-09 03:21:14 - [MESSAGE][PASSED] - Object 'Object Repository/all_Objects/p_header_description' is present

2018-05-09 03:21:14 - [TEST_STEP][PASSED] - verifyElementPresent: Object 'Object Repository/all_Objects/div_add to cart' is present

2018-05-09 03:21:14 - [MESSAGE][WARNING] - Timeout '0' is invalid. Using default page load timeout: '30'

2018-05-09 03:21:16 - [MESSAGE][PASSED] - Object 'Object Repository/all_Objects/div_add to cart' is present

2018-05-09 03:21:16 - [TEST_STEP][PASSED] - click: Object: 'Object Repository/all_Objects/button_Carts' is clicked on

2018-05-09 03:21:16 - [MESSAGE][PASSED] - Object: 'Object Repository/all_Objects/button_Carts' is clicked on

2018-05-09 03:21:16 - [TEST_STEP][PASSED] - verifyElementPresent: Object 'Object Repository/all_Objects/User_Shopping Cart_header' is present

2018-05-09 03:21:16 - [MESSAGE][WARNING] - Timeout '0' is invalid. Using default page load timeout: '30'

2018-05-09 03:21:16 - [MESSAGE][PASSED] - Object 'Object Repository/all_Objects/User_Shopping Cart_header' is present

2018-05-09 03:21:16 - [TEST_STEP][PASSED] - verifyElementPresent: Object 'Object Repository/all_Objects/th_Product Name' is present

2018-05-09 03:21:16 - [MESSAGE][WARNING] - Timeout '0' is invalid. Using default page load timeout: '30'

2018-05-09 03:21:16 - [MESSAGE][PASSED] - Object 'Object Repository/all_Objects/th_Product Name' is present

2018-05-09 03:21:16 - [TEST_STEP][PASSED] - verifyElementPresent: Object 'Object Repository/all_Objects/th_Price' is present

2018-05-09 03:21:16 - [MESSAGE][WARNING] - Timeout '0' is invalid. Using default page load timeout: '30'

2018-05-09 03:21:16 - [MESSAGE][PASSED] - Object 'Object Repository/all_Objects/th_Price' is present

2018-05-09 03:21:16 - [TEST_STEP][PASSED] - verifyElementPresent: Object 'Object Repository/all_Objects/th_amount' is present

2018-05-09 03:21:16 - [MESSAGE][WARNING] - Timeout '0' is invalid. Using default page load timeout: '30'

2018-05-09 03:21:16 - [MESSAGE][PASSED] - Object 'Object Repository/all_Objects/th_amount' is present

2018-05-09 03:21:16 - [TEST_STEP][PASSED] - verifyElementPresent: Object 'Object Repository/all_Objects/p_Total price  0 THB' is present

2018-05-09 03:21:16 - [MESSAGE][WARNING] - Timeout '0' is invalid. Using default page load timeout: '30'

2018-05-09 03:21:16 - [MESSAGE][PASSED] - Object 'Object Repository/all_Objects/p_Total price  0 THB' is present

2018-05-09 03:21:16 - [TEST_STEP][PASSED] - verifyElementPresent: Object 'Object Repository/all_Objects/div_confirm' is present

2018-05-09 03:21:16 - [MESSAGE][WARNING] - Timeout '0' is invalid. Using default page load timeout: '30'

2018-05-09 03:21:16 - [MESSAGE][PASSED] - Object 'Object Repository/all_Objects/div_confirm' is present

2018-05-09 03:21:16 - [TEST_STEP][PASSED] - click: Object: 'Object Repository/all_Objects/button_Logout' is clicked on

2018-05-09 03:21:16 - [MESSAGE][PASSED] - Object: 'Object Repository/all_Objects/button_Logout' is clicked on

2018-05-09 03:21:16 - [TEST_STEP][PASSED] - verifyElementPresent: Object 'Object Repository/all_Objects/header' is present

2018-05-09 03:21:16 - [MESSAGE][WARNING] - Timeout '0' is invalid. Using default page load timeout: '30'

2018-05-09 03:21:16 - [MESSAGE][PASSED] - Object 'Object Repository/all_Objects/header' is present

2018-05-09 03:21:16 - [TEST_STEP][PASSED] - verifyElementPresent: Object 'Object Repository/all_Objects/p_header_description' is present

2018-05-09 03:21:16 - [MESSAGE][WARNING] - Timeout '0' is invalid. Using default page load timeout: '30'

2018-05-09 03:21:16 - [MESSAGE][PASSED] - Object 'Object Repository/all_Objects/p_header_description' is present

2018-05-09 03:21:16 - [TEST_STEP][PASSED] - verifyElementPresent: Object 'Object Repository/all_Objects/h2_Login' is present

2018-05-09 03:21:16 - [MESSAGE][WARNING] - Timeout '0' is invalid. Using default page load timeout: '30'

2018-05-09 03:21:16 - [MESSAGE][PASSED] - Object 'Object Repository/all_Objects/h2_Login' is present

2018-05-09 03:21:16 - [TEST_STEP][PASSED] - verifyElementPresent: Object 'Object Repository/all_Objects/label_Username' is present

2018-05-09 03:21:16 - [MESSAGE][WARNING] - Timeout '0' is invalid. Using default page load timeout: '30'

2018-05-09 03:21:16 - [MESSAGE][PASSED] - Object 'Object Repository/all_Objects/label_Username' is present

2018-05-09 03:21:16 - [TEST_STEP][PASSED] - verifyElementPresent: Object 'Object Repository/all_Objects/label_Password' is present

2018-05-09 03:21:16 - [MESSAGE][WARNING] - Timeout '0' is invalid. Using default page load timeout: '30'

2018-05-09 03:21:17 - [MESSAGE][PASSED] - Object 'Object Repository/all_Objects/label_Password' is present

2018-05-09 03:21:17 - [TEST_STEP][PASSED] - closeBrowser: Browser is closed

2018-05-09 03:21:17 - [MESSAGE][PASSED] - Browser is closed]]></system-out>
         <system-err><![CDATA[]]></system-err>
      </testcase>
      <testcase name="Test Cases/Test User Login Fail" classname="Test Cases/Test User Login Fail" status="PASSED">
         <system-out><![CDATA[2018-05-09 03:21:17 - [TEST_CASE][PASSED] - Test Cases/Test User Login Fail: Test Cases/Test User Login Fail

2018-05-09 03:21:17 - [TEST_STEP][PASSED] - openBrowser: Browser is opened with url: ''

2018-05-09 03:21:18 - [MESSAGE][PASSED] - Browser is opened with url: ''

2018-05-09 03:21:18 - [TEST_STEP][PASSED] - navigateToUrl: Navigate to 'http://34.209.48.20:9089/' successfully

2018-05-09 03:21:30 - [MESSAGE][PASSED] - Navigate to 'http://34.209.48.20:9089/' successfully

2018-05-09 03:21:30 - [TEST_STEP][PASSED] - verifyElementPresent: Object 'Object Repository/all_Objects/header' is present

2018-05-09 03:21:30 - [MESSAGE][WARNING] - Timeout '0' is invalid. Using default page load timeout: '30'

2018-05-09 03:21:30 - [MESSAGE][PASSED] - Object 'Object Repository/all_Objects/header' is present

2018-05-09 03:21:30 - [TEST_STEP][PASSED] - verifyElementPresent: Object 'Object Repository/all_Objects/p_header_description' is present

2018-05-09 03:21:30 - [MESSAGE][WARNING] - Timeout '0' is invalid. Using default page load timeout: '30'

2018-05-09 03:21:30 - [MESSAGE][PASSED] - Object 'Object Repository/all_Objects/p_header_description' is present

2018-05-09 03:21:30 - [TEST_STEP][PASSED] - verifyElementPresent: Object 'Object Repository/all_Objects/h2_Login' is present

2018-05-09 03:21:30 - [MESSAGE][WARNING] - Timeout '0' is invalid. Using default page load timeout: '30'

2018-05-09 03:21:30 - [MESSAGE][PASSED] - Object 'Object Repository/all_Objects/h2_Login' is present

2018-05-09 03:21:30 - [TEST_STEP][PASSED] - verifyElementPresent: Object 'Object Repository/all_Objects/label_Username' is present

2018-05-09 03:21:30 - [MESSAGE][WARNING] - Timeout '0' is invalid. Using default page load timeout: '30'

2018-05-09 03:21:30 - [MESSAGE][PASSED] - Object 'Object Repository/all_Objects/label_Username' is present

2018-05-09 03:21:30 - [TEST_STEP][PASSED] - verifyElementPresent: Object 'Object Repository/all_Objects/label_Password' is present

2018-05-09 03:21:30 - [MESSAGE][WARNING] - Timeout '0' is invalid. Using default page load timeout: '30'

2018-05-09 03:21:30 - [MESSAGE][PASSED] - Object 'Object Repository/all_Objects/label_Password' is present

2018-05-09 03:21:30 - [TEST_STEP][PASSED] - setText: Text 'firefly' is set on object 'Object Repository/all_Objects/input_username'

2018-05-09 03:21:30 - [MESSAGE][PASSED] - Text 'firefly' is set on object 'Object Repository/all_Objects/input_username'

2018-05-09 03:21:30 - [TEST_STEP][PASSED] - setText: Text 'wrongpass' is set on object 'Object Repository/all_Objects/input_password'

2018-05-09 03:21:30 - [MESSAGE][PASSED] - Text 'wrongpass' is set on object 'Object Repository/all_Objects/input_password'

2018-05-09 03:21:30 - [TEST_STEP][PASSED] - click: Object: 'Object Repository/all_Objects/button_Login' is clicked on

2018-05-09 03:21:31 - [MESSAGE][PASSED] - Object: 'Object Repository/all_Objects/button_Login' is clicked on

2018-05-09 03:21:31 - [TEST_STEP][PASSED] - verifyElementPresent: Object 'Object Repository/all_Objects/label_Usernamepassword is inco' is present

2018-05-09 03:21:31 - [MESSAGE][WARNING] - Timeout '0' is invalid. Using default page load timeout: '30'

2018-05-09 03:21:32 - [MESSAGE][PASSED] - Object 'Object Repository/all_Objects/label_Usernamepassword is inco' is present

2018-05-09 03:21:32 - [TEST_STEP][PASSED] - closeBrowser: Browser is closed

2018-05-09 03:21:32 - [MESSAGE][PASSED] - Browser is closed]]></system-out>
         <system-err><![CDATA[]]></system-err>
      </testcase>
      <testcase name="Test Cases/Test Empty Password Field" classname="Test Cases/Test Empty Password Field" status="PASSED">
         <system-out><![CDATA[2018-05-09 03:21:32 - [TEST_CASE][PASSED] - Test Cases/Test Empty Password Field: Test Cases/Test Empty Password Field

2018-05-09 03:21:32 - [TEST_STEP][PASSED] - openBrowser: Browser is opened with url: ''

2018-05-09 03:21:33 - [MESSAGE][PASSED] - Browser is opened with url: ''

2018-05-09 03:21:33 - [TEST_STEP][PASSED] - navigateToUrl: Navigate to 'http://34.209.48.20:9089/' successfully

2018-05-09 03:21:43 - [MESSAGE][PASSED] - Navigate to 'http://34.209.48.20:9089/' successfully

2018-05-09 03:21:43 - [TEST_STEP][PASSED] - verifyElementPresent: Object 'Object Repository/all_Objects/header' is present

2018-05-09 03:21:43 - [MESSAGE][WARNING] - Timeout '0' is invalid. Using default page load timeout: '30'

2018-05-09 03:21:43 - [MESSAGE][PASSED] - Object 'Object Repository/all_Objects/header' is present

2018-05-09 03:21:43 - [TEST_STEP][PASSED] - verifyElementPresent: Object 'Object Repository/all_Objects/p_header_description' is present

2018-05-09 03:21:43 - [MESSAGE][WARNING] - Timeout '0' is invalid. Using default page load timeout: '30'

2018-05-09 03:21:43 - [MESSAGE][PASSED] - Object 'Object Repository/all_Objects/p_header_description' is present

2018-05-09 03:21:43 - [TEST_STEP][PASSED] - verifyElementPresent: Object 'Object Repository/all_Objects/h2_Login' is present

2018-05-09 03:21:43 - [MESSAGE][WARNING] - Timeout '0' is invalid. Using default page load timeout: '30'

2018-05-09 03:21:43 - [MESSAGE][PASSED] - Object 'Object Repository/all_Objects/h2_Login' is present

2018-05-09 03:21:43 - [TEST_STEP][PASSED] - verifyElementPresent: Object 'Object Repository/all_Objects/label_Username' is present

2018-05-09 03:21:43 - [MESSAGE][WARNING] - Timeout '0' is invalid. Using default page load timeout: '30'

2018-05-09 03:21:43 - [MESSAGE][PASSED] - Object 'Object Repository/all_Objects/label_Username' is present

2018-05-09 03:21:43 - [TEST_STEP][PASSED] - verifyElementPresent: Object 'Object Repository/all_Objects/label_Password' is present

2018-05-09 03:21:43 - [MESSAGE][WARNING] - Timeout '0' is invalid. Using default page load timeout: '30'

2018-05-09 03:21:43 - [MESSAGE][PASSED] - Object 'Object Repository/all_Objects/label_Password' is present

2018-05-09 03:21:43 - [TEST_STEP][PASSED] - verifyElementPresent: Object 'Object Repository/all_Objects/div_Login' is present

2018-05-09 03:21:43 - [MESSAGE][WARNING] - Timeout '0' is invalid. Using default page load timeout: '30'

2018-05-09 03:21:43 - [MESSAGE][PASSED] - Object 'Object Repository/all_Objects/div_Login' is present

2018-05-09 03:21:43 - [TEST_STEP][PASSED] - setText: Text 'admin' is set on object 'Object Repository/all_Objects/input_username'

2018-05-09 03:21:43 - [MESSAGE][PASSED] - Text 'admin' is set on object 'Object Repository/all_Objects/input_username'

2018-05-09 03:21:43 - [TEST_STEP][PASSED] - setText: Text '' is set on object 'Object Repository/all_Objects/input_password'

2018-05-09 03:21:43 - [MESSAGE][PASSED] - Text '' is set on object 'Object Repository/all_Objects/input_password'

2018-05-09 03:21:43 - [TEST_STEP][PASSED] - click: Object: 'Object Repository/all_Objects/button_Login' is clicked on

2018-05-09 03:21:43 - [MESSAGE][PASSED] - Object: 'Object Repository/all_Objects/button_Login' is clicked on

2018-05-09 03:21:43 - [TEST_STEP][PASSED] - verifyElementPresent: Object 'Object Repository/all_Objects/label_Password is required' is present

2018-05-09 03:21:43 - [MESSAGE][WARNING] - Timeout '0' is invalid. Using default page load timeout: '30'

2018-05-09 03:21:43 - [MESSAGE][PASSED] - Object 'Object Repository/all_Objects/label_Password is required' is present

2018-05-09 03:21:43 - [TEST_STEP][PASSED] - closeBrowser: Browser is closed

2018-05-09 03:21:43 - [MESSAGE][PASSED] - Browser is closed]]></system-out>
         <system-err><![CDATA[]]></system-err>
      </testcase>
      <testcase name="Test Cases/Test Empty Password Field" classname="Test Cases/Test Empty Password Field" status="PASSED">
         <system-out><![CDATA[2018-05-09 03:21:43 - [TEST_CASE][PASSED] - Test Cases/Test Empty Password Field: Test Cases/Test Empty Password Field

2018-05-09 03:21:43 - [TEST_STEP][PASSED] - openBrowser: Browser is opened with url: ''

2018-05-09 03:21:45 - [MESSAGE][PASSED] - Browser is opened with url: ''

2018-05-09 03:21:45 - [TEST_STEP][PASSED] - navigateToUrl: Navigate to 'http://34.209.48.20:9089/' successfully

2018-05-09 03:21:58 - [MESSAGE][PASSED] - Navigate to 'http://34.209.48.20:9089/' successfully

2018-05-09 03:21:58 - [TEST_STEP][PASSED] - verifyElementPresent: Object 'Object Repository/all_Objects/header' is present

2018-05-09 03:21:58 - [MESSAGE][WARNING] - Timeout '0' is invalid. Using default page load timeout: '30'

2018-05-09 03:21:58 - [MESSAGE][PASSED] - Object 'Object Repository/all_Objects/header' is present

2018-05-09 03:21:58 - [TEST_STEP][PASSED] - verifyElementPresent: Object 'Object Repository/all_Objects/p_header_description' is present

2018-05-09 03:21:58 - [MESSAGE][WARNING] - Timeout '0' is invalid. Using default page load timeout: '30'

2018-05-09 03:21:58 - [MESSAGE][PASSED] - Object 'Object Repository/all_Objects/p_header_description' is present

2018-05-09 03:21:58 - [TEST_STEP][PASSED] - verifyElementPresent: Object 'Object Repository/all_Objects/h2_Login' is present

2018-05-09 03:21:58 - [MESSAGE][WARNING] - Timeout '0' is invalid. Using default page load timeout: '30'

2018-05-09 03:21:58 - [MESSAGE][PASSED] - Object 'Object Repository/all_Objects/h2_Login' is present

2018-05-09 03:21:58 - [TEST_STEP][PASSED] - verifyElementPresent: Object 'Object Repository/all_Objects/label_Username' is present

2018-05-09 03:21:58 - [MESSAGE][WARNING] - Timeout '0' is invalid. Using default page load timeout: '30'

2018-05-09 03:21:58 - [MESSAGE][PASSED] - Object 'Object Repository/all_Objects/label_Username' is present

2018-05-09 03:21:58 - [TEST_STEP][PASSED] - verifyElementPresent: Object 'Object Repository/all_Objects/label_Password' is present

2018-05-09 03:21:58 - [MESSAGE][WARNING] - Timeout '0' is invalid. Using default page load timeout: '30'

2018-05-09 03:21:58 - [MESSAGE][PASSED] - Object 'Object Repository/all_Objects/label_Password' is present

2018-05-09 03:21:58 - [TEST_STEP][PASSED] - verifyElementPresent: Object 'Object Repository/all_Objects/div_Login' is present

2018-05-09 03:21:58 - [MESSAGE][WARNING] - Timeout '0' is invalid. Using default page load timeout: '30'

2018-05-09 03:21:58 - [MESSAGE][PASSED] - Object 'Object Repository/all_Objects/div_Login' is present

2018-05-09 03:21:58 - [TEST_STEP][PASSED] - setText: Text 'user' is set on object 'Object Repository/all_Objects/input_username'

2018-05-09 03:21:58 - [MESSAGE][PASSED] - Text 'user' is set on object 'Object Repository/all_Objects/input_username'

2018-05-09 03:21:58 - [TEST_STEP][PASSED] - setText: Text '' is set on object 'Object Repository/all_Objects/input_password'

2018-05-09 03:21:58 - [MESSAGE][PASSED] - Text '' is set on object 'Object Repository/all_Objects/input_password'

2018-05-09 03:21:58 - [TEST_STEP][PASSED] - click: Object: 'Object Repository/all_Objects/button_Login' is clicked on

2018-05-09 03:21:58 - [MESSAGE][PASSED] - Object: 'Object Repository/all_Objects/button_Login' is clicked on

2018-05-09 03:21:58 - [TEST_STEP][PASSED] - verifyElementPresent: Object 'Object Repository/all_Objects/label_Password is required' is present

2018-05-09 03:21:58 - [MESSAGE][WARNING] - Timeout '0' is invalid. Using default page load timeout: '30'

2018-05-09 03:21:58 - [MESSAGE][PASSED] - Object 'Object Repository/all_Objects/label_Password is required' is present

2018-05-09 03:21:58 - [TEST_STEP][PASSED] - closeBrowser: Browser is closed

2018-05-09 03:21:58 - [MESSAGE][PASSED] - Browser is closed]]></system-out>
         <system-err><![CDATA[]]></system-err>
      </testcase>
      <testcase name="Test Cases/Test Empty Password Field" classname="Test Cases/Test Empty Password Field" status="PASSED">
         <system-out><![CDATA[2018-05-09 03:21:58 - [TEST_CASE][PASSED] - Test Cases/Test Empty Password Field: Test Cases/Test Empty Password Field

2018-05-09 03:21:58 - [TEST_STEP][PASSED] - openBrowser: Browser is opened with url: ''

2018-05-09 03:21:59 - [MESSAGE][PASSED] - Browser is opened with url: ''

2018-05-09 03:21:59 - [TEST_STEP][PASSED] - navigateToUrl: Navigate to 'http://34.209.48.20:9089/' successfully

2018-05-09 03:22:10 - [MESSAGE][PASSED] - Navigate to 'http://34.209.48.20:9089/' successfully

2018-05-09 03:22:10 - [TEST_STEP][PASSED] - verifyElementPresent: Object 'Object Repository/all_Objects/header' is present

2018-05-09 03:22:10 - [MESSAGE][WARNING] - Timeout '0' is invalid. Using default page load timeout: '30'

2018-05-09 03:22:11 - [MESSAGE][PASSED] - Object 'Object Repository/all_Objects/header' is present

2018-05-09 03:22:11 - [TEST_STEP][PASSED] - verifyElementPresent: Object 'Object Repository/all_Objects/p_header_description' is present

2018-05-09 03:22:11 - [MESSAGE][WARNING] - Timeout '0' is invalid. Using default page load timeout: '30'

2018-05-09 03:22:11 - [MESSAGE][PASSED] - Object 'Object Repository/all_Objects/p_header_description' is present

2018-05-09 03:22:11 - [TEST_STEP][PASSED] - verifyElementPresent: Object 'Object Repository/all_Objects/h2_Login' is present

2018-05-09 03:22:11 - [MESSAGE][WARNING] - Timeout '0' is invalid. Using default page load timeout: '30'

2018-05-09 03:22:11 - [MESSAGE][PASSED] - Object 'Object Repository/all_Objects/h2_Login' is present

2018-05-09 03:22:11 - [TEST_STEP][PASSED] - verifyElementPresent: Object 'Object Repository/all_Objects/label_Username' is present

2018-05-09 03:22:11 - [MESSAGE][WARNING] - Timeout '0' is invalid. Using default page load timeout: '30'

2018-05-09 03:22:11 - [MESSAGE][PASSED] - Object 'Object Repository/all_Objects/label_Username' is present

2018-05-09 03:22:11 - [TEST_STEP][PASSED] - verifyElementPresent: Object 'Object Repository/all_Objects/label_Password' is present

2018-05-09 03:22:11 - [MESSAGE][WARNING] - Timeout '0' is invalid. Using default page load timeout: '30'

2018-05-09 03:22:11 - [MESSAGE][PASSED] - Object 'Object Repository/all_Objects/label_Password' is present

2018-05-09 03:22:11 - [TEST_STEP][PASSED] - verifyElementPresent: Object 'Object Repository/all_Objects/div_Login' is present

2018-05-09 03:22:11 - [MESSAGE][WARNING] - Timeout '0' is invalid. Using default page load timeout: '30'

2018-05-09 03:22:11 - [MESSAGE][PASSED] - Object 'Object Repository/all_Objects/div_Login' is present

2018-05-09 03:22:11 - [TEST_STEP][PASSED] - setText: Text 'hello' is set on object 'Object Repository/all_Objects/input_username'

2018-05-09 03:22:11 - [MESSAGE][PASSED] - Text 'hello' is set on object 'Object Repository/all_Objects/input_username'

2018-05-09 03:22:11 - [TEST_STEP][PASSED] - setText: Text '' is set on object 'Object Repository/all_Objects/input_password'

2018-05-09 03:22:11 - [MESSAGE][PASSED] - Text '' is set on object 'Object Repository/all_Objects/input_password'

2018-05-09 03:22:11 - [TEST_STEP][PASSED] - click: Object: 'Object Repository/all_Objects/button_Login' is clicked on

2018-05-09 03:22:11 - [MESSAGE][PASSED] - Object: 'Object Repository/all_Objects/button_Login' is clicked on

2018-05-09 03:22:11 - [TEST_STEP][PASSED] - verifyElementPresent: Object 'Object Repository/all_Objects/label_Password is required' is present

2018-05-09 03:22:11 - [MESSAGE][WARNING] - Timeout '0' is invalid. Using default page load timeout: '30'

2018-05-09 03:22:11 - [MESSAGE][PASSED] - Object 'Object Repository/all_Objects/label_Password is required' is present

2018-05-09 03:22:11 - [TEST_STEP][PASSED] - closeBrowser: Browser is closed

2018-05-09 03:22:11 - [MESSAGE][PASSED] - Browser is closed]]></system-out>
         <system-err><![CDATA[]]></system-err>
      </testcase>
      <system-out><![CDATA[2018-05-09 03:19:13 - [TEST_SUITE][PASSED] - Data-Driven Test Suites: Test Cases/Test Empty Password Field]]></system-out>
      <system-err><![CDATA[]]></system-err>
   </testsuite>
</testsuites>
