<?xml version="1.0" encoding="UTF-8"?>
<testsuites name="Test_Admin" time="20" tests="1" failures="0" errors="0">
   <testsuite name="Test_Admin" tests="1" failures="0" errors="0" time="20" timestamp="2018-05-08 20:29:30" hostname="snailwalker - 192.168.0.101" id="Test Suites/Test_Admin">
      <properties>
         <property name="deviceName" value=""/>
         <property name="devicePlatform" value=""/>
         <property name="logFolder" value="/Users/snailwalker/Documents/workspace/backend/katalon/Reports/Test_Admin/20180508_202927"/>
         <property name="logFiles" value="/Users/snailwalker/Documents/workspace/backend/katalon/Reports/Test_Admin/20180508_202927/execution0.log"/>
         <property name="attachments" value=""/>
         <property name="hostName" value="snailwalker - 192.168.0.101"/>
         <property name="os" value="Mac OS X 64bit"/>
         <property name="katalonVersion" value="5.4.1.1"/>
         <property name="browser" value="Chrome 66.0.3359.139"/>
         <property name="hostAddress" value="192.168.0.101"/>
         <property name="sessionId" value="4c06836892d95cf738e25b48dbd72002"/>
         <property name="seleniumVersion" value="3.7.1"/>
         <property name="proxyInformation" value="ProxyInformation{proxyOption=NO_PROXY, proxyServerType=HTTP, password=, proxyServerAddress=, proxyServerPort=0}"/>
         <property name="platform" value="Mac OS X"/>
      </properties>
      <testcase name="Test Cases/Test Admin Login" classname="Test Cases/Test Admin Login" status="PASSED">
         <system-out><![CDATA[2018-05-08 20:29:30 - [TEST_CASE][PASSED] - Test Cases/Test Admin Login: Test Cases/Test Admin Login

2018-05-08 20:29:31 - [TEST_STEP][PASSED] - openBrowser: Browser is opened with url: ''

2018-05-08 20:29:34 - [MESSAGE][PASSED] - Browser is opened with url: ''

2018-05-08 20:29:34 - [TEST_STEP][PASSED] - navigateToUrl: Navigate to 'http://34.209.48.20:9089/' successfully

2018-05-08 20:29:47 - [MESSAGE][PASSED] - Navigate to 'http://34.209.48.20:9089/' successfully

2018-05-08 20:29:47 - [TEST_STEP][PASSED] - click: Object: 'Object Repository/Page_ProjectBackend (3)/h1_SE 234 Project' is clicked on

2018-05-08 20:29:47 - [MESSAGE][PASSED] - Object: 'Object Repository/Page_ProjectBackend (3)/h1_SE 234 Project' is clicked on

2018-05-08 20:29:47 - [TEST_STEP][PASSED] - click: Object: 'Object Repository/Page_ProjectBackend (3)/p_This is the mock app for the' is clicked on

2018-05-08 20:29:47 - [MESSAGE][PASSED] - Object: 'Object Repository/Page_ProjectBackend (3)/p_This is the mock app for the' is clicked on

2018-05-08 20:29:47 - [TEST_STEP][PASSED] - click: Object: 'Object Repository/Page_ProjectBackend (3)/h2_Login' is clicked on

2018-05-08 20:29:47 - [MESSAGE][PASSED] - Object: 'Object Repository/Page_ProjectBackend (3)/h2_Login' is clicked on

2018-05-08 20:29:47 - [TEST_STEP][PASSED] - click: Object: 'Object Repository/Page_ProjectBackend (3)/div_Username' is clicked on

2018-05-08 20:29:47 - [MESSAGE][PASSED] - Object: 'Object Repository/Page_ProjectBackend (3)/div_Username' is clicked on

2018-05-08 20:29:47 - [TEST_STEP][PASSED] - click: Object: 'Object Repository/Page_ProjectBackend (3)/div_Password' is clicked on

2018-05-08 20:29:48 - [MESSAGE][PASSED] - Object: 'Object Repository/Page_ProjectBackend (3)/div_Password' is clicked on

2018-05-08 20:29:48 - [TEST_STEP][PASSED] - click: Object: 'Object Repository/Page_ProjectBackend (3)/div_Login' is clicked on

2018-05-08 20:29:48 - [MESSAGE][PASSED] - Object: 'Object Repository/Page_ProjectBackend (3)/div_Login' is clicked on

2018-05-08 20:29:48 - [TEST_STEP][PASSED] - setText: Text 'admin' is set on object 'Object Repository/Page_ProjectBackend (3)/input_username'

2018-05-08 20:29:48 - [MESSAGE][PASSED] - Text 'admin' is set on object 'Object Repository/Page_ProjectBackend (3)/input_username'

2018-05-08 20:29:48 - [TEST_STEP][PASSED] - setText: Text 'admin' is set on object 'Object Repository/Page_ProjectBackend (3)/input_password'

2018-05-08 20:29:48 - [MESSAGE][PASSED] - Text 'admin' is set on object 'Object Repository/Page_ProjectBackend (3)/input_password'

2018-05-08 20:29:48 - [TEST_STEP][PASSED] - click: Object: 'Object Repository/Page_ProjectBackend (3)/button_Login' is clicked on

2018-05-08 20:29:48 - [MESSAGE][PASSED] - Object: 'Object Repository/Page_ProjectBackend (3)/button_Login' is clicked on

2018-05-08 20:29:48 - [TEST_STEP][PASSED] - click: Object: 'Object Repository/Page_ProjectBackend (3)/p_This is the mock app for the' is clicked on

2018-05-08 20:29:49 - [MESSAGE][PASSED] - Object: 'Object Repository/Page_ProjectBackend (3)/p_This is the mock app for the' is clicked on

2018-05-08 20:29:49 - [TEST_STEP][PASSED] - click: Object: 'Object Repository/Page_ProjectBackend (3)/div_Products' is clicked on

2018-05-08 20:29:50 - [MESSAGE][PASSED] - Object: 'Object Repository/Page_ProjectBackend (3)/div_Products' is clicked on

2018-05-08 20:29:50 - [TEST_STEP][PASSED] - click: Object: 'Object Repository/Page_ProjectBackend (3)/a_Total Transaction' is clicked on

2018-05-08 20:29:50 - [MESSAGE][PASSED] - Object: 'Object Repository/Page_ProjectBackend (3)/a_Total Transaction' is clicked on

2018-05-08 20:29:50 - [TEST_STEP][PASSED] - click: Object: 'Object Repository/Page_ProjectBackend (3)/div_Transaction List' is clicked on

2018-05-08 20:29:50 - [MESSAGE][PASSED] - Object: 'Object Repository/Page_ProjectBackend (3)/div_Transaction List' is clicked on

2018-05-08 20:29:50 - [TEST_STEP][PASSED] - closeBrowser: Browser is closed

2018-05-08 20:29:50 - [MESSAGE][PASSED] - Browser is closed]]></system-out>
         <system-err><![CDATA[]]></system-err>
      </testcase>
      <system-out><![CDATA[2018-05-08 20:29:30 - [TEST_SUITE][PASSED] - Test_Admin: Test Cases/Test Admin Login]]></system-out>
      <system-err><![CDATA[]]></system-err>
   </testsuite>
</testsuites>
