<?xml version="1.0" encoding="UTF-8"?>
<testsuites name="Test_Admin_Login" time="18" tests="1" failures="0" errors="0">
   <testsuite name="Test_Admin_Login" tests="1" failures="0" errors="0" time="18" timestamp="2018-05-08 22:00:14" hostname="snailwalker - 192.168.0.101" id="Test Suites/Test_Admin_Login">
      <properties>
         <property name="deviceName" value=""/>
         <property name="devicePlatform" value=""/>
         <property name="logFolder" value="/Users/snailwalker/Documents/workspace/backend/katalon/Reports/Test_Admin_Login/20180508_220012"/>
         <property name="logFiles" value="/Users/snailwalker/Documents/workspace/backend/katalon/Reports/Test_Admin_Login/20180508_220012/execution0.log"/>
         <property name="attachments" value=""/>
         <property name="hostName" value="snailwalker - 192.168.0.101"/>
         <property name="os" value="Mac OS X 64bit"/>
         <property name="katalonVersion" value="5.4.1.1"/>
         <property name="browser" value="Chrome 66.0.3359.139"/>
         <property name="hostAddress" value="192.168.0.101"/>
         <property name="sessionId" value="0829859b5ee4f0bc2e47f2af1250458c"/>
         <property name="seleniumVersion" value="3.7.1"/>
         <property name="proxyInformation" value="ProxyInformation{proxyOption=NO_PROXY, proxyServerType=HTTP, password=, proxyServerAddress=, proxyServerPort=0}"/>
         <property name="platform" value="Mac OS X"/>
      </properties>
      <testcase name="Test Cases/Test Admin Login" classname="Test Cases/Test Admin Login" status="PASSED">
         <system-out><![CDATA[2018-05-08 22:00:15 - [TEST_CASE][PASSED] - Test Cases/Test Admin Login: Test Cases/Test Admin Login

2018-05-08 22:00:15 - [TEST_STEP][PASSED] - openBrowser: Browser is opened with url: ''

2018-05-08 22:00:18 - [MESSAGE][PASSED] - Browser is opened with url: ''

2018-05-08 22:00:18 - [TEST_STEP][PASSED] - navigateToUrl: Navigate to 'http://34.209.48.20:9089/' successfully

2018-05-08 22:00:30 - [MESSAGE][PASSED] - Navigate to 'http://34.209.48.20:9089/' successfully

2018-05-08 22:00:30 - [TEST_STEP][PASSED] - verifyElementPresent: Object 'Object Repository/Page_ProjectBackend (3)/h1_SE 234 Project' is present

2018-05-08 22:00:30 - [MESSAGE][WARNING] - Timeout '0' is invalid. Using default page load timeout: '30'

2018-05-08 22:00:30 - [MESSAGE][PASSED] - Object 'Object Repository/Page_ProjectBackend (3)/h1_SE 234 Project' is present

2018-05-08 22:00:30 - [TEST_STEP][PASSED] - verifyElementPresent: Object 'Object Repository/Page_ProjectBackend (3)/p_This is the mock app for the' is present

2018-05-08 22:00:30 - [MESSAGE][WARNING] - Timeout '0' is invalid. Using default page load timeout: '30'

2018-05-08 22:00:30 - [MESSAGE][PASSED] - Object 'Object Repository/Page_ProjectBackend (3)/p_This is the mock app for the' is present

2018-05-08 22:00:30 - [TEST_STEP][PASSED] - verifyElementPresent: Object 'Object Repository/Page_ProjectBackend (3)/h2_Login' is present

2018-05-08 22:00:30 - [MESSAGE][WARNING] - Timeout '0' is invalid. Using default page load timeout: '30'

2018-05-08 22:00:30 - [MESSAGE][PASSED] - Object 'Object Repository/Page_ProjectBackend (3)/h2_Login' is present

2018-05-08 22:00:30 - [TEST_STEP][PASSED] - verifyElementPresent: Object 'Object Repository/Page_ProjectBackend (3)/div_Username' is present

2018-05-08 22:00:30 - [MESSAGE][WARNING] - Timeout '0' is invalid. Using default page load timeout: '30'

2018-05-08 22:00:30 - [MESSAGE][PASSED] - Object 'Object Repository/Page_ProjectBackend (3)/div_Username' is present

2018-05-08 22:00:30 - [TEST_STEP][PASSED] - verifyElementPresent: Object 'Object Repository/Page_ProjectBackend (3)/div_Password' is present

2018-05-08 22:00:30 - [MESSAGE][WARNING] - Timeout '0' is invalid. Using default page load timeout: '30'

2018-05-08 22:00:31 - [MESSAGE][PASSED] - Object 'Object Repository/Page_ProjectBackend (3)/div_Password' is present

2018-05-08 22:00:31 - [TEST_STEP][PASSED] - verifyElementPresent: Object 'Object Repository/Page_ProjectBackend (3)/div_Login' is present

2018-05-08 22:00:31 - [MESSAGE][WARNING] - Timeout '0' is invalid. Using default page load timeout: '30'

2018-05-08 22:00:31 - [MESSAGE][PASSED] - Object 'Object Repository/Page_ProjectBackend (3)/div_Login' is present

2018-05-08 22:00:31 - [TEST_STEP][PASSED] - setText: Text 'admin' is set on object 'Object Repository/all_Objects/input_username'

2018-05-08 22:00:31 - [MESSAGE][PASSED] - Text 'admin' is set on object 'Object Repository/all_Objects/input_username'

2018-05-08 22:00:31 - [TEST_STEP][PASSED] - setText: Text 'admin' is set on object 'Object Repository/all_Objects/input_password'

2018-05-08 22:00:31 - [MESSAGE][PASSED] - Text 'admin' is set on object 'Object Repository/all_Objects/input_password'

2018-05-08 22:00:31 - [TEST_STEP][PASSED] - click: Object: 'Object Repository/Page_ProjectBackend (3)/button_Login' is clicked on

2018-05-08 22:00:31 - [MESSAGE][PASSED] - Object: 'Object Repository/Page_ProjectBackend (3)/button_Login' is clicked on

2018-05-08 22:00:31 - [TEST_STEP][PASSED] - verifyElementPresent: Object 'Object Repository/Page_ProjectBackend (3)/p_This is the mock app for the' is present

2018-05-08 22:00:31 - [MESSAGE][WARNING] - Timeout '0' is invalid. Using default page load timeout: '30'

2018-05-08 22:00:31 - [MESSAGE][PASSED] - Object 'Object Repository/Page_ProjectBackend (3)/p_This is the mock app for the' is present

2018-05-08 22:00:31 - [TEST_STEP][PASSED] - verifyElementPresent: Object 'Object Repository/Page_ProjectBackend (3)/div_Products' is present

2018-05-08 22:00:31 - [MESSAGE][WARNING] - Timeout '0' is invalid. Using default page load timeout: '30'

2018-05-08 22:00:32 - [MESSAGE][PASSED] - Object 'Object Repository/Page_ProjectBackend (3)/div_Products' is present

2018-05-08 22:00:32 - [TEST_STEP][PASSED] - click: Object: 'Object Repository/Page_ProjectBackend (3)/a_Total Transaction' is clicked on

2018-05-08 22:00:32 - [MESSAGE][PASSED] - Object: 'Object Repository/Page_ProjectBackend (3)/a_Total Transaction' is clicked on

2018-05-08 22:00:32 - [TEST_STEP][PASSED] - verifyElementPresent: Object 'Object Repository/Page_ProjectBackend (3)/div_Transaction List' is present

2018-05-08 22:00:32 - [MESSAGE][WARNING] - Timeout '0' is invalid. Using default page load timeout: '30'

2018-05-08 22:00:32 - [MESSAGE][PASSED] - Object 'Object Repository/Page_ProjectBackend (3)/div_Transaction List' is present

2018-05-08 22:00:32 - [TEST_STEP][PASSED] - closeBrowser: Browser is closed

2018-05-08 22:00:33 - [MESSAGE][PASSED] - Browser is closed]]></system-out>
         <system-err><![CDATA[]]></system-err>
      </testcase>
      <system-out><![CDATA[2018-05-08 22:00:14 - [TEST_SUITE][PASSED] - Test_Admin_Login: Test Cases/Test Admin Login]]></system-out>
      <system-err><![CDATA[]]></system-err>
   </testsuite>
</testsuites>
