<?xml version="1.0" encoding="UTF-8"?>
<testsuites name="Data-Driven Tests Suite" time="342" tests="22" failures="0" errors="0">
   <testsuite name="Data-Driven Tests Suite" tests="22" failures="0" errors="0" time="342" timestamp="2018-05-09 12:18:31" hostname="snailwalker - 192.168.0.101" id="Test Suites/Data-Driven Tests Suite">
      <properties>
         <property name="deviceName" value=""/>
         <property name="devicePlatform" value=""/>
         <property name="logFolder" value="/Users/snailwalker/Documents/workspace/backend/katalon/Reports/Data-Driven Tests Suite/20180509_121829"/>
         <property name="logFiles" value="/Users/snailwalker/Documents/workspace/backend/katalon/Reports/Data-Driven Tests Suite/20180509_121829/execution0.log"/>
         <property name="attachments" value=""/>
         <property name="hostName" value="snailwalker - 192.168.0.101"/>
         <property name="os" value="Mac OS X 64bit"/>
         <property name="katalonVersion" value="5.4.1.1"/>
         <property name="browser" value="Chrome 66.0.3359.139"/>
         <property name="hostAddress" value="192.168.0.101"/>
         <property name="sessionId" value="5d9dfa5fa02bded5faa4cb19dc83c0bb"/>
         <property name="seleniumVersion" value="3.7.1"/>
         <property name="proxyInformation" value="ProxyInformation{proxyOption=NO_PROXY, proxyServerType=HTTP, password=, proxyServerAddress=, proxyServerPort=0}"/>
         <property name="platform" value="Mac OS X"/>
      </properties>
      <testcase name="Test Cases/User Login" classname="Test Cases/User Login" status="PASSED">
         <system-out><![CDATA[2018-05-09 12:18:32 - [TEST_CASE][PASSED] - Test Cases/User Login: Test Cases/User Login

2018-05-09 12:18:32 - [TEST_STEP][PASSED] - openBrowser: Browser is opened with url: ''

2018-05-09 12:18:35 - [MESSAGE][PASSED] - Browser is opened with url: ''

2018-05-09 12:18:35 - [TEST_STEP][PASSED] - navigateToUrl: Navigate to 'http://34.209.48.20:9089/' successfully

2018-05-09 12:18:44 - [MESSAGE][PASSED] - Navigate to 'http://34.209.48.20:9089/' successfully

2018-05-09 12:18:44 - [TEST_STEP][PASSED] - verifyElementPresent: Object 'Object Repository/Front Page Objects/header' is present

2018-05-09 12:18:44 - [MESSAGE][WARNING] - Timeout '0' is invalid. Using default page load timeout: '30'

2018-05-09 12:18:44 - [MESSAGE][PASSED] - Object 'Object Repository/Front Page Objects/header' is present

2018-05-09 12:18:44 - [TEST_STEP][PASSED] - verifyElementPresent: Object 'Object Repository/Front Page Objects/p_header_description' is present

2018-05-09 12:18:44 - [MESSAGE][WARNING] - Timeout '0' is invalid. Using default page load timeout: '30'

2018-05-09 12:18:44 - [MESSAGE][PASSED] - Object 'Object Repository/Front Page Objects/p_header_description' is present

2018-05-09 12:18:44 - [TEST_STEP][PASSED] - verifyElementPresent: Object 'Object Repository/Front Page Objects/h2_Login' is present

2018-05-09 12:18:44 - [MESSAGE][WARNING] - Timeout '0' is invalid. Using default page load timeout: '30'

2018-05-09 12:18:44 - [MESSAGE][PASSED] - Object 'Object Repository/Front Page Objects/h2_Login' is present

2018-05-09 12:18:44 - [TEST_STEP][PASSED] - verifyElementPresent: Object 'Object Repository/Login Objects /label_Username' is present

2018-05-09 12:18:44 - [MESSAGE][WARNING] - Timeout '0' is invalid. Using default page load timeout: '30'

2018-05-09 12:18:44 - [MESSAGE][PASSED] - Object 'Object Repository/Login Objects /label_Username' is present

2018-05-09 12:18:44 - [TEST_STEP][PASSED] - verifyElementPresent: Object 'Object Repository/Login Objects /label_Password' is present

2018-05-09 12:18:44 - [MESSAGE][WARNING] - Timeout '0' is invalid. Using default page load timeout: '30'

2018-05-09 12:18:44 - [MESSAGE][PASSED] - Object 'Object Repository/Login Objects /label_Password' is present

2018-05-09 12:18:44 - [TEST_STEP][PASSED] - verifyElementPresent: Object 'Object Repository/Login Objects /div_Login' is present

2018-05-09 12:18:44 - [MESSAGE][WARNING] - Timeout '0' is invalid. Using default page load timeout: '30'

2018-05-09 12:18:45 - [MESSAGE][PASSED] - Object 'Object Repository/Login Objects /div_Login' is present

2018-05-09 12:18:45 - [TEST_STEP][PASSED] - setText: Text 'user' is set on object 'Object Repository/Login Objects /input_username'

2018-05-09 12:18:45 - [MESSAGE][PASSED] - Text 'user' is set on object 'Object Repository/Login Objects /input_username'

2018-05-09 12:18:45 - [TEST_STEP][PASSED] - setText: Text 'user' is set on object 'Object Repository/Login Objects /input_password'

2018-05-09 12:18:45 - [MESSAGE][PASSED] - Text 'user' is set on object 'Object Repository/Login Objects /input_password'

2018-05-09 12:18:45 - [TEST_STEP][PASSED] - click: Object: 'Object Repository/Login Objects /button_Login' is clicked on

2018-05-09 12:18:45 - [MESSAGE][PASSED] - Object: 'Object Repository/Login Objects /button_Login' is clicked on

2018-05-09 12:18:45 - [TEST_STEP][PASSED] - verifyElementPresent: Object 'Object Repository/Front Page Objects/header' is present

2018-05-09 12:18:45 - [MESSAGE][WARNING] - Timeout '0' is invalid. Using default page load timeout: '30'

2018-05-09 12:18:45 - [MESSAGE][PASSED] - Object 'Object Repository/Front Page Objects/header' is present

2018-05-09 12:18:45 - [TEST_STEP][PASSED] - verifyElementPresent: Object 'Object Repository/Front Page Objects/p_header_description' is present

2018-05-09 12:18:45 - [MESSAGE][WARNING] - Timeout '0' is invalid. Using default page load timeout: '30'

2018-05-09 12:18:45 - [MESSAGE][PASSED] - Object 'Object Repository/Front Page Objects/p_header_description' is present

2018-05-09 12:18:45 - [TEST_STEP][PASSED] - verifyElementPresent: Object 'Object Repository/Front Page Objects/div_add to cart' is present

2018-05-09 12:18:45 - [MESSAGE][WARNING] - Timeout '0' is invalid. Using default page load timeout: '30'

2018-05-09 12:18:46 - [MESSAGE][PASSED] - Object 'Object Repository/Front Page Objects/div_add to cart' is present

2018-05-09 12:18:46 - [TEST_STEP][PASSED] - click: Object: 'Object Repository/Front Page Objects/button_Carts' is clicked on

2018-05-09 12:18:46 - [MESSAGE][PASSED] - Object: 'Object Repository/Front Page Objects/button_Carts' is clicked on

2018-05-09 12:18:46 - [TEST_STEP][PASSED] - verifyElementPresent: Object 'Object Repository/Front Page Objects/User_Shopping Cart_header' is present

2018-05-09 12:18:46 - [MESSAGE][WARNING] - Timeout '0' is invalid. Using default page load timeout: '30'

2018-05-09 12:18:46 - [MESSAGE][PASSED] - Object 'Object Repository/Front Page Objects/User_Shopping Cart_header' is present

2018-05-09 12:18:46 - [TEST_STEP][PASSED] - verifyElementPresent: Object 'Object Repository/Front Page Objects/th_Product Name' is present

2018-05-09 12:18:46 - [MESSAGE][WARNING] - Timeout '0' is invalid. Using default page load timeout: '30'

2018-05-09 12:18:46 - [MESSAGE][PASSED] - Object 'Object Repository/Front Page Objects/th_Product Name' is present

2018-05-09 12:18:46 - [TEST_STEP][PASSED] - verifyElementPresent: Object 'Object Repository/Front Page Objects/th_Price' is present

2018-05-09 12:18:46 - [MESSAGE][WARNING] - Timeout '0' is invalid. Using default page load timeout: '30'

2018-05-09 12:18:46 - [MESSAGE][PASSED] - Object 'Object Repository/Front Page Objects/th_Price' is present

2018-05-09 12:18:47 - [TEST_STEP][PASSED] - verifyElementPresent: Object 'Object Repository/Front Page Objects/th_amount' is present

2018-05-09 12:18:47 - [MESSAGE][WARNING] - Timeout '0' is invalid. Using default page load timeout: '30'

2018-05-09 12:18:47 - [MESSAGE][PASSED] - Object 'Object Repository/Front Page Objects/th_amount' is present

2018-05-09 12:18:47 - [TEST_STEP][PASSED] - verifyElementPresent: Object 'Object Repository/Product Objects/p_Total price  0 THB' is present

2018-05-09 12:18:47 - [MESSAGE][WARNING] - Timeout '0' is invalid. Using default page load timeout: '30'

2018-05-09 12:18:47 - [MESSAGE][PASSED] - Object 'Object Repository/Product Objects/p_Total price  0 THB' is present

2018-05-09 12:18:47 - [TEST_STEP][PASSED] - verifyElementPresent: Object 'Object Repository/Login Objects /div_confirm' is present

2018-05-09 12:18:47 - [MESSAGE][WARNING] - Timeout '0' is invalid. Using default page load timeout: '30'

2018-05-09 12:18:47 - [MESSAGE][PASSED] - Object 'Object Repository/Login Objects /div_confirm' is present

2018-05-09 12:18:47 - [TEST_STEP][PASSED] - closeBrowser: Browser is closed

2018-05-09 12:18:47 - [MESSAGE][PASSED] - Browser is closed]]></system-out>
         <system-err><![CDATA[]]></system-err>
      </testcase>
      <testcase name="Test Cases/User Login" classname="Test Cases/User Login" status="PASSED">
         <system-out><![CDATA[2018-05-09 12:18:47 - [TEST_CASE][PASSED] - Test Cases/User Login: Test Cases/User Login

2018-05-09 12:18:47 - [TEST_STEP][PASSED] - openBrowser: Browser is opened with url: ''

2018-05-09 12:18:48 - [MESSAGE][PASSED] - Browser is opened with url: ''

2018-05-09 12:18:48 - [TEST_STEP][PASSED] - navigateToUrl: Navigate to 'http://34.209.48.20:9089/' successfully

2018-05-09 12:18:54 - [MESSAGE][PASSED] - Navigate to 'http://34.209.48.20:9089/' successfully

2018-05-09 12:18:54 - [TEST_STEP][PASSED] - verifyElementPresent: Object 'Object Repository/Front Page Objects/header' is present

2018-05-09 12:18:54 - [MESSAGE][WARNING] - Timeout '0' is invalid. Using default page load timeout: '30'

2018-05-09 12:18:54 - [MESSAGE][PASSED] - Object 'Object Repository/Front Page Objects/header' is present

2018-05-09 12:18:54 - [TEST_STEP][PASSED] - verifyElementPresent: Object 'Object Repository/Front Page Objects/p_header_description' is present

2018-05-09 12:18:54 - [MESSAGE][WARNING] - Timeout '0' is invalid. Using default page load timeout: '30'

2018-05-09 12:18:54 - [MESSAGE][PASSED] - Object 'Object Repository/Front Page Objects/p_header_description' is present

2018-05-09 12:18:54 - [TEST_STEP][PASSED] - verifyElementPresent: Object 'Object Repository/Front Page Objects/h2_Login' is present

2018-05-09 12:18:54 - [MESSAGE][WARNING] - Timeout '0' is invalid. Using default page load timeout: '30'

2018-05-09 12:18:54 - [MESSAGE][PASSED] - Object 'Object Repository/Front Page Objects/h2_Login' is present

2018-05-09 12:18:54 - [TEST_STEP][PASSED] - verifyElementPresent: Object 'Object Repository/Login Objects /label_Username' is present

2018-05-09 12:18:54 - [MESSAGE][WARNING] - Timeout '0' is invalid. Using default page load timeout: '30'

2018-05-09 12:18:54 - [MESSAGE][PASSED] - Object 'Object Repository/Login Objects /label_Username' is present

2018-05-09 12:18:54 - [TEST_STEP][PASSED] - verifyElementPresent: Object 'Object Repository/Login Objects /label_Password' is present

2018-05-09 12:18:54 - [MESSAGE][WARNING] - Timeout '0' is invalid. Using default page load timeout: '30'

2018-05-09 12:18:54 - [MESSAGE][PASSED] - Object 'Object Repository/Login Objects /label_Password' is present

2018-05-09 12:18:54 - [TEST_STEP][PASSED] - verifyElementPresent: Object 'Object Repository/Login Objects /div_Login' is present

2018-05-09 12:18:54 - [MESSAGE][WARNING] - Timeout '0' is invalid. Using default page load timeout: '30'

2018-05-09 12:18:54 - [MESSAGE][PASSED] - Object 'Object Repository/Login Objects /div_Login' is present

2018-05-09 12:18:54 - [TEST_STEP][PASSED] - setText: Text 'hello' is set on object 'Object Repository/Login Objects /input_username'

2018-05-09 12:18:55 - [MESSAGE][PASSED] - Text 'hello' is set on object 'Object Repository/Login Objects /input_username'

2018-05-09 12:18:55 - [TEST_STEP][PASSED] - setText: Text 'hello' is set on object 'Object Repository/Login Objects /input_password'

2018-05-09 12:18:55 - [MESSAGE][PASSED] - Text 'hello' is set on object 'Object Repository/Login Objects /input_password'

2018-05-09 12:18:55 - [TEST_STEP][PASSED] - click: Object: 'Object Repository/Login Objects /button_Login' is clicked on

2018-05-09 12:18:55 - [MESSAGE][PASSED] - Object: 'Object Repository/Login Objects /button_Login' is clicked on

2018-05-09 12:18:55 - [TEST_STEP][PASSED] - verifyElementPresent: Object 'Object Repository/Front Page Objects/header' is present

2018-05-09 12:18:55 - [MESSAGE][WARNING] - Timeout '0' is invalid. Using default page load timeout: '30'

2018-05-09 12:18:55 - [MESSAGE][PASSED] - Object 'Object Repository/Front Page Objects/header' is present

2018-05-09 12:18:55 - [TEST_STEP][PASSED] - verifyElementPresent: Object 'Object Repository/Front Page Objects/p_header_description' is present

2018-05-09 12:18:55 - [MESSAGE][WARNING] - Timeout '0' is invalid. Using default page load timeout: '30'

2018-05-09 12:18:55 - [MESSAGE][PASSED] - Object 'Object Repository/Front Page Objects/p_header_description' is present

2018-05-09 12:18:55 - [TEST_STEP][PASSED] - verifyElementPresent: Object 'Object Repository/Front Page Objects/div_add to cart' is present

2018-05-09 12:18:55 - [MESSAGE][WARNING] - Timeout '0' is invalid. Using default page load timeout: '30'

2018-05-09 12:18:57 - [MESSAGE][PASSED] - Object 'Object Repository/Front Page Objects/div_add to cart' is present

2018-05-09 12:18:57 - [TEST_STEP][PASSED] - click: Object: 'Object Repository/Front Page Objects/button_Carts' is clicked on

2018-05-09 12:18:57 - [MESSAGE][PASSED] - Object: 'Object Repository/Front Page Objects/button_Carts' is clicked on

2018-05-09 12:18:57 - [TEST_STEP][PASSED] - verifyElementPresent: Object 'Object Repository/Front Page Objects/User_Shopping Cart_header' is present

2018-05-09 12:18:57 - [MESSAGE][WARNING] - Timeout '0' is invalid. Using default page load timeout: '30'

2018-05-09 12:18:57 - [MESSAGE][PASSED] - Object 'Object Repository/Front Page Objects/User_Shopping Cart_header' is present

2018-05-09 12:18:57 - [TEST_STEP][PASSED] - verifyElementPresent: Object 'Object Repository/Front Page Objects/th_Product Name' is present

2018-05-09 12:18:57 - [MESSAGE][WARNING] - Timeout '0' is invalid. Using default page load timeout: '30'

2018-05-09 12:18:57 - [MESSAGE][PASSED] - Object 'Object Repository/Front Page Objects/th_Product Name' is present

2018-05-09 12:18:57 - [TEST_STEP][PASSED] - verifyElementPresent: Object 'Object Repository/Front Page Objects/th_Price' is present

2018-05-09 12:18:57 - [MESSAGE][WARNING] - Timeout '0' is invalid. Using default page load timeout: '30'

2018-05-09 12:18:57 - [MESSAGE][PASSED] - Object 'Object Repository/Front Page Objects/th_Price' is present

2018-05-09 12:18:57 - [TEST_STEP][PASSED] - verifyElementPresent: Object 'Object Repository/Front Page Objects/th_amount' is present

2018-05-09 12:18:57 - [MESSAGE][WARNING] - Timeout '0' is invalid. Using default page load timeout: '30'

2018-05-09 12:18:57 - [MESSAGE][PASSED] - Object 'Object Repository/Front Page Objects/th_amount' is present

2018-05-09 12:18:57 - [TEST_STEP][PASSED] - verifyElementPresent: Object 'Object Repository/Product Objects/p_Total price  0 THB' is present

2018-05-09 12:18:57 - [MESSAGE][WARNING] - Timeout '0' is invalid. Using default page load timeout: '30'

2018-05-09 12:18:57 - [MESSAGE][PASSED] - Object 'Object Repository/Product Objects/p_Total price  0 THB' is present

2018-05-09 12:18:57 - [TEST_STEP][PASSED] - verifyElementPresent: Object 'Object Repository/Login Objects /div_confirm' is present

2018-05-09 12:18:57 - [MESSAGE][WARNING] - Timeout '0' is invalid. Using default page load timeout: '30'

2018-05-09 12:18:57 - [MESSAGE][PASSED] - Object 'Object Repository/Login Objects /div_confirm' is present

2018-05-09 12:18:57 - [TEST_STEP][PASSED] - closeBrowser: Browser is closed

2018-05-09 12:18:57 - [MESSAGE][PASSED] - Browser is closed]]></system-out>
         <system-err><![CDATA[]]></system-err>
      </testcase>
      <testcase name="Test Cases/Admin login " classname="Test Cases/Admin login " status="PASSED">
         <system-out><![CDATA[2018-05-09 12:18:57 - [TEST_CASE][PASSED] - Test Cases/Admin login : Test Cases/Admin login 

2018-05-09 12:18:57 - [TEST_STEP][PASSED] - openBrowser: Browser is opened with url: ''

2018-05-09 12:18:58 - [MESSAGE][PASSED] - Browser is opened with url: ''

2018-05-09 12:18:58 - [TEST_STEP][PASSED] - navigateToUrl: Navigate to 'http://34.209.48.20:9089/' successfully

2018-05-09 12:19:09 - [MESSAGE][PASSED] - Navigate to 'http://34.209.48.20:9089/' successfully

2018-05-09 12:19:09 - [TEST_STEP][PASSED] - verifyElementPresent: Object 'Object Repository/Front Page Objects/header' is present

2018-05-09 12:19:09 - [MESSAGE][WARNING] - Timeout '0' is invalid. Using default page load timeout: '30'

2018-05-09 12:19:10 - [MESSAGE][PASSED] - Object 'Object Repository/Front Page Objects/header' is present

2018-05-09 12:19:10 - [TEST_STEP][PASSED] - verifyElementPresent: Object 'Object Repository/Front Page Objects/p_header_description' is present

2018-05-09 12:19:10 - [MESSAGE][WARNING] - Timeout '0' is invalid. Using default page load timeout: '30'

2018-05-09 12:19:10 - [MESSAGE][PASSED] - Object 'Object Repository/Front Page Objects/p_header_description' is present

2018-05-09 12:19:10 - [TEST_STEP][PASSED] - verifyElementPresent: Object 'Object Repository/Front Page Objects/h2_Login' is present

2018-05-09 12:19:10 - [MESSAGE][WARNING] - Timeout '0' is invalid. Using default page load timeout: '30'

2018-05-09 12:19:10 - [MESSAGE][PASSED] - Object 'Object Repository/Front Page Objects/h2_Login' is present

2018-05-09 12:19:10 - [TEST_STEP][PASSED] - verifyElementPresent: Object 'Object Repository/Login Objects /div_Username' is present

2018-05-09 12:19:10 - [MESSAGE][WARNING] - Timeout '0' is invalid. Using default page load timeout: '30'

2018-05-09 12:19:10 - [MESSAGE][PASSED] - Object 'Object Repository/Login Objects /div_Username' is present

2018-05-09 12:19:10 - [TEST_STEP][PASSED] - verifyElementPresent: Object 'Object Repository/Login Objects /div_Password' is present

2018-05-09 12:19:10 - [MESSAGE][WARNING] - Timeout '0' is invalid. Using default page load timeout: '30'

2018-05-09 12:19:10 - [MESSAGE][PASSED] - Object 'Object Repository/Login Objects /div_Password' is present

2018-05-09 12:19:10 - [TEST_STEP][PASSED] - verifyElementPresent: Object 'Object Repository/Login Objects /div_Login' is present

2018-05-09 12:19:10 - [MESSAGE][WARNING] - Timeout '0' is invalid. Using default page load timeout: '30'

2018-05-09 12:19:10 - [MESSAGE][PASSED] - Object 'Object Repository/Login Objects /div_Login' is present

2018-05-09 12:19:10 - [TEST_STEP][PASSED] - setText: Text 'admin' is set on object 'Object Repository/Login Objects /input_username'

2018-05-09 12:19:10 - [MESSAGE][PASSED] - Text 'admin' is set on object 'Object Repository/Login Objects /input_username'

2018-05-09 12:19:10 - [TEST_STEP][PASSED] - setText: Text 'admin' is set on object 'Object Repository/Login Objects /input_password'

2018-05-09 12:19:10 - [MESSAGE][PASSED] - Text 'admin' is set on object 'Object Repository/Login Objects /input_password'

2018-05-09 12:19:10 - [TEST_STEP][PASSED] - click: Object: 'Object Repository/Login Objects /button_Login' is clicked on

2018-05-09 12:19:10 - [MESSAGE][PASSED] - Object: 'Object Repository/Login Objects /button_Login' is clicked on

2018-05-09 12:19:10 - [TEST_STEP][PASSED] - verifyElementPresent: Object 'Object Repository/Front Page Objects/div_Products' is present

2018-05-09 12:19:10 - [MESSAGE][WARNING] - Timeout '0' is invalid. Using default page load timeout: '30'

2018-05-09 12:19:11 - [MESSAGE][PASSED] - Object 'Object Repository/Front Page Objects/div_Products' is present

2018-05-09 12:19:11 - [TEST_STEP][PASSED] - click: Object: 'Object Repository/Front Page Objects/a_Total Transaction' is clicked on

2018-05-09 12:19:11 - [MESSAGE][PASSED] - Object: 'Object Repository/Front Page Objects/a_Total Transaction' is clicked on

2018-05-09 12:19:11 - [TEST_STEP][PASSED] - verifyElementPresent: Object 'Object Repository/Front Page Objects/div_Transaction List' is present

2018-05-09 12:19:11 - [MESSAGE][WARNING] - Timeout '0' is invalid. Using default page load timeout: '30'

2018-05-09 12:19:11 - [MESSAGE][PASSED] - Object 'Object Repository/Front Page Objects/div_Transaction List' is present

2018-05-09 12:19:11 - [TEST_STEP][PASSED] - closeBrowser: Browser is closed

2018-05-09 12:19:12 - [MESSAGE][PASSED] - Browser is closed]]></system-out>
         <system-err><![CDATA[]]></system-err>
      </testcase>
      <testcase name="Test Cases/Available products -scripted " classname="Test Cases/Available products -scripted " status="PASSED">
         <system-out><![CDATA[2018-05-09 12:19:12 - [TEST_CASE][PASSED] - Test Cases/Available products -scripted : Test Cases/Available products -scripted 

2018-05-09 12:19:12 - [TEST_STEP][PASSED] - Statement - data = com.kms.katalon.core.testdata.TestDataFactory.findTestData("Data Files/data.product"): Reading excel file with source file '/Users/snailwalker/Documents/workspace/backend/katalon/Data Files/data.xlsx' and sheet name 'product'

2018-05-09 12:19:13 - [TEST_STEP][PASSED] - openBrowser: Browser is opened with url: ''

2018-05-09 12:19:14 - [MESSAGE][PASSED] - Browser is opened with url: ''

2018-05-09 12:19:14 - [TEST_STEP][PASSED] - navigateToUrl: Navigate to 'http://34.209.48.20:9089/' successfully

2018-05-09 12:19:24 - [MESSAGE][PASSED] - Navigate to 'http://34.209.48.20:9089/' successfully

2018-05-09 12:19:24 - [TEST_STEP][PASSED] - verifyElementPresent: Object 'Object Repository/Front Page Objects/header' is present

2018-05-09 12:19:24 - [MESSAGE][WARNING] - Timeout '0' is invalid. Using default page load timeout: '30'

2018-05-09 12:19:24 - [MESSAGE][PASSED] - Object 'Object Repository/Front Page Objects/header' is present

2018-05-09 12:19:24 - [TEST_STEP][PASSED] - verifyElementPresent: Object 'Object Repository/Front Page Objects/p_header_description' is present

2018-05-09 12:19:24 - [MESSAGE][WARNING] - Timeout '0' is invalid. Using default page load timeout: '30'

2018-05-09 12:19:24 - [MESSAGE][PASSED] - Object 'Object Repository/Front Page Objects/p_header_description' is present

2018-05-09 12:19:24 - [TEST_STEP][PASSED] - verifyElementPresent: Object 'Object Repository/Front Page Objects/h2_Login' is present

2018-05-09 12:19:24 - [MESSAGE][WARNING] - Timeout '0' is invalid. Using default page load timeout: '30'

2018-05-09 12:19:24 - [MESSAGE][PASSED] - Object 'Object Repository/Front Page Objects/h2_Login' is present

2018-05-09 12:19:24 - [TEST_STEP][PASSED] - verifyElementPresent: Object 'Object Repository/Login Objects /label_Username' is present

2018-05-09 12:19:24 - [MESSAGE][WARNING] - Timeout '0' is invalid. Using default page load timeout: '30'

2018-05-09 12:19:24 - [MESSAGE][PASSED] - Object 'Object Repository/Login Objects /label_Username' is present

2018-05-09 12:19:24 - [TEST_STEP][PASSED] - verifyElementPresent: Object 'Object Repository/Login Objects /label_Password' is present

2018-05-09 12:19:24 - [MESSAGE][WARNING] - Timeout '0' is invalid. Using default page load timeout: '30'

2018-05-09 12:19:24 - [MESSAGE][PASSED] - Object 'Object Repository/Login Objects /label_Password' is present

2018-05-09 12:19:24 - [TEST_STEP][PASSED] - click: Object: 'Object Repository/Front Page Objects/h2_Login' is clicked on

2018-05-09 12:19:24 - [MESSAGE][PASSED] - Object: 'Object Repository/Front Page Objects/h2_Login' is clicked on

2018-05-09 12:19:24 - [TEST_STEP][PASSED] - setText: Text 'user' is set on object 'Object Repository/Login Objects /input_username'

2018-05-09 12:19:24 - [MESSAGE][PASSED] - Text 'user' is set on object 'Object Repository/Login Objects /input_username'

2018-05-09 12:19:24 - [TEST_STEP][PASSED] - setText: Text 'user' is set on object 'Object Repository/Login Objects /input_password'

2018-05-09 12:19:24 - [MESSAGE][PASSED] - Text 'user' is set on object 'Object Repository/Login Objects /input_password'

2018-05-09 12:19:24 - [TEST_STEP][PASSED] - click: Object: 'Object Repository/Login Objects /button_Login' is clicked on

2018-05-09 12:19:24 - [MESSAGE][PASSED] - Object: 'Object Repository/Login Objects /button_Login' is clicked on

2018-05-09 12:19:24 - [TEST_STEP][PASSED] - verifyElementText: Actual text and expected text of test object 'Object Repository/Product Objects/h5_Garden' are matched.

2018-05-09 12:19:26 - [MESSAGE][PASSED] - Actual text and expected text of test object 'Object Repository/Product Objects/h5_Garden' are matched.

2018-05-09 12:19:26 - [TEST_STEP][PASSED] - verifyElementText: Actual text and expected text of test object 'Object Repository/Product Objects/p_The garden which you can gro' are matched.

2018-05-09 12:19:26 - [MESSAGE][PASSED] - Actual text and expected text of test object 'Object Repository/Product Objects/p_The garden which you can gro' are matched.

2018-05-09 12:19:26 - [TEST_STEP][PASSED] - verifyElementText: Actual text and expected text of test object 'Object Repository/Product Objects/h6_Price is 20000.00 THB' are matched.

2018-05-09 12:19:26 - [MESSAGE][PASSED] - Actual text and expected text of test object 'Object Repository/Product Objects/h6_Price is 20000.00 THB' are matched.

2018-05-09 12:19:26 - [TEST_STEP][PASSED] - verifyElementText: Actual text and expected text of test object 'Object Repository/Product Objects/h5_Banana' are matched.

2018-05-09 12:19:26 - [MESSAGE][PASSED] - Actual text and expected text of test object 'Object Repository/Product Objects/h5_Banana' are matched.

2018-05-09 12:19:26 - [TEST_STEP][PASSED] - verifyElementText: Actual text and expected text of test object 'Object Repository/Product Objects/p_A good fruit with very cheap' are matched.

2018-05-09 12:19:26 - [MESSAGE][PASSED] - Actual text and expected text of test object 'Object Repository/Product Objects/p_A good fruit with very cheap' are matched.

2018-05-09 12:19:26 - [TEST_STEP][PASSED] - verifyElementText: Actual text and expected text of test object 'Object Repository/Product Objects/h6_Price is 150.00 THB' are matched.

2018-05-09 12:19:26 - [MESSAGE][PASSED] - Actual text and expected text of test object 'Object Repository/Product Objects/h6_Price is 150.00 THB' are matched.

2018-05-09 12:19:26 - [TEST_STEP][PASSED] - verifyElementText: Actual text and expected text of test object 'Object Repository/Product Objects/h5_Orange' are matched.

2018-05-09 12:19:26 - [MESSAGE][PASSED] - Actual text and expected text of test object 'Object Repository/Product Objects/h5_Orange' are matched.

2018-05-09 12:19:26 - [TEST_STEP][PASSED] - verifyElementText: Actual text and expected text of test object 'Object Repository/Product Objects/p_Nothing good about it' are matched.

2018-05-09 12:19:26 - [MESSAGE][PASSED] - Actual text and expected text of test object 'Object Repository/Product Objects/p_Nothing good about it' are matched.

2018-05-09 12:19:26 - [TEST_STEP][PASSED] - verifyElementText: Actual text and expected text of test object 'Object Repository/Product Objects/h6_Price is 280.00 THB' are matched.

2018-05-09 12:19:26 - [MESSAGE][PASSED] - Actual text and expected text of test object 'Object Repository/Product Objects/h6_Price is 280.00 THB' are matched.

2018-05-09 12:19:26 - [TEST_STEP][PASSED] - verifyElementText: Actual text and expected text of test object 'Object Repository/Product Objects/h5_Papaya' are matched.

2018-05-09 12:19:27 - [MESSAGE][PASSED] - Actual text and expected text of test object 'Object Repository/Product Objects/h5_Papaya' are matched.

2018-05-09 12:19:27 - [TEST_STEP][PASSED] - verifyElementText: Actual text and expected text of test object 'Object Repository/Product Objects/p_Use for papaya salad' are matched.

2018-05-09 12:19:27 - [MESSAGE][PASSED] - Actual text and expected text of test object 'Object Repository/Product Objects/p_Use for papaya salad' are matched.

2018-05-09 12:19:27 - [TEST_STEP][PASSED] - verifyElementText: Actual text and expected text of test object 'Object Repository/Product Objects/h6_Price is 12.00 THB' are matched.

2018-05-09 12:19:27 - [MESSAGE][PASSED] - Actual text and expected text of test object 'Object Repository/Product Objects/h6_Price is 12.00 THB' are matched.

2018-05-09 12:19:27 - [TEST_STEP][PASSED] - verifyElementText: Actual text and expected text of test object 'Object Repository/Product Objects/h5_Rambutan' are matched.

2018-05-09 12:19:27 - [MESSAGE][PASSED] - Actual text and expected text of test object 'Object Repository/Product Objects/h5_Rambutan' are matched.

2018-05-09 12:19:27 - [TEST_STEP][PASSED] - verifyElementText: Actual text and expected text of test object 'Object Repository/Product Objects/p_An expensive fruit from the' are matched.

2018-05-09 12:19:27 - [MESSAGE][PASSED] - Actual text and expected text of test object 'Object Repository/Product Objects/p_An expensive fruit from the' are matched.

2018-05-09 12:19:27 - [TEST_STEP][PASSED] - verifyElementText: Actual text and expected text of test object 'Object Repository/Product Objects/h6_Price is 20.00 THB' are matched.

2018-05-09 12:19:27 - [MESSAGE][PASSED] - Actual text and expected text of test object 'Object Repository/Product Objects/h6_Price is 20.00 THB' are matched.

2018-05-09 12:19:27 - [TEST_STEP][PASSED] - closeBrowser: Browser is closed

2018-05-09 12:19:27 - [MESSAGE][PASSED] - Browser is closed]]></system-out>
         <system-err><![CDATA[]]></system-err>
      </testcase>
      <testcase name="Test Cases/Available products -scripted " classname="Test Cases/Available products -scripted " status="PASSED">
         <system-out><![CDATA[2018-05-09 12:19:27 - [TEST_CASE][PASSED] - Test Cases/Available products -scripted : Test Cases/Available products -scripted 

2018-05-09 12:19:27 - [TEST_STEP][PASSED] - Statement - data = com.kms.katalon.core.testdata.TestDataFactory.findTestData("Data Files/data.product"): Reading excel file with source file '/Users/snailwalker/Documents/workspace/backend/katalon/Data Files/data.xlsx' and sheet name 'product'

2018-05-09 12:19:27 - [TEST_STEP][PASSED] - openBrowser: Browser is opened with url: ''

2018-05-09 12:19:28 - [MESSAGE][PASSED] - Browser is opened with url: ''

2018-05-09 12:19:28 - [TEST_STEP][PASSED] - navigateToUrl: Navigate to 'http://34.209.48.20:9089/' successfully

2018-05-09 12:19:37 - [MESSAGE][PASSED] - Navigate to 'http://34.209.48.20:9089/' successfully

2018-05-09 12:19:37 - [TEST_STEP][PASSED] - verifyElementPresent: Object 'Object Repository/Front Page Objects/header' is present

2018-05-09 12:19:37 - [MESSAGE][WARNING] - Timeout '0' is invalid. Using default page load timeout: '30'

2018-05-09 12:19:37 - [MESSAGE][PASSED] - Object 'Object Repository/Front Page Objects/header' is present

2018-05-09 12:19:37 - [TEST_STEP][PASSED] - verifyElementPresent: Object 'Object Repository/Front Page Objects/p_header_description' is present

2018-05-09 12:19:37 - [MESSAGE][WARNING] - Timeout '0' is invalid. Using default page load timeout: '30'

2018-05-09 12:19:37 - [MESSAGE][PASSED] - Object 'Object Repository/Front Page Objects/p_header_description' is present

2018-05-09 12:19:37 - [TEST_STEP][PASSED] - verifyElementPresent: Object 'Object Repository/Front Page Objects/h2_Login' is present

2018-05-09 12:19:37 - [MESSAGE][WARNING] - Timeout '0' is invalid. Using default page load timeout: '30'

2018-05-09 12:19:37 - [MESSAGE][PASSED] - Object 'Object Repository/Front Page Objects/h2_Login' is present

2018-05-09 12:19:37 - [TEST_STEP][PASSED] - verifyElementPresent: Object 'Object Repository/Login Objects /label_Username' is present

2018-05-09 12:19:37 - [MESSAGE][WARNING] - Timeout '0' is invalid. Using default page load timeout: '30'

2018-05-09 12:19:37 - [MESSAGE][PASSED] - Object 'Object Repository/Login Objects /label_Username' is present

2018-05-09 12:19:37 - [TEST_STEP][PASSED] - verifyElementPresent: Object 'Object Repository/Login Objects /label_Password' is present

2018-05-09 12:19:37 - [MESSAGE][WARNING] - Timeout '0' is invalid. Using default page load timeout: '30'

2018-05-09 12:19:37 - [MESSAGE][PASSED] - Object 'Object Repository/Login Objects /label_Password' is present

2018-05-09 12:19:37 - [TEST_STEP][PASSED] - click: Object: 'Object Repository/Front Page Objects/h2_Login' is clicked on

2018-05-09 12:19:37 - [MESSAGE][PASSED] - Object: 'Object Repository/Front Page Objects/h2_Login' is clicked on

2018-05-09 12:19:37 - [TEST_STEP][PASSED] - setText: Text 'hello' is set on object 'Object Repository/Login Objects /input_username'

2018-05-09 12:19:37 - [MESSAGE][PASSED] - Text 'hello' is set on object 'Object Repository/Login Objects /input_username'

2018-05-09 12:19:37 - [TEST_STEP][PASSED] - setText: Text 'hello' is set on object 'Object Repository/Login Objects /input_password'

2018-05-09 12:19:37 - [MESSAGE][PASSED] - Text 'hello' is set on object 'Object Repository/Login Objects /input_password'

2018-05-09 12:19:37 - [TEST_STEP][PASSED] - click: Object: 'Object Repository/Login Objects /button_Login' is clicked on

2018-05-09 12:19:37 - [MESSAGE][PASSED] - Object: 'Object Repository/Login Objects /button_Login' is clicked on

2018-05-09 12:19:37 - [TEST_STEP][PASSED] - verifyElementText: Actual text and expected text of test object 'Object Repository/Product Objects/h5_Garden' are matched.

2018-05-09 12:19:39 - [MESSAGE][PASSED] - Actual text and expected text of test object 'Object Repository/Product Objects/h5_Garden' are matched.

2018-05-09 12:19:39 - [TEST_STEP][PASSED] - verifyElementText: Actual text and expected text of test object 'Object Repository/Product Objects/p_The garden which you can gro' are matched.

2018-05-09 12:19:39 - [MESSAGE][PASSED] - Actual text and expected text of test object 'Object Repository/Product Objects/p_The garden which you can gro' are matched.

2018-05-09 12:19:39 - [TEST_STEP][PASSED] - verifyElementText: Actual text and expected text of test object 'Object Repository/Product Objects/h6_Price is 20000.00 THB' are matched.

2018-05-09 12:19:39 - [MESSAGE][PASSED] - Actual text and expected text of test object 'Object Repository/Product Objects/h6_Price is 20000.00 THB' are matched.

2018-05-09 12:19:39 - [TEST_STEP][PASSED] - verifyElementText: Actual text and expected text of test object 'Object Repository/Product Objects/h5_Banana' are matched.

2018-05-09 12:19:39 - [MESSAGE][PASSED] - Actual text and expected text of test object 'Object Repository/Product Objects/h5_Banana' are matched.

2018-05-09 12:19:39 - [TEST_STEP][PASSED] - verifyElementText: Actual text and expected text of test object 'Object Repository/Product Objects/p_A good fruit with very cheap' are matched.

2018-05-09 12:19:39 - [MESSAGE][PASSED] - Actual text and expected text of test object 'Object Repository/Product Objects/p_A good fruit with very cheap' are matched.

2018-05-09 12:19:39 - [TEST_STEP][PASSED] - verifyElementText: Actual text and expected text of test object 'Object Repository/Product Objects/h6_Price is 150.00 THB' are matched.

2018-05-09 12:19:39 - [MESSAGE][PASSED] - Actual text and expected text of test object 'Object Repository/Product Objects/h6_Price is 150.00 THB' are matched.

2018-05-09 12:19:39 - [TEST_STEP][PASSED] - verifyElementText: Actual text and expected text of test object 'Object Repository/Product Objects/h5_Orange' are matched.

2018-05-09 12:19:39 - [MESSAGE][PASSED] - Actual text and expected text of test object 'Object Repository/Product Objects/h5_Orange' are matched.

2018-05-09 12:19:39 - [TEST_STEP][PASSED] - verifyElementText: Actual text and expected text of test object 'Object Repository/Product Objects/p_Nothing good about it' are matched.

2018-05-09 12:19:39 - [MESSAGE][PASSED] - Actual text and expected text of test object 'Object Repository/Product Objects/p_Nothing good about it' are matched.

2018-05-09 12:19:39 - [TEST_STEP][PASSED] - verifyElementText: Actual text and expected text of test object 'Object Repository/Product Objects/h6_Price is 280.00 THB' are matched.

2018-05-09 12:19:39 - [MESSAGE][PASSED] - Actual text and expected text of test object 'Object Repository/Product Objects/h6_Price is 280.00 THB' are matched.

2018-05-09 12:19:39 - [TEST_STEP][PASSED] - verifyElementText: Actual text and expected text of test object 'Object Repository/Product Objects/h5_Papaya' are matched.

2018-05-09 12:19:39 - [MESSAGE][PASSED] - Actual text and expected text of test object 'Object Repository/Product Objects/h5_Papaya' are matched.

2018-05-09 12:19:39 - [TEST_STEP][PASSED] - verifyElementText: Actual text and expected text of test object 'Object Repository/Product Objects/p_Use for papaya salad' are matched.

2018-05-09 12:19:40 - [MESSAGE][PASSED] - Actual text and expected text of test object 'Object Repository/Product Objects/p_Use for papaya salad' are matched.

2018-05-09 12:19:40 - [TEST_STEP][PASSED] - verifyElementText: Actual text and expected text of test object 'Object Repository/Product Objects/h6_Price is 12.00 THB' are matched.

2018-05-09 12:19:40 - [MESSAGE][PASSED] - Actual text and expected text of test object 'Object Repository/Product Objects/h6_Price is 12.00 THB' are matched.

2018-05-09 12:19:40 - [TEST_STEP][PASSED] - verifyElementText: Actual text and expected text of test object 'Object Repository/Product Objects/h5_Rambutan' are matched.

2018-05-09 12:19:40 - [MESSAGE][PASSED] - Actual text and expected text of test object 'Object Repository/Product Objects/h5_Rambutan' are matched.

2018-05-09 12:19:40 - [TEST_STEP][PASSED] - verifyElementText: Actual text and expected text of test object 'Object Repository/Product Objects/p_An expensive fruit from the' are matched.

2018-05-09 12:19:40 - [MESSAGE][PASSED] - Actual text and expected text of test object 'Object Repository/Product Objects/p_An expensive fruit from the' are matched.

2018-05-09 12:19:40 - [TEST_STEP][PASSED] - verifyElementText: Actual text and expected text of test object 'Object Repository/Product Objects/h6_Price is 20.00 THB' are matched.

2018-05-09 12:19:40 - [MESSAGE][PASSED] - Actual text and expected text of test object 'Object Repository/Product Objects/h6_Price is 20.00 THB' are matched.

2018-05-09 12:19:40 - [TEST_STEP][PASSED] - closeBrowser: Browser is closed

2018-05-09 12:19:40 - [MESSAGE][PASSED] - Browser is closed]]></system-out>
         <system-err><![CDATA[]]></system-err>
      </testcase>
      <testcase name="Test Cases/Login page " classname="Test Cases/Login page " status="PASSED">
         <system-out><![CDATA[2018-05-09 12:19:40 - [TEST_CASE][PASSED] - Test Cases/Login page : Test Cases/Login page 

2018-05-09 12:19:40 - [TEST_STEP][PASSED] - openBrowser: Browser is opened with url: ''

2018-05-09 12:19:41 - [MESSAGE][PASSED] - Browser is opened with url: ''

2018-05-09 12:19:41 - [TEST_STEP][PASSED] - navigateToUrl: Navigate to 'http://34.209.48.20:9089/' successfully

2018-05-09 12:19:50 - [MESSAGE][PASSED] - Navigate to 'http://34.209.48.20:9089/' successfully

2018-05-09 12:19:50 - [TEST_STEP][PASSED] - verifyElementPresent: Object 'Object Repository/Front Page Objects/header' is present

2018-05-09 12:19:50 - [MESSAGE][WARNING] - Timeout '0' is invalid. Using default page load timeout: '30'

2018-05-09 12:19:50 - [MESSAGE][PASSED] - Object 'Object Repository/Front Page Objects/header' is present

2018-05-09 12:19:50 - [TEST_STEP][PASSED] - verifyElementPresent: Object 'Object Repository/Front Page Objects/p_header_description' is present

2018-05-09 12:19:50 - [MESSAGE][WARNING] - Timeout '0' is invalid. Using default page load timeout: '30'

2018-05-09 12:19:50 - [MESSAGE][PASSED] - Object 'Object Repository/Front Page Objects/p_header_description' is present

2018-05-09 12:19:50 - [TEST_STEP][PASSED] - verifyElementPresent: Object 'Object Repository/Front Page Objects/h2_Login' is present

2018-05-09 12:19:50 - [MESSAGE][WARNING] - Timeout '0' is invalid. Using default page load timeout: '30'

2018-05-09 12:19:50 - [MESSAGE][PASSED] - Object 'Object Repository/Front Page Objects/h2_Login' is present

2018-05-09 12:19:50 - [TEST_STEP][PASSED] - verifyElementPresent: Object 'Object Repository/Login Objects /label_Username' is present

2018-05-09 12:19:50 - [MESSAGE][WARNING] - Timeout '0' is invalid. Using default page load timeout: '30'

2018-05-09 12:19:50 - [MESSAGE][PASSED] - Object 'Object Repository/Login Objects /label_Username' is present

2018-05-09 12:19:50 - [TEST_STEP][PASSED] - verifyElementPresent: Object 'Object Repository/Login Objects /label_Password' is present

2018-05-09 12:19:50 - [MESSAGE][WARNING] - Timeout '0' is invalid. Using default page load timeout: '30'

2018-05-09 12:19:50 - [MESSAGE][PASSED] - Object 'Object Repository/Login Objects /label_Password' is present

2018-05-09 12:19:50 - [TEST_STEP][PASSED] - closeBrowser: Browser is closed

2018-05-09 12:19:50 - [MESSAGE][PASSED] - Browser is closed]]></system-out>
         <system-err><![CDATA[]]></system-err>
      </testcase>
      <testcase name="Test Cases/User logout " classname="Test Cases/User logout " status="PASSED">
         <system-out><![CDATA[2018-05-09 12:19:50 - [TEST_CASE][PASSED] - Test Cases/User logout : Test Cases/User logout 

2018-05-09 12:19:50 - [TEST_STEP][PASSED] - openBrowser: Browser is opened with url: ''

2018-05-09 12:19:51 - [MESSAGE][PASSED] - Browser is opened with url: ''

2018-05-09 12:19:51 - [TEST_STEP][PASSED] - navigateToUrl: Navigate to 'http://34.209.48.20:9089/' successfully

2018-05-09 12:20:02 - [MESSAGE][PASSED] - Navigate to 'http://34.209.48.20:9089/' successfully

2018-05-09 12:20:02 - [TEST_STEP][PASSED] - verifyElementPresent: Object 'Object Repository/Front Page Objects/header' is present

2018-05-09 12:20:02 - [MESSAGE][WARNING] - Timeout '0' is invalid. Using default page load timeout: '30'

2018-05-09 12:20:02 - [MESSAGE][PASSED] - Object 'Object Repository/Front Page Objects/header' is present

2018-05-09 12:20:02 - [TEST_STEP][PASSED] - verifyElementPresent: Object 'Object Repository/Front Page Objects/p_header_description' is present

2018-05-09 12:20:02 - [MESSAGE][WARNING] - Timeout '0' is invalid. Using default page load timeout: '30'

2018-05-09 12:20:02 - [MESSAGE][PASSED] - Object 'Object Repository/Front Page Objects/p_header_description' is present

2018-05-09 12:20:02 - [TEST_STEP][PASSED] - verifyElementPresent: Object 'Object Repository/Front Page Objects/h2_Login' is present

2018-05-09 12:20:02 - [MESSAGE][WARNING] - Timeout '0' is invalid. Using default page load timeout: '30'

2018-05-09 12:20:02 - [MESSAGE][PASSED] - Object 'Object Repository/Front Page Objects/h2_Login' is present

2018-05-09 12:20:02 - [TEST_STEP][PASSED] - verifyElementPresent: Object 'Object Repository/Login Objects /label_Username' is present

2018-05-09 12:20:02 - [MESSAGE][WARNING] - Timeout '0' is invalid. Using default page load timeout: '30'

2018-05-09 12:20:02 - [MESSAGE][PASSED] - Object 'Object Repository/Login Objects /label_Username' is present

2018-05-09 12:20:02 - [TEST_STEP][PASSED] - verifyElementPresent: Object 'Object Repository/Login Objects /label_Password' is present

2018-05-09 12:20:02 - [MESSAGE][WARNING] - Timeout '0' is invalid. Using default page load timeout: '30'

2018-05-09 12:20:02 - [MESSAGE][PASSED] - Object 'Object Repository/Login Objects /label_Password' is present

2018-05-09 12:20:02 - [TEST_STEP][PASSED] - setText: Text 'user' is set on object 'Object Repository/Login Objects /input_username'

2018-05-09 12:20:02 - [MESSAGE][PASSED] - Text 'user' is set on object 'Object Repository/Login Objects /input_username'

2018-05-09 12:20:02 - [TEST_STEP][PASSED] - setText: Text 'user' is set on object 'Object Repository/Login Objects /input_password'

2018-05-09 12:20:02 - [MESSAGE][PASSED] - Text 'user' is set on object 'Object Repository/Login Objects /input_password'

2018-05-09 12:20:02 - [TEST_STEP][PASSED] - click: Object: 'Object Repository/Login Objects /button_Login' is clicked on

2018-05-09 12:20:03 - [MESSAGE][PASSED] - Object: 'Object Repository/Login Objects /button_Login' is clicked on

2018-05-09 12:20:03 - [TEST_STEP][PASSED] - verifyElementPresent: Object 'Object Repository/Front Page Objects/header' is present

2018-05-09 12:20:03 - [MESSAGE][WARNING] - Timeout '0' is invalid. Using default page load timeout: '30'

2018-05-09 12:20:03 - [MESSAGE][PASSED] - Object 'Object Repository/Front Page Objects/header' is present

2018-05-09 12:20:03 - [TEST_STEP][PASSED] - verifyElementPresent: Object 'Object Repository/Front Page Objects/p_header_description' is present

2018-05-09 12:20:03 - [MESSAGE][WARNING] - Timeout '0' is invalid. Using default page load timeout: '30'

2018-05-09 12:20:03 - [MESSAGE][PASSED] - Object 'Object Repository/Front Page Objects/p_header_description' is present

2018-05-09 12:20:03 - [TEST_STEP][PASSED] - verifyElementPresent: Object 'Object Repository/Front Page Objects/div_add to cart' is present

2018-05-09 12:20:03 - [MESSAGE][WARNING] - Timeout '0' is invalid. Using default page load timeout: '30'

2018-05-09 12:20:04 - [MESSAGE][PASSED] - Object 'Object Repository/Front Page Objects/div_add to cart' is present

2018-05-09 12:20:04 - [TEST_STEP][PASSED] - click: Object: 'Object Repository/Front Page Objects/button_Carts' is clicked on

2018-05-09 12:20:04 - [MESSAGE][PASSED] - Object: 'Object Repository/Front Page Objects/button_Carts' is clicked on

2018-05-09 12:20:04 - [TEST_STEP][PASSED] - verifyElementPresent: Object 'Object Repository/Front Page Objects/User_Shopping Cart_header' is present

2018-05-09 12:20:04 - [MESSAGE][WARNING] - Timeout '0' is invalid. Using default page load timeout: '30'

2018-05-09 12:20:04 - [MESSAGE][PASSED] - Object 'Object Repository/Front Page Objects/User_Shopping Cart_header' is present

2018-05-09 12:20:04 - [TEST_STEP][PASSED] - verifyElementPresent: Object 'Object Repository/Front Page Objects/th_Product Name' is present

2018-05-09 12:20:04 - [MESSAGE][WARNING] - Timeout '0' is invalid. Using default page load timeout: '30'

2018-05-09 12:20:04 - [MESSAGE][PASSED] - Object 'Object Repository/Front Page Objects/th_Product Name' is present

2018-05-09 12:20:04 - [TEST_STEP][PASSED] - verifyElementPresent: Object 'Object Repository/Front Page Objects/th_Price' is present

2018-05-09 12:20:04 - [MESSAGE][WARNING] - Timeout '0' is invalid. Using default page load timeout: '30'

2018-05-09 12:20:04 - [MESSAGE][PASSED] - Object 'Object Repository/Front Page Objects/th_Price' is present

2018-05-09 12:20:04 - [TEST_STEP][PASSED] - verifyElementPresent: Object 'Object Repository/Front Page Objects/th_amount' is present

2018-05-09 12:20:04 - [MESSAGE][WARNING] - Timeout '0' is invalid. Using default page load timeout: '30'

2018-05-09 12:20:04 - [MESSAGE][PASSED] - Object 'Object Repository/Front Page Objects/th_amount' is present

2018-05-09 12:20:04 - [TEST_STEP][PASSED] - verifyElementPresent: Object 'Object Repository/Product Objects/p_Total price  0 THB' is present

2018-05-09 12:20:04 - [MESSAGE][WARNING] - Timeout '0' is invalid. Using default page load timeout: '30'

2018-05-09 12:20:04 - [MESSAGE][PASSED] - Object 'Object Repository/Product Objects/p_Total price  0 THB' is present

2018-05-09 12:20:04 - [TEST_STEP][PASSED] - verifyElementPresent: Object 'Object Repository/Login Objects /div_confirm' is present

2018-05-09 12:20:04 - [MESSAGE][WARNING] - Timeout '0' is invalid. Using default page load timeout: '30'

2018-05-09 12:20:04 - [MESSAGE][PASSED] - Object 'Object Repository/Login Objects /div_confirm' is present

2018-05-09 12:20:04 - [TEST_STEP][PASSED] - click: Object: 'Object Repository/Login Objects /button_Logout' is clicked on

2018-05-09 12:20:04 - [MESSAGE][PASSED] - Object: 'Object Repository/Login Objects /button_Logout' is clicked on

2018-05-09 12:20:04 - [TEST_STEP][PASSED] - verifyElementPresent: Object 'Object Repository/Front Page Objects/header' is present

2018-05-09 12:20:04 - [MESSAGE][WARNING] - Timeout '0' is invalid. Using default page load timeout: '30'

2018-05-09 12:20:04 - [MESSAGE][PASSED] - Object 'Object Repository/Front Page Objects/header' is present

2018-05-09 12:20:04 - [TEST_STEP][PASSED] - verifyElementPresent: Object 'Object Repository/Front Page Objects/p_header_description' is present

2018-05-09 12:20:04 - [MESSAGE][WARNING] - Timeout '0' is invalid. Using default page load timeout: '30'

2018-05-09 12:20:04 - [MESSAGE][PASSED] - Object 'Object Repository/Front Page Objects/p_header_description' is present

2018-05-09 12:20:04 - [TEST_STEP][PASSED] - verifyElementPresent: Object 'Object Repository/Front Page Objects/h2_Login' is present

2018-05-09 12:20:04 - [MESSAGE][WARNING] - Timeout '0' is invalid. Using default page load timeout: '30'

2018-05-09 12:20:04 - [MESSAGE][PASSED] - Object 'Object Repository/Front Page Objects/h2_Login' is present

2018-05-09 12:20:04 - [TEST_STEP][PASSED] - verifyElementPresent: Object 'Object Repository/Login Objects /label_Username' is present

2018-05-09 12:20:04 - [MESSAGE][WARNING] - Timeout '0' is invalid. Using default page load timeout: '30'

2018-05-09 12:20:04 - [MESSAGE][PASSED] - Object 'Object Repository/Login Objects /label_Username' is present

2018-05-09 12:20:04 - [TEST_STEP][PASSED] - verifyElementPresent: Object 'Object Repository/Login Objects /label_Password' is present

2018-05-09 12:20:04 - [MESSAGE][WARNING] - Timeout '0' is invalid. Using default page load timeout: '30'

2018-05-09 12:20:04 - [MESSAGE][PASSED] - Object 'Object Repository/Login Objects /label_Password' is present

2018-05-09 12:20:04 - [TEST_STEP][PASSED] - closeBrowser: Browser is closed

2018-05-09 12:20:04 - [MESSAGE][PASSED] - Browser is closed]]></system-out>
         <system-err><![CDATA[]]></system-err>
      </testcase>
      <testcase name="Test Cases/User logout " classname="Test Cases/User logout " status="PASSED">
         <system-out><![CDATA[2018-05-09 12:20:04 - [TEST_CASE][PASSED] - Test Cases/User logout : Test Cases/User logout 

2018-05-09 12:20:04 - [TEST_STEP][PASSED] - openBrowser: Browser is opened with url: ''

2018-05-09 12:20:05 - [MESSAGE][PASSED] - Browser is opened with url: ''

2018-05-09 12:20:05 - [TEST_STEP][PASSED] - navigateToUrl: Navigate to 'http://34.209.48.20:9089/' successfully

2018-05-09 12:20:14 - [MESSAGE][PASSED] - Navigate to 'http://34.209.48.20:9089/' successfully

2018-05-09 12:20:14 - [TEST_STEP][PASSED] - verifyElementPresent: Object 'Object Repository/Front Page Objects/header' is present

2018-05-09 12:20:14 - [MESSAGE][WARNING] - Timeout '0' is invalid. Using default page load timeout: '30'

2018-05-09 12:20:14 - [MESSAGE][PASSED] - Object 'Object Repository/Front Page Objects/header' is present

2018-05-09 12:20:14 - [TEST_STEP][PASSED] - verifyElementPresent: Object 'Object Repository/Front Page Objects/p_header_description' is present

2018-05-09 12:20:14 - [MESSAGE][WARNING] - Timeout '0' is invalid. Using default page load timeout: '30'

2018-05-09 12:20:14 - [MESSAGE][PASSED] - Object 'Object Repository/Front Page Objects/p_header_description' is present

2018-05-09 12:20:14 - [TEST_STEP][PASSED] - verifyElementPresent: Object 'Object Repository/Front Page Objects/h2_Login' is present

2018-05-09 12:20:14 - [MESSAGE][WARNING] - Timeout '0' is invalid. Using default page load timeout: '30'

2018-05-09 12:20:14 - [MESSAGE][PASSED] - Object 'Object Repository/Front Page Objects/h2_Login' is present

2018-05-09 12:20:14 - [TEST_STEP][PASSED] - verifyElementPresent: Object 'Object Repository/Login Objects /label_Username' is present

2018-05-09 12:20:14 - [MESSAGE][WARNING] - Timeout '0' is invalid. Using default page load timeout: '30'

2018-05-09 12:20:14 - [MESSAGE][PASSED] - Object 'Object Repository/Login Objects /label_Username' is present

2018-05-09 12:20:14 - [TEST_STEP][PASSED] - verifyElementPresent: Object 'Object Repository/Login Objects /label_Password' is present

2018-05-09 12:20:14 - [MESSAGE][WARNING] - Timeout '0' is invalid. Using default page load timeout: '30'

2018-05-09 12:20:14 - [MESSAGE][PASSED] - Object 'Object Repository/Login Objects /label_Password' is present

2018-05-09 12:20:14 - [TEST_STEP][PASSED] - setText: Text 'hello' is set on object 'Object Repository/Login Objects /input_username'

2018-05-09 12:20:15 - [MESSAGE][PASSED] - Text 'hello' is set on object 'Object Repository/Login Objects /input_username'

2018-05-09 12:20:15 - [TEST_STEP][PASSED] - setText: Text 'hello' is set on object 'Object Repository/Login Objects /input_password'

2018-05-09 12:20:15 - [MESSAGE][PASSED] - Text 'hello' is set on object 'Object Repository/Login Objects /input_password'

2018-05-09 12:20:15 - [TEST_STEP][PASSED] - click: Object: 'Object Repository/Login Objects /button_Login' is clicked on

2018-05-09 12:20:20 - [MESSAGE][PASSED] - Object: 'Object Repository/Login Objects /button_Login' is clicked on

2018-05-09 12:20:20 - [TEST_STEP][PASSED] - verifyElementPresent: Object 'Object Repository/Front Page Objects/header' is present

2018-05-09 12:20:20 - [MESSAGE][WARNING] - Timeout '0' is invalid. Using default page load timeout: '30'

2018-05-09 12:20:20 - [MESSAGE][PASSED] - Object 'Object Repository/Front Page Objects/header' is present

2018-05-09 12:20:20 - [TEST_STEP][PASSED] - verifyElementPresent: Object 'Object Repository/Front Page Objects/p_header_description' is present

2018-05-09 12:20:20 - [MESSAGE][WARNING] - Timeout '0' is invalid. Using default page load timeout: '30'

2018-05-09 12:20:20 - [MESSAGE][PASSED] - Object 'Object Repository/Front Page Objects/p_header_description' is present

2018-05-09 12:20:20 - [TEST_STEP][PASSED] - verifyElementPresent: Object 'Object Repository/Front Page Objects/div_add to cart' is present

2018-05-09 12:20:20 - [MESSAGE][WARNING] - Timeout '0' is invalid. Using default page load timeout: '30'

2018-05-09 12:20:22 - [MESSAGE][PASSED] - Object 'Object Repository/Front Page Objects/div_add to cart' is present

2018-05-09 12:20:22 - [TEST_STEP][PASSED] - click: Object: 'Object Repository/Front Page Objects/button_Carts' is clicked on

2018-05-09 12:20:28 - [MESSAGE][PASSED] - Object: 'Object Repository/Front Page Objects/button_Carts' is clicked on

2018-05-09 12:20:28 - [TEST_STEP][PASSED] - verifyElementPresent: Object 'Object Repository/Front Page Objects/User_Shopping Cart_header' is present

2018-05-09 12:20:28 - [MESSAGE][WARNING] - Timeout '0' is invalid. Using default page load timeout: '30'

2018-05-09 12:20:28 - [MESSAGE][PASSED] - Object 'Object Repository/Front Page Objects/User_Shopping Cart_header' is present

2018-05-09 12:20:28 - [TEST_STEP][PASSED] - verifyElementPresent: Object 'Object Repository/Front Page Objects/th_Product Name' is present

2018-05-09 12:20:28 - [MESSAGE][WARNING] - Timeout '0' is invalid. Using default page load timeout: '30'

2018-05-09 12:20:28 - [MESSAGE][PASSED] - Object 'Object Repository/Front Page Objects/th_Product Name' is present

2018-05-09 12:20:28 - [TEST_STEP][PASSED] - verifyElementPresent: Object 'Object Repository/Front Page Objects/th_Price' is present

2018-05-09 12:20:28 - [MESSAGE][WARNING] - Timeout '0' is invalid. Using default page load timeout: '30'

2018-05-09 12:20:28 - [MESSAGE][PASSED] - Object 'Object Repository/Front Page Objects/th_Price' is present

2018-05-09 12:20:28 - [TEST_STEP][PASSED] - verifyElementPresent: Object 'Object Repository/Front Page Objects/th_amount' is present

2018-05-09 12:20:28 - [MESSAGE][WARNING] - Timeout '0' is invalid. Using default page load timeout: '30'

2018-05-09 12:20:28 - [MESSAGE][PASSED] - Object 'Object Repository/Front Page Objects/th_amount' is present

2018-05-09 12:20:28 - [TEST_STEP][PASSED] - verifyElementPresent: Object 'Object Repository/Product Objects/p_Total price  0 THB' is present

2018-05-09 12:20:28 - [MESSAGE][WARNING] - Timeout '0' is invalid. Using default page load timeout: '30'

2018-05-09 12:20:28 - [MESSAGE][PASSED] - Object 'Object Repository/Product Objects/p_Total price  0 THB' is present

2018-05-09 12:20:28 - [TEST_STEP][PASSED] - verifyElementPresent: Object 'Object Repository/Login Objects /div_confirm' is present

2018-05-09 12:20:28 - [MESSAGE][WARNING] - Timeout '0' is invalid. Using default page load timeout: '30'

2018-05-09 12:20:28 - [MESSAGE][PASSED] - Object 'Object Repository/Login Objects /div_confirm' is present

2018-05-09 12:20:28 - [TEST_STEP][PASSED] - click: Object: 'Object Repository/Login Objects /button_Logout' is clicked on

2018-05-09 12:20:33 - [MESSAGE][PASSED] - Object: 'Object Repository/Login Objects /button_Logout' is clicked on

2018-05-09 12:20:33 - [TEST_STEP][PASSED] - verifyElementPresent: Object 'Object Repository/Front Page Objects/header' is present

2018-05-09 12:20:33 - [MESSAGE][WARNING] - Timeout '0' is invalid. Using default page load timeout: '30'

2018-05-09 12:20:33 - [MESSAGE][PASSED] - Object 'Object Repository/Front Page Objects/header' is present

2018-05-09 12:20:33 - [TEST_STEP][PASSED] - verifyElementPresent: Object 'Object Repository/Front Page Objects/p_header_description' is present

2018-05-09 12:20:33 - [MESSAGE][WARNING] - Timeout '0' is invalid. Using default page load timeout: '30'

2018-05-09 12:20:33 - [MESSAGE][PASSED] - Object 'Object Repository/Front Page Objects/p_header_description' is present

2018-05-09 12:20:33 - [TEST_STEP][PASSED] - verifyElementPresent: Object 'Object Repository/Front Page Objects/h2_Login' is present

2018-05-09 12:20:33 - [MESSAGE][WARNING] - Timeout '0' is invalid. Using default page load timeout: '30'

2018-05-09 12:20:33 - [MESSAGE][PASSED] - Object 'Object Repository/Front Page Objects/h2_Login' is present

2018-05-09 12:20:33 - [TEST_STEP][PASSED] - verifyElementPresent: Object 'Object Repository/Login Objects /label_Username' is present

2018-05-09 12:20:33 - [MESSAGE][WARNING] - Timeout '0' is invalid. Using default page load timeout: '30'

2018-05-09 12:20:33 - [MESSAGE][PASSED] - Object 'Object Repository/Login Objects /label_Username' is present

2018-05-09 12:20:33 - [TEST_STEP][PASSED] - verifyElementPresent: Object 'Object Repository/Login Objects /label_Password' is present

2018-05-09 12:20:33 - [MESSAGE][WARNING] - Timeout '0' is invalid. Using default page load timeout: '30'

2018-05-09 12:20:33 - [MESSAGE][PASSED] - Object 'Object Repository/Login Objects /label_Password' is present

2018-05-09 12:20:33 - [TEST_STEP][PASSED] - closeBrowser: Browser is closed

2018-05-09 12:20:33 - [MESSAGE][PASSED] - Browser is closed]]></system-out>
         <system-err><![CDATA[]]></system-err>
      </testcase>
      <testcase name="Test Cases/User login fail " classname="Test Cases/User login fail " status="PASSED">
         <system-out><![CDATA[2018-05-09 12:20:33 - [TEST_CASE][PASSED] - Test Cases/User login fail : Test Cases/User login fail 

2018-05-09 12:20:34 - [TEST_STEP][PASSED] - openBrowser: Browser is opened with url: ''

2018-05-09 12:20:35 - [MESSAGE][PASSED] - Browser is opened with url: ''

2018-05-09 12:20:35 - [TEST_STEP][PASSED] - navigateToUrl: Navigate to 'http://34.209.48.20:9089/' successfully

2018-05-09 12:20:45 - [MESSAGE][PASSED] - Navigate to 'http://34.209.48.20:9089/' successfully

2018-05-09 12:20:45 - [TEST_STEP][PASSED] - verifyElementPresent: Object 'Object Repository/Front Page Objects/header' is present

2018-05-09 12:20:45 - [MESSAGE][WARNING] - Timeout '0' is invalid. Using default page load timeout: '30'

2018-05-09 12:20:45 - [MESSAGE][PASSED] - Object 'Object Repository/Front Page Objects/header' is present

2018-05-09 12:20:45 - [TEST_STEP][PASSED] - verifyElementPresent: Object 'Object Repository/Front Page Objects/p_header_description' is present

2018-05-09 12:20:45 - [MESSAGE][WARNING] - Timeout '0' is invalid. Using default page load timeout: '30'

2018-05-09 12:20:45 - [MESSAGE][PASSED] - Object 'Object Repository/Front Page Objects/p_header_description' is present

2018-05-09 12:20:45 - [TEST_STEP][PASSED] - verifyElementPresent: Object 'Object Repository/Front Page Objects/h2_Login' is present

2018-05-09 12:20:45 - [MESSAGE][WARNING] - Timeout '0' is invalid. Using default page load timeout: '30'

2018-05-09 12:20:45 - [MESSAGE][PASSED] - Object 'Object Repository/Front Page Objects/h2_Login' is present

2018-05-09 12:20:45 - [TEST_STEP][PASSED] - verifyElementPresent: Object 'Object Repository/Login Objects /label_Username' is present

2018-05-09 12:20:45 - [MESSAGE][WARNING] - Timeout '0' is invalid. Using default page load timeout: '30'

2018-05-09 12:20:45 - [MESSAGE][PASSED] - Object 'Object Repository/Login Objects /label_Username' is present

2018-05-09 12:20:45 - [TEST_STEP][PASSED] - verifyElementPresent: Object 'Object Repository/Login Objects /label_Password' is present

2018-05-09 12:20:45 - [MESSAGE][WARNING] - Timeout '0' is invalid. Using default page load timeout: '30'

2018-05-09 12:20:45 - [MESSAGE][PASSED] - Object 'Object Repository/Login Objects /label_Password' is present

2018-05-09 12:20:45 - [TEST_STEP][PASSED] - setText: Text 'firefly' is set on object 'Object Repository/Login Objects /input_username'

2018-05-09 12:20:46 - [MESSAGE][PASSED] - Text 'firefly' is set on object 'Object Repository/Login Objects /input_username'

2018-05-09 12:20:46 - [TEST_STEP][PASSED] - setText: Text 'wrongpass' is set on object 'Object Repository/Login Objects /input_password'

2018-05-09 12:20:46 - [MESSAGE][PASSED] - Text 'wrongpass' is set on object 'Object Repository/Login Objects /input_password'

2018-05-09 12:20:46 - [TEST_STEP][PASSED] - click: Object: 'Object Repository/Login Objects /button_Login' is clicked on

2018-05-09 12:20:46 - [MESSAGE][PASSED] - Object: 'Object Repository/Login Objects /button_Login' is clicked on

2018-05-09 12:20:46 - [TEST_STEP][PASSED] - verifyElementPresent: Object 'Object Repository/Login Objects /Page_ProjectBackend/label_Usernamepassword is inco' is present

2018-05-09 12:20:46 - [MESSAGE][WARNING] - Timeout '0' is invalid. Using default page load timeout: '30'

2018-05-09 12:20:47 - [MESSAGE][PASSED] - Object 'Object Repository/Login Objects /Page_ProjectBackend/label_Usernamepassword is inco' is present

2018-05-09 12:20:47 - [TEST_STEP][PASSED] - closeBrowser: Browser is closed

2018-05-09 12:20:47 - [MESSAGE][PASSED] - Browser is closed]]></system-out>
         <system-err><![CDATA[]]></system-err>
      </testcase>
      <testcase name="Test Cases/Empty password field " classname="Test Cases/Empty password field " status="PASSED">
         <system-out><![CDATA[2018-05-09 12:20:47 - [TEST_CASE][PASSED] - Test Cases/Empty password field : Test Cases/Empty password field 

2018-05-09 12:20:47 - [TEST_STEP][PASSED] - openBrowser: Browser is opened with url: ''

2018-05-09 12:20:49 - [MESSAGE][PASSED] - Browser is opened with url: ''

2018-05-09 12:20:49 - [TEST_STEP][PASSED] - navigateToUrl: Navigate to 'http://34.209.48.20:9089/' successfully

2018-05-09 12:20:59 - [MESSAGE][PASSED] - Navigate to 'http://34.209.48.20:9089/' successfully

2018-05-09 12:20:59 - [TEST_STEP][PASSED] - verifyElementPresent: Object 'Object Repository/Front Page Objects/header' is present

2018-05-09 12:20:59 - [MESSAGE][WARNING] - Timeout '0' is invalid. Using default page load timeout: '30'

2018-05-09 12:20:59 - [MESSAGE][PASSED] - Object 'Object Repository/Front Page Objects/header' is present

2018-05-09 12:20:59 - [TEST_STEP][PASSED] - verifyElementPresent: Object 'Object Repository/Front Page Objects/p_header_description' is present

2018-05-09 12:20:59 - [MESSAGE][WARNING] - Timeout '0' is invalid. Using default page load timeout: '30'

2018-05-09 12:20:59 - [MESSAGE][PASSED] - Object 'Object Repository/Front Page Objects/p_header_description' is present

2018-05-09 12:21:00 - [TEST_STEP][PASSED] - verifyElementPresent: Object 'Object Repository/Front Page Objects/h2_Login' is present

2018-05-09 12:21:00 - [MESSAGE][WARNING] - Timeout '0' is invalid. Using default page load timeout: '30'

2018-05-09 12:21:00 - [MESSAGE][PASSED] - Object 'Object Repository/Front Page Objects/h2_Login' is present

2018-05-09 12:21:00 - [TEST_STEP][PASSED] - verifyElementPresent: Object 'Object Repository/Login Objects /label_Username' is present

2018-05-09 12:21:00 - [MESSAGE][WARNING] - Timeout '0' is invalid. Using default page load timeout: '30'

2018-05-09 12:21:00 - [MESSAGE][PASSED] - Object 'Object Repository/Login Objects /label_Username' is present

2018-05-09 12:21:00 - [TEST_STEP][PASSED] - verifyElementPresent: Object 'Object Repository/Login Objects /label_Password' is present

2018-05-09 12:21:00 - [MESSAGE][WARNING] - Timeout '0' is invalid. Using default page load timeout: '30'

2018-05-09 12:21:00 - [MESSAGE][PASSED] - Object 'Object Repository/Login Objects /label_Password' is present

2018-05-09 12:21:00 - [TEST_STEP][PASSED] - verifyElementPresent: Object 'Object Repository/Login Objects /div_Login' is present

2018-05-09 12:21:00 - [MESSAGE][WARNING] - Timeout '0' is invalid. Using default page load timeout: '30'

2018-05-09 12:21:00 - [MESSAGE][PASSED] - Object 'Object Repository/Login Objects /div_Login' is present

2018-05-09 12:21:00 - [TEST_STEP][PASSED] - setText: Text 'admin' is set on object 'Object Repository/Login Objects /input_username'

2018-05-09 12:21:00 - [MESSAGE][PASSED] - Text 'admin' is set on object 'Object Repository/Login Objects /input_username'

2018-05-09 12:21:00 - [TEST_STEP][PASSED] - setText: Text '' is set on object 'Object Repository/Login Objects /input_password'

2018-05-09 12:21:00 - [MESSAGE][PASSED] - Text '' is set on object 'Object Repository/Login Objects /input_password'

2018-05-09 12:21:00 - [TEST_STEP][PASSED] - click: Object: 'Object Repository/Login Objects /button_Login' is clicked on

2018-05-09 12:21:00 - [MESSAGE][PASSED] - Object: 'Object Repository/Login Objects /button_Login' is clicked on

2018-05-09 12:21:00 - [TEST_STEP][PASSED] - verifyElementPresent: Object 'Object Repository/Login Objects /label_Password is required' is present

2018-05-09 12:21:00 - [MESSAGE][WARNING] - Timeout '0' is invalid. Using default page load timeout: '30'

2018-05-09 12:21:00 - [MESSAGE][PASSED] - Object 'Object Repository/Login Objects /label_Password is required' is present

2018-05-09 12:21:00 - [TEST_STEP][PASSED] - closeBrowser: Browser is closed

2018-05-09 12:21:00 - [MESSAGE][PASSED] - Browser is closed]]></system-out>
         <system-err><![CDATA[]]></system-err>
      </testcase>
      <testcase name="Test Cases/Empty password field " classname="Test Cases/Empty password field " status="PASSED">
         <system-out><![CDATA[2018-05-09 12:21:00 - [TEST_CASE][PASSED] - Test Cases/Empty password field : Test Cases/Empty password field 

2018-05-09 12:21:00 - [TEST_STEP][PASSED] - openBrowser: Browser is opened with url: ''

2018-05-09 12:21:01 - [MESSAGE][PASSED] - Browser is opened with url: ''

2018-05-09 12:21:01 - [TEST_STEP][PASSED] - navigateToUrl: Navigate to 'http://34.209.48.20:9089/' successfully

2018-05-09 12:21:12 - [MESSAGE][PASSED] - Navigate to 'http://34.209.48.20:9089/' successfully

2018-05-09 12:21:12 - [TEST_STEP][PASSED] - verifyElementPresent: Object 'Object Repository/Front Page Objects/header' is present

2018-05-09 12:21:12 - [MESSAGE][WARNING] - Timeout '0' is invalid. Using default page load timeout: '30'

2018-05-09 12:21:12 - [MESSAGE][PASSED] - Object 'Object Repository/Front Page Objects/header' is present

2018-05-09 12:21:12 - [TEST_STEP][PASSED] - verifyElementPresent: Object 'Object Repository/Front Page Objects/p_header_description' is present

2018-05-09 12:21:12 - [MESSAGE][WARNING] - Timeout '0' is invalid. Using default page load timeout: '30'

2018-05-09 12:21:12 - [MESSAGE][PASSED] - Object 'Object Repository/Front Page Objects/p_header_description' is present

2018-05-09 12:21:12 - [TEST_STEP][PASSED] - verifyElementPresent: Object 'Object Repository/Front Page Objects/h2_Login' is present

2018-05-09 12:21:12 - [MESSAGE][WARNING] - Timeout '0' is invalid. Using default page load timeout: '30'

2018-05-09 12:21:12 - [MESSAGE][PASSED] - Object 'Object Repository/Front Page Objects/h2_Login' is present

2018-05-09 12:21:12 - [TEST_STEP][PASSED] - verifyElementPresent: Object 'Object Repository/Login Objects /label_Username' is present

2018-05-09 12:21:12 - [MESSAGE][WARNING] - Timeout '0' is invalid. Using default page load timeout: '30'

2018-05-09 12:21:12 - [MESSAGE][PASSED] - Object 'Object Repository/Login Objects /label_Username' is present

2018-05-09 12:21:12 - [TEST_STEP][PASSED] - verifyElementPresent: Object 'Object Repository/Login Objects /label_Password' is present

2018-05-09 12:21:12 - [MESSAGE][WARNING] - Timeout '0' is invalid. Using default page load timeout: '30'

2018-05-09 12:21:12 - [MESSAGE][PASSED] - Object 'Object Repository/Login Objects /label_Password' is present

2018-05-09 12:21:12 - [TEST_STEP][PASSED] - verifyElementPresent: Object 'Object Repository/Login Objects /div_Login' is present

2018-05-09 12:21:12 - [MESSAGE][WARNING] - Timeout '0' is invalid. Using default page load timeout: '30'

2018-05-09 12:21:12 - [MESSAGE][PASSED] - Object 'Object Repository/Login Objects /div_Login' is present

2018-05-09 12:21:12 - [TEST_STEP][PASSED] - setText: Text 'user' is set on object 'Object Repository/Login Objects /input_username'

2018-05-09 12:21:12 - [MESSAGE][PASSED] - Text 'user' is set on object 'Object Repository/Login Objects /input_username'

2018-05-09 12:21:12 - [TEST_STEP][PASSED] - setText: Text '' is set on object 'Object Repository/Login Objects /input_password'

2018-05-09 12:21:12 - [MESSAGE][PASSED] - Text '' is set on object 'Object Repository/Login Objects /input_password'

2018-05-09 12:21:12 - [TEST_STEP][PASSED] - click: Object: 'Object Repository/Login Objects /button_Login' is clicked on

2018-05-09 12:21:12 - [MESSAGE][PASSED] - Object: 'Object Repository/Login Objects /button_Login' is clicked on

2018-05-09 12:21:12 - [TEST_STEP][PASSED] - verifyElementPresent: Object 'Object Repository/Login Objects /label_Password is required' is present

2018-05-09 12:21:12 - [MESSAGE][WARNING] - Timeout '0' is invalid. Using default page load timeout: '30'

2018-05-09 12:21:12 - [MESSAGE][PASSED] - Object 'Object Repository/Login Objects /label_Password is required' is present

2018-05-09 12:21:12 - [TEST_STEP][PASSED] - closeBrowser: Browser is closed

2018-05-09 12:21:13 - [MESSAGE][PASSED] - Browser is closed]]></system-out>
         <system-err><![CDATA[]]></system-err>
      </testcase>
      <testcase name="Test Cases/Empty password field " classname="Test Cases/Empty password field " status="PASSED">
         <system-out><![CDATA[2018-05-09 12:21:13 - [TEST_CASE][PASSED] - Test Cases/Empty password field : Test Cases/Empty password field 

2018-05-09 12:21:13 - [TEST_STEP][PASSED] - openBrowser: Browser is opened with url: ''

2018-05-09 12:21:14 - [MESSAGE][PASSED] - Browser is opened with url: ''

2018-05-09 12:21:14 - [TEST_STEP][PASSED] - navigateToUrl: Navigate to 'http://34.209.48.20:9089/' successfully

2018-05-09 12:21:27 - [MESSAGE][PASSED] - Navigate to 'http://34.209.48.20:9089/' successfully

2018-05-09 12:21:27 - [TEST_STEP][PASSED] - verifyElementPresent: Object 'Object Repository/Front Page Objects/header' is present

2018-05-09 12:21:27 - [MESSAGE][WARNING] - Timeout '0' is invalid. Using default page load timeout: '30'

2018-05-09 12:21:27 - [MESSAGE][PASSED] - Object 'Object Repository/Front Page Objects/header' is present

2018-05-09 12:21:27 - [TEST_STEP][PASSED] - verifyElementPresent: Object 'Object Repository/Front Page Objects/p_header_description' is present

2018-05-09 12:21:27 - [MESSAGE][WARNING] - Timeout '0' is invalid. Using default page load timeout: '30'

2018-05-09 12:21:27 - [MESSAGE][PASSED] - Object 'Object Repository/Front Page Objects/p_header_description' is present

2018-05-09 12:21:27 - [TEST_STEP][PASSED] - verifyElementPresent: Object 'Object Repository/Front Page Objects/h2_Login' is present

2018-05-09 12:21:27 - [MESSAGE][WARNING] - Timeout '0' is invalid. Using default page load timeout: '30'

2018-05-09 12:21:27 - [MESSAGE][PASSED] - Object 'Object Repository/Front Page Objects/h2_Login' is present

2018-05-09 12:21:27 - [TEST_STEP][PASSED] - verifyElementPresent: Object 'Object Repository/Login Objects /label_Username' is present

2018-05-09 12:21:27 - [MESSAGE][WARNING] - Timeout '0' is invalid. Using default page load timeout: '30'

2018-05-09 12:21:27 - [MESSAGE][PASSED] - Object 'Object Repository/Login Objects /label_Username' is present

2018-05-09 12:21:27 - [TEST_STEP][PASSED] - verifyElementPresent: Object 'Object Repository/Login Objects /label_Password' is present

2018-05-09 12:21:27 - [MESSAGE][WARNING] - Timeout '0' is invalid. Using default page load timeout: '30'

2018-05-09 12:21:27 - [MESSAGE][PASSED] - Object 'Object Repository/Login Objects /label_Password' is present

2018-05-09 12:21:27 - [TEST_STEP][PASSED] - verifyElementPresent: Object 'Object Repository/Login Objects /div_Login' is present

2018-05-09 12:21:27 - [MESSAGE][WARNING] - Timeout '0' is invalid. Using default page load timeout: '30'

2018-05-09 12:21:27 - [MESSAGE][PASSED] - Object 'Object Repository/Login Objects /div_Login' is present

2018-05-09 12:21:27 - [TEST_STEP][PASSED] - setText: Text 'hello' is set on object 'Object Repository/Login Objects /input_username'

2018-05-09 12:21:27 - [MESSAGE][PASSED] - Text 'hello' is set on object 'Object Repository/Login Objects /input_username'

2018-05-09 12:21:27 - [TEST_STEP][PASSED] - setText: Text '' is set on object 'Object Repository/Login Objects /input_password'

2018-05-09 12:21:27 - [MESSAGE][PASSED] - Text '' is set on object 'Object Repository/Login Objects /input_password'

2018-05-09 12:21:27 - [TEST_STEP][PASSED] - click: Object: 'Object Repository/Login Objects /button_Login' is clicked on

2018-05-09 12:21:27 - [MESSAGE][PASSED] - Object: 'Object Repository/Login Objects /button_Login' is clicked on

2018-05-09 12:21:27 - [TEST_STEP][PASSED] - verifyElementPresent: Object 'Object Repository/Login Objects /label_Password is required' is present

2018-05-09 12:21:27 - [MESSAGE][WARNING] - Timeout '0' is invalid. Using default page load timeout: '30'

2018-05-09 12:21:27 - [MESSAGE][PASSED] - Object 'Object Repository/Login Objects /label_Password is required' is present

2018-05-09 12:21:27 - [TEST_STEP][PASSED] - closeBrowser: Browser is closed

2018-05-09 12:21:27 - [MESSAGE][PASSED] - Browser is closed]]></system-out>
         <system-err><![CDATA[]]></system-err>
      </testcase>
      <testcase name="Test Cases/Empty username field " classname="Test Cases/Empty username field " status="PASSED">
         <system-out><![CDATA[2018-05-09 12:21:27 - [TEST_CASE][PASSED] - Test Cases/Empty username field : Test Cases/Empty username field 

2018-05-09 12:21:27 - [TEST_STEP][PASSED] - openBrowser: Browser is opened with url: ''

2018-05-09 12:21:29 - [MESSAGE][PASSED] - Browser is opened with url: ''

2018-05-09 12:21:29 - [TEST_STEP][PASSED] - navigateToUrl: Navigate to 'http://34.209.48.20:9089/' successfully

2018-05-09 12:21:37 - [MESSAGE][PASSED] - Navigate to 'http://34.209.48.20:9089/' successfully

2018-05-09 12:21:37 - [TEST_STEP][PASSED] - verifyElementPresent: Object 'Object Repository/Front Page Objects/header' is present

2018-05-09 12:21:37 - [MESSAGE][WARNING] - Timeout '0' is invalid. Using default page load timeout: '30'

2018-05-09 12:21:37 - [MESSAGE][PASSED] - Object 'Object Repository/Front Page Objects/header' is present

2018-05-09 12:21:37 - [TEST_STEP][PASSED] - verifyElementPresent: Object 'Object Repository/Front Page Objects/p_header_description' is present

2018-05-09 12:21:37 - [MESSAGE][WARNING] - Timeout '0' is invalid. Using default page load timeout: '30'

2018-05-09 12:21:37 - [MESSAGE][PASSED] - Object 'Object Repository/Front Page Objects/p_header_description' is present

2018-05-09 12:21:37 - [TEST_STEP][PASSED] - verifyElementPresent: Object 'Object Repository/Front Page Objects/h2_Login' is present

2018-05-09 12:21:37 - [MESSAGE][WARNING] - Timeout '0' is invalid. Using default page load timeout: '30'

2018-05-09 12:21:37 - [MESSAGE][PASSED] - Object 'Object Repository/Front Page Objects/h2_Login' is present

2018-05-09 12:21:37 - [TEST_STEP][PASSED] - verifyElementPresent: Object 'Object Repository/Login Objects /label_Username' is present

2018-05-09 12:21:37 - [MESSAGE][WARNING] - Timeout '0' is invalid. Using default page load timeout: '30'

2018-05-09 12:21:37 - [MESSAGE][PASSED] - Object 'Object Repository/Login Objects /label_Username' is present

2018-05-09 12:21:37 - [TEST_STEP][PASSED] - verifyElementPresent: Object 'Object Repository/Login Objects /label_Password' is present

2018-05-09 12:21:37 - [MESSAGE][WARNING] - Timeout '0' is invalid. Using default page load timeout: '30'

2018-05-09 12:21:37 - [MESSAGE][PASSED] - Object 'Object Repository/Login Objects /label_Password' is present

2018-05-09 12:21:37 - [TEST_STEP][PASSED] - verifyElementPresent: Object 'Object Repository/Login Objects /div_Login' is present

2018-05-09 12:21:37 - [MESSAGE][WARNING] - Timeout '0' is invalid. Using default page load timeout: '30'

2018-05-09 12:21:37 - [MESSAGE][PASSED] - Object 'Object Repository/Login Objects /div_Login' is present

2018-05-09 12:21:37 - [TEST_STEP][NOT_RUN] - setText: NOT_RUN: setText

2018-05-09 12:21:37 - [MESSAGE][NOT_RUN] - NOT_RUN: setText

2018-05-09 12:21:37 - [TEST_STEP][PASSED] - setText: Text 'admin' is set on object 'Object Repository/Login Objects /input_password'

2018-05-09 12:21:37 - [MESSAGE][PASSED] - Text 'admin' is set on object 'Object Repository/Login Objects /input_password'

2018-05-09 12:21:37 - [TEST_STEP][PASSED] - click: Object: 'Object Repository/Login Objects /button_Login_2' is clicked on

2018-05-09 12:21:38 - [MESSAGE][PASSED] - Object: 'Object Repository/Login Objects /button_Login_2' is clicked on

2018-05-09 12:21:38 - [TEST_STEP][PASSED] - verifyElementPresent: Object 'Object Repository/Login Objects /label_Username is required' is present

2018-05-09 12:21:38 - [MESSAGE][WARNING] - Timeout '0' is invalid. Using default page load timeout: '30'

2018-05-09 12:21:38 - [MESSAGE][PASSED] - Object 'Object Repository/Login Objects /label_Username is required' is present

2018-05-09 12:21:38 - [TEST_STEP][PASSED] - closeBrowser: Browser is closed

2018-05-09 12:21:38 - [MESSAGE][PASSED] - Browser is closed]]></system-out>
         <system-err><![CDATA[]]></system-err>
      </testcase>
      <testcase name="Test Cases/Empty username field " classname="Test Cases/Empty username field " status="PASSED">
         <system-out><![CDATA[2018-05-09 12:21:38 - [TEST_CASE][PASSED] - Test Cases/Empty username field : Test Cases/Empty username field 

2018-05-09 12:21:38 - [TEST_STEP][PASSED] - openBrowser: Browser is opened with url: ''

2018-05-09 12:21:39 - [MESSAGE][PASSED] - Browser is opened with url: ''

2018-05-09 12:21:39 - [TEST_STEP][PASSED] - navigateToUrl: Navigate to 'http://34.209.48.20:9089/' successfully

2018-05-09 12:21:48 - [MESSAGE][PASSED] - Navigate to 'http://34.209.48.20:9089/' successfully

2018-05-09 12:21:48 - [TEST_STEP][PASSED] - verifyElementPresent: Object 'Object Repository/Front Page Objects/header' is present

2018-05-09 12:21:48 - [MESSAGE][WARNING] - Timeout '0' is invalid. Using default page load timeout: '30'

2018-05-09 12:21:48 - [MESSAGE][PASSED] - Object 'Object Repository/Front Page Objects/header' is present

2018-05-09 12:21:48 - [TEST_STEP][PASSED] - verifyElementPresent: Object 'Object Repository/Front Page Objects/p_header_description' is present

2018-05-09 12:21:48 - [MESSAGE][WARNING] - Timeout '0' is invalid. Using default page load timeout: '30'

2018-05-09 12:21:48 - [MESSAGE][PASSED] - Object 'Object Repository/Front Page Objects/p_header_description' is present

2018-05-09 12:21:48 - [TEST_STEP][PASSED] - verifyElementPresent: Object 'Object Repository/Front Page Objects/h2_Login' is present

2018-05-09 12:21:48 - [MESSAGE][WARNING] - Timeout '0' is invalid. Using default page load timeout: '30'

2018-05-09 12:21:48 - [MESSAGE][PASSED] - Object 'Object Repository/Front Page Objects/h2_Login' is present

2018-05-09 12:21:48 - [TEST_STEP][PASSED] - verifyElementPresent: Object 'Object Repository/Login Objects /label_Username' is present

2018-05-09 12:21:48 - [MESSAGE][WARNING] - Timeout '0' is invalid. Using default page load timeout: '30'

2018-05-09 12:21:48 - [MESSAGE][PASSED] - Object 'Object Repository/Login Objects /label_Username' is present

2018-05-09 12:21:48 - [TEST_STEP][PASSED] - verifyElementPresent: Object 'Object Repository/Login Objects /label_Password' is present

2018-05-09 12:21:48 - [MESSAGE][WARNING] - Timeout '0' is invalid. Using default page load timeout: '30'

2018-05-09 12:21:48 - [MESSAGE][PASSED] - Object 'Object Repository/Login Objects /label_Password' is present

2018-05-09 12:21:48 - [TEST_STEP][PASSED] - verifyElementPresent: Object 'Object Repository/Login Objects /div_Login' is present

2018-05-09 12:21:48 - [MESSAGE][WARNING] - Timeout '0' is invalid. Using default page load timeout: '30'

2018-05-09 12:21:48 - [MESSAGE][PASSED] - Object 'Object Repository/Login Objects /div_Login' is present

2018-05-09 12:21:48 - [TEST_STEP][NOT_RUN] - setText: NOT_RUN: setText

2018-05-09 12:21:48 - [MESSAGE][NOT_RUN] - NOT_RUN: setText

2018-05-09 12:21:48 - [TEST_STEP][PASSED] - setText: Text 'user' is set on object 'Object Repository/Login Objects /input_password'

2018-05-09 12:21:49 - [MESSAGE][PASSED] - Text 'user' is set on object 'Object Repository/Login Objects /input_password'

2018-05-09 12:21:49 - [TEST_STEP][PASSED] - click: Object: 'Object Repository/Login Objects /button_Login_2' is clicked on

2018-05-09 12:21:49 - [MESSAGE][PASSED] - Object: 'Object Repository/Login Objects /button_Login_2' is clicked on

2018-05-09 12:21:49 - [TEST_STEP][PASSED] - verifyElementPresent: Object 'Object Repository/Login Objects /label_Username is required' is present

2018-05-09 12:21:49 - [MESSAGE][WARNING] - Timeout '0' is invalid. Using default page load timeout: '30'

2018-05-09 12:21:49 - [MESSAGE][PASSED] - Object 'Object Repository/Login Objects /label_Username is required' is present

2018-05-09 12:21:49 - [TEST_STEP][PASSED] - closeBrowser: Browser is closed

2018-05-09 12:21:49 - [MESSAGE][PASSED] - Browser is closed]]></system-out>
         <system-err><![CDATA[]]></system-err>
      </testcase>
      <testcase name="Test Cases/Empty username field " classname="Test Cases/Empty username field " status="PASSED">
         <system-out><![CDATA[2018-05-09 12:21:49 - [TEST_CASE][PASSED] - Test Cases/Empty username field : Test Cases/Empty username field 

2018-05-09 12:21:49 - [TEST_STEP][PASSED] - openBrowser: Browser is opened with url: ''

2018-05-09 12:21:50 - [MESSAGE][PASSED] - Browser is opened with url: ''

2018-05-09 12:21:50 - [TEST_STEP][PASSED] - navigateToUrl: Navigate to 'http://34.209.48.20:9089/' successfully

2018-05-09 12:22:01 - [MESSAGE][PASSED] - Navigate to 'http://34.209.48.20:9089/' successfully

2018-05-09 12:22:01 - [TEST_STEP][PASSED] - verifyElementPresent: Object 'Object Repository/Front Page Objects/header' is present

2018-05-09 12:22:01 - [MESSAGE][WARNING] - Timeout '0' is invalid. Using default page load timeout: '30'

2018-05-09 12:22:01 - [MESSAGE][PASSED] - Object 'Object Repository/Front Page Objects/header' is present

2018-05-09 12:22:01 - [TEST_STEP][PASSED] - verifyElementPresent: Object 'Object Repository/Front Page Objects/p_header_description' is present

2018-05-09 12:22:01 - [MESSAGE][WARNING] - Timeout '0' is invalid. Using default page load timeout: '30'

2018-05-09 12:22:01 - [MESSAGE][PASSED] - Object 'Object Repository/Front Page Objects/p_header_description' is present

2018-05-09 12:22:01 - [TEST_STEP][PASSED] - verifyElementPresent: Object 'Object Repository/Front Page Objects/h2_Login' is present

2018-05-09 12:22:01 - [MESSAGE][WARNING] - Timeout '0' is invalid. Using default page load timeout: '30'

2018-05-09 12:22:01 - [MESSAGE][PASSED] - Object 'Object Repository/Front Page Objects/h2_Login' is present

2018-05-09 12:22:01 - [TEST_STEP][PASSED] - verifyElementPresent: Object 'Object Repository/Login Objects /label_Username' is present

2018-05-09 12:22:01 - [MESSAGE][WARNING] - Timeout '0' is invalid. Using default page load timeout: '30'

2018-05-09 12:22:01 - [MESSAGE][PASSED] - Object 'Object Repository/Login Objects /label_Username' is present

2018-05-09 12:22:01 - [TEST_STEP][PASSED] - verifyElementPresent: Object 'Object Repository/Login Objects /label_Password' is present

2018-05-09 12:22:01 - [MESSAGE][WARNING] - Timeout '0' is invalid. Using default page load timeout: '30'

2018-05-09 12:22:01 - [MESSAGE][PASSED] - Object 'Object Repository/Login Objects /label_Password' is present

2018-05-09 12:22:01 - [TEST_STEP][PASSED] - verifyElementPresent: Object 'Object Repository/Login Objects /div_Login' is present

2018-05-09 12:22:01 - [MESSAGE][WARNING] - Timeout '0' is invalid. Using default page load timeout: '30'

2018-05-09 12:22:01 - [MESSAGE][PASSED] - Object 'Object Repository/Login Objects /div_Login' is present

2018-05-09 12:22:01 - [TEST_STEP][NOT_RUN] - setText: NOT_RUN: setText

2018-05-09 12:22:01 - [MESSAGE][NOT_RUN] - NOT_RUN: setText

2018-05-09 12:22:01 - [TEST_STEP][PASSED] - setText: Text 'hello' is set on object 'Object Repository/Login Objects /input_password'

2018-05-09 12:22:01 - [MESSAGE][PASSED] - Text 'hello' is set on object 'Object Repository/Login Objects /input_password'

2018-05-09 12:22:01 - [TEST_STEP][PASSED] - click: Object: 'Object Repository/Login Objects /button_Login_2' is clicked on

2018-05-09 12:22:01 - [MESSAGE][PASSED] - Object: 'Object Repository/Login Objects /button_Login_2' is clicked on

2018-05-09 12:22:01 - [TEST_STEP][PASSED] - verifyElementPresent: Object 'Object Repository/Login Objects /label_Username is required' is present

2018-05-09 12:22:01 - [MESSAGE][WARNING] - Timeout '0' is invalid. Using default page load timeout: '30'

2018-05-09 12:22:02 - [MESSAGE][PASSED] - Object 'Object Repository/Login Objects /label_Username is required' is present

2018-05-09 12:22:02 - [TEST_STEP][PASSED] - closeBrowser: Browser is closed

2018-05-09 12:22:02 - [MESSAGE][PASSED] - Browser is closed]]></system-out>
         <system-err><![CDATA[]]></system-err>
      </testcase>
      <testcase name="Test Cases/User change item quantity " classname="Test Cases/User change item quantity " status="PASSED">
         <system-out><![CDATA[2018-05-09 12:22:02 - [TEST_CASE][PASSED] - Test Cases/User change item quantity : Test Cases/User change item quantity 

2018-05-09 12:22:02 - [TEST_STEP][PASSED] - openBrowser: Browser is opened with url: ''

2018-05-09 12:22:03 - [MESSAGE][PASSED] - Browser is opened with url: ''

2018-05-09 12:22:03 - [TEST_STEP][PASSED] - navigateToUrl: Navigate to 'http://34.209.48.20:9089/' successfully

2018-05-09 12:22:11 - [MESSAGE][PASSED] - Navigate to 'http://34.209.48.20:9089/' successfully

2018-05-09 12:22:11 - [TEST_STEP][PASSED] - verifyElementPresent: Object 'Object Repository/Front Page Objects/header' is present

2018-05-09 12:22:11 - [MESSAGE][WARNING] - Timeout '0' is invalid. Using default page load timeout: '30'

2018-05-09 12:22:11 - [MESSAGE][PASSED] - Object 'Object Repository/Front Page Objects/header' is present

2018-05-09 12:22:11 - [TEST_STEP][PASSED] - verifyElementPresent: Object 'Object Repository/Front Page Objects/p_header_description' is present

2018-05-09 12:22:11 - [MESSAGE][WARNING] - Timeout '0' is invalid. Using default page load timeout: '30'

2018-05-09 12:22:11 - [MESSAGE][PASSED] - Object 'Object Repository/Front Page Objects/p_header_description' is present

2018-05-09 12:22:11 - [TEST_STEP][PASSED] - verifyElementPresent: Object 'Object Repository/Front Page Objects/h2_Login' is present

2018-05-09 12:22:11 - [MESSAGE][WARNING] - Timeout '0' is invalid. Using default page load timeout: '30'

2018-05-09 12:22:11 - [MESSAGE][PASSED] - Object 'Object Repository/Front Page Objects/h2_Login' is present

2018-05-09 12:22:11 - [TEST_STEP][PASSED] - verifyElementPresent: Object 'Object Repository/Login Objects /label_Username' is present

2018-05-09 12:22:11 - [MESSAGE][WARNING] - Timeout '0' is invalid. Using default page load timeout: '30'

2018-05-09 12:22:11 - [MESSAGE][PASSED] - Object 'Object Repository/Login Objects /label_Username' is present

2018-05-09 12:22:11 - [TEST_STEP][PASSED] - verifyElementPresent: Object 'Object Repository/Login Objects /label_Password' is present

2018-05-09 12:22:11 - [MESSAGE][WARNING] - Timeout '0' is invalid. Using default page load timeout: '30'

2018-05-09 12:22:11 - [MESSAGE][PASSED] - Object 'Object Repository/Login Objects /label_Password' is present

2018-05-09 12:22:11 - [TEST_STEP][PASSED] - verifyElementPresent: Object 'Object Repository/Login Objects /div_Login' is present

2018-05-09 12:22:11 - [MESSAGE][WARNING] - Timeout '0' is invalid. Using default page load timeout: '30'

2018-05-09 12:22:11 - [MESSAGE][PASSED] - Object 'Object Repository/Login Objects /div_Login' is present

2018-05-09 12:22:11 - [TEST_STEP][PASSED] - setText: Text 'user' is set on object 'Object Repository/Login Objects /input_username'

2018-05-09 12:22:12 - [MESSAGE][PASSED] - Text 'user' is set on object 'Object Repository/Login Objects /input_username'

2018-05-09 12:22:12 - [TEST_STEP][PASSED] - setText: Text 'user' is set on object 'Object Repository/Login Objects /input_password'

2018-05-09 12:22:12 - [MESSAGE][PASSED] - Text 'user' is set on object 'Object Repository/Login Objects /input_password'

2018-05-09 12:22:12 - [TEST_STEP][PASSED] - click: Object: 'Object Repository/Login Objects /button_Login' is clicked on

2018-05-09 12:22:12 - [MESSAGE][PASSED] - Object: 'Object Repository/Login Objects /button_Login' is clicked on

2018-05-09 12:22:12 - [TEST_STEP][PASSED] - verifyElementPresent: Object 'Object Repository/Front Page Objects/div_add to cart' is present

2018-05-09 12:22:12 - [MESSAGE][WARNING] - Timeout '0' is invalid. Using default page load timeout: '30'

2018-05-09 12:22:13 - [MESSAGE][PASSED] - Object 'Object Repository/Front Page Objects/div_add to cart' is present

2018-05-09 12:22:13 - [TEST_STEP][PASSED] - verifyElementPresent: Object 'Object Repository/h5_Garden' is present

2018-05-09 12:22:13 - [MESSAGE][WARNING] - Timeout '0' is invalid. Using default page load timeout: '30'

2018-05-09 12:22:13 - [MESSAGE][PASSED] - Object 'Object Repository/h5_Garden' is present

2018-05-09 12:22:13 - [TEST_STEP][PASSED] - verifyElementPresent: Object 'Object Repository/div_add to cart' is present

2018-05-09 12:22:13 - [MESSAGE][WARNING] - Timeout '0' is invalid. Using default page load timeout: '30'

2018-05-09 12:22:13 - [MESSAGE][PASSED] - Object 'Object Repository/div_add to cart' is present

2018-05-09 12:22:13 - [TEST_STEP][PASSED] - click: Object: 'Object Repository/button_add to cart' is clicked on

2018-05-09 12:22:14 - [MESSAGE][PASSED] - Object: 'Object Repository/button_add to cart' is clicked on

2018-05-09 12:22:14 - [TEST_STEP][PASSED] - verifyElementPresent: Object 'Object Repository/div_already added' is present

2018-05-09 12:22:14 - [MESSAGE][WARNING] - Timeout '0' is invalid. Using default page load timeout: '30'

2018-05-09 12:22:14 - [MESSAGE][PASSED] - Object 'Object Repository/div_already added' is present

2018-05-09 12:22:14 - [TEST_STEP][PASSED] - verifyElementPresent: Object 'Object Repository/h5_Banana' is present

2018-05-09 12:22:14 - [MESSAGE][WARNING] - Timeout '0' is invalid. Using default page load timeout: '30'

2018-05-09 12:22:14 - [MESSAGE][PASSED] - Object 'Object Repository/h5_Banana' is present

2018-05-09 12:22:14 - [TEST_STEP][PASSED] - verifyElementPresent: Object 'Object Repository/div_add to cart' is present

2018-05-09 12:22:14 - [MESSAGE][WARNING] - Timeout '0' is invalid. Using default page load timeout: '30'

2018-05-09 12:22:14 - [MESSAGE][PASSED] - Object 'Object Repository/div_add to cart' is present

2018-05-09 12:22:14 - [TEST_STEP][PASSED] - click: Object: 'Object Repository/button_add to cart' is clicked on

2018-05-09 12:22:14 - [MESSAGE][PASSED] - Object: 'Object Repository/button_add to cart' is clicked on

2018-05-09 12:22:14 - [TEST_STEP][PASSED] - verifyElementPresent: Object 'Object Repository/div_already added' is present

2018-05-09 12:22:14 - [MESSAGE][WARNING] - Timeout '0' is invalid. Using default page load timeout: '30'

2018-05-09 12:22:14 - [MESSAGE][PASSED] - Object 'Object Repository/div_already added' is present

2018-05-09 12:22:14 - [TEST_STEP][PASSED] - verifyElementPresent: Object 'Object Repository/div_Products' is present

2018-05-09 12:22:14 - [MESSAGE][WARNING] - Timeout '0' is invalid. Using default page load timeout: '30'

2018-05-09 12:22:14 - [MESSAGE][PASSED] - Object 'Object Repository/div_Products' is present

2018-05-09 12:22:14 - [TEST_STEP][PASSED] - click: Object: 'Object Repository/a_Carts            2' is clicked on

2018-05-09 12:22:14 - [MESSAGE][PASSED] - Object: 'Object Repository/a_Carts            2' is clicked on

2018-05-09 12:22:14 - [TEST_STEP][PASSED] - verifyElementPresent: Object 'Object Repository/div_Shopping Cart' is present

2018-05-09 12:22:14 - [MESSAGE][WARNING] - Timeout '0' is invalid. Using default page load timeout: '30'

2018-05-09 12:22:14 - [MESSAGE][PASSED] - Object 'Object Repository/div_Shopping Cart' is present

2018-05-09 12:22:14 - [TEST_STEP][PASSED] - verifyElementPresent: Object 'Object Repository/td_Garden' is present

2018-05-09 12:22:14 - [MESSAGE][WARNING] - Timeout '0' is invalid. Using default page load timeout: '30'

2018-05-09 12:22:14 - [MESSAGE][PASSED] - Object 'Object Repository/td_Garden' is present

2018-05-09 12:22:14 - [TEST_STEP][PASSED] - verifyElementPresent: Object 'Object Repository/td_20000 THB' is present

2018-05-09 12:22:14 - [MESSAGE][WARNING] - Timeout '0' is invalid. Using default page load timeout: '30'

2018-05-09 12:22:14 - [MESSAGE][PASSED] - Object 'Object Repository/td_20000 THB' is present

2018-05-09 12:22:14 - [TEST_STEP][PASSED] - verifyElementPresent: Object 'Object Repository/div_col-4 center-block' is present

2018-05-09 12:22:14 - [MESSAGE][WARNING] - Timeout '0' is invalid. Using default page load timeout: '30'

2018-05-09 12:22:14 - [MESSAGE][PASSED] - Object 'Object Repository/div_col-4 center-block' is present

2018-05-09 12:22:14 - [TEST_STEP][PASSED] - verifyElementPresent: Object 'Object Repository/td_Banana' is present

2018-05-09 12:22:14 - [MESSAGE][WARNING] - Timeout '0' is invalid. Using default page load timeout: '30'

2018-05-09 12:22:14 - [MESSAGE][PASSED] - Object 'Object Repository/td_Banana' is present

2018-05-09 12:22:14 - [TEST_STEP][PASSED] - verifyElementPresent: Object 'Object Repository/td_150 THB' is present

2018-05-09 12:22:14 - [MESSAGE][WARNING] - Timeout '0' is invalid. Using default page load timeout: '30'

2018-05-09 12:22:14 - [MESSAGE][PASSED] - Object 'Object Repository/td_150 THB' is present

2018-05-09 12:22:14 - [TEST_STEP][PASSED] - verifyElementPresent: Object 'Object Repository/div_col-4 center-block_1' is present

2018-05-09 12:22:14 - [MESSAGE][WARNING] - Timeout '0' is invalid. Using default page load timeout: '30'

2018-05-09 12:22:14 - [MESSAGE][PASSED] - Object 'Object Repository/div_col-4 center-block_1' is present

2018-05-09 12:22:14 - [TEST_STEP][PASSED] - verifyElementPresent: Object 'Object Repository/p_Total price  20150 THB' is present

2018-05-09 12:22:14 - [MESSAGE][WARNING] - Timeout '0' is invalid. Using default page load timeout: '30'

2018-05-09 12:22:14 - [MESSAGE][PASSED] - Object 'Object Repository/p_Total price  20150 THB' is present

2018-05-09 12:22:14 - [TEST_STEP][PASSED] - setText: Text '2' is set on object 'Object Repository/input_amount'

2018-05-09 12:22:14 - [MESSAGE][PASSED] - Text '2' is set on object 'Object Repository/input_amount'

2018-05-09 12:22:14 - [TEST_STEP][PASSED] - verifyElementPresent: Object 'Object Repository/div_Total price  40150 THB' is present

2018-05-09 12:22:14 - [MESSAGE][WARNING] - Timeout '0' is invalid. Using default page load timeout: '30'

2018-05-09 12:22:14 - [MESSAGE][PASSED] - Object 'Object Repository/div_Total price  40150 THB' is present

2018-05-09 12:22:14 - [TEST_STEP][PASSED] - closeBrowser: Browser is closed

2018-05-09 12:22:14 - [MESSAGE][PASSED] - Browser is closed]]></system-out>
         <system-err><![CDATA[]]></system-err>
      </testcase>
      <testcase name="Test Cases/User change item quantity " classname="Test Cases/User change item quantity " status="PASSED">
         <system-out><![CDATA[2018-05-09 12:22:14 - [TEST_CASE][PASSED] - Test Cases/User change item quantity : Test Cases/User change item quantity 

2018-05-09 12:22:14 - [TEST_STEP][PASSED] - openBrowser: Browser is opened with url: ''

2018-05-09 12:22:16 - [MESSAGE][PASSED] - Browser is opened with url: ''

2018-05-09 12:22:16 - [TEST_STEP][PASSED] - navigateToUrl: Navigate to 'http://34.209.48.20:9089/' successfully

2018-05-09 12:22:25 - [MESSAGE][PASSED] - Navigate to 'http://34.209.48.20:9089/' successfully

2018-05-09 12:22:25 - [TEST_STEP][PASSED] - verifyElementPresent: Object 'Object Repository/Front Page Objects/header' is present

2018-05-09 12:22:25 - [MESSAGE][WARNING] - Timeout '0' is invalid. Using default page load timeout: '30'

2018-05-09 12:22:25 - [MESSAGE][PASSED] - Object 'Object Repository/Front Page Objects/header' is present

2018-05-09 12:22:25 - [TEST_STEP][PASSED] - verifyElementPresent: Object 'Object Repository/Front Page Objects/p_header_description' is present

2018-05-09 12:22:25 - [MESSAGE][WARNING] - Timeout '0' is invalid. Using default page load timeout: '30'

2018-05-09 12:22:25 - [MESSAGE][PASSED] - Object 'Object Repository/Front Page Objects/p_header_description' is present

2018-05-09 12:22:25 - [TEST_STEP][PASSED] - verifyElementPresent: Object 'Object Repository/Front Page Objects/h2_Login' is present

2018-05-09 12:22:25 - [MESSAGE][WARNING] - Timeout '0' is invalid. Using default page load timeout: '30'

2018-05-09 12:22:25 - [MESSAGE][PASSED] - Object 'Object Repository/Front Page Objects/h2_Login' is present

2018-05-09 12:22:25 - [TEST_STEP][PASSED] - verifyElementPresent: Object 'Object Repository/Login Objects /label_Username' is present

2018-05-09 12:22:25 - [MESSAGE][WARNING] - Timeout '0' is invalid. Using default page load timeout: '30'

2018-05-09 12:22:25 - [MESSAGE][PASSED] - Object 'Object Repository/Login Objects /label_Username' is present

2018-05-09 12:22:25 - [TEST_STEP][PASSED] - verifyElementPresent: Object 'Object Repository/Login Objects /label_Password' is present

2018-05-09 12:22:25 - [MESSAGE][WARNING] - Timeout '0' is invalid. Using default page load timeout: '30'

2018-05-09 12:22:25 - [MESSAGE][PASSED] - Object 'Object Repository/Login Objects /label_Password' is present

2018-05-09 12:22:25 - [TEST_STEP][PASSED] - verifyElementPresent: Object 'Object Repository/Login Objects /div_Login' is present

2018-05-09 12:22:25 - [MESSAGE][WARNING] - Timeout '0' is invalid. Using default page load timeout: '30'

2018-05-09 12:22:25 - [MESSAGE][PASSED] - Object 'Object Repository/Login Objects /div_Login' is present

2018-05-09 12:22:25 - [TEST_STEP][PASSED] - setText: Text 'hello' is set on object 'Object Repository/Login Objects /input_username'

2018-05-09 12:22:26 - [MESSAGE][PASSED] - Text 'hello' is set on object 'Object Repository/Login Objects /input_username'

2018-05-09 12:22:26 - [TEST_STEP][PASSED] - setText: Text 'hello' is set on object 'Object Repository/Login Objects /input_password'

2018-05-09 12:22:26 - [MESSAGE][PASSED] - Text 'hello' is set on object 'Object Repository/Login Objects /input_password'

2018-05-09 12:22:26 - [TEST_STEP][PASSED] - click: Object: 'Object Repository/Login Objects /button_Login' is clicked on

2018-05-09 12:22:26 - [MESSAGE][PASSED] - Object: 'Object Repository/Login Objects /button_Login' is clicked on

2018-05-09 12:22:26 - [TEST_STEP][PASSED] - verifyElementPresent: Object 'Object Repository/Front Page Objects/div_add to cart' is present

2018-05-09 12:22:26 - [MESSAGE][WARNING] - Timeout '0' is invalid. Using default page load timeout: '30'

2018-05-09 12:22:28 - [MESSAGE][PASSED] - Object 'Object Repository/Front Page Objects/div_add to cart' is present

2018-05-09 12:22:28 - [TEST_STEP][PASSED] - verifyElementPresent: Object 'Object Repository/h5_Garden' is present

2018-05-09 12:22:28 - [MESSAGE][WARNING] - Timeout '0' is invalid. Using default page load timeout: '30'

2018-05-09 12:22:28 - [MESSAGE][PASSED] - Object 'Object Repository/h5_Garden' is present

2018-05-09 12:22:28 - [TEST_STEP][PASSED] - verifyElementPresent: Object 'Object Repository/div_add to cart' is present

2018-05-09 12:22:28 - [MESSAGE][WARNING] - Timeout '0' is invalid. Using default page load timeout: '30'

2018-05-09 12:22:28 - [MESSAGE][PASSED] - Object 'Object Repository/div_add to cart' is present

2018-05-09 12:22:28 - [TEST_STEP][PASSED] - click: Object: 'Object Repository/button_add to cart' is clicked on

2018-05-09 12:22:28 - [MESSAGE][PASSED] - Object: 'Object Repository/button_add to cart' is clicked on

2018-05-09 12:22:28 - [TEST_STEP][PASSED] - verifyElementPresent: Object 'Object Repository/div_already added' is present

2018-05-09 12:22:28 - [MESSAGE][WARNING] - Timeout '0' is invalid. Using default page load timeout: '30'

2018-05-09 12:22:28 - [MESSAGE][PASSED] - Object 'Object Repository/div_already added' is present

2018-05-09 12:22:28 - [TEST_STEP][PASSED] - verifyElementPresent: Object 'Object Repository/h5_Banana' is present

2018-05-09 12:22:28 - [MESSAGE][WARNING] - Timeout '0' is invalid. Using default page load timeout: '30'

2018-05-09 12:22:28 - [MESSAGE][PASSED] - Object 'Object Repository/h5_Banana' is present

2018-05-09 12:22:28 - [TEST_STEP][PASSED] - verifyElementPresent: Object 'Object Repository/div_add to cart' is present

2018-05-09 12:22:28 - [MESSAGE][WARNING] - Timeout '0' is invalid. Using default page load timeout: '30'

2018-05-09 12:22:28 - [MESSAGE][PASSED] - Object 'Object Repository/div_add to cart' is present

2018-05-09 12:22:28 - [TEST_STEP][PASSED] - click: Object: 'Object Repository/button_add to cart' is clicked on

2018-05-09 12:22:28 - [MESSAGE][PASSED] - Object: 'Object Repository/button_add to cart' is clicked on

2018-05-09 12:22:28 - [TEST_STEP][PASSED] - verifyElementPresent: Object 'Object Repository/div_already added' is present

2018-05-09 12:22:28 - [MESSAGE][WARNING] - Timeout '0' is invalid. Using default page load timeout: '30'

2018-05-09 12:22:28 - [MESSAGE][PASSED] - Object 'Object Repository/div_already added' is present

2018-05-09 12:22:28 - [TEST_STEP][PASSED] - verifyElementPresent: Object 'Object Repository/div_Products' is present

2018-05-09 12:22:28 - [MESSAGE][WARNING] - Timeout '0' is invalid. Using default page load timeout: '30'

2018-05-09 12:22:28 - [MESSAGE][PASSED] - Object 'Object Repository/div_Products' is present

2018-05-09 12:22:28 - [TEST_STEP][PASSED] - click: Object: 'Object Repository/a_Carts            2' is clicked on

2018-05-09 12:22:28 - [MESSAGE][PASSED] - Object: 'Object Repository/a_Carts            2' is clicked on

2018-05-09 12:22:28 - [TEST_STEP][PASSED] - verifyElementPresent: Object 'Object Repository/div_Shopping Cart' is present

2018-05-09 12:22:28 - [MESSAGE][WARNING] - Timeout '0' is invalid. Using default page load timeout: '30'

2018-05-09 12:22:28 - [MESSAGE][PASSED] - Object 'Object Repository/div_Shopping Cart' is present

2018-05-09 12:22:28 - [TEST_STEP][PASSED] - verifyElementPresent: Object 'Object Repository/td_Garden' is present

2018-05-09 12:22:28 - [MESSAGE][WARNING] - Timeout '0' is invalid. Using default page load timeout: '30'

2018-05-09 12:22:28 - [MESSAGE][PASSED] - Object 'Object Repository/td_Garden' is present

2018-05-09 12:22:28 - [TEST_STEP][PASSED] - verifyElementPresent: Object 'Object Repository/td_20000 THB' is present

2018-05-09 12:22:28 - [MESSAGE][WARNING] - Timeout '0' is invalid. Using default page load timeout: '30'

2018-05-09 12:22:28 - [MESSAGE][PASSED] - Object 'Object Repository/td_20000 THB' is present

2018-05-09 12:22:28 - [TEST_STEP][PASSED] - verifyElementPresent: Object 'Object Repository/div_col-4 center-block' is present

2018-05-09 12:22:28 - [MESSAGE][WARNING] - Timeout '0' is invalid. Using default page load timeout: '30'

2018-05-09 12:22:28 - [MESSAGE][PASSED] - Object 'Object Repository/div_col-4 center-block' is present

2018-05-09 12:22:28 - [TEST_STEP][PASSED] - verifyElementPresent: Object 'Object Repository/td_Banana' is present

2018-05-09 12:22:28 - [MESSAGE][WARNING] - Timeout '0' is invalid. Using default page load timeout: '30'

2018-05-09 12:22:28 - [MESSAGE][PASSED] - Object 'Object Repository/td_Banana' is present

2018-05-09 12:22:28 - [TEST_STEP][PASSED] - verifyElementPresent: Object 'Object Repository/td_150 THB' is present

2018-05-09 12:22:28 - [MESSAGE][WARNING] - Timeout '0' is invalid. Using default page load timeout: '30'

2018-05-09 12:22:28 - [MESSAGE][PASSED] - Object 'Object Repository/td_150 THB' is present

2018-05-09 12:22:28 - [TEST_STEP][PASSED] - verifyElementPresent: Object 'Object Repository/div_col-4 center-block_1' is present

2018-05-09 12:22:28 - [MESSAGE][WARNING] - Timeout '0' is invalid. Using default page load timeout: '30'

2018-05-09 12:22:28 - [MESSAGE][PASSED] - Object 'Object Repository/div_col-4 center-block_1' is present

2018-05-09 12:22:28 - [TEST_STEP][PASSED] - verifyElementPresent: Object 'Object Repository/p_Total price  20150 THB' is present

2018-05-09 12:22:28 - [MESSAGE][WARNING] - Timeout '0' is invalid. Using default page load timeout: '30'

2018-05-09 12:22:28 - [MESSAGE][PASSED] - Object 'Object Repository/p_Total price  20150 THB' is present

2018-05-09 12:22:28 - [TEST_STEP][PASSED] - setText: Text '2' is set on object 'Object Repository/input_amount'

2018-05-09 12:22:29 - [MESSAGE][PASSED] - Text '2' is set on object 'Object Repository/input_amount'

2018-05-09 12:22:29 - [TEST_STEP][PASSED] - verifyElementPresent: Object 'Object Repository/div_Total price  40150 THB' is present

2018-05-09 12:22:29 - [MESSAGE][WARNING] - Timeout '0' is invalid. Using default page load timeout: '30'

2018-05-09 12:22:29 - [MESSAGE][PASSED] - Object 'Object Repository/div_Total price  40150 THB' is present

2018-05-09 12:22:29 - [TEST_STEP][PASSED] - closeBrowser: Browser is closed

2018-05-09 12:22:29 - [MESSAGE][PASSED] - Browser is closed]]></system-out>
         <system-err><![CDATA[]]></system-err>
      </testcase>
      <testcase name="Test Cases/User add products" classname="Test Cases/User add products" status="PASSED">
         <system-out><![CDATA[2018-05-09 12:22:29 - [TEST_CASE][PASSED] - Test Cases/User add products: Test Cases/User add products

2018-05-09 12:22:29 - [TEST_STEP][PASSED] - openBrowser: Browser is opened with url: ''

2018-05-09 12:22:30 - [MESSAGE][PASSED] - Browser is opened with url: ''

2018-05-09 12:22:30 - [TEST_STEP][PASSED] - navigateToUrl: Navigate to 'http://34.209.48.20:9089/' successfully

2018-05-09 12:22:40 - [MESSAGE][PASSED] - Navigate to 'http://34.209.48.20:9089/' successfully

2018-05-09 12:22:40 - [TEST_STEP][PASSED] - verifyElementPresent: Object 'Object Repository/Front Page Objects/header' is present

2018-05-09 12:22:40 - [MESSAGE][WARNING] - Timeout '0' is invalid. Using default page load timeout: '30'

2018-05-09 12:22:40 - [MESSAGE][PASSED] - Object 'Object Repository/Front Page Objects/header' is present

2018-05-09 12:22:40 - [TEST_STEP][PASSED] - verifyElementPresent: Object 'Object Repository/Front Page Objects/p_header_description' is present

2018-05-09 12:22:40 - [MESSAGE][WARNING] - Timeout '0' is invalid. Using default page load timeout: '30'

2018-05-09 12:22:40 - [MESSAGE][PASSED] - Object 'Object Repository/Front Page Objects/p_header_description' is present

2018-05-09 12:22:40 - [TEST_STEP][PASSED] - verifyElementPresent: Object 'Object Repository/Front Page Objects/h2_Login' is present

2018-05-09 12:22:41 - [MESSAGE][WARNING] - Timeout '0' is invalid. Using default page load timeout: '30'

2018-05-09 12:22:41 - [MESSAGE][PASSED] - Object 'Object Repository/Front Page Objects/h2_Login' is present

2018-05-09 12:22:41 - [TEST_STEP][PASSED] - verifyElementPresent: Object 'Object Repository/Login Objects /label_Username' is present

2018-05-09 12:22:41 - [MESSAGE][WARNING] - Timeout '0' is invalid. Using default page load timeout: '30'

2018-05-09 12:22:41 - [MESSAGE][PASSED] - Object 'Object Repository/Login Objects /label_Username' is present

2018-05-09 12:22:41 - [TEST_STEP][PASSED] - verifyElementPresent: Object 'Object Repository/Login Objects /label_Password' is present

2018-05-09 12:22:41 - [MESSAGE][WARNING] - Timeout '0' is invalid. Using default page load timeout: '30'

2018-05-09 12:22:41 - [MESSAGE][PASSED] - Object 'Object Repository/Login Objects /label_Password' is present

2018-05-09 12:22:41 - [TEST_STEP][PASSED] - verifyElementPresent: Object 'Object Repository/Login Objects /div_Login' is present

2018-05-09 12:22:41 - [MESSAGE][WARNING] - Timeout '0' is invalid. Using default page load timeout: '30'

2018-05-09 12:22:41 - [MESSAGE][PASSED] - Object 'Object Repository/Login Objects /div_Login' is present

2018-05-09 12:22:41 - [TEST_STEP][PASSED] - setText: Text 'user' is set on object 'Object Repository/Login Objects /input_username'

2018-05-09 12:22:41 - [MESSAGE][PASSED] - Text 'user' is set on object 'Object Repository/Login Objects /input_username'

2018-05-09 12:22:41 - [TEST_STEP][PASSED] - setText: Text 'user' is set on object 'Object Repository/Login Objects /input_password'

2018-05-09 12:22:41 - [MESSAGE][PASSED] - Text 'user' is set on object 'Object Repository/Login Objects /input_password'

2018-05-09 12:22:41 - [TEST_STEP][PASSED] - click: Object: 'Object Repository/Login Objects /button_Login' is clicked on

2018-05-09 12:22:41 - [MESSAGE][PASSED] - Object: 'Object Repository/Login Objects /button_Login' is clicked on

2018-05-09 12:22:41 - [TEST_STEP][PASSED] - verifyElementPresent: Object 'Object Repository/Front Page Objects/div_add to cart' is present

2018-05-09 12:22:41 - [MESSAGE][WARNING] - Timeout '0' is invalid. Using default page load timeout: '30'

2018-05-09 12:22:42 - [MESSAGE][PASSED] - Object 'Object Repository/Front Page Objects/div_add to cart' is present

2018-05-09 12:22:42 - [TEST_STEP][PASSED] - verifyElementPresent: Object 'Object Repository/h5_Garden' is present

2018-05-09 12:22:42 - [MESSAGE][WARNING] - Timeout '0' is invalid. Using default page load timeout: '30'

2018-05-09 12:22:42 - [MESSAGE][PASSED] - Object 'Object Repository/h5_Garden' is present

2018-05-09 12:22:42 - [TEST_STEP][PASSED] - verifyElementPresent: Object 'Object Repository/div_add to cart' is present

2018-05-09 12:22:42 - [MESSAGE][WARNING] - Timeout '0' is invalid. Using default page load timeout: '30'

2018-05-09 12:22:42 - [MESSAGE][PASSED] - Object 'Object Repository/div_add to cart' is present

2018-05-09 12:22:42 - [TEST_STEP][PASSED] - click: Object: 'Object Repository/button_add to cart' is clicked on

2018-05-09 12:22:42 - [MESSAGE][PASSED] - Object: 'Object Repository/button_add to cart' is clicked on

2018-05-09 12:22:42 - [TEST_STEP][PASSED] - verifyElementPresent: Object 'Object Repository/div_already added' is present

2018-05-09 12:22:42 - [MESSAGE][WARNING] - Timeout '0' is invalid. Using default page load timeout: '30'

2018-05-09 12:22:42 - [MESSAGE][PASSED] - Object 'Object Repository/div_already added' is present

2018-05-09 12:22:42 - [TEST_STEP][PASSED] - verifyElementPresent: Object 'Object Repository/h5_Banana' is present

2018-05-09 12:22:42 - [MESSAGE][WARNING] - Timeout '0' is invalid. Using default page load timeout: '30'

2018-05-09 12:22:42 - [MESSAGE][PASSED] - Object 'Object Repository/h5_Banana' is present

2018-05-09 12:22:42 - [TEST_STEP][PASSED] - verifyElementPresent: Object 'Object Repository/div_add to cart' is present

2018-05-09 12:22:42 - [MESSAGE][WARNING] - Timeout '0' is invalid. Using default page load timeout: '30'

2018-05-09 12:22:42 - [MESSAGE][PASSED] - Object 'Object Repository/div_add to cart' is present

2018-05-09 12:22:42 - [TEST_STEP][PASSED] - click: Object: 'Object Repository/button_add to cart' is clicked on

2018-05-09 12:22:42 - [MESSAGE][PASSED] - Object: 'Object Repository/button_add to cart' is clicked on

2018-05-09 12:22:42 - [TEST_STEP][PASSED] - verifyElementPresent: Object 'Object Repository/div_already added' is present

2018-05-09 12:22:42 - [MESSAGE][WARNING] - Timeout '0' is invalid. Using default page load timeout: '30'

2018-05-09 12:22:42 - [MESSAGE][PASSED] - Object 'Object Repository/div_already added' is present

2018-05-09 12:22:42 - [TEST_STEP][PASSED] - verifyElementPresent: Object 'Object Repository/div_Products' is present

2018-05-09 12:22:43 - [MESSAGE][WARNING] - Timeout '0' is invalid. Using default page load timeout: '30'

2018-05-09 12:22:43 - [MESSAGE][PASSED] - Object 'Object Repository/div_Products' is present

2018-05-09 12:22:43 - [TEST_STEP][PASSED] - click: Object: 'Object Repository/a_Carts            2' is clicked on

2018-05-09 12:22:43 - [MESSAGE][PASSED] - Object: 'Object Repository/a_Carts            2' is clicked on

2018-05-09 12:22:43 - [TEST_STEP][PASSED] - verifyElementPresent: Object 'Object Repository/div_Shopping Cart' is present

2018-05-09 12:22:43 - [MESSAGE][WARNING] - Timeout '0' is invalid. Using default page load timeout: '30'

2018-05-09 12:22:43 - [MESSAGE][PASSED] - Object 'Object Repository/div_Shopping Cart' is present

2018-05-09 12:22:43 - [TEST_STEP][PASSED] - verifyElementPresent: Object 'Object Repository/td_Garden' is present

2018-05-09 12:22:43 - [MESSAGE][WARNING] - Timeout '0' is invalid. Using default page load timeout: '30'

2018-05-09 12:22:43 - [MESSAGE][PASSED] - Object 'Object Repository/td_Garden' is present

2018-05-09 12:22:43 - [TEST_STEP][PASSED] - verifyElementPresent: Object 'Object Repository/td_20000 THB' is present

2018-05-09 12:22:43 - [MESSAGE][WARNING] - Timeout '0' is invalid. Using default page load timeout: '30'

2018-05-09 12:22:43 - [MESSAGE][PASSED] - Object 'Object Repository/td_20000 THB' is present

2018-05-09 12:22:43 - [TEST_STEP][PASSED] - verifyElementPresent: Object 'Object Repository/div_col-4 center-block' is present

2018-05-09 12:22:43 - [MESSAGE][WARNING] - Timeout '0' is invalid. Using default page load timeout: '30'

2018-05-09 12:22:43 - [MESSAGE][PASSED] - Object 'Object Repository/div_col-4 center-block' is present

2018-05-09 12:22:43 - [TEST_STEP][PASSED] - verifyElementPresent: Object 'Object Repository/td_Banana' is present

2018-05-09 12:22:43 - [MESSAGE][WARNING] - Timeout '0' is invalid. Using default page load timeout: '30'

2018-05-09 12:22:43 - [MESSAGE][PASSED] - Object 'Object Repository/td_Banana' is present

2018-05-09 12:22:43 - [TEST_STEP][PASSED] - verifyElementPresent: Object 'Object Repository/td_150 THB' is present

2018-05-09 12:22:43 - [MESSAGE][WARNING] - Timeout '0' is invalid. Using default page load timeout: '30'

2018-05-09 12:22:43 - [MESSAGE][PASSED] - Object 'Object Repository/td_150 THB' is present

2018-05-09 12:22:43 - [TEST_STEP][PASSED] - verifyElementPresent: Object 'Object Repository/div_col-4 center-block_1' is present

2018-05-09 12:22:43 - [MESSAGE][WARNING] - Timeout '0' is invalid. Using default page load timeout: '30'

2018-05-09 12:22:43 - [MESSAGE][PASSED] - Object 'Object Repository/div_col-4 center-block_1' is present

2018-05-09 12:22:43 - [TEST_STEP][PASSED] - verifyElementPresent: Object 'Object Repository/p_Total price  20150 THB' is present

2018-05-09 12:22:43 - [MESSAGE][WARNING] - Timeout '0' is invalid. Using default page load timeout: '30'

2018-05-09 12:22:43 - [MESSAGE][PASSED] - Object 'Object Repository/p_Total price  20150 THB' is present

2018-05-09 12:22:43 - [TEST_STEP][PASSED] - closeBrowser: Browser is closed

2018-05-09 12:22:43 - [MESSAGE][PASSED] - Browser is closed]]></system-out>
         <system-err><![CDATA[]]></system-err>
      </testcase>
      <testcase name="Test Cases/User add products" classname="Test Cases/User add products" status="PASSED">
         <system-out><![CDATA[2018-05-09 12:22:43 - [TEST_CASE][PASSED] - Test Cases/User add products: Test Cases/User add products

2018-05-09 12:22:43 - [TEST_STEP][PASSED] - openBrowser: Browser is opened with url: ''

2018-05-09 12:22:44 - [MESSAGE][PASSED] - Browser is opened with url: ''

2018-05-09 12:22:44 - [TEST_STEP][PASSED] - navigateToUrl: Navigate to 'http://34.209.48.20:9089/' successfully

2018-05-09 12:22:54 - [MESSAGE][PASSED] - Navigate to 'http://34.209.48.20:9089/' successfully

2018-05-09 12:22:54 - [TEST_STEP][PASSED] - verifyElementPresent: Object 'Object Repository/Front Page Objects/header' is present

2018-05-09 12:22:54 - [MESSAGE][WARNING] - Timeout '0' is invalid. Using default page load timeout: '30'

2018-05-09 12:22:54 - [MESSAGE][PASSED] - Object 'Object Repository/Front Page Objects/header' is present

2018-05-09 12:22:54 - [TEST_STEP][PASSED] - verifyElementPresent: Object 'Object Repository/Front Page Objects/p_header_description' is present

2018-05-09 12:22:54 - [MESSAGE][WARNING] - Timeout '0' is invalid. Using default page load timeout: '30'

2018-05-09 12:22:54 - [MESSAGE][PASSED] - Object 'Object Repository/Front Page Objects/p_header_description' is present

2018-05-09 12:22:54 - [TEST_STEP][PASSED] - verifyElementPresent: Object 'Object Repository/Front Page Objects/h2_Login' is present

2018-05-09 12:22:54 - [MESSAGE][WARNING] - Timeout '0' is invalid. Using default page load timeout: '30'

2018-05-09 12:22:54 - [MESSAGE][PASSED] - Object 'Object Repository/Front Page Objects/h2_Login' is present

2018-05-09 12:22:54 - [TEST_STEP][PASSED] - verifyElementPresent: Object 'Object Repository/Login Objects /label_Username' is present

2018-05-09 12:22:54 - [MESSAGE][WARNING] - Timeout '0' is invalid. Using default page load timeout: '30'

2018-05-09 12:22:54 - [MESSAGE][PASSED] - Object 'Object Repository/Login Objects /label_Username' is present

2018-05-09 12:22:54 - [TEST_STEP][PASSED] - verifyElementPresent: Object 'Object Repository/Login Objects /label_Password' is present

2018-05-09 12:22:54 - [MESSAGE][WARNING] - Timeout '0' is invalid. Using default page load timeout: '30'

2018-05-09 12:22:54 - [MESSAGE][PASSED] - Object 'Object Repository/Login Objects /label_Password' is present

2018-05-09 12:22:54 - [TEST_STEP][PASSED] - verifyElementPresent: Object 'Object Repository/Login Objects /div_Login' is present

2018-05-09 12:22:54 - [MESSAGE][WARNING] - Timeout '0' is invalid. Using default page load timeout: '30'

2018-05-09 12:22:54 - [MESSAGE][PASSED] - Object 'Object Repository/Login Objects /div_Login' is present

2018-05-09 12:22:54 - [TEST_STEP][PASSED] - setText: Text 'hello' is set on object 'Object Repository/Login Objects /input_username'

2018-05-09 12:22:55 - [MESSAGE][PASSED] - Text 'hello' is set on object 'Object Repository/Login Objects /input_username'

2018-05-09 12:22:55 - [TEST_STEP][PASSED] - setText: Text 'hello' is set on object 'Object Repository/Login Objects /input_password'

2018-05-09 12:22:55 - [MESSAGE][PASSED] - Text 'hello' is set on object 'Object Repository/Login Objects /input_password'

2018-05-09 12:22:55 - [TEST_STEP][PASSED] - click: Object: 'Object Repository/Login Objects /button_Login' is clicked on

2018-05-09 12:22:55 - [MESSAGE][PASSED] - Object: 'Object Repository/Login Objects /button_Login' is clicked on

2018-05-09 12:22:55 - [TEST_STEP][PASSED] - verifyElementPresent: Object 'Object Repository/Front Page Objects/div_add to cart' is present

2018-05-09 12:22:55 - [MESSAGE][WARNING] - Timeout '0' is invalid. Using default page load timeout: '30'

2018-05-09 12:22:56 - [MESSAGE][PASSED] - Object 'Object Repository/Front Page Objects/div_add to cart' is present

2018-05-09 12:22:56 - [TEST_STEP][PASSED] - verifyElementPresent: Object 'Object Repository/h5_Garden' is present

2018-05-09 12:22:56 - [MESSAGE][WARNING] - Timeout '0' is invalid. Using default page load timeout: '30'

2018-05-09 12:22:56 - [MESSAGE][PASSED] - Object 'Object Repository/h5_Garden' is present

2018-05-09 12:22:56 - [TEST_STEP][PASSED] - verifyElementPresent: Object 'Object Repository/div_add to cart' is present

2018-05-09 12:22:56 - [MESSAGE][WARNING] - Timeout '0' is invalid. Using default page load timeout: '30'

2018-05-09 12:22:56 - [MESSAGE][PASSED] - Object 'Object Repository/div_add to cart' is present

2018-05-09 12:22:56 - [TEST_STEP][PASSED] - click: Object: 'Object Repository/button_add to cart' is clicked on

2018-05-09 12:22:56 - [MESSAGE][PASSED] - Object: 'Object Repository/button_add to cart' is clicked on

2018-05-09 12:22:56 - [TEST_STEP][PASSED] - verifyElementPresent: Object 'Object Repository/div_already added' is present

2018-05-09 12:22:56 - [MESSAGE][WARNING] - Timeout '0' is invalid. Using default page load timeout: '30'

2018-05-09 12:22:56 - [MESSAGE][PASSED] - Object 'Object Repository/div_already added' is present

2018-05-09 12:22:56 - [TEST_STEP][PASSED] - verifyElementPresent: Object 'Object Repository/h5_Banana' is present

2018-05-09 12:22:56 - [MESSAGE][WARNING] - Timeout '0' is invalid. Using default page load timeout: '30'

2018-05-09 12:22:56 - [MESSAGE][PASSED] - Object 'Object Repository/h5_Banana' is present

2018-05-09 12:22:56 - [TEST_STEP][PASSED] - verifyElementPresent: Object 'Object Repository/div_add to cart' is present

2018-05-09 12:22:56 - [MESSAGE][WARNING] - Timeout '0' is invalid. Using default page load timeout: '30'

2018-05-09 12:22:56 - [MESSAGE][PASSED] - Object 'Object Repository/div_add to cart' is present

2018-05-09 12:22:56 - [TEST_STEP][PASSED] - click: Object: 'Object Repository/button_add to cart' is clicked on

2018-05-09 12:22:56 - [MESSAGE][PASSED] - Object: 'Object Repository/button_add to cart' is clicked on

2018-05-09 12:22:56 - [TEST_STEP][PASSED] - verifyElementPresent: Object 'Object Repository/div_already added' is present

2018-05-09 12:22:56 - [MESSAGE][WARNING] - Timeout '0' is invalid. Using default page load timeout: '30'

2018-05-09 12:22:56 - [MESSAGE][PASSED] - Object 'Object Repository/div_already added' is present

2018-05-09 12:22:56 - [TEST_STEP][PASSED] - verifyElementPresent: Object 'Object Repository/div_Products' is present

2018-05-09 12:22:56 - [MESSAGE][WARNING] - Timeout '0' is invalid. Using default page load timeout: '30'

2018-05-09 12:22:56 - [MESSAGE][PASSED] - Object 'Object Repository/div_Products' is present

2018-05-09 12:22:56 - [TEST_STEP][PASSED] - click: Object: 'Object Repository/a_Carts            2' is clicked on

2018-05-09 12:22:57 - [MESSAGE][PASSED] - Object: 'Object Repository/a_Carts            2' is clicked on

2018-05-09 12:22:57 - [TEST_STEP][PASSED] - verifyElementPresent: Object 'Object Repository/div_Shopping Cart' is present

2018-05-09 12:22:57 - [MESSAGE][WARNING] - Timeout '0' is invalid. Using default page load timeout: '30'

2018-05-09 12:22:57 - [MESSAGE][PASSED] - Object 'Object Repository/div_Shopping Cart' is present

2018-05-09 12:22:57 - [TEST_STEP][PASSED] - verifyElementPresent: Object 'Object Repository/td_Garden' is present

2018-05-09 12:22:57 - [MESSAGE][WARNING] - Timeout '0' is invalid. Using default page load timeout: '30'

2018-05-09 12:22:57 - [MESSAGE][PASSED] - Object 'Object Repository/td_Garden' is present

2018-05-09 12:22:57 - [TEST_STEP][PASSED] - verifyElementPresent: Object 'Object Repository/td_20000 THB' is present

2018-05-09 12:22:57 - [MESSAGE][WARNING] - Timeout '0' is invalid. Using default page load timeout: '30'

2018-05-09 12:22:57 - [MESSAGE][PASSED] - Object 'Object Repository/td_20000 THB' is present

2018-05-09 12:22:57 - [TEST_STEP][PASSED] - verifyElementPresent: Object 'Object Repository/div_col-4 center-block' is present

2018-05-09 12:22:57 - [MESSAGE][WARNING] - Timeout '0' is invalid. Using default page load timeout: '30'

2018-05-09 12:22:57 - [MESSAGE][PASSED] - Object 'Object Repository/div_col-4 center-block' is present

2018-05-09 12:22:57 - [TEST_STEP][PASSED] - verifyElementPresent: Object 'Object Repository/td_Banana' is present

2018-05-09 12:22:57 - [MESSAGE][WARNING] - Timeout '0' is invalid. Using default page load timeout: '30'

2018-05-09 12:22:57 - [MESSAGE][PASSED] - Object 'Object Repository/td_Banana' is present

2018-05-09 12:22:57 - [TEST_STEP][PASSED] - verifyElementPresent: Object 'Object Repository/td_150 THB' is present

2018-05-09 12:22:57 - [MESSAGE][WARNING] - Timeout '0' is invalid. Using default page load timeout: '30'

2018-05-09 12:22:57 - [MESSAGE][PASSED] - Object 'Object Repository/td_150 THB' is present

2018-05-09 12:22:57 - [TEST_STEP][PASSED] - verifyElementPresent: Object 'Object Repository/div_col-4 center-block_1' is present

2018-05-09 12:22:57 - [MESSAGE][WARNING] - Timeout '0' is invalid. Using default page load timeout: '30'

2018-05-09 12:22:57 - [MESSAGE][PASSED] - Object 'Object Repository/div_col-4 center-block_1' is present

2018-05-09 12:22:57 - [TEST_STEP][PASSED] - verifyElementPresent: Object 'Object Repository/p_Total price  20150 THB' is present

2018-05-09 12:22:57 - [MESSAGE][WARNING] - Timeout '0' is invalid. Using default page load timeout: '30'

2018-05-09 12:22:57 - [MESSAGE][PASSED] - Object 'Object Repository/p_Total price  20150 THB' is present

2018-05-09 12:22:57 - [TEST_STEP][PASSED] - closeBrowser: Browser is closed

2018-05-09 12:22:57 - [MESSAGE][PASSED] - Browser is closed]]></system-out>
         <system-err><![CDATA[]]></system-err>
      </testcase>
      <testcase name="Test Cases/Add transacations " classname="Test Cases/Add transacations " status="PASSED">
         <system-out><![CDATA[2018-05-09 12:22:57 - [TEST_CASE][PASSED] - Test Cases/Add transacations : Test Cases/Add transacations 

2018-05-09 12:22:57 - [TEST_STEP][PASSED] - Statement - data = com.kms.katalon.core.testdata.TestDataFactory.findTestData("Data Files/data.user"): Reading excel file with source file '/Users/snailwalker/Documents/workspace/backend/katalon/Data Files/data.xlsx' and sheet name 'user'

2018-05-09 12:22:57 - [TEST_STEP][PASSED] - openBrowser: Browser is opened with url: ''

2018-05-09 12:22:59 - [MESSAGE][PASSED] - Browser is opened with url: ''

2018-05-09 12:22:59 - [TEST_STEP][PASSED] - navigateToUrl: Navigate to 'http://34.209.48.20:9089/' successfully

2018-05-09 12:23:11 - [MESSAGE][PASSED] - Navigate to 'http://34.209.48.20:9089/' successfully

2018-05-09 12:23:11 - [TEST_STEP][PASSED] - verifyElementPresent: Object 'Object Repository/Front Page Objects/header' is present

2018-05-09 12:23:11 - [MESSAGE][WARNING] - Timeout '0' is invalid. Using default page load timeout: '30'

2018-05-09 12:23:12 - [MESSAGE][PASSED] - Object 'Object Repository/Front Page Objects/header' is present

2018-05-09 12:23:12 - [TEST_STEP][PASSED] - verifyElementPresent: Object 'Object Repository/Front Page Objects/p_header_description' is present

2018-05-09 12:23:12 - [MESSAGE][WARNING] - Timeout '0' is invalid. Using default page load timeout: '30'

2018-05-09 12:23:12 - [MESSAGE][PASSED] - Object 'Object Repository/Front Page Objects/p_header_description' is present

2018-05-09 12:23:12 - [TEST_STEP][PASSED] - verifyElementPresent: Object 'Object Repository/Front Page Objects/h2_Login' is present

2018-05-09 12:23:12 - [MESSAGE][WARNING] - Timeout '0' is invalid. Using default page load timeout: '30'

2018-05-09 12:23:12 - [MESSAGE][PASSED] - Object 'Object Repository/Front Page Objects/h2_Login' is present

2018-05-09 12:23:12 - [TEST_STEP][PASSED] - verifyElementPresent: Object 'Object Repository/Login Objects /label_Username' is present

2018-05-09 12:23:12 - [MESSAGE][WARNING] - Timeout '0' is invalid. Using default page load timeout: '30'

2018-05-09 12:23:12 - [MESSAGE][PASSED] - Object 'Object Repository/Login Objects /label_Username' is present

2018-05-09 12:23:12 - [TEST_STEP][PASSED] - verifyElementPresent: Object 'Object Repository/Login Objects /label_Password' is present

2018-05-09 12:23:12 - [MESSAGE][WARNING] - Timeout '0' is invalid. Using default page load timeout: '30'

2018-05-09 12:23:12 - [MESSAGE][PASSED] - Object 'Object Repository/Login Objects /label_Password' is present

2018-05-09 12:23:12 - [TEST_STEP][PASSED] - verifyElementPresent: Object 'Object Repository/Login Objects /div_Login' is present

2018-05-09 12:23:12 - [MESSAGE][WARNING] - Timeout '0' is invalid. Using default page load timeout: '30'

2018-05-09 12:23:12 - [MESSAGE][PASSED] - Object 'Object Repository/Login Objects /div_Login' is present

2018-05-09 12:23:12 - [TEST_STEP][PASSED] - setText: Text 'user' is set on object 'Object Repository/Login Objects /input_username'

2018-05-09 12:23:12 - [MESSAGE][PASSED] - Text 'user' is set on object 'Object Repository/Login Objects /input_username'

2018-05-09 12:23:12 - [TEST_STEP][PASSED] - setText: Text 'user' is set on object 'Object Repository/Login Objects /input_password'

2018-05-09 12:23:12 - [MESSAGE][PASSED] - Text 'user' is set on object 'Object Repository/Login Objects /input_password'

2018-05-09 12:23:12 - [TEST_STEP][PASSED] - click: Object: 'Object Repository/Login Objects /button_Login' is clicked on

2018-05-09 12:23:12 - [MESSAGE][PASSED] - Object: 'Object Repository/Login Objects /button_Login' is clicked on

2018-05-09 12:23:12 - [TEST_STEP][PASSED] - verifyElementPresent: Object 'Object Repository/Front Page Objects/div_add to cart' is present

2018-05-09 12:23:12 - [MESSAGE][WARNING] - Timeout '0' is invalid. Using default page load timeout: '30'

2018-05-09 12:23:14 - [MESSAGE][PASSED] - Object 'Object Repository/Front Page Objects/div_add to cart' is present

2018-05-09 12:23:14 - [TEST_STEP][PASSED] - verifyElementPresent: Object 'Object Repository/h5_Garden' is present

2018-05-09 12:23:14 - [MESSAGE][WARNING] - Timeout '0' is invalid. Using default page load timeout: '30'

2018-05-09 12:23:14 - [MESSAGE][PASSED] - Object 'Object Repository/h5_Garden' is present

2018-05-09 12:23:14 - [TEST_STEP][PASSED] - verifyElementPresent: Object 'Object Repository/div_add to cart' is present

2018-05-09 12:23:14 - [MESSAGE][WARNING] - Timeout '0' is invalid. Using default page load timeout: '30'

2018-05-09 12:23:14 - [MESSAGE][PASSED] - Object 'Object Repository/div_add to cart' is present

2018-05-09 12:23:14 - [TEST_STEP][PASSED] - click: Object: 'Object Repository/button_add to cart' is clicked on

2018-05-09 12:23:14 - [MESSAGE][PASSED] - Object: 'Object Repository/button_add to cart' is clicked on

2018-05-09 12:23:14 - [TEST_STEP][PASSED] - verifyElementPresent: Object 'Object Repository/div_already added' is present

2018-05-09 12:23:14 - [MESSAGE][WARNING] - Timeout '0' is invalid. Using default page load timeout: '30'

2018-05-09 12:23:14 - [MESSAGE][PASSED] - Object 'Object Repository/div_already added' is present

2018-05-09 12:23:14 - [TEST_STEP][PASSED] - verifyElementPresent: Object 'Object Repository/h5_Banana' is present

2018-05-09 12:23:14 - [MESSAGE][WARNING] - Timeout '0' is invalid. Using default page load timeout: '30'

2018-05-09 12:23:14 - [MESSAGE][PASSED] - Object 'Object Repository/h5_Banana' is present

2018-05-09 12:23:14 - [TEST_STEP][PASSED] - verifyElementPresent: Object 'Object Repository/div_add to cart' is present

2018-05-09 12:23:14 - [MESSAGE][WARNING] - Timeout '0' is invalid. Using default page load timeout: '30'

2018-05-09 12:23:14 - [MESSAGE][PASSED] - Object 'Object Repository/div_add to cart' is present

2018-05-09 12:23:14 - [TEST_STEP][PASSED] - click: Object: 'Object Repository/button_add to cart' is clicked on

2018-05-09 12:23:14 - [MESSAGE][PASSED] - Object: 'Object Repository/button_add to cart' is clicked on

2018-05-09 12:23:14 - [TEST_STEP][PASSED] - verifyElementPresent: Object 'Object Repository/div_already added' is present

2018-05-09 12:23:14 - [MESSAGE][WARNING] - Timeout '0' is invalid. Using default page load timeout: '30'

2018-05-09 12:23:14 - [MESSAGE][PASSED] - Object 'Object Repository/div_already added' is present

2018-05-09 12:23:14 - [TEST_STEP][PASSED] - verifyElementPresent: Object 'Object Repository/div_Products' is present

2018-05-09 12:23:14 - [MESSAGE][WARNING] - Timeout '0' is invalid. Using default page load timeout: '30'

2018-05-09 12:23:14 - [MESSAGE][PASSED] - Object 'Object Repository/div_Products' is present

2018-05-09 12:23:14 - [TEST_STEP][PASSED] - click: Object: 'Object Repository/a_Carts            2' is clicked on

2018-05-09 12:23:14 - [MESSAGE][PASSED] - Object: 'Object Repository/a_Carts            2' is clicked on

2018-05-09 12:23:14 - [TEST_STEP][PASSED] - verifyElementPresent: Object 'Object Repository/div_Shopping Cart' is present

2018-05-09 12:23:14 - [MESSAGE][WARNING] - Timeout '0' is invalid. Using default page load timeout: '30'

2018-05-09 12:23:15 - [MESSAGE][PASSED] - Object 'Object Repository/div_Shopping Cart' is present

2018-05-09 12:23:15 - [TEST_STEP][PASSED] - verifyElementPresent: Object 'Object Repository/td_Garden' is present

2018-05-09 12:23:15 - [MESSAGE][WARNING] - Timeout '0' is invalid. Using default page load timeout: '30'

2018-05-09 12:23:15 - [MESSAGE][PASSED] - Object 'Object Repository/td_Garden' is present

2018-05-09 12:23:15 - [TEST_STEP][PASSED] - verifyElementPresent: Object 'Object Repository/td_20000 THB' is present

2018-05-09 12:23:15 - [MESSAGE][WARNING] - Timeout '0' is invalid. Using default page load timeout: '30'

2018-05-09 12:23:15 - [MESSAGE][PASSED] - Object 'Object Repository/td_20000 THB' is present

2018-05-09 12:23:15 - [TEST_STEP][PASSED] - verifyElementPresent: Object 'Object Repository/div_col-4 center-block' is present

2018-05-09 12:23:15 - [MESSAGE][WARNING] - Timeout '0' is invalid. Using default page load timeout: '30'

2018-05-09 12:23:15 - [MESSAGE][PASSED] - Object 'Object Repository/div_col-4 center-block' is present

2018-05-09 12:23:15 - [TEST_STEP][PASSED] - verifyElementPresent: Object 'Object Repository/td_Banana' is present

2018-05-09 12:23:15 - [MESSAGE][WARNING] - Timeout '0' is invalid. Using default page load timeout: '30'

2018-05-09 12:23:15 - [MESSAGE][PASSED] - Object 'Object Repository/td_Banana' is present

2018-05-09 12:23:15 - [TEST_STEP][PASSED] - verifyElementPresent: Object 'Object Repository/td_150 THB' is present

2018-05-09 12:23:15 - [MESSAGE][WARNING] - Timeout '0' is invalid. Using default page load timeout: '30'

2018-05-09 12:23:15 - [MESSAGE][PASSED] - Object 'Object Repository/td_150 THB' is present

2018-05-09 12:23:15 - [TEST_STEP][PASSED] - verifyElementPresent: Object 'Object Repository/div_col-4 center-block_1' is present

2018-05-09 12:23:15 - [MESSAGE][WARNING] - Timeout '0' is invalid. Using default page load timeout: '30'

2018-05-09 12:23:15 - [MESSAGE][PASSED] - Object 'Object Repository/div_col-4 center-block_1' is present

2018-05-09 12:23:15 - [TEST_STEP][PASSED] - verifyElementPresent: Object 'Object Repository/p_Total price  20150 THB' is present

2018-05-09 12:23:15 - [MESSAGE][WARNING] - Timeout '0' is invalid. Using default page load timeout: '30'

2018-05-09 12:23:15 - [MESSAGE][PASSED] - Object 'Object Repository/p_Total price  20150 THB' is present

2018-05-09 12:23:15 - [TEST_STEP][PASSED] - click: Object: 'Object Repository/Login Objects /button_confirm' is clicked on

2018-05-09 12:23:15 - [MESSAGE][PASSED] - Object: 'Object Repository/Login Objects /button_confirm' is clicked on

2018-05-09 12:23:15 - [TEST_STEP][PASSED] - acceptAlert: Alert accepted

2018-05-09 12:23:15 - [MESSAGE][PASSED] - Alert accepted

2018-05-09 12:23:15 - [TEST_STEP][PASSED] - openBrowser: Browser is opened with url: ''

2018-05-09 12:23:15 - [MESSAGE][WARNING] - A browser is already opened. Closing browser and opening a new one

2018-05-09 12:23:17 - [MESSAGE][PASSED] - Browser is opened with url: ''

2018-05-09 12:23:17 - [TEST_STEP][PASSED] - navigateToUrl: Navigate to 'http://34.209.48.20:9089/' successfully

2018-05-09 12:23:29 - [MESSAGE][PASSED] - Navigate to 'http://34.209.48.20:9089/' successfully

2018-05-09 12:23:29 - [TEST_STEP][PASSED] - verifyElementPresent: Object 'Object Repository/Front Page Objects/header' is present

2018-05-09 12:23:29 - [MESSAGE][WARNING] - Timeout '0' is invalid. Using default page load timeout: '30'

2018-05-09 12:23:29 - [MESSAGE][PASSED] - Object 'Object Repository/Front Page Objects/header' is present

2018-05-09 12:23:29 - [TEST_STEP][PASSED] - verifyElementPresent: Object 'Object Repository/Front Page Objects/p_header_description' is present

2018-05-09 12:23:29 - [MESSAGE][WARNING] - Timeout '0' is invalid. Using default page load timeout: '30'

2018-05-09 12:23:29 - [MESSAGE][PASSED] - Object 'Object Repository/Front Page Objects/p_header_description' is present

2018-05-09 12:23:29 - [TEST_STEP][PASSED] - verifyElementPresent: Object 'Object Repository/Front Page Objects/h2_Login' is present

2018-05-09 12:23:29 - [MESSAGE][WARNING] - Timeout '0' is invalid. Using default page load timeout: '30'

2018-05-09 12:23:29 - [MESSAGE][PASSED] - Object 'Object Repository/Front Page Objects/h2_Login' is present

2018-05-09 12:23:29 - [TEST_STEP][PASSED] - verifyElementPresent: Object 'Object Repository/Login Objects /div_Username' is present

2018-05-09 12:23:29 - [MESSAGE][WARNING] - Timeout '0' is invalid. Using default page load timeout: '30'

2018-05-09 12:23:29 - [MESSAGE][PASSED] - Object 'Object Repository/Login Objects /div_Username' is present

2018-05-09 12:23:29 - [TEST_STEP][PASSED] - verifyElementPresent: Object 'Object Repository/Login Objects /div_Password' is present

2018-05-09 12:23:29 - [MESSAGE][WARNING] - Timeout '0' is invalid. Using default page load timeout: '30'

2018-05-09 12:23:30 - [MESSAGE][PASSED] - Object 'Object Repository/Login Objects /div_Password' is present

2018-05-09 12:23:30 - [TEST_STEP][PASSED] - verifyElementPresent: Object 'Object Repository/Login Objects /div_Login' is present

2018-05-09 12:23:30 - [MESSAGE][WARNING] - Timeout '0' is invalid. Using default page load timeout: '30'

2018-05-09 12:23:30 - [MESSAGE][PASSED] - Object 'Object Repository/Login Objects /div_Login' is present

2018-05-09 12:23:30 - [TEST_STEP][PASSED] - setText: Text 'admin' is set on object 'Object Repository/Login Objects /input_username'

2018-05-09 12:23:30 - [MESSAGE][PASSED] - Text 'admin' is set on object 'Object Repository/Login Objects /input_username'

2018-05-09 12:23:30 - [TEST_STEP][PASSED] - setText: Text 'admin' is set on object 'Object Repository/Login Objects /input_password'

2018-05-09 12:23:30 - [MESSAGE][PASSED] - Text 'admin' is set on object 'Object Repository/Login Objects /input_password'

2018-05-09 12:23:30 - [TEST_STEP][PASSED] - click: Object: 'Object Repository/Login Objects /button_Login' is clicked on

2018-05-09 12:23:30 - [MESSAGE][PASSED] - Object: 'Object Repository/Login Objects /button_Login' is clicked on

2018-05-09 12:23:30 - [TEST_STEP][PASSED] - verifyElementPresent: Object 'Object Repository/Front Page Objects/div_Products' is present

2018-05-09 12:23:30 - [MESSAGE][WARNING] - Timeout '0' is invalid. Using default page load timeout: '30'

2018-05-09 12:23:31 - [MESSAGE][PASSED] - Object 'Object Repository/Front Page Objects/div_Products' is present

2018-05-09 12:23:31 - [TEST_STEP][PASSED] - click: Object: 'Object Repository/Front Page Objects/a_Total Transaction' is clicked on

2018-05-09 12:23:31 - [MESSAGE][PASSED] - Object: 'Object Repository/Front Page Objects/a_Total Transaction' is clicked on

2018-05-09 12:23:31 - [TEST_STEP][PASSED] - verifyElementPresent: Object 'Object Repository/Front Page Objects/div_Transaction List' is present

2018-05-09 12:23:31 - [MESSAGE][WARNING] - Timeout '0' is invalid. Using default page load timeout: '30'

2018-05-09 12:23:31 - [MESSAGE][PASSED] - Object 'Object Repository/Front Page Objects/div_Transaction List' is present

2018-05-09 12:23:31 - [TEST_STEP][PASSED] - verifyElementPresent: Object 'Object Repository/Product Objects/td_Garden Banana' is present

2018-05-09 12:23:31 - [MESSAGE][WARNING] - Timeout '0' is invalid. Using default page load timeout: '30'

2018-05-09 12:23:32 - [MESSAGE][PASSED] - Object 'Object Repository/Product Objects/td_Garden Banana' is present

2018-05-09 12:23:32 - [TEST_STEP][PASSED] - verifyElementPresent: Object 'Object Repository/Product Objects/td_20150 THB' is present

2018-05-09 12:23:32 - [MESSAGE][WARNING] - Timeout '0' is invalid. Using default page load timeout: '30'

2018-05-09 12:23:32 - [MESSAGE][PASSED] - Object 'Object Repository/Product Objects/td_20150 THB' is present

2018-05-09 12:23:32 - [TEST_STEP][PASSED] - closeBrowser: Browser is closed

2018-05-09 12:23:32 - [MESSAGE][PASSED] - Browser is closed]]></system-out>
         <system-err><![CDATA[]]></system-err>
      </testcase>
      <testcase name="Test Cases/Add transacations " classname="Test Cases/Add transacations " status="PASSED">
         <system-out><![CDATA[2018-05-09 12:23:32 - [TEST_CASE][PASSED] - Test Cases/Add transacations : Test Cases/Add transacations 

2018-05-09 12:23:32 - [TEST_STEP][PASSED] - Statement - data = com.kms.katalon.core.testdata.TestDataFactory.findTestData("Data Files/data.user"): Reading excel file with source file '/Users/snailwalker/Documents/workspace/backend/katalon/Data Files/data.xlsx' and sheet name 'user'

2018-05-09 12:23:32 - [TEST_STEP][PASSED] - openBrowser: Browser is opened with url: ''

2018-05-09 12:23:33 - [MESSAGE][PASSED] - Browser is opened with url: ''

2018-05-09 12:23:33 - [TEST_STEP][PASSED] - navigateToUrl: Navigate to 'http://34.209.48.20:9089/' successfully

2018-05-09 12:23:43 - [MESSAGE][PASSED] - Navigate to 'http://34.209.48.20:9089/' successfully

2018-05-09 12:23:43 - [TEST_STEP][PASSED] - verifyElementPresent: Object 'Object Repository/Front Page Objects/header' is present

2018-05-09 12:23:43 - [MESSAGE][WARNING] - Timeout '0' is invalid. Using default page load timeout: '30'

2018-05-09 12:23:43 - [MESSAGE][PASSED] - Object 'Object Repository/Front Page Objects/header' is present

2018-05-09 12:23:43 - [TEST_STEP][PASSED] - verifyElementPresent: Object 'Object Repository/Front Page Objects/p_header_description' is present

2018-05-09 12:23:43 - [MESSAGE][WARNING] - Timeout '0' is invalid. Using default page load timeout: '30'

2018-05-09 12:23:43 - [MESSAGE][PASSED] - Object 'Object Repository/Front Page Objects/p_header_description' is present

2018-05-09 12:23:43 - [TEST_STEP][PASSED] - verifyElementPresent: Object 'Object Repository/Front Page Objects/h2_Login' is present

2018-05-09 12:23:43 - [MESSAGE][WARNING] - Timeout '0' is invalid. Using default page load timeout: '30'

2018-05-09 12:23:43 - [MESSAGE][PASSED] - Object 'Object Repository/Front Page Objects/h2_Login' is present

2018-05-09 12:23:43 - [TEST_STEP][PASSED] - verifyElementPresent: Object 'Object Repository/Login Objects /label_Username' is present

2018-05-09 12:23:43 - [MESSAGE][WARNING] - Timeout '0' is invalid. Using default page load timeout: '30'

2018-05-09 12:23:43 - [MESSAGE][PASSED] - Object 'Object Repository/Login Objects /label_Username' is present

2018-05-09 12:23:43 - [TEST_STEP][PASSED] - verifyElementPresent: Object 'Object Repository/Login Objects /label_Password' is present

2018-05-09 12:23:43 - [MESSAGE][WARNING] - Timeout '0' is invalid. Using default page load timeout: '30'

2018-05-09 12:23:43 - [MESSAGE][PASSED] - Object 'Object Repository/Login Objects /label_Password' is present

2018-05-09 12:23:43 - [TEST_STEP][PASSED] - verifyElementPresent: Object 'Object Repository/Login Objects /div_Login' is present

2018-05-09 12:23:43 - [MESSAGE][WARNING] - Timeout '0' is invalid. Using default page load timeout: '30'

2018-05-09 12:23:43 - [MESSAGE][PASSED] - Object 'Object Repository/Login Objects /div_Login' is present

2018-05-09 12:23:43 - [TEST_STEP][PASSED] - setText: Text 'hello' is set on object 'Object Repository/Login Objects /input_username'

2018-05-09 12:23:43 - [MESSAGE][PASSED] - Text 'hello' is set on object 'Object Repository/Login Objects /input_username'

2018-05-09 12:23:43 - [TEST_STEP][PASSED] - setText: Text 'hello' is set on object 'Object Repository/Login Objects /input_password'

2018-05-09 12:23:44 - [MESSAGE][PASSED] - Text 'hello' is set on object 'Object Repository/Login Objects /input_password'

2018-05-09 12:23:44 - [TEST_STEP][PASSED] - click: Object: 'Object Repository/Login Objects /button_Login' is clicked on

2018-05-09 12:23:44 - [MESSAGE][PASSED] - Object: 'Object Repository/Login Objects /button_Login' is clicked on

2018-05-09 12:23:44 - [TEST_STEP][PASSED] - verifyElementPresent: Object 'Object Repository/Front Page Objects/div_add to cart' is present

2018-05-09 12:23:44 - [MESSAGE][WARNING] - Timeout '0' is invalid. Using default page load timeout: '30'

2018-05-09 12:23:45 - [MESSAGE][PASSED] - Object 'Object Repository/Front Page Objects/div_add to cart' is present

2018-05-09 12:23:45 - [TEST_STEP][PASSED] - verifyElementPresent: Object 'Object Repository/h5_Garden' is present

2018-05-09 12:23:45 - [MESSAGE][WARNING] - Timeout '0' is invalid. Using default page load timeout: '30'

2018-05-09 12:23:45 - [MESSAGE][PASSED] - Object 'Object Repository/h5_Garden' is present

2018-05-09 12:23:45 - [TEST_STEP][PASSED] - verifyElementPresent: Object 'Object Repository/div_add to cart' is present

2018-05-09 12:23:45 - [MESSAGE][WARNING] - Timeout '0' is invalid. Using default page load timeout: '30'

2018-05-09 12:23:45 - [MESSAGE][PASSED] - Object 'Object Repository/div_add to cart' is present

2018-05-09 12:23:45 - [TEST_STEP][PASSED] - click: Object: 'Object Repository/button_add to cart' is clicked on

2018-05-09 12:23:45 - [MESSAGE][PASSED] - Object: 'Object Repository/button_add to cart' is clicked on

2018-05-09 12:23:45 - [TEST_STEP][PASSED] - verifyElementPresent: Object 'Object Repository/div_already added' is present

2018-05-09 12:23:45 - [MESSAGE][WARNING] - Timeout '0' is invalid. Using default page load timeout: '30'

2018-05-09 12:23:45 - [MESSAGE][PASSED] - Object 'Object Repository/div_already added' is present

2018-05-09 12:23:45 - [TEST_STEP][PASSED] - verifyElementPresent: Object 'Object Repository/h5_Banana' is present

2018-05-09 12:23:45 - [MESSAGE][WARNING] - Timeout '0' is invalid. Using default page load timeout: '30'

2018-05-09 12:23:46 - [MESSAGE][PASSED] - Object 'Object Repository/h5_Banana' is present

2018-05-09 12:23:46 - [TEST_STEP][PASSED] - verifyElementPresent: Object 'Object Repository/div_add to cart' is present

2018-05-09 12:23:46 - [MESSAGE][WARNING] - Timeout '0' is invalid. Using default page load timeout: '30'

2018-05-09 12:23:46 - [MESSAGE][PASSED] - Object 'Object Repository/div_add to cart' is present

2018-05-09 12:23:46 - [TEST_STEP][PASSED] - click: Object: 'Object Repository/button_add to cart' is clicked on

2018-05-09 12:23:46 - [MESSAGE][PASSED] - Object: 'Object Repository/button_add to cart' is clicked on

2018-05-09 12:23:46 - [TEST_STEP][PASSED] - verifyElementPresent: Object 'Object Repository/div_already added' is present

2018-05-09 12:23:46 - [MESSAGE][WARNING] - Timeout '0' is invalid. Using default page load timeout: '30'

2018-05-09 12:23:46 - [MESSAGE][PASSED] - Object 'Object Repository/div_already added' is present

2018-05-09 12:23:46 - [TEST_STEP][PASSED] - verifyElementPresent: Object 'Object Repository/div_Products' is present

2018-05-09 12:23:46 - [MESSAGE][WARNING] - Timeout '0' is invalid. Using default page load timeout: '30'

2018-05-09 12:23:46 - [MESSAGE][PASSED] - Object 'Object Repository/div_Products' is present

2018-05-09 12:23:46 - [TEST_STEP][PASSED] - click: Object: 'Object Repository/a_Carts            2' is clicked on

2018-05-09 12:23:46 - [MESSAGE][PASSED] - Object: 'Object Repository/a_Carts            2' is clicked on

2018-05-09 12:23:46 - [TEST_STEP][PASSED] - verifyElementPresent: Object 'Object Repository/div_Shopping Cart' is present

2018-05-09 12:23:46 - [MESSAGE][WARNING] - Timeout '0' is invalid. Using default page load timeout: '30'

2018-05-09 12:23:46 - [MESSAGE][PASSED] - Object 'Object Repository/div_Shopping Cart' is present

2018-05-09 12:23:46 - [TEST_STEP][PASSED] - verifyElementPresent: Object 'Object Repository/td_Garden' is present

2018-05-09 12:23:46 - [MESSAGE][WARNING] - Timeout '0' is invalid. Using default page load timeout: '30'

2018-05-09 12:23:46 - [MESSAGE][PASSED] - Object 'Object Repository/td_Garden' is present

2018-05-09 12:23:46 - [TEST_STEP][PASSED] - verifyElementPresent: Object 'Object Repository/td_20000 THB' is present

2018-05-09 12:23:46 - [MESSAGE][WARNING] - Timeout '0' is invalid. Using default page load timeout: '30'

2018-05-09 12:23:46 - [MESSAGE][PASSED] - Object 'Object Repository/td_20000 THB' is present

2018-05-09 12:23:46 - [TEST_STEP][PASSED] - verifyElementPresent: Object 'Object Repository/div_col-4 center-block' is present

2018-05-09 12:23:46 - [MESSAGE][WARNING] - Timeout '0' is invalid. Using default page load timeout: '30'

2018-05-09 12:23:46 - [MESSAGE][PASSED] - Object 'Object Repository/div_col-4 center-block' is present

2018-05-09 12:23:46 - [TEST_STEP][PASSED] - verifyElementPresent: Object 'Object Repository/td_Banana' is present

2018-05-09 12:23:46 - [MESSAGE][WARNING] - Timeout '0' is invalid. Using default page load timeout: '30'

2018-05-09 12:23:46 - [MESSAGE][PASSED] - Object 'Object Repository/td_Banana' is present

2018-05-09 12:23:46 - [TEST_STEP][PASSED] - verifyElementPresent: Object 'Object Repository/td_150 THB' is present

2018-05-09 12:23:46 - [MESSAGE][WARNING] - Timeout '0' is invalid. Using default page load timeout: '30'

2018-05-09 12:23:46 - [MESSAGE][PASSED] - Object 'Object Repository/td_150 THB' is present

2018-05-09 12:23:46 - [TEST_STEP][PASSED] - verifyElementPresent: Object 'Object Repository/div_col-4 center-block_1' is present

2018-05-09 12:23:46 - [MESSAGE][WARNING] - Timeout '0' is invalid. Using default page load timeout: '30'

2018-05-09 12:23:46 - [MESSAGE][PASSED] - Object 'Object Repository/div_col-4 center-block_1' is present

2018-05-09 12:23:46 - [TEST_STEP][PASSED] - verifyElementPresent: Object 'Object Repository/p_Total price  20150 THB' is present

2018-05-09 12:23:46 - [MESSAGE][WARNING] - Timeout '0' is invalid. Using default page load timeout: '30'

2018-05-09 12:23:46 - [MESSAGE][PASSED] - Object 'Object Repository/p_Total price  20150 THB' is present

2018-05-09 12:23:46 - [TEST_STEP][PASSED] - click: Object: 'Object Repository/Login Objects /button_confirm' is clicked on

2018-05-09 12:23:46 - [MESSAGE][PASSED] - Object: 'Object Repository/Login Objects /button_confirm' is clicked on

2018-05-09 12:23:46 - [TEST_STEP][PASSED] - acceptAlert: Alert accepted

2018-05-09 12:23:46 - [MESSAGE][PASSED] - Alert accepted

2018-05-09 12:23:46 - [TEST_STEP][PASSED] - openBrowser: Browser is opened with url: ''

2018-05-09 12:23:46 - [MESSAGE][WARNING] - A browser is already opened. Closing browser and opening a new one

2018-05-09 12:23:47 - [MESSAGE][PASSED] - Browser is opened with url: ''

2018-05-09 12:23:47 - [TEST_STEP][PASSED] - navigateToUrl: Navigate to 'http://34.209.48.20:9089/' successfully

2018-05-09 12:23:57 - [MESSAGE][PASSED] - Navigate to 'http://34.209.48.20:9089/' successfully

2018-05-09 12:23:57 - [TEST_STEP][PASSED] - verifyElementPresent: Object 'Object Repository/Front Page Objects/header' is present

2018-05-09 12:23:57 - [MESSAGE][WARNING] - Timeout '0' is invalid. Using default page load timeout: '30'

2018-05-09 12:23:57 - [MESSAGE][PASSED] - Object 'Object Repository/Front Page Objects/header' is present

2018-05-09 12:23:57 - [TEST_STEP][PASSED] - verifyElementPresent: Object 'Object Repository/Front Page Objects/p_header_description' is present

2018-05-09 12:23:57 - [MESSAGE][WARNING] - Timeout '0' is invalid. Using default page load timeout: '30'

2018-05-09 12:23:57 - [MESSAGE][PASSED] - Object 'Object Repository/Front Page Objects/p_header_description' is present

2018-05-09 12:23:57 - [TEST_STEP][PASSED] - verifyElementPresent: Object 'Object Repository/Front Page Objects/h2_Login' is present

2018-05-09 12:23:57 - [MESSAGE][WARNING] - Timeout '0' is invalid. Using default page load timeout: '30'

2018-05-09 12:23:57 - [MESSAGE][PASSED] - Object 'Object Repository/Front Page Objects/h2_Login' is present

2018-05-09 12:23:57 - [TEST_STEP][PASSED] - verifyElementPresent: Object 'Object Repository/Login Objects /div_Username' is present

2018-05-09 12:23:57 - [MESSAGE][WARNING] - Timeout '0' is invalid. Using default page load timeout: '30'

2018-05-09 12:23:57 - [MESSAGE][PASSED] - Object 'Object Repository/Login Objects /div_Username' is present

2018-05-09 12:23:57 - [TEST_STEP][PASSED] - verifyElementPresent: Object 'Object Repository/Login Objects /div_Password' is present

2018-05-09 12:23:57 - [MESSAGE][WARNING] - Timeout '0' is invalid. Using default page load timeout: '30'

2018-05-09 12:23:57 - [MESSAGE][PASSED] - Object 'Object Repository/Login Objects /div_Password' is present

2018-05-09 12:23:57 - [TEST_STEP][PASSED] - verifyElementPresent: Object 'Object Repository/Login Objects /div_Login' is present

2018-05-09 12:23:57 - [MESSAGE][WARNING] - Timeout '0' is invalid. Using default page load timeout: '30'

2018-05-09 12:23:57 - [MESSAGE][PASSED] - Object 'Object Repository/Login Objects /div_Login' is present

2018-05-09 12:23:57 - [TEST_STEP][PASSED] - setText: Text 'admin' is set on object 'Object Repository/Login Objects /input_username'

2018-05-09 12:23:58 - [MESSAGE][PASSED] - Text 'admin' is set on object 'Object Repository/Login Objects /input_username'

2018-05-09 12:23:58 - [TEST_STEP][PASSED] - setText: Text 'admin' is set on object 'Object Repository/Login Objects /input_password'

2018-05-09 12:23:58 - [MESSAGE][PASSED] - Text 'admin' is set on object 'Object Repository/Login Objects /input_password'

2018-05-09 12:23:58 - [TEST_STEP][PASSED] - click: Object: 'Object Repository/Login Objects /button_Login' is clicked on

2018-05-09 12:23:58 - [MESSAGE][PASSED] - Object: 'Object Repository/Login Objects /button_Login' is clicked on

2018-05-09 12:23:58 - [TEST_STEP][PASSED] - verifyElementPresent: Object 'Object Repository/Front Page Objects/div_Products' is present

2018-05-09 12:23:58 - [MESSAGE][WARNING] - Timeout '0' is invalid. Using default page load timeout: '30'

2018-05-09 12:23:59 - [MESSAGE][PASSED] - Object 'Object Repository/Front Page Objects/div_Products' is present

2018-05-09 12:23:59 - [TEST_STEP][PASSED] - click: Object: 'Object Repository/Front Page Objects/a_Total Transaction' is clicked on

2018-05-09 12:23:59 - [MESSAGE][PASSED] - Object: 'Object Repository/Front Page Objects/a_Total Transaction' is clicked on

2018-05-09 12:23:59 - [TEST_STEP][PASSED] - verifyElementPresent: Object 'Object Repository/Front Page Objects/div_Transaction List' is present

2018-05-09 12:23:59 - [MESSAGE][WARNING] - Timeout '0' is invalid. Using default page load timeout: '30'

2018-05-09 12:23:59 - [MESSAGE][PASSED] - Object 'Object Repository/Front Page Objects/div_Transaction List' is present

2018-05-09 12:23:59 - [TEST_STEP][PASSED] - verifyElementPresent: Object 'Object Repository/Product Objects/td_Garden Banana' is present

2018-05-09 12:23:59 - [MESSAGE][WARNING] - Timeout '0' is invalid. Using default page load timeout: '30'

2018-05-09 12:24:00 - [MESSAGE][PASSED] - Object 'Object Repository/Product Objects/td_Garden Banana' is present

2018-05-09 12:24:00 - [TEST_STEP][PASSED] - verifyElementPresent: Object 'Object Repository/Product Objects/td_20150 THB' is present

2018-05-09 12:24:00 - [MESSAGE][WARNING] - Timeout '0' is invalid. Using default page load timeout: '30'

2018-05-09 12:24:00 - [MESSAGE][PASSED] - Object 'Object Repository/Product Objects/td_20150 THB' is present

2018-05-09 12:24:00 - [TEST_STEP][PASSED] - closeBrowser: Browser is closed

2018-05-09 12:24:00 - [MESSAGE][PASSED] - Browser is closed]]></system-out>
         <system-err><![CDATA[]]></system-err>
      </testcase>
      <testcase name="Test Cases/Admin summary page " classname="Test Cases/Admin summary page " status="PASSED">
         <system-out><![CDATA[2018-05-09 12:24:00 - [TEST_CASE][PASSED] - Test Cases/Admin summary page : Test Cases/Admin summary page 

2018-05-09 12:24:00 - [TEST_STEP][PASSED] - openBrowser: Browser is opened with url: ''

2018-05-09 12:24:01 - [MESSAGE][PASSED] - Browser is opened with url: ''

2018-05-09 12:24:01 - [TEST_STEP][PASSED] - navigateToUrl: Navigate to 'http://34.209.48.20:9089/' successfully

2018-05-09 12:24:11 - [MESSAGE][PASSED] - Navigate to 'http://34.209.48.20:9089/' successfully

2018-05-09 12:24:11 - [TEST_STEP][PASSED] - verifyElementPresent: Object 'Object Repository/Front Page Objects/header' is present

2018-05-09 12:24:11 - [MESSAGE][WARNING] - Timeout '0' is invalid. Using default page load timeout: '30'

2018-05-09 12:24:11 - [MESSAGE][PASSED] - Object 'Object Repository/Front Page Objects/header' is present

2018-05-09 12:24:11 - [TEST_STEP][PASSED] - verifyElementPresent: Object 'Object Repository/Front Page Objects/p_header_description' is present

2018-05-09 12:24:11 - [MESSAGE][WARNING] - Timeout '0' is invalid. Using default page load timeout: '30'

2018-05-09 12:24:11 - [MESSAGE][PASSED] - Object 'Object Repository/Front Page Objects/p_header_description' is present

2018-05-09 12:24:11 - [TEST_STEP][PASSED] - verifyElementPresent: Object 'Object Repository/Front Page Objects/h2_Login' is present

2018-05-09 12:24:11 - [MESSAGE][WARNING] - Timeout '0' is invalid. Using default page load timeout: '30'

2018-05-09 12:24:11 - [MESSAGE][PASSED] - Object 'Object Repository/Front Page Objects/h2_Login' is present

2018-05-09 12:24:11 - [TEST_STEP][PASSED] - verifyElementPresent: Object 'Object Repository/Login Objects /div_Username' is present

2018-05-09 12:24:11 - [MESSAGE][WARNING] - Timeout '0' is invalid. Using default page load timeout: '30'

2018-05-09 12:24:11 - [MESSAGE][PASSED] - Object 'Object Repository/Login Objects /div_Username' is present

2018-05-09 12:24:11 - [TEST_STEP][PASSED] - verifyElementPresent: Object 'Object Repository/Login Objects /div_Password' is present

2018-05-09 12:24:11 - [MESSAGE][WARNING] - Timeout '0' is invalid. Using default page load timeout: '30'

2018-05-09 12:24:11 - [MESSAGE][PASSED] - Object 'Object Repository/Login Objects /div_Password' is present

2018-05-09 12:24:11 - [TEST_STEP][PASSED] - verifyElementPresent: Object 'Object Repository/Login Objects /div_Login' is present

2018-05-09 12:24:11 - [MESSAGE][WARNING] - Timeout '0' is invalid. Using default page load timeout: '30'

2018-05-09 12:24:11 - [MESSAGE][PASSED] - Object 'Object Repository/Login Objects /div_Login' is present

2018-05-09 12:24:11 - [TEST_STEP][PASSED] - setText: Text 'admin' is set on object 'Object Repository/Login Objects /input_username'

2018-05-09 12:24:11 - [MESSAGE][PASSED] - Text 'admin' is set on object 'Object Repository/Login Objects /input_username'

2018-05-09 12:24:11 - [TEST_STEP][PASSED] - setText: Text 'admin' is set on object 'Object Repository/Login Objects /input_password'

2018-05-09 12:24:11 - [MESSAGE][PASSED] - Text 'admin' is set on object 'Object Repository/Login Objects /input_password'

2018-05-09 12:24:11 - [TEST_STEP][PASSED] - click: Object: 'Object Repository/Login Objects /button_Login' is clicked on

2018-05-09 12:24:11 - [MESSAGE][PASSED] - Object: 'Object Repository/Login Objects /button_Login' is clicked on

2018-05-09 12:24:11 - [TEST_STEP][PASSED] - verifyElementPresent: Object 'Object Repository/Front Page Objects/div_Products' is present

2018-05-09 12:24:11 - [MESSAGE][WARNING] - Timeout '0' is invalid. Using default page load timeout: '30'

2018-05-09 12:24:13 - [MESSAGE][PASSED] - Object 'Object Repository/Front Page Objects/div_Products' is present

2018-05-09 12:24:13 - [TEST_STEP][PASSED] - click: Object: 'Object Repository/Front Page Objects/a_Total Transaction' is clicked on

2018-05-09 12:24:13 - [MESSAGE][PASSED] - Object: 'Object Repository/Front Page Objects/a_Total Transaction' is clicked on

2018-05-09 12:24:13 - [TEST_STEP][PASSED] - verifyElementPresent: Object 'Object Repository/Front Page Objects/div_Transaction List' is present

2018-05-09 12:24:13 - [MESSAGE][WARNING] - Timeout '0' is invalid. Using default page load timeout: '30'

2018-05-09 12:24:13 - [MESSAGE][PASSED] - Object 'Object Repository/Front Page Objects/div_Transaction List' is present

2018-05-09 12:24:13 - [TEST_STEP][PASSED] - verifyElementPresent: Object 'Object Repository/Admin Summary/th_Transaction ID' is present

2018-05-09 12:24:13 - [MESSAGE][WARNING] - Timeout '0' is invalid. Using default page load timeout: '30'

2018-05-09 12:24:13 - [MESSAGE][PASSED] - Object 'Object Repository/Admin Summary/th_Transaction ID' is present

2018-05-09 12:24:13 - [TEST_STEP][PASSED] - verifyElementPresent: Object 'Object Repository/Admin Summary/th_Products' is present

2018-05-09 12:24:13 - [MESSAGE][WARNING] - Timeout '0' is invalid. Using default page load timeout: '30'

2018-05-09 12:24:13 - [MESSAGE][PASSED] - Object 'Object Repository/Admin Summary/th_Products' is present

2018-05-09 12:24:13 - [TEST_STEP][PASSED] - verifyElementPresent: Object 'Object Repository/Admin Summary/th_1' is present

2018-05-09 12:24:13 - [MESSAGE][WARNING] - Timeout '0' is invalid. Using default page load timeout: '30'

2018-05-09 12:24:13 - [MESSAGE][PASSED] - Object 'Object Repository/Admin Summary/th_1' is present

2018-05-09 12:24:13 - [TEST_STEP][PASSED] - verifyElementPresent: Object 'Object Repository/Admin Summary/td_1' is present

2018-05-09 12:24:13 - [MESSAGE][WARNING] - Timeout '0' is invalid. Using default page load timeout: '30'

2018-05-09 12:24:13 - [MESSAGE][PASSED] - Object 'Object Repository/Admin Summary/td_1' is present

2018-05-09 12:24:13 - [TEST_STEP][PASSED] - verifyElementPresent: Object 'Object Repository/Admin Summary/td_Garden Papaya' is present

2018-05-09 12:24:13 - [MESSAGE][WARNING] - Timeout '0' is invalid. Using default page load timeout: '30'

2018-05-09 12:24:13 - [MESSAGE][PASSED] - Object 'Object Repository/Admin Summary/td_Garden Papaya' is present

2018-05-09 12:24:13 - [TEST_STEP][PASSED] - verifyElementPresent: Object 'Object Repository/Admin Summary/td_20120 THB' is present

2018-05-09 12:24:13 - [MESSAGE][WARNING] - Timeout '0' is invalid. Using default page load timeout: '30'

2018-05-09 12:24:13 - [MESSAGE][PASSED] - Object 'Object Repository/Admin Summary/td_20120 THB' is present

2018-05-09 12:24:13 - [TEST_STEP][PASSED] - verifyElementPresent: Object 'Object Repository/Admin Summary/th_2' is present

2018-05-09 12:24:13 - [MESSAGE][WARNING] - Timeout '0' is invalid. Using default page load timeout: '30'

2018-05-09 12:24:13 - [MESSAGE][PASSED] - Object 'Object Repository/Admin Summary/th_2' is present

2018-05-09 12:24:13 - [TEST_STEP][PASSED] - verifyElementPresent: Object 'Object Repository/Admin Summary/td_2' is present

2018-05-09 12:24:13 - [MESSAGE][WARNING] - Timeout '0' is invalid. Using default page load timeout: '30'

2018-05-09 12:24:13 - [MESSAGE][PASSED] - Object 'Object Repository/Admin Summary/td_2' is present

2018-05-09 12:24:13 - [TEST_STEP][PASSED] - verifyElementPresent: Object 'Object Repository/Admin Summary/td_Banana Garden Banana Rambut' is present

2018-05-09 12:24:13 - [MESSAGE][WARNING] - Timeout '0' is invalid. Using default page load timeout: '30'

2018-05-09 12:24:13 - [MESSAGE][PASSED] - Object 'Object Repository/Admin Summary/td_Banana Garden Banana Rambut' is present

2018-05-09 12:24:13 - [TEST_STEP][PASSED] - verifyElementPresent: Object 'Object Repository/Admin Summary/td_60570 THB' is present

2018-05-09 12:24:13 - [MESSAGE][WARNING] - Timeout '0' is invalid. Using default page load timeout: '30'

2018-05-09 12:24:13 - [MESSAGE][PASSED] - Object 'Object Repository/Admin Summary/td_60570 THB' is present

2018-05-09 12:24:13 - [TEST_STEP][PASSED] - verifyElementPresent: Object 'Object Repository/Admin Summary/strong_Total price' is present

2018-05-09 12:24:13 - [MESSAGE][WARNING] - Timeout '0' is invalid. Using default page load timeout: '30'

2018-05-09 12:24:13 - [MESSAGE][PASSED] - Object 'Object Repository/Admin Summary/strong_Total price' is present

2018-05-09 12:24:13 - [TEST_STEP][PASSED] - closeBrowser: Browser is closed

2018-05-09 12:24:13 - [MESSAGE][PASSED] - Browser is closed]]></system-out>
         <system-err><![CDATA[]]></system-err>
      </testcase>
      <system-out><![CDATA[2018-05-09 12:18:31 - [TEST_SUITE][PASSED] - Data-Driven Tests Suite: Test Cases/Admin summary page]]></system-out>
      <system-err><![CDATA[]]></system-err>
   </testsuite>
</testsuites>
