<?xml version="1.0" encoding="UTF-8"?>
<testsuites name="All Test Cases" time="34" tests="2" failures="0" errors="0">
   <testsuite name="All Test Cases" tests="2" failures="0" errors="0" time="34" timestamp="2018-05-09 01:22:42" hostname="snailwalker - 192.168.0.101" id="Test Suites/All Test Cases">
      <properties>
         <property name="deviceName" value=""/>
         <property name="devicePlatform" value=""/>
         <property name="logFolder" value="/Users/snailwalker/Documents/workspace/backend/katalon/Reports/All Test Cases/20180509_012240"/>
         <property name="logFiles" value="/Users/snailwalker/Documents/workspace/backend/katalon/Reports/All Test Cases/20180509_012240/execution0.log"/>
         <property name="attachments" value=""/>
         <property name="hostName" value="snailwalker - 192.168.0.101"/>
         <property name="os" value="Mac OS X 64bit"/>
         <property name="katalonVersion" value="5.4.1.1"/>
         <property name="browser" value="Chrome 66.0.3359.139"/>
         <property name="hostAddress" value="192.168.0.101"/>
         <property name="sessionId" value="d2034c65e161f82550fdad1f8be9a557"/>
         <property name="seleniumVersion" value="3.7.1"/>
         <property name="proxyInformation" value="ProxyInformation{proxyOption=NO_PROXY, proxyServerType=HTTP, password=, proxyServerAddress=, proxyServerPort=0}"/>
         <property name="platform" value="Mac OS X"/>
      </properties>
      <testcase name="Test Cases/Test Available Products for Users - Scripted" classname="Test Cases/Test Available Products for Users - Scripted" status="PASSED">
         <system-out><![CDATA[2018-05-09 01:22:42 - [TEST_CASE][PASSED] - Test Cases/Test Available Products for Users - Scripted: Test Cases/Test Available Products for Users - Scripted

2018-05-09 01:22:43 - [TEST_STEP][PASSED] - Statement - prod = ["productId":"", "name":"", "description":"", "imageLocation":"", "price":""]: null

2018-05-09 01:22:43 - [TEST_STEP][PASSED] - Statement - data = com.kms.katalon.core.testdata.TestDataFactory.findTestData("Data Files/data.product"): Reading excel file with source file '/Users/snailwalker/Desktop/transaction.xlsx' and sheet name 'product'

2018-05-09 01:22:44 - [TEST_STEP][PASSED] - openBrowser: Browser is opened with url: ''

2018-05-09 01:22:46 - [MESSAGE][PASSED] - Browser is opened with url: ''

2018-05-09 01:22:46 - [TEST_STEP][PASSED] - navigateToUrl: Navigate to 'http://34.209.48.20:9089/' successfully

2018-05-09 01:22:58 - [MESSAGE][PASSED] - Navigate to 'http://34.209.48.20:9089/' successfully

2018-05-09 01:22:58 - [TEST_STEP][PASSED] - verifyElementPresent: Object 'Object Repository/all_Objects/header' is present

2018-05-09 01:22:58 - [MESSAGE][WARNING] - Timeout '0' is invalid. Using default page load timeout: '30'

2018-05-09 01:22:58 - [MESSAGE][PASSED] - Object 'Object Repository/all_Objects/header' is present

2018-05-09 01:22:58 - [TEST_STEP][PASSED] - verifyElementPresent: Object 'Object Repository/all_Objects/p_header_description' is present

2018-05-09 01:22:58 - [MESSAGE][WARNING] - Timeout '0' is invalid. Using default page load timeout: '30'

2018-05-09 01:22:58 - [MESSAGE][PASSED] - Object 'Object Repository/all_Objects/p_header_description' is present

2018-05-09 01:22:58 - [TEST_STEP][PASSED] - verifyElementPresent: Object 'Object Repository/all_Objects/h2_Login' is present

2018-05-09 01:22:58 - [MESSAGE][WARNING] - Timeout '0' is invalid. Using default page load timeout: '30'

2018-05-09 01:22:58 - [MESSAGE][PASSED] - Object 'Object Repository/all_Objects/h2_Login' is present

2018-05-09 01:22:58 - [TEST_STEP][PASSED] - verifyElementPresent: Object 'Object Repository/all_Objects/label_Username' is present

2018-05-09 01:22:58 - [MESSAGE][WARNING] - Timeout '0' is invalid. Using default page load timeout: '30'

2018-05-09 01:22:58 - [MESSAGE][PASSED] - Object 'Object Repository/all_Objects/label_Username' is present

2018-05-09 01:22:58 - [TEST_STEP][PASSED] - verifyElementPresent: Object 'Object Repository/all_Objects/label_Password' is present

2018-05-09 01:22:58 - [MESSAGE][WARNING] - Timeout '0' is invalid. Using default page load timeout: '30'

2018-05-09 01:22:58 - [MESSAGE][PASSED] - Object 'Object Repository/all_Objects/label_Password' is present

2018-05-09 01:22:58 - [TEST_STEP][PASSED] - click: Object: 'Object Repository/all_Objects/h2_Login' is clicked on

2018-05-09 01:22:58 - [MESSAGE][PASSED] - Object: 'Object Repository/all_Objects/h2_Login' is clicked on

2018-05-09 01:22:58 - [TEST_STEP][PASSED] - setText: Text 'user' is set on object 'Object Repository/all_Objects/input_username'

2018-05-09 01:22:58 - [MESSAGE][PASSED] - Text 'user' is set on object 'Object Repository/all_Objects/input_username'

2018-05-09 01:22:58 - [TEST_STEP][PASSED] - setText: Text 'user' is set on object 'Object Repository/all_Objects/input_password'

2018-05-09 01:22:59 - [MESSAGE][PASSED] - Text 'user' is set on object 'Object Repository/all_Objects/input_password'

2018-05-09 01:22:59 - [TEST_STEP][PASSED] - click: Object: 'Object Repository/all_Objects/button_Login' is clicked on

2018-05-09 01:22:59 - [MESSAGE][PASSED] - Object: 'Object Repository/all_Objects/button_Login' is clicked on

2018-05-09 01:22:59 - [TEST_STEP][PASSED] - verifyElementText: Actual text and expected text of test object 'Object Repository/all_Objects/h5_Garden' are matched.

2018-05-09 01:23:00 - [MESSAGE][PASSED] - Actual text and expected text of test object 'Object Repository/all_Objects/h5_Garden' are matched.

2018-05-09 01:23:00 - [TEST_STEP][PASSED] - verifyElementText: Actual text and expected text of test object 'Object Repository/all_Objects/p_The garden which you can gro' are matched.

2018-05-09 01:23:00 - [MESSAGE][PASSED] - Actual text and expected text of test object 'Object Repository/all_Objects/p_The garden which you can gro' are matched.

2018-05-09 01:23:00 - [TEST_STEP][PASSED] - verifyElementText: Actual text and expected text of test object 'Object Repository/all_Objects/h6_Price is 20000.00 THB' are matched.

2018-05-09 01:23:00 - [MESSAGE][PASSED] - Actual text and expected text of test object 'Object Repository/all_Objects/h6_Price is 20000.00 THB' are matched.

2018-05-09 01:23:00 - [TEST_STEP][PASSED] - verifyElementText: Actual text and expected text of test object 'Object Repository/all_Objects/h5_Banana' are matched.

2018-05-09 01:23:00 - [MESSAGE][PASSED] - Actual text and expected text of test object 'Object Repository/all_Objects/h5_Banana' are matched.

2018-05-09 01:23:00 - [TEST_STEP][PASSED] - verifyElementText: Actual text and expected text of test object 'Object Repository/all_Objects/p_A good fruit with very cheap' are matched.

2018-05-09 01:23:00 - [MESSAGE][PASSED] - Actual text and expected text of test object 'Object Repository/all_Objects/p_A good fruit with very cheap' are matched.

2018-05-09 01:23:00 - [TEST_STEP][PASSED] - verifyElementText: Actual text and expected text of test object 'Object Repository/all_Objects/h6_Price is 150.00 THB' are matched.

2018-05-09 01:23:00 - [MESSAGE][PASSED] - Actual text and expected text of test object 'Object Repository/all_Objects/h6_Price is 150.00 THB' are matched.

2018-05-09 01:23:00 - [TEST_STEP][PASSED] - verifyElementText: Actual text and expected text of test object 'Object Repository/all_Objects/h5_Orange' are matched.

2018-05-09 01:23:00 - [MESSAGE][PASSED] - Actual text and expected text of test object 'Object Repository/all_Objects/h5_Orange' are matched.

2018-05-09 01:23:00 - [TEST_STEP][PASSED] - verifyElementText: Actual text and expected text of test object 'Object Repository/all_Objects/p_Nothing good about it' are matched.

2018-05-09 01:23:00 - [MESSAGE][PASSED] - Actual text and expected text of test object 'Object Repository/all_Objects/p_Nothing good about it' are matched.

2018-05-09 01:23:00 - [TEST_STEP][PASSED] - verifyElementText: Actual text and expected text of test object 'Object Repository/all_Objects/h6_Price is 280.00 THB' are matched.

2018-05-09 01:23:00 - [MESSAGE][PASSED] - Actual text and expected text of test object 'Object Repository/all_Objects/h6_Price is 280.00 THB' are matched.

2018-05-09 01:23:00 - [TEST_STEP][PASSED] - verifyElementText: Actual text and expected text of test object 'Object Repository/all_Objects/h5_Papaya' are matched.

2018-05-09 01:23:00 - [MESSAGE][PASSED] - Actual text and expected text of test object 'Object Repository/all_Objects/h5_Papaya' are matched.

2018-05-09 01:23:00 - [TEST_STEP][PASSED] - verifyElementText: Actual text and expected text of test object 'Object Repository/all_Objects/p_Use for papaya salad' are matched.

2018-05-09 01:23:00 - [MESSAGE][PASSED] - Actual text and expected text of test object 'Object Repository/all_Objects/p_Use for papaya salad' are matched.

2018-05-09 01:23:00 - [TEST_STEP][PASSED] - verifyElementText: Actual text and expected text of test object 'Object Repository/all_Objects/h6_Price is 12.00 THB' are matched.

2018-05-09 01:23:00 - [MESSAGE][PASSED] - Actual text and expected text of test object 'Object Repository/all_Objects/h6_Price is 12.00 THB' are matched.

2018-05-09 01:23:00 - [TEST_STEP][PASSED] - verifyElementText: Actual text and expected text of test object 'Object Repository/all_Objects/h5_Rambutan' are matched.

2018-05-09 01:23:00 - [MESSAGE][PASSED] - Actual text and expected text of test object 'Object Repository/all_Objects/h5_Rambutan' are matched.

2018-05-09 01:23:00 - [TEST_STEP][PASSED] - verifyElementText: Actual text and expected text of test object 'Object Repository/all_Objects/p_An expensive fruit from the' are matched.

2018-05-09 01:23:00 - [MESSAGE][PASSED] - Actual text and expected text of test object 'Object Repository/all_Objects/p_An expensive fruit from the' are matched.

2018-05-09 01:23:00 - [TEST_STEP][PASSED] - verifyElementText: Actual text and expected text of test object 'Object Repository/all_Objects/h6_Price is 20.00 THB' are matched.

2018-05-09 01:23:01 - [MESSAGE][PASSED] - Actual text and expected text of test object 'Object Repository/all_Objects/h6_Price is 20.00 THB' are matched.

2018-05-09 01:23:01 - [TEST_STEP][PASSED] - closeBrowser: Browser is closed

2018-05-09 01:23:01 - [MESSAGE][PASSED] - Browser is closed]]></system-out>
         <system-err><![CDATA[]]></system-err>
      </testcase>
      <testcase name="Test Cases/Test Available Products for Users - Scripted" classname="Test Cases/Test Available Products for Users - Scripted" status="PASSED">
         <system-out><![CDATA[2018-05-09 01:23:01 - [TEST_CASE][PASSED] - Test Cases/Test Available Products for Users - Scripted: Test Cases/Test Available Products for Users - Scripted

2018-05-09 01:23:01 - [TEST_STEP][PASSED] - Statement - prod = ["productId":"", "name":"", "description":"", "imageLocation":"", "price":""]: null

2018-05-09 01:23:01 - [TEST_STEP][PASSED] - Statement - data = com.kms.katalon.core.testdata.TestDataFactory.findTestData("Data Files/data.product"): Reading excel file with source file '/Users/snailwalker/Desktop/transaction.xlsx' and sheet name 'product'

2018-05-09 01:23:01 - [TEST_STEP][PASSED] - openBrowser: Browser is opened with url: ''

2018-05-09 01:23:02 - [MESSAGE][PASSED] - Browser is opened with url: ''

2018-05-09 01:23:02 - [TEST_STEP][PASSED] - navigateToUrl: Navigate to 'http://34.209.48.20:9089/' successfully

2018-05-09 01:23:13 - [MESSAGE][PASSED] - Navigate to 'http://34.209.48.20:9089/' successfully

2018-05-09 01:23:13 - [TEST_STEP][PASSED] - verifyElementPresent: Object 'Object Repository/all_Objects/header' is present

2018-05-09 01:23:13 - [MESSAGE][WARNING] - Timeout '0' is invalid. Using default page load timeout: '30'

2018-05-09 01:23:13 - [MESSAGE][PASSED] - Object 'Object Repository/all_Objects/header' is present

2018-05-09 01:23:13 - [TEST_STEP][PASSED] - verifyElementPresent: Object 'Object Repository/all_Objects/p_header_description' is present

2018-05-09 01:23:13 - [MESSAGE][WARNING] - Timeout '0' is invalid. Using default page load timeout: '30'

2018-05-09 01:23:13 - [MESSAGE][PASSED] - Object 'Object Repository/all_Objects/p_header_description' is present

2018-05-09 01:23:13 - [TEST_STEP][PASSED] - verifyElementPresent: Object 'Object Repository/all_Objects/h2_Login' is present

2018-05-09 01:23:13 - [MESSAGE][WARNING] - Timeout '0' is invalid. Using default page load timeout: '30'

2018-05-09 01:23:13 - [MESSAGE][PASSED] - Object 'Object Repository/all_Objects/h2_Login' is present

2018-05-09 01:23:13 - [TEST_STEP][PASSED] - verifyElementPresent: Object 'Object Repository/all_Objects/label_Username' is present

2018-05-09 01:23:13 - [MESSAGE][WARNING] - Timeout '0' is invalid. Using default page load timeout: '30'

2018-05-09 01:23:13 - [MESSAGE][PASSED] - Object 'Object Repository/all_Objects/label_Username' is present

2018-05-09 01:23:13 - [TEST_STEP][PASSED] - verifyElementPresent: Object 'Object Repository/all_Objects/label_Password' is present

2018-05-09 01:23:13 - [MESSAGE][WARNING] - Timeout '0' is invalid. Using default page load timeout: '30'

2018-05-09 01:23:13 - [MESSAGE][PASSED] - Object 'Object Repository/all_Objects/label_Password' is present

2018-05-09 01:23:13 - [TEST_STEP][PASSED] - click: Object: 'Object Repository/all_Objects/h2_Login' is clicked on

2018-05-09 01:23:13 - [MESSAGE][PASSED] - Object: 'Object Repository/all_Objects/h2_Login' is clicked on

2018-05-09 01:23:13 - [TEST_STEP][PASSED] - setText: Text 'hello' is set on object 'Object Repository/all_Objects/input_username'

2018-05-09 01:23:13 - [MESSAGE][PASSED] - Text 'hello' is set on object 'Object Repository/all_Objects/input_username'

2018-05-09 01:23:13 - [TEST_STEP][PASSED] - setText: Text 'hello' is set on object 'Object Repository/all_Objects/input_password'

2018-05-09 01:23:13 - [MESSAGE][PASSED] - Text 'hello' is set on object 'Object Repository/all_Objects/input_password'

2018-05-09 01:23:13 - [TEST_STEP][PASSED] - click: Object: 'Object Repository/all_Objects/button_Login' is clicked on

2018-05-09 01:23:13 - [MESSAGE][PASSED] - Object: 'Object Repository/all_Objects/button_Login' is clicked on

2018-05-09 01:23:13 - [TEST_STEP][PASSED] - verifyElementText: Actual text and expected text of test object 'Object Repository/all_Objects/h5_Garden' are matched.

2018-05-09 01:23:15 - [MESSAGE][PASSED] - Actual text and expected text of test object 'Object Repository/all_Objects/h5_Garden' are matched.

2018-05-09 01:23:15 - [TEST_STEP][PASSED] - verifyElementText: Actual text and expected text of test object 'Object Repository/all_Objects/p_The garden which you can gro' are matched.

2018-05-09 01:23:15 - [MESSAGE][PASSED] - Actual text and expected text of test object 'Object Repository/all_Objects/p_The garden which you can gro' are matched.

2018-05-09 01:23:15 - [TEST_STEP][PASSED] - verifyElementText: Actual text and expected text of test object 'Object Repository/all_Objects/h6_Price is 20000.00 THB' are matched.

2018-05-09 01:23:15 - [MESSAGE][PASSED] - Actual text and expected text of test object 'Object Repository/all_Objects/h6_Price is 20000.00 THB' are matched.

2018-05-09 01:23:15 - [TEST_STEP][PASSED] - verifyElementText: Actual text and expected text of test object 'Object Repository/all_Objects/h5_Banana' are matched.

2018-05-09 01:23:15 - [MESSAGE][PASSED] - Actual text and expected text of test object 'Object Repository/all_Objects/h5_Banana' are matched.

2018-05-09 01:23:15 - [TEST_STEP][PASSED] - verifyElementText: Actual text and expected text of test object 'Object Repository/all_Objects/p_A good fruit with very cheap' are matched.

2018-05-09 01:23:15 - [MESSAGE][PASSED] - Actual text and expected text of test object 'Object Repository/all_Objects/p_A good fruit with very cheap' are matched.

2018-05-09 01:23:15 - [TEST_STEP][PASSED] - verifyElementText: Actual text and expected text of test object 'Object Repository/all_Objects/h6_Price is 150.00 THB' are matched.

2018-05-09 01:23:15 - [MESSAGE][PASSED] - Actual text and expected text of test object 'Object Repository/all_Objects/h6_Price is 150.00 THB' are matched.

2018-05-09 01:23:15 - [TEST_STEP][PASSED] - verifyElementText: Actual text and expected text of test object 'Object Repository/all_Objects/h5_Orange' are matched.

2018-05-09 01:23:15 - [MESSAGE][PASSED] - Actual text and expected text of test object 'Object Repository/all_Objects/h5_Orange' are matched.

2018-05-09 01:23:15 - [TEST_STEP][PASSED] - verifyElementText: Actual text and expected text of test object 'Object Repository/all_Objects/p_Nothing good about it' are matched.

2018-05-09 01:23:15 - [MESSAGE][PASSED] - Actual text and expected text of test object 'Object Repository/all_Objects/p_Nothing good about it' are matched.

2018-05-09 01:23:15 - [TEST_STEP][PASSED] - verifyElementText: Actual text and expected text of test object 'Object Repository/all_Objects/h6_Price is 280.00 THB' are matched.

2018-05-09 01:23:15 - [MESSAGE][PASSED] - Actual text and expected text of test object 'Object Repository/all_Objects/h6_Price is 280.00 THB' are matched.

2018-05-09 01:23:15 - [TEST_STEP][PASSED] - verifyElementText: Actual text and expected text of test object 'Object Repository/all_Objects/h5_Papaya' are matched.

2018-05-09 01:23:15 - [MESSAGE][PASSED] - Actual text and expected text of test object 'Object Repository/all_Objects/h5_Papaya' are matched.

2018-05-09 01:23:15 - [TEST_STEP][PASSED] - verifyElementText: Actual text and expected text of test object 'Object Repository/all_Objects/p_Use for papaya salad' are matched.

2018-05-09 01:23:15 - [MESSAGE][PASSED] - Actual text and expected text of test object 'Object Repository/all_Objects/p_Use for papaya salad' are matched.

2018-05-09 01:23:15 - [TEST_STEP][PASSED] - verifyElementText: Actual text and expected text of test object 'Object Repository/all_Objects/h6_Price is 12.00 THB' are matched.

2018-05-09 01:23:15 - [MESSAGE][PASSED] - Actual text and expected text of test object 'Object Repository/all_Objects/h6_Price is 12.00 THB' are matched.

2018-05-09 01:23:15 - [TEST_STEP][PASSED] - verifyElementText: Actual text and expected text of test object 'Object Repository/all_Objects/h5_Rambutan' are matched.

2018-05-09 01:23:16 - [MESSAGE][PASSED] - Actual text and expected text of test object 'Object Repository/all_Objects/h5_Rambutan' are matched.

2018-05-09 01:23:16 - [TEST_STEP][PASSED] - verifyElementText: Actual text and expected text of test object 'Object Repository/all_Objects/p_An expensive fruit from the' are matched.

2018-05-09 01:23:16 - [MESSAGE][PASSED] - Actual text and expected text of test object 'Object Repository/all_Objects/p_An expensive fruit from the' are matched.

2018-05-09 01:23:16 - [TEST_STEP][PASSED] - verifyElementText: Actual text and expected text of test object 'Object Repository/all_Objects/h6_Price is 20.00 THB' are matched.

2018-05-09 01:23:16 - [MESSAGE][PASSED] - Actual text and expected text of test object 'Object Repository/all_Objects/h6_Price is 20.00 THB' are matched.

2018-05-09 01:23:16 - [TEST_STEP][PASSED] - closeBrowser: Browser is closed

2018-05-09 01:23:16 - [MESSAGE][PASSED] - Browser is closed]]></system-out>
         <system-err><![CDATA[]]></system-err>
      </testcase>
      <system-out><![CDATA[2018-05-09 01:22:42 - [TEST_SUITE][PASSED] - All Test Cases: Test Cases/Test Available Products for Users - Scripted]]></system-out>
      <system-err><![CDATA[]]></system-err>
   </testsuite>
</testsuites>
