<?xml version="1.0" encoding="UTF-8"?>
<testsuites name="Data-Driven Tests Suite" time="43" tests="3" failures="0" errors="0">
   <testsuite name="Data-Driven Tests Suite" tests="3" failures="0" errors="0" time="43" timestamp="2018-05-09 10:50:40" hostname="snailwalker - 192.168.0.101" id="Test Suites/Data-Driven Tests Suite">
      <properties>
         <property name="deviceName" value=""/>
         <property name="devicePlatform" value=""/>
         <property name="logFolder" value="/Users/snailwalker/Documents/workspace/backend/katalon/Reports/Data-Driven Tests Suite/20180509_105038"/>
         <property name="logFiles" value="/Users/snailwalker/Documents/workspace/backend/katalon/Reports/Data-Driven Tests Suite/20180509_105038/execution0.log"/>
         <property name="attachments" value=""/>
         <property name="hostName" value="snailwalker - 192.168.0.101"/>
         <property name="os" value="Mac OS X 64bit"/>
         <property name="katalonVersion" value="5.4.1.1"/>
         <property name="browser" value="Chrome 66.0.3359.139"/>
         <property name="hostAddress" value="192.168.0.101"/>
         <property name="sessionId" value="49f420fd053eaaaa7bd68efd58af6db3"/>
         <property name="seleniumVersion" value="3.7.1"/>
         <property name="proxyInformation" value="ProxyInformation{proxyOption=NO_PROXY, proxyServerType=HTTP, password=, proxyServerAddress=, proxyServerPort=0}"/>
         <property name="platform" value="Mac OS X"/>
      </properties>
      <testcase name="Test Cases/Empty username field " classname="Test Cases/Empty username field " status="PASSED">
         <system-out><![CDATA[2018-05-09 10:50:40 - [TEST_CASE][PASSED] - Test Cases/Empty username field : Test Cases/Empty username field 

2018-05-09 10:50:41 - [TEST_STEP][PASSED] - openBrowser: Browser is opened with url: ''

2018-05-09 10:50:44 - [MESSAGE][PASSED] - Browser is opened with url: ''

2018-05-09 10:50:44 - [TEST_STEP][PASSED] - navigateToUrl: Navigate to 'http://34.209.48.20:9089/' successfully

2018-05-09 10:50:54 - [MESSAGE][PASSED] - Navigate to 'http://34.209.48.20:9089/' successfully

2018-05-09 10:50:54 - [TEST_STEP][PASSED] - verifyElementPresent: Object 'Object Repository/Front Page Objects/header' is present

2018-05-09 10:50:54 - [MESSAGE][WARNING] - Timeout '0' is invalid. Using default page load timeout: '30'

2018-05-09 10:50:54 - [MESSAGE][PASSED] - Object 'Object Repository/Front Page Objects/header' is present

2018-05-09 10:50:54 - [TEST_STEP][PASSED] - verifyElementPresent: Object 'Object Repository/Front Page Objects/p_header_description' is present

2018-05-09 10:50:54 - [MESSAGE][WARNING] - Timeout '0' is invalid. Using default page load timeout: '30'

2018-05-09 10:50:54 - [MESSAGE][PASSED] - Object 'Object Repository/Front Page Objects/p_header_description' is present

2018-05-09 10:50:54 - [TEST_STEP][PASSED] - verifyElementPresent: Object 'Object Repository/Front Page Objects/h2_Login' is present

2018-05-09 10:50:54 - [MESSAGE][WARNING] - Timeout '0' is invalid. Using default page load timeout: '30'

2018-05-09 10:50:54 - [MESSAGE][PASSED] - Object 'Object Repository/Front Page Objects/h2_Login' is present

2018-05-09 10:50:54 - [TEST_STEP][PASSED] - verifyElementPresent: Object 'Object Repository/Login Objects /label_Username' is present

2018-05-09 10:50:54 - [MESSAGE][WARNING] - Timeout '0' is invalid. Using default page load timeout: '30'

2018-05-09 10:50:54 - [MESSAGE][PASSED] - Object 'Object Repository/Login Objects /label_Username' is present

2018-05-09 10:50:54 - [TEST_STEP][PASSED] - verifyElementPresent: Object 'Object Repository/Login Objects /label_Password' is present

2018-05-09 10:50:54 - [MESSAGE][WARNING] - Timeout '0' is invalid. Using default page load timeout: '30'

2018-05-09 10:50:54 - [MESSAGE][PASSED] - Object 'Object Repository/Login Objects /label_Password' is present

2018-05-09 10:50:54 - [TEST_STEP][PASSED] - verifyElementPresent: Object 'Object Repository/Login Objects /div_Login' is present

2018-05-09 10:50:54 - [MESSAGE][WARNING] - Timeout '0' is invalid. Using default page load timeout: '30'

2018-05-09 10:50:54 - [MESSAGE][PASSED] - Object 'Object Repository/Login Objects /div_Login' is present

2018-05-09 10:50:54 - [TEST_STEP][NOT_RUN] - setText: NOT_RUN: setText

2018-05-09 10:50:54 - [MESSAGE][NOT_RUN] - NOT_RUN: setText

2018-05-09 10:50:54 - [TEST_STEP][PASSED] - setText: Text 'admin' is set on object 'Object Repository/Login Objects /input_password'

2018-05-09 10:50:55 - [MESSAGE][PASSED] - Text 'admin' is set on object 'Object Repository/Login Objects /input_password'

2018-05-09 10:50:55 - [TEST_STEP][PASSED] - click: Object: 'Object Repository/Login Objects /button_Login_2' is clicked on

2018-05-09 10:50:55 - [MESSAGE][PASSED] - Object: 'Object Repository/Login Objects /button_Login_2' is clicked on

2018-05-09 10:50:55 - [TEST_STEP][PASSED] - verifyElementPresent: Object 'Object Repository/Login Objects /label_Username is required' is present

2018-05-09 10:50:55 - [MESSAGE][WARNING] - Timeout '0' is invalid. Using default page load timeout: '30'

2018-05-09 10:50:55 - [MESSAGE][PASSED] - Object 'Object Repository/Login Objects /label_Username is required' is present

2018-05-09 10:50:55 - [TEST_STEP][PASSED] - closeBrowser: Browser is closed

2018-05-09 10:50:55 - [MESSAGE][PASSED] - Browser is closed]]></system-out>
         <system-err><![CDATA[]]></system-err>
      </testcase>
      <testcase name="Test Cases/Empty username field " classname="Test Cases/Empty username field " status="PASSED">
         <system-out><![CDATA[2018-05-09 10:50:55 - [TEST_CASE][PASSED] - Test Cases/Empty username field : Test Cases/Empty username field 

2018-05-09 10:50:55 - [TEST_STEP][PASSED] - openBrowser: Browser is opened with url: ''

2018-05-09 10:50:56 - [MESSAGE][PASSED] - Browser is opened with url: ''

2018-05-09 10:50:56 - [TEST_STEP][PASSED] - navigateToUrl: Navigate to 'http://34.209.48.20:9089/' successfully

2018-05-09 10:51:08 - [MESSAGE][PASSED] - Navigate to 'http://34.209.48.20:9089/' successfully

2018-05-09 10:51:08 - [TEST_STEP][PASSED] - verifyElementPresent: Object 'Object Repository/Front Page Objects/header' is present

2018-05-09 10:51:08 - [MESSAGE][WARNING] - Timeout '0' is invalid. Using default page load timeout: '30'

2018-05-09 10:51:08 - [MESSAGE][PASSED] - Object 'Object Repository/Front Page Objects/header' is present

2018-05-09 10:51:08 - [TEST_STEP][PASSED] - verifyElementPresent: Object 'Object Repository/Front Page Objects/p_header_description' is present

2018-05-09 10:51:08 - [MESSAGE][WARNING] - Timeout '0' is invalid. Using default page load timeout: '30'

2018-05-09 10:51:09 - [MESSAGE][PASSED] - Object 'Object Repository/Front Page Objects/p_header_description' is present

2018-05-09 10:51:09 - [TEST_STEP][PASSED] - verifyElementPresent: Object 'Object Repository/Front Page Objects/h2_Login' is present

2018-05-09 10:51:09 - [MESSAGE][WARNING] - Timeout '0' is invalid. Using default page load timeout: '30'

2018-05-09 10:51:09 - [MESSAGE][PASSED] - Object 'Object Repository/Front Page Objects/h2_Login' is present

2018-05-09 10:51:09 - [TEST_STEP][PASSED] - verifyElementPresent: Object 'Object Repository/Login Objects /label_Username' is present

2018-05-09 10:51:09 - [MESSAGE][WARNING] - Timeout '0' is invalid. Using default page load timeout: '30'

2018-05-09 10:51:09 - [MESSAGE][PASSED] - Object 'Object Repository/Login Objects /label_Username' is present

2018-05-09 10:51:09 - [TEST_STEP][PASSED] - verifyElementPresent: Object 'Object Repository/Login Objects /label_Password' is present

2018-05-09 10:51:09 - [MESSAGE][WARNING] - Timeout '0' is invalid. Using default page load timeout: '30'

2018-05-09 10:51:09 - [MESSAGE][PASSED] - Object 'Object Repository/Login Objects /label_Password' is present

2018-05-09 10:51:09 - [TEST_STEP][PASSED] - verifyElementPresent: Object 'Object Repository/Login Objects /div_Login' is present

2018-05-09 10:51:09 - [MESSAGE][WARNING] - Timeout '0' is invalid. Using default page load timeout: '30'

2018-05-09 10:51:09 - [MESSAGE][PASSED] - Object 'Object Repository/Login Objects /div_Login' is present

2018-05-09 10:51:09 - [TEST_STEP][NOT_RUN] - setText: NOT_RUN: setText

2018-05-09 10:51:09 - [MESSAGE][NOT_RUN] - NOT_RUN: setText

2018-05-09 10:51:09 - [TEST_STEP][PASSED] - setText: Text 'user' is set on object 'Object Repository/Login Objects /input_password'

2018-05-09 10:51:09 - [MESSAGE][PASSED] - Text 'user' is set on object 'Object Repository/Login Objects /input_password'

2018-05-09 10:51:09 - [TEST_STEP][PASSED] - click: Object: 'Object Repository/Login Objects /button_Login_2' is clicked on

2018-05-09 10:51:14 - [MESSAGE][PASSED] - Object: 'Object Repository/Login Objects /button_Login_2' is clicked on

2018-05-09 10:51:14 - [TEST_STEP][PASSED] - verifyElementPresent: Object 'Object Repository/Login Objects /label_Username is required' is present

2018-05-09 10:51:14 - [MESSAGE][WARNING] - Timeout '0' is invalid. Using default page load timeout: '30'

2018-05-09 10:51:14 - [MESSAGE][PASSED] - Object 'Object Repository/Login Objects /label_Username is required' is present

2018-05-09 10:51:14 - [TEST_STEP][PASSED] - closeBrowser: Browser is closed

2018-05-09 10:51:14 - [MESSAGE][PASSED] - Browser is closed]]></system-out>
         <system-err><![CDATA[]]></system-err>
      </testcase>
      <testcase name="Test Cases/Empty username field " classname="Test Cases/Empty username field " status="PASSED">
         <system-out><![CDATA[2018-05-09 10:51:14 - [TEST_CASE][PASSED] - Test Cases/Empty username field : Test Cases/Empty username field 

2018-05-09 10:51:14 - [TEST_STEP][PASSED] - openBrowser: Browser is opened with url: ''

2018-05-09 10:51:15 - [MESSAGE][PASSED] - Browser is opened with url: ''

2018-05-09 10:51:15 - [TEST_STEP][PASSED] - navigateToUrl: Navigate to 'http://34.209.48.20:9089/' successfully

2018-05-09 10:51:22 - [MESSAGE][PASSED] - Navigate to 'http://34.209.48.20:9089/' successfully

2018-05-09 10:51:22 - [TEST_STEP][PASSED] - verifyElementPresent: Object 'Object Repository/Front Page Objects/header' is present

2018-05-09 10:51:22 - [MESSAGE][WARNING] - Timeout '0' is invalid. Using default page load timeout: '30'

2018-05-09 10:51:22 - [MESSAGE][PASSED] - Object 'Object Repository/Front Page Objects/header' is present

2018-05-09 10:51:22 - [TEST_STEP][PASSED] - verifyElementPresent: Object 'Object Repository/Front Page Objects/p_header_description' is present

2018-05-09 10:51:22 - [MESSAGE][WARNING] - Timeout '0' is invalid. Using default page load timeout: '30'

2018-05-09 10:51:23 - [MESSAGE][PASSED] - Object 'Object Repository/Front Page Objects/p_header_description' is present

2018-05-09 10:51:23 - [TEST_STEP][PASSED] - verifyElementPresent: Object 'Object Repository/Front Page Objects/h2_Login' is present

2018-05-09 10:51:23 - [MESSAGE][WARNING] - Timeout '0' is invalid. Using default page load timeout: '30'

2018-05-09 10:51:23 - [MESSAGE][PASSED] - Object 'Object Repository/Front Page Objects/h2_Login' is present

2018-05-09 10:51:23 - [TEST_STEP][PASSED] - verifyElementPresent: Object 'Object Repository/Login Objects /label_Username' is present

2018-05-09 10:51:23 - [MESSAGE][WARNING] - Timeout '0' is invalid. Using default page load timeout: '30'

2018-05-09 10:51:23 - [MESSAGE][PASSED] - Object 'Object Repository/Login Objects /label_Username' is present

2018-05-09 10:51:23 - [TEST_STEP][PASSED] - verifyElementPresent: Object 'Object Repository/Login Objects /label_Password' is present

2018-05-09 10:51:23 - [MESSAGE][WARNING] - Timeout '0' is invalid. Using default page load timeout: '30'

2018-05-09 10:51:23 - [MESSAGE][PASSED] - Object 'Object Repository/Login Objects /label_Password' is present

2018-05-09 10:51:23 - [TEST_STEP][PASSED] - verifyElementPresent: Object 'Object Repository/Login Objects /div_Login' is present

2018-05-09 10:51:23 - [MESSAGE][WARNING] - Timeout '0' is invalid. Using default page load timeout: '30'

2018-05-09 10:51:23 - [MESSAGE][PASSED] - Object 'Object Repository/Login Objects /div_Login' is present

2018-05-09 10:51:23 - [TEST_STEP][NOT_RUN] - setText: NOT_RUN: setText

2018-05-09 10:51:23 - [MESSAGE][NOT_RUN] - NOT_RUN: setText

2018-05-09 10:51:23 - [TEST_STEP][PASSED] - setText: Text 'hello' is set on object 'Object Repository/Login Objects /input_password'

2018-05-09 10:51:23 - [MESSAGE][PASSED] - Text 'hello' is set on object 'Object Repository/Login Objects /input_password'

2018-05-09 10:51:23 - [TEST_STEP][PASSED] - click: Object: 'Object Repository/Login Objects /button_Login_2' is clicked on

2018-05-09 10:51:23 - [MESSAGE][PASSED] - Object: 'Object Repository/Login Objects /button_Login_2' is clicked on

2018-05-09 10:51:23 - [TEST_STEP][PASSED] - verifyElementPresent: Object 'Object Repository/Login Objects /label_Username is required' is present

2018-05-09 10:51:23 - [MESSAGE][WARNING] - Timeout '0' is invalid. Using default page load timeout: '30'

2018-05-09 10:51:23 - [MESSAGE][PASSED] - Object 'Object Repository/Login Objects /label_Username is required' is present

2018-05-09 10:51:23 - [TEST_STEP][PASSED] - closeBrowser: Browser is closed

2018-05-09 10:51:23 - [MESSAGE][PASSED] - Browser is closed]]></system-out>
         <system-err><![CDATA[]]></system-err>
      </testcase>
      <system-out><![CDATA[2018-05-09 10:50:40 - [TEST_SUITE][PASSED] - Data-Driven Tests Suite: Test Cases/Empty username field]]></system-out>
      <system-err><![CDATA[]]></system-err>
   </testsuite>
</testsuites>
