<?xml version="1.0" encoding="UTF-8"?>
<testsuites name="Data-Driven Tests Suite" time="201" tests="11" failures="1" errors="0">
   <testsuite name="Data-Driven Tests Suite" tests="11" failures="1" errors="0" time="201" timestamp="2018-05-09 10:15:16" hostname="snailwalker - 192.168.0.101" id="Test Suites/Data-Driven Tests Suite">
      <properties>
         <property name="deviceName" value=""/>
         <property name="devicePlatform" value=""/>
         <property name="logFolder" value="/Users/snailwalker/Documents/workspace/backend/katalon/Reports/Data-Driven Tests Suite/20180509_101514"/>
         <property name="logFiles" value="/Users/snailwalker/Documents/workspace/backend/katalon/Reports/Data-Driven Tests Suite/20180509_101514/execution0.log"/>
         <property name="attachments" value="/Users/snailwalker/Documents/workspace/backend/katalon/Reports/Data-Driven Tests Suite/20180509_101514/1525835771300.png"/>
         <property name="hostName" value="snailwalker - 192.168.0.101"/>
         <property name="os" value="Mac OS X 64bit"/>
         <property name="katalonVersion" value="5.4.1.1"/>
         <property name="browser" value="Chrome 66.0.3359.139"/>
         <property name="hostAddress" value="192.168.0.101"/>
         <property name="sessionId" value="c0066e7949fbcd5990d8f37f6e7c7416"/>
         <property name="seleniumVersion" value="3.7.1"/>
         <property name="proxyInformation" value="ProxyInformation{proxyOption=NO_PROXY, proxyServerType=HTTP, password=, proxyServerAddress=, proxyServerPort=0}"/>
         <property name="platform" value="Mac OS X"/>
      </properties>
      <testcase name="Test Cases/User Login" classname="Test Cases/User Login" status="PASSED">
         <system-out><![CDATA[2018-05-09 10:15:17 - [TEST_CASE][PASSED] - Test Cases/User Login: Test Cases/User Login

2018-05-09 10:15:17 - [TEST_STEP][PASSED] - openBrowser: Browser is opened with url: ''

2018-05-09 10:15:20 - [MESSAGE][PASSED] - Browser is opened with url: ''

2018-05-09 10:15:20 - [TEST_STEP][PASSED] - navigateToUrl: Navigate to 'http://34.209.48.20:9089/' successfully

2018-05-09 10:15:30 - [MESSAGE][PASSED] - Navigate to 'http://34.209.48.20:9089/' successfully

2018-05-09 10:15:30 - [TEST_STEP][PASSED] - verifyElementPresent: Object 'Object Repository/Front Page Objects/header' is present

2018-05-09 10:15:30 - [MESSAGE][WARNING] - Timeout '0' is invalid. Using default page load timeout: '30'

2018-05-09 10:15:30 - [MESSAGE][PASSED] - Object 'Object Repository/Front Page Objects/header' is present

2018-05-09 10:15:30 - [TEST_STEP][PASSED] - verifyElementPresent: Object 'Object Repository/Front Page Objects/p_header_description' is present

2018-05-09 10:15:30 - [MESSAGE][WARNING] - Timeout '0' is invalid. Using default page load timeout: '30'

2018-05-09 10:15:30 - [MESSAGE][PASSED] - Object 'Object Repository/Front Page Objects/p_header_description' is present

2018-05-09 10:15:30 - [TEST_STEP][PASSED] - verifyElementPresent: Object 'Object Repository/Front Page Objects/h2_Login' is present

2018-05-09 10:15:30 - [MESSAGE][WARNING] - Timeout '0' is invalid. Using default page load timeout: '30'

2018-05-09 10:15:30 - [MESSAGE][PASSED] - Object 'Object Repository/Front Page Objects/h2_Login' is present

2018-05-09 10:15:30 - [TEST_STEP][PASSED] - verifyElementPresent: Object 'Object Repository/Login objects/label_Username' is present

2018-05-09 10:15:30 - [MESSAGE][WARNING] - Timeout '0' is invalid. Using default page load timeout: '30'

2018-05-09 10:15:30 - [MESSAGE][PASSED] - Object 'Object Repository/Login objects/label_Username' is present

2018-05-09 10:15:30 - [TEST_STEP][PASSED] - verifyElementPresent: Object 'Object Repository/Login objects/label_Password' is present

2018-05-09 10:15:30 - [MESSAGE][WARNING] - Timeout '0' is invalid. Using default page load timeout: '30'

2018-05-09 10:15:30 - [MESSAGE][PASSED] - Object 'Object Repository/Login objects/label_Password' is present

2018-05-09 10:15:30 - [TEST_STEP][PASSED] - verifyElementPresent: Object 'Object Repository/Login objects/div_Login' is present

2018-05-09 10:15:30 - [MESSAGE][WARNING] - Timeout '0' is invalid. Using default page load timeout: '30'

2018-05-09 10:15:30 - [MESSAGE][PASSED] - Object 'Object Repository/Login objects/div_Login' is present

2018-05-09 10:15:30 - [TEST_STEP][PASSED] - setText: Text 'user' is set on object 'Object Repository/Login objects/input_username'

2018-05-09 10:15:31 - [MESSAGE][PASSED] - Text 'user' is set on object 'Object Repository/Login objects/input_username'

2018-05-09 10:15:31 - [TEST_STEP][PASSED] - setText: Text 'user' is set on object 'Object Repository/Login objects/input_password'

2018-05-09 10:15:31 - [MESSAGE][PASSED] - Text 'user' is set on object 'Object Repository/Login objects/input_password'

2018-05-09 10:15:31 - [TEST_STEP][PASSED] - click: Object: 'Object Repository/Login objects/button_Login' is clicked on

2018-05-09 10:15:31 - [MESSAGE][PASSED] - Object: 'Object Repository/Login objects/button_Login' is clicked on

2018-05-09 10:15:31 - [TEST_STEP][PASSED] - verifyElementPresent: Object 'Object Repository/Front Page Objects/header' is present

2018-05-09 10:15:31 - [MESSAGE][WARNING] - Timeout '0' is invalid. Using default page load timeout: '30'

2018-05-09 10:15:31 - [MESSAGE][PASSED] - Object 'Object Repository/Front Page Objects/header' is present

2018-05-09 10:15:31 - [TEST_STEP][PASSED] - verifyElementPresent: Object 'Object Repository/Front Page Objects/p_header_description' is present

2018-05-09 10:15:31 - [MESSAGE][WARNING] - Timeout '0' is invalid. Using default page load timeout: '30'

2018-05-09 10:15:31 - [MESSAGE][PASSED] - Object 'Object Repository/Front Page Objects/p_header_description' is present

2018-05-09 10:15:31 - [TEST_STEP][PASSED] - verifyElementPresent: Object 'Object Repository/Front Page Objects/div_add to cart' is present

2018-05-09 10:15:31 - [MESSAGE][WARNING] - Timeout '0' is invalid. Using default page load timeout: '30'

2018-05-09 10:15:33 - [MESSAGE][PASSED] - Object 'Object Repository/Front Page Objects/div_add to cart' is present

2018-05-09 10:15:33 - [TEST_STEP][PASSED] - click: Object: 'Object Repository/Front Page Objects/button_Carts' is clicked on

2018-05-09 10:15:36 - [MESSAGE][PASSED] - Object: 'Object Repository/Front Page Objects/button_Carts' is clicked on

2018-05-09 10:15:36 - [TEST_STEP][PASSED] - verifyElementPresent: Object 'Object Repository/Front Page Objects/User_Shopping Cart_header' is present

2018-05-09 10:15:36 - [MESSAGE][WARNING] - Timeout '0' is invalid. Using default page load timeout: '30'

2018-05-09 10:15:36 - [MESSAGE][PASSED] - Object 'Object Repository/Front Page Objects/User_Shopping Cart_header' is present

2018-05-09 10:15:36 - [TEST_STEP][PASSED] - verifyElementPresent: Object 'Object Repository/Front Page Objects/th_Product Name' is present

2018-05-09 10:15:36 - [MESSAGE][WARNING] - Timeout '0' is invalid. Using default page load timeout: '30'

2018-05-09 10:15:36 - [MESSAGE][PASSED] - Object 'Object Repository/Front Page Objects/th_Product Name' is present

2018-05-09 10:15:36 - [TEST_STEP][PASSED] - verifyElementPresent: Object 'Object Repository/Front Page Objects/th_Price' is present

2018-05-09 10:15:36 - [MESSAGE][WARNING] - Timeout '0' is invalid. Using default page load timeout: '30'

2018-05-09 10:15:36 - [MESSAGE][PASSED] - Object 'Object Repository/Front Page Objects/th_Price' is present

2018-05-09 10:15:36 - [TEST_STEP][PASSED] - verifyElementPresent: Object 'Object Repository/Front Page Objects/th_amount' is present

2018-05-09 10:15:36 - [MESSAGE][WARNING] - Timeout '0' is invalid. Using default page load timeout: '30'

2018-05-09 10:15:36 - [MESSAGE][PASSED] - Object 'Object Repository/Front Page Objects/th_amount' is present

2018-05-09 10:15:36 - [TEST_STEP][PASSED] - verifyElementPresent: Object 'Object Repository/Product Objects/p_Total price  0 THB' is present

2018-05-09 10:15:36 - [MESSAGE][WARNING] - Timeout '0' is invalid. Using default page load timeout: '30'

2018-05-09 10:15:36 - [MESSAGE][PASSED] - Object 'Object Repository/Product Objects/p_Total price  0 THB' is present

2018-05-09 10:15:36 - [TEST_STEP][PASSED] - verifyElementPresent: Object 'Object Repository/Login objects/div_confirm' is present

2018-05-09 10:15:36 - [MESSAGE][WARNING] - Timeout '0' is invalid. Using default page load timeout: '30'

2018-05-09 10:15:36 - [MESSAGE][PASSED] - Object 'Object Repository/Login objects/div_confirm' is present

2018-05-09 10:15:36 - [TEST_STEP][PASSED] - closeBrowser: Browser is closed

2018-05-09 10:15:36 - [MESSAGE][PASSED] - Browser is closed]]></system-out>
         <system-err><![CDATA[]]></system-err>
      </testcase>
      <testcase name="Test Cases/User Login" classname="Test Cases/User Login" status="PASSED">
         <system-out><![CDATA[2018-05-09 10:15:36 - [TEST_CASE][PASSED] - Test Cases/User Login: Test Cases/User Login

2018-05-09 10:15:36 - [TEST_STEP][PASSED] - openBrowser: Browser is opened with url: ''

2018-05-09 10:15:38 - [MESSAGE][PASSED] - Browser is opened with url: ''

2018-05-09 10:15:38 - [TEST_STEP][PASSED] - navigateToUrl: Navigate to 'http://34.209.48.20:9089/' successfully

2018-05-09 10:15:47 - [MESSAGE][PASSED] - Navigate to 'http://34.209.48.20:9089/' successfully

2018-05-09 10:15:47 - [TEST_STEP][PASSED] - verifyElementPresent: Object 'Object Repository/Front Page Objects/header' is present

2018-05-09 10:15:47 - [MESSAGE][WARNING] - Timeout '0' is invalid. Using default page load timeout: '30'

2018-05-09 10:15:47 - [MESSAGE][PASSED] - Object 'Object Repository/Front Page Objects/header' is present

2018-05-09 10:15:47 - [TEST_STEP][PASSED] - verifyElementPresent: Object 'Object Repository/Front Page Objects/p_header_description' is present

2018-05-09 10:15:47 - [MESSAGE][WARNING] - Timeout '0' is invalid. Using default page load timeout: '30'

2018-05-09 10:15:47 - [MESSAGE][PASSED] - Object 'Object Repository/Front Page Objects/p_header_description' is present

2018-05-09 10:15:47 - [TEST_STEP][PASSED] - verifyElementPresent: Object 'Object Repository/Front Page Objects/h2_Login' is present

2018-05-09 10:15:47 - [MESSAGE][WARNING] - Timeout '0' is invalid. Using default page load timeout: '30'

2018-05-09 10:15:47 - [MESSAGE][PASSED] - Object 'Object Repository/Front Page Objects/h2_Login' is present

2018-05-09 10:15:47 - [TEST_STEP][PASSED] - verifyElementPresent: Object 'Object Repository/Login objects/label_Username' is present

2018-05-09 10:15:47 - [MESSAGE][WARNING] - Timeout '0' is invalid. Using default page load timeout: '30'

2018-05-09 10:15:47 - [MESSAGE][PASSED] - Object 'Object Repository/Login objects/label_Username' is present

2018-05-09 10:15:47 - [TEST_STEP][PASSED] - verifyElementPresent: Object 'Object Repository/Login objects/label_Password' is present

2018-05-09 10:15:47 - [MESSAGE][WARNING] - Timeout '0' is invalid. Using default page load timeout: '30'

2018-05-09 10:15:47 - [MESSAGE][PASSED] - Object 'Object Repository/Login objects/label_Password' is present

2018-05-09 10:15:47 - [TEST_STEP][PASSED] - verifyElementPresent: Object 'Object Repository/Login objects/div_Login' is present

2018-05-09 10:15:47 - [MESSAGE][WARNING] - Timeout '0' is invalid. Using default page load timeout: '30'

2018-05-09 10:15:47 - [MESSAGE][PASSED] - Object 'Object Repository/Login objects/div_Login' is present

2018-05-09 10:15:47 - [TEST_STEP][PASSED] - setText: Text 'hello' is set on object 'Object Repository/Login objects/input_username'

2018-05-09 10:15:47 - [MESSAGE][PASSED] - Text 'hello' is set on object 'Object Repository/Login objects/input_username'

2018-05-09 10:15:47 - [TEST_STEP][PASSED] - setText: Text 'hello' is set on object 'Object Repository/Login objects/input_password'

2018-05-09 10:15:47 - [MESSAGE][PASSED] - Text 'hello' is set on object 'Object Repository/Login objects/input_password'

2018-05-09 10:15:47 - [TEST_STEP][PASSED] - click: Object: 'Object Repository/Login objects/button_Login' is clicked on

2018-05-09 10:15:52 - [MESSAGE][PASSED] - Object: 'Object Repository/Login objects/button_Login' is clicked on

2018-05-09 10:15:52 - [TEST_STEP][PASSED] - verifyElementPresent: Object 'Object Repository/Front Page Objects/header' is present

2018-05-09 10:15:52 - [MESSAGE][WARNING] - Timeout '0' is invalid. Using default page load timeout: '30'

2018-05-09 10:15:52 - [MESSAGE][PASSED] - Object 'Object Repository/Front Page Objects/header' is present

2018-05-09 10:15:52 - [TEST_STEP][PASSED] - verifyElementPresent: Object 'Object Repository/Front Page Objects/p_header_description' is present

2018-05-09 10:15:52 - [MESSAGE][WARNING] - Timeout '0' is invalid. Using default page load timeout: '30'

2018-05-09 10:15:52 - [MESSAGE][PASSED] - Object 'Object Repository/Front Page Objects/p_header_description' is present

2018-05-09 10:15:52 - [TEST_STEP][PASSED] - verifyElementPresent: Object 'Object Repository/Front Page Objects/div_add to cart' is present

2018-05-09 10:15:52 - [MESSAGE][WARNING] - Timeout '0' is invalid. Using default page load timeout: '30'

2018-05-09 10:15:54 - [MESSAGE][PASSED] - Object 'Object Repository/Front Page Objects/div_add to cart' is present

2018-05-09 10:15:54 - [TEST_STEP][PASSED] - click: Object: 'Object Repository/Front Page Objects/button_Carts' is clicked on

2018-05-09 10:15:59 - [MESSAGE][PASSED] - Object: 'Object Repository/Front Page Objects/button_Carts' is clicked on

2018-05-09 10:15:59 - [TEST_STEP][PASSED] - verifyElementPresent: Object 'Object Repository/Front Page Objects/User_Shopping Cart_header' is present

2018-05-09 10:15:59 - [MESSAGE][WARNING] - Timeout '0' is invalid. Using default page load timeout: '30'

2018-05-09 10:15:59 - [MESSAGE][PASSED] - Object 'Object Repository/Front Page Objects/User_Shopping Cart_header' is present

2018-05-09 10:15:59 - [TEST_STEP][PASSED] - verifyElementPresent: Object 'Object Repository/Front Page Objects/th_Product Name' is present

2018-05-09 10:15:59 - [MESSAGE][WARNING] - Timeout '0' is invalid. Using default page load timeout: '30'

2018-05-09 10:15:59 - [MESSAGE][PASSED] - Object 'Object Repository/Front Page Objects/th_Product Name' is present

2018-05-09 10:15:59 - [TEST_STEP][PASSED] - verifyElementPresent: Object 'Object Repository/Front Page Objects/th_Price' is present

2018-05-09 10:15:59 - [MESSAGE][WARNING] - Timeout '0' is invalid. Using default page load timeout: '30'

2018-05-09 10:15:59 - [MESSAGE][PASSED] - Object 'Object Repository/Front Page Objects/th_Price' is present

2018-05-09 10:15:59 - [TEST_STEP][PASSED] - verifyElementPresent: Object 'Object Repository/Front Page Objects/th_amount' is present

2018-05-09 10:15:59 - [MESSAGE][WARNING] - Timeout '0' is invalid. Using default page load timeout: '30'

2018-05-09 10:15:59 - [MESSAGE][PASSED] - Object 'Object Repository/Front Page Objects/th_amount' is present

2018-05-09 10:15:59 - [TEST_STEP][PASSED] - verifyElementPresent: Object 'Object Repository/Product Objects/p_Total price  0 THB' is present

2018-05-09 10:15:59 - [MESSAGE][WARNING] - Timeout '0' is invalid. Using default page load timeout: '30'

2018-05-09 10:15:59 - [MESSAGE][PASSED] - Object 'Object Repository/Product Objects/p_Total price  0 THB' is present

2018-05-09 10:15:59 - [TEST_STEP][PASSED] - verifyElementPresent: Object 'Object Repository/Login objects/div_confirm' is present

2018-05-09 10:15:59 - [MESSAGE][WARNING] - Timeout '0' is invalid. Using default page load timeout: '30'

2018-05-09 10:15:59 - [MESSAGE][PASSED] - Object 'Object Repository/Login objects/div_confirm' is present

2018-05-09 10:15:59 - [TEST_STEP][PASSED] - closeBrowser: Browser is closed

2018-05-09 10:15:59 - [MESSAGE][PASSED] - Browser is closed]]></system-out>
         <system-err><![CDATA[]]></system-err>
      </testcase>
      <testcase name="Test Cases/Admin login " classname="Test Cases/Admin login " status="FAILED">
         <failure type="FAILED" message="Unable to verify object is present (Root cause: java.lang.IllegalArgumentException: Object is null)"/>
         <system-out><![CDATA[2018-05-09 10:15:59 - [TEST_CASE][FAILED] - Test Cases/Admin login : Test Cases/Admin login  FAILED because (of) Unable to verify object is present (Root cause: java.lang.IllegalArgumentException: Object is null)

2018-05-09 10:15:59 - [TEST_STEP][PASSED] - openBrowser: Browser is opened with url: ''

2018-05-09 10:16:00 - [MESSAGE][PASSED] - Browser is opened with url: ''

2018-05-09 10:16:00 - [TEST_STEP][PASSED] - navigateToUrl: Navigate to 'http://34.209.48.20:9089/' successfully

2018-05-09 10:16:11 - [MESSAGE][PASSED] - Navigate to 'http://34.209.48.20:9089/' successfully

2018-05-09 10:16:11 - [TEST_STEP][PASSED] - verifyElementPresent: Object 'Object Repository/Front Page Objects/header' is present

2018-05-09 10:16:11 - [MESSAGE][WARNING] - Timeout '0' is invalid. Using default page load timeout: '30'

2018-05-09 10:16:11 - [MESSAGE][PASSED] - Object 'Object Repository/Front Page Objects/header' is present

2018-05-09 10:16:11 - [TEST_STEP][PASSED] - verifyElementPresent: Object 'Object Repository/Front Page Objects/p_header_description' is present

2018-05-09 10:16:11 - [MESSAGE][WARNING] - Timeout '0' is invalid. Using default page load timeout: '30'

2018-05-09 10:16:11 - [MESSAGE][PASSED] - Object 'Object Repository/Front Page Objects/p_header_description' is present

2018-05-09 10:16:11 - [TEST_STEP][PASSED] - verifyElementPresent: Object 'Object Repository/Front Page Objects/h2_Login' is present

2018-05-09 10:16:11 - [MESSAGE][WARNING] - Timeout '0' is invalid. Using default page load timeout: '30'

2018-05-09 10:16:11 - [MESSAGE][PASSED] - Object 'Object Repository/Front Page Objects/h2_Login' is present

2018-05-09 10:16:11 - [TEST_STEP][FAILED] - verifyElementPresent: Unable to verify object is present (Root cause: java.lang.IllegalArgumentException: Object is null)

2018-05-09 10:16:11 - [MESSAGE][WARNING] - Test object with id 'Object Repository/Login objects/div_Username' does not exist

2018-05-09 10:16:11 - [MESSAGE][WARNING] - Test object with id 'Object Repository/' does not exist

2018-05-09 10:16:11 - [MESSAGE][FAILED] - Unable to verify object is present (Root cause: java.lang.IllegalArgumentException: Object is null)
[[ATTACHMENT|/Users/snailwalker/Documents/workspace/backend/katalon/Reports/Data-Driven Tests Suite/20180509_101514/1525835771300.png]]]]></system-out>
         <system-err><![CDATA[2018-05-09 10:15:59 - [TEST_CASE][FAILED] - Test Cases/Admin login : Test Cases/Admin login  FAILED because (of) Unable to verify object is present (Root cause: java.lang.IllegalArgumentException: Object is null)]]></system-err>
      </testcase>
      <testcase name="Test Cases/Available products -scripted " classname="Test Cases/Available products -scripted " status="PASSED">
         <system-out><![CDATA[2018-05-09 10:16:11 - [TEST_CASE][PASSED] - Test Cases/Available products -scripted : Test Cases/Available products -scripted 

2018-05-09 10:16:12 - [TEST_STEP][PASSED] - Statement - prod = ["productId":"", "name":"", "description":"", "imageLocation":"", "price":""]: null

2018-05-09 10:16:12 - [TEST_STEP][PASSED] - Statement - data = com.kms.katalon.core.testdata.TestDataFactory.findTestData("Data Files/data.product"): Reading excel file with source file '/Users/snailwalker/Documents/workspace/backend/katalon/Data Files/data.xlsx' and sheet name 'product'

2018-05-09 10:16:13 - [TEST_STEP][PASSED] - openBrowser: Browser is opened with url: ''

2018-05-09 10:16:13 - [MESSAGE][WARNING] - A browser is already opened. Closing browser and opening a new one

2018-05-09 10:16:15 - [MESSAGE][PASSED] - Browser is opened with url: ''

2018-05-09 10:16:15 - [TEST_STEP][PASSED] - navigateToUrl: Navigate to 'http://34.209.48.20:9089/' successfully

2018-05-09 10:16:27 - [MESSAGE][PASSED] - Navigate to 'http://34.209.48.20:9089/' successfully

2018-05-09 10:16:27 - [TEST_STEP][PASSED] - verifyElementPresent: Object 'Object Repository/Front Page Objects/header' is present

2018-05-09 10:16:27 - [MESSAGE][WARNING] - Timeout '0' is invalid. Using default page load timeout: '30'

2018-05-09 10:16:27 - [MESSAGE][PASSED] - Object 'Object Repository/Front Page Objects/header' is present

2018-05-09 10:16:27 - [TEST_STEP][PASSED] - verifyElementPresent: Object 'Object Repository/Front Page Objects/p_header_description' is present

2018-05-09 10:16:27 - [MESSAGE][WARNING] - Timeout '0' is invalid. Using default page load timeout: '30'

2018-05-09 10:16:27 - [MESSAGE][PASSED] - Object 'Object Repository/Front Page Objects/p_header_description' is present

2018-05-09 10:16:27 - [TEST_STEP][PASSED] - verifyElementPresent: Object 'Object Repository/Front Page Objects/h2_Login' is present

2018-05-09 10:16:27 - [MESSAGE][WARNING] - Timeout '0' is invalid. Using default page load timeout: '30'

2018-05-09 10:16:27 - [MESSAGE][PASSED] - Object 'Object Repository/Front Page Objects/h2_Login' is present

2018-05-09 10:16:27 - [TEST_STEP][PASSED] - verifyElementPresent: Object 'Object Repository/Login Objects /label_Username' is present

2018-05-09 10:16:27 - [MESSAGE][WARNING] - Timeout '0' is invalid. Using default page load timeout: '30'

2018-05-09 10:16:27 - [MESSAGE][PASSED] - Object 'Object Repository/Login Objects /label_Username' is present

2018-05-09 10:16:27 - [TEST_STEP][PASSED] - verifyElementPresent: Object 'Object Repository/Login Objects /label_Password' is present

2018-05-09 10:16:27 - [MESSAGE][WARNING] - Timeout '0' is invalid. Using default page load timeout: '30'

2018-05-09 10:16:27 - [MESSAGE][PASSED] - Object 'Object Repository/Login Objects /label_Password' is present

2018-05-09 10:16:27 - [TEST_STEP][PASSED] - click: Object: 'Object Repository/Front Page Objects/h2_Login' is clicked on

2018-05-09 10:16:27 - [MESSAGE][PASSED] - Object: 'Object Repository/Front Page Objects/h2_Login' is clicked on

2018-05-09 10:16:27 - [TEST_STEP][PASSED] - setText: Text 'user' is set on object 'Object Repository/Login Objects /input_username'

2018-05-09 10:16:27 - [MESSAGE][PASSED] - Text 'user' is set on object 'Object Repository/Login Objects /input_username'

2018-05-09 10:16:27 - [TEST_STEP][PASSED] - setText: Text 'user' is set on object 'Object Repository/Login Objects /input_password'

2018-05-09 10:16:27 - [MESSAGE][PASSED] - Text 'user' is set on object 'Object Repository/Login Objects /input_password'

2018-05-09 10:16:27 - [TEST_STEP][PASSED] - click: Object: 'Object Repository/Login Objects /button_Login' is clicked on

2018-05-09 10:16:28 - [MESSAGE][PASSED] - Object: 'Object Repository/Login Objects /button_Login' is clicked on

2018-05-09 10:16:28 - [TEST_STEP][PASSED] - verifyElementText: Actual text and expected text of test object 'Object Repository/Product Objects/h5_Garden' are matched.

2018-05-09 10:16:29 - [MESSAGE][PASSED] - Actual text and expected text of test object 'Object Repository/Product Objects/h5_Garden' are matched.

2018-05-09 10:16:29 - [TEST_STEP][PASSED] - verifyElementText: Actual text and expected text of test object 'Object Repository/Product Objects/p_The garden which you can gro' are matched.

2018-05-09 10:16:29 - [MESSAGE][PASSED] - Actual text and expected text of test object 'Object Repository/Product Objects/p_The garden which you can gro' are matched.

2018-05-09 10:16:29 - [TEST_STEP][PASSED] - verifyElementText: Actual text and expected text of test object 'Object Repository/Product Objects/h6_Price is 20000.00 THB' are matched.

2018-05-09 10:16:29 - [MESSAGE][PASSED] - Actual text and expected text of test object 'Object Repository/Product Objects/h6_Price is 20000.00 THB' are matched.

2018-05-09 10:16:29 - [TEST_STEP][PASSED] - verifyElementText: Actual text and expected text of test object 'Object Repository/Product Objects/h5_Banana' are matched.

2018-05-09 10:16:29 - [MESSAGE][PASSED] - Actual text and expected text of test object 'Object Repository/Product Objects/h5_Banana' are matched.

2018-05-09 10:16:29 - [TEST_STEP][PASSED] - verifyElementText: Actual text and expected text of test object 'Object Repository/Product Objects/p_A good fruit with very cheap' are matched.

2018-05-09 10:16:29 - [MESSAGE][PASSED] - Actual text and expected text of test object 'Object Repository/Product Objects/p_A good fruit with very cheap' are matched.

2018-05-09 10:16:29 - [TEST_STEP][PASSED] - verifyElementText: Actual text and expected text of test object 'Object Repository/Product Objects/h6_Price is 150.00 THB' are matched.

2018-05-09 10:16:30 - [MESSAGE][PASSED] - Actual text and expected text of test object 'Object Repository/Product Objects/h6_Price is 150.00 THB' are matched.

2018-05-09 10:16:30 - [TEST_STEP][PASSED] - verifyElementText: Actual text and expected text of test object 'Object Repository/Product Objects/h5_Orange' are matched.

2018-05-09 10:16:30 - [MESSAGE][PASSED] - Actual text and expected text of test object 'Object Repository/Product Objects/h5_Orange' are matched.

2018-05-09 10:16:30 - [TEST_STEP][PASSED] - verifyElementText: Actual text and expected text of test object 'Object Repository/Product Objects/p_Nothing good about it' are matched.

2018-05-09 10:16:30 - [MESSAGE][PASSED] - Actual text and expected text of test object 'Object Repository/Product Objects/p_Nothing good about it' are matched.

2018-05-09 10:16:30 - [TEST_STEP][PASSED] - verifyElementText: Actual text and expected text of test object 'Object Repository/Product Objects/h6_Price is 280.00 THB' are matched.

2018-05-09 10:16:30 - [MESSAGE][PASSED] - Actual text and expected text of test object 'Object Repository/Product Objects/h6_Price is 280.00 THB' are matched.

2018-05-09 10:16:30 - [TEST_STEP][PASSED] - verifyElementText: Actual text and expected text of test object 'Object Repository/Product Objects/h5_Papaya' are matched.

2018-05-09 10:16:30 - [MESSAGE][PASSED] - Actual text and expected text of test object 'Object Repository/Product Objects/h5_Papaya' are matched.

2018-05-09 10:16:30 - [TEST_STEP][PASSED] - verifyElementText: Actual text and expected text of test object 'Object Repository/Product Objects/p_Use for papaya salad' are matched.

2018-05-09 10:16:30 - [MESSAGE][PASSED] - Actual text and expected text of test object 'Object Repository/Product Objects/p_Use for papaya salad' are matched.

2018-05-09 10:16:30 - [TEST_STEP][PASSED] - verifyElementText: Actual text and expected text of test object 'Object Repository/Product Objects/h6_Price is 12.00 THB' are matched.

2018-05-09 10:16:30 - [MESSAGE][PASSED] - Actual text and expected text of test object 'Object Repository/Product Objects/h6_Price is 12.00 THB' are matched.

2018-05-09 10:16:30 - [TEST_STEP][PASSED] - verifyElementText: Actual text and expected text of test object 'Object Repository/Product Objects/h5_Rambutan' are matched.

2018-05-09 10:16:30 - [MESSAGE][PASSED] - Actual text and expected text of test object 'Object Repository/Product Objects/h5_Rambutan' are matched.

2018-05-09 10:16:30 - [TEST_STEP][PASSED] - verifyElementText: Actual text and expected text of test object 'Object Repository/Product Objects/p_An expensive fruit from the' are matched.

2018-05-09 10:16:30 - [MESSAGE][PASSED] - Actual text and expected text of test object 'Object Repository/Product Objects/p_An expensive fruit from the' are matched.

2018-05-09 10:16:30 - [TEST_STEP][PASSED] - verifyElementText: Actual text and expected text of test object 'Object Repository/Product Objects/h6_Price is 20.00 THB' are matched.

2018-05-09 10:16:30 - [MESSAGE][PASSED] - Actual text and expected text of test object 'Object Repository/Product Objects/h6_Price is 20.00 THB' are matched.

2018-05-09 10:16:30 - [TEST_STEP][PASSED] - closeBrowser: Browser is closed

2018-05-09 10:16:30 - [MESSAGE][PASSED] - Browser is closed]]></system-out>
         <system-err><![CDATA[]]></system-err>
      </testcase>
      <testcase name="Test Cases/Available products -scripted " classname="Test Cases/Available products -scripted " status="PASSED">
         <system-out><![CDATA[2018-05-09 10:16:30 - [TEST_CASE][PASSED] - Test Cases/Available products -scripted : Test Cases/Available products -scripted 

2018-05-09 10:16:30 - [TEST_STEP][PASSED] - Statement - prod = ["productId":"", "name":"", "description":"", "imageLocation":"", "price":""]: null

2018-05-09 10:16:30 - [TEST_STEP][PASSED] - Statement - data = com.kms.katalon.core.testdata.TestDataFactory.findTestData("Data Files/data.product"): Reading excel file with source file '/Users/snailwalker/Documents/workspace/backend/katalon/Data Files/data.xlsx' and sheet name 'product'

2018-05-09 10:16:30 - [TEST_STEP][PASSED] - openBrowser: Browser is opened with url: ''

2018-05-09 10:16:31 - [MESSAGE][PASSED] - Browser is opened with url: ''

2018-05-09 10:16:31 - [TEST_STEP][PASSED] - navigateToUrl: Navigate to 'http://34.209.48.20:9089/' successfully

2018-05-09 10:16:42 - [MESSAGE][PASSED] - Navigate to 'http://34.209.48.20:9089/' successfully

2018-05-09 10:16:42 - [TEST_STEP][PASSED] - verifyElementPresent: Object 'Object Repository/Front Page Objects/header' is present

2018-05-09 10:16:42 - [MESSAGE][WARNING] - Timeout '0' is invalid. Using default page load timeout: '30'

2018-05-09 10:16:42 - [MESSAGE][PASSED] - Object 'Object Repository/Front Page Objects/header' is present

2018-05-09 10:16:42 - [TEST_STEP][PASSED] - verifyElementPresent: Object 'Object Repository/Front Page Objects/p_header_description' is present

2018-05-09 10:16:42 - [MESSAGE][WARNING] - Timeout '0' is invalid. Using default page load timeout: '30'

2018-05-09 10:16:42 - [MESSAGE][PASSED] - Object 'Object Repository/Front Page Objects/p_header_description' is present

2018-05-09 10:16:42 - [TEST_STEP][PASSED] - verifyElementPresent: Object 'Object Repository/Front Page Objects/h2_Login' is present

2018-05-09 10:16:42 - [MESSAGE][WARNING] - Timeout '0' is invalid. Using default page load timeout: '30'

2018-05-09 10:16:42 - [MESSAGE][PASSED] - Object 'Object Repository/Front Page Objects/h2_Login' is present

2018-05-09 10:16:42 - [TEST_STEP][PASSED] - verifyElementPresent: Object 'Object Repository/Login Objects /label_Username' is present

2018-05-09 10:16:42 - [MESSAGE][WARNING] - Timeout '0' is invalid. Using default page load timeout: '30'

2018-05-09 10:16:42 - [MESSAGE][PASSED] - Object 'Object Repository/Login Objects /label_Username' is present

2018-05-09 10:16:42 - [TEST_STEP][PASSED] - verifyElementPresent: Object 'Object Repository/Login Objects /label_Password' is present

2018-05-09 10:16:42 - [MESSAGE][WARNING] - Timeout '0' is invalid. Using default page load timeout: '30'

2018-05-09 10:16:42 - [MESSAGE][PASSED] - Object 'Object Repository/Login Objects /label_Password' is present

2018-05-09 10:16:42 - [TEST_STEP][PASSED] - click: Object: 'Object Repository/Front Page Objects/h2_Login' is clicked on

2018-05-09 10:16:42 - [MESSAGE][PASSED] - Object: 'Object Repository/Front Page Objects/h2_Login' is clicked on

2018-05-09 10:16:42 - [TEST_STEP][PASSED] - setText: Text 'hello' is set on object 'Object Repository/Login Objects /input_username'

2018-05-09 10:16:42 - [MESSAGE][PASSED] - Text 'hello' is set on object 'Object Repository/Login Objects /input_username'

2018-05-09 10:16:42 - [TEST_STEP][PASSED] - setText: Text 'hello' is set on object 'Object Repository/Login Objects /input_password'

2018-05-09 10:16:42 - [MESSAGE][PASSED] - Text 'hello' is set on object 'Object Repository/Login Objects /input_password'

2018-05-09 10:16:42 - [TEST_STEP][PASSED] - click: Object: 'Object Repository/Login Objects /button_Login' is clicked on

2018-05-09 10:16:43 - [MESSAGE][PASSED] - Object: 'Object Repository/Login Objects /button_Login' is clicked on

2018-05-09 10:16:43 - [TEST_STEP][PASSED] - verifyElementText: Actual text and expected text of test object 'Object Repository/Product Objects/h5_Garden' are matched.

2018-05-09 10:16:44 - [MESSAGE][PASSED] - Actual text and expected text of test object 'Object Repository/Product Objects/h5_Garden' are matched.

2018-05-09 10:16:44 - [TEST_STEP][PASSED] - verifyElementText: Actual text and expected text of test object 'Object Repository/Product Objects/p_The garden which you can gro' are matched.

2018-05-09 10:16:44 - [MESSAGE][PASSED] - Actual text and expected text of test object 'Object Repository/Product Objects/p_The garden which you can gro' are matched.

2018-05-09 10:16:44 - [TEST_STEP][PASSED] - verifyElementText: Actual text and expected text of test object 'Object Repository/Product Objects/h6_Price is 20000.00 THB' are matched.

2018-05-09 10:16:44 - [MESSAGE][PASSED] - Actual text and expected text of test object 'Object Repository/Product Objects/h6_Price is 20000.00 THB' are matched.

2018-05-09 10:16:44 - [TEST_STEP][PASSED] - verifyElementText: Actual text and expected text of test object 'Object Repository/Product Objects/h5_Banana' are matched.

2018-05-09 10:16:44 - [MESSAGE][PASSED] - Actual text and expected text of test object 'Object Repository/Product Objects/h5_Banana' are matched.

2018-05-09 10:16:44 - [TEST_STEP][PASSED] - verifyElementText: Actual text and expected text of test object 'Object Repository/Product Objects/p_A good fruit with very cheap' are matched.

2018-05-09 10:16:44 - [MESSAGE][PASSED] - Actual text and expected text of test object 'Object Repository/Product Objects/p_A good fruit with very cheap' are matched.

2018-05-09 10:16:44 - [TEST_STEP][PASSED] - verifyElementText: Actual text and expected text of test object 'Object Repository/Product Objects/h6_Price is 150.00 THB' are matched.

2018-05-09 10:16:44 - [MESSAGE][PASSED] - Actual text and expected text of test object 'Object Repository/Product Objects/h6_Price is 150.00 THB' are matched.

2018-05-09 10:16:44 - [TEST_STEP][PASSED] - verifyElementText: Actual text and expected text of test object 'Object Repository/Product Objects/h5_Orange' are matched.

2018-05-09 10:16:44 - [MESSAGE][PASSED] - Actual text and expected text of test object 'Object Repository/Product Objects/h5_Orange' are matched.

2018-05-09 10:16:44 - [TEST_STEP][PASSED] - verifyElementText: Actual text and expected text of test object 'Object Repository/Product Objects/p_Nothing good about it' are matched.

2018-05-09 10:16:44 - [MESSAGE][PASSED] - Actual text and expected text of test object 'Object Repository/Product Objects/p_Nothing good about it' are matched.

2018-05-09 10:16:44 - [TEST_STEP][PASSED] - verifyElementText: Actual text and expected text of test object 'Object Repository/Product Objects/h6_Price is 280.00 THB' are matched.

2018-05-09 10:16:44 - [MESSAGE][PASSED] - Actual text and expected text of test object 'Object Repository/Product Objects/h6_Price is 280.00 THB' are matched.

2018-05-09 10:16:44 - [TEST_STEP][PASSED] - verifyElementText: Actual text and expected text of test object 'Object Repository/Product Objects/h5_Papaya' are matched.

2018-05-09 10:16:44 - [MESSAGE][PASSED] - Actual text and expected text of test object 'Object Repository/Product Objects/h5_Papaya' are matched.

2018-05-09 10:16:45 - [TEST_STEP][PASSED] - verifyElementText: Actual text and expected text of test object 'Object Repository/Product Objects/p_Use for papaya salad' are matched.

2018-05-09 10:16:45 - [MESSAGE][PASSED] - Actual text and expected text of test object 'Object Repository/Product Objects/p_Use for papaya salad' are matched.

2018-05-09 10:16:45 - [TEST_STEP][PASSED] - verifyElementText: Actual text and expected text of test object 'Object Repository/Product Objects/h6_Price is 12.00 THB' are matched.

2018-05-09 10:16:45 - [MESSAGE][PASSED] - Actual text and expected text of test object 'Object Repository/Product Objects/h6_Price is 12.00 THB' are matched.

2018-05-09 10:16:45 - [TEST_STEP][PASSED] - verifyElementText: Actual text and expected text of test object 'Object Repository/Product Objects/h5_Rambutan' are matched.

2018-05-09 10:16:45 - [MESSAGE][PASSED] - Actual text and expected text of test object 'Object Repository/Product Objects/h5_Rambutan' are matched.

2018-05-09 10:16:45 - [TEST_STEP][PASSED] - verifyElementText: Actual text and expected text of test object 'Object Repository/Product Objects/p_An expensive fruit from the' are matched.

2018-05-09 10:16:45 - [MESSAGE][PASSED] - Actual text and expected text of test object 'Object Repository/Product Objects/p_An expensive fruit from the' are matched.

2018-05-09 10:16:45 - [TEST_STEP][PASSED] - verifyElementText: Actual text and expected text of test object 'Object Repository/Product Objects/h6_Price is 20.00 THB' are matched.

2018-05-09 10:16:45 - [MESSAGE][PASSED] - Actual text and expected text of test object 'Object Repository/Product Objects/h6_Price is 20.00 THB' are matched.

2018-05-09 10:16:45 - [TEST_STEP][PASSED] - closeBrowser: Browser is closed

2018-05-09 10:16:45 - [MESSAGE][PASSED] - Browser is closed]]></system-out>
         <system-err><![CDATA[]]></system-err>
      </testcase>
      <testcase name="Test Cases/Login page " classname="Test Cases/Login page " status="PASSED">
         <system-out><![CDATA[2018-05-09 10:16:45 - [TEST_CASE][PASSED] - Test Cases/Login page : Test Cases/Login page 

2018-05-09 10:16:45 - [TEST_STEP][PASSED] - openBrowser: Browser is opened with url: ''

2018-05-09 10:16:46 - [MESSAGE][PASSED] - Browser is opened with url: ''

2018-05-09 10:16:46 - [TEST_STEP][PASSED] - navigateToUrl: Navigate to 'http://34.209.48.20:9089/' successfully

2018-05-09 10:16:55 - [MESSAGE][PASSED] - Navigate to 'http://34.209.48.20:9089/' successfully

2018-05-09 10:16:55 - [TEST_STEP][PASSED] - verifyElementPresent: Object 'Object Repository/Front Page Objects/header' is present

2018-05-09 10:16:55 - [MESSAGE][WARNING] - Timeout '0' is invalid. Using default page load timeout: '30'

2018-05-09 10:16:55 - [MESSAGE][PASSED] - Object 'Object Repository/Front Page Objects/header' is present

2018-05-09 10:16:55 - [TEST_STEP][PASSED] - verifyElementPresent: Object 'Object Repository/Front Page Objects/p_header_description' is present

2018-05-09 10:16:55 - [MESSAGE][WARNING] - Timeout '0' is invalid. Using default page load timeout: '30'

2018-05-09 10:16:55 - [MESSAGE][PASSED] - Object 'Object Repository/Front Page Objects/p_header_description' is present

2018-05-09 10:16:55 - [TEST_STEP][PASSED] - verifyElementPresent: Object 'Object Repository/Front Page Objects/h2_Login' is present

2018-05-09 10:16:55 - [MESSAGE][WARNING] - Timeout '0' is invalid. Using default page load timeout: '30'

2018-05-09 10:16:55 - [MESSAGE][PASSED] - Object 'Object Repository/Front Page Objects/h2_Login' is present

2018-05-09 10:16:55 - [TEST_STEP][PASSED] - verifyElementPresent: Object 'Object Repository/Login Objects /label_Username' is present

2018-05-09 10:16:55 - [MESSAGE][WARNING] - Timeout '0' is invalid. Using default page load timeout: '30'

2018-05-09 10:16:55 - [MESSAGE][PASSED] - Object 'Object Repository/Login Objects /label_Username' is present

2018-05-09 10:16:55 - [TEST_STEP][PASSED] - verifyElementPresent: Object 'Object Repository/Login Objects /label_Password' is present

2018-05-09 10:16:55 - [MESSAGE][WARNING] - Timeout '0' is invalid. Using default page load timeout: '30'

2018-05-09 10:16:55 - [MESSAGE][PASSED] - Object 'Object Repository/Login Objects /label_Password' is present

2018-05-09 10:16:55 - [TEST_STEP][PASSED] - closeBrowser: Browser is closed

2018-05-09 10:16:55 - [MESSAGE][PASSED] - Browser is closed]]></system-out>
         <system-err><![CDATA[]]></system-err>
      </testcase>
      <testcase name="Test Cases/User logout " classname="Test Cases/User logout " status="PASSED">
         <system-out><![CDATA[2018-05-09 10:16:55 - [TEST_CASE][PASSED] - Test Cases/User logout : Test Cases/User logout 

2018-05-09 10:16:55 - [TEST_STEP][PASSED] - openBrowser: Browser is opened with url: ''

2018-05-09 10:16:57 - [MESSAGE][PASSED] - Browser is opened with url: ''

2018-05-09 10:16:57 - [TEST_STEP][PASSED] - navigateToUrl: Navigate to 'http://34.209.48.20:9089/' successfully

2018-05-09 10:17:07 - [MESSAGE][PASSED] - Navigate to 'http://34.209.48.20:9089/' successfully

2018-05-09 10:17:07 - [TEST_STEP][PASSED] - verifyElementPresent: Object 'Object Repository/Front Page Objects/header' is present

2018-05-09 10:17:07 - [MESSAGE][WARNING] - Timeout '0' is invalid. Using default page load timeout: '30'

2018-05-09 10:17:07 - [MESSAGE][PASSED] - Object 'Object Repository/Front Page Objects/header' is present

2018-05-09 10:17:07 - [TEST_STEP][PASSED] - verifyElementPresent: Object 'Object Repository/Front Page Objects/p_header_description' is present

2018-05-09 10:17:07 - [MESSAGE][WARNING] - Timeout '0' is invalid. Using default page load timeout: '30'

2018-05-09 10:17:07 - [MESSAGE][PASSED] - Object 'Object Repository/Front Page Objects/p_header_description' is present

2018-05-09 10:17:07 - [TEST_STEP][PASSED] - verifyElementPresent: Object 'Object Repository/Front Page Objects/h2_Login' is present

2018-05-09 10:17:07 - [MESSAGE][WARNING] - Timeout '0' is invalid. Using default page load timeout: '30'

2018-05-09 10:17:07 - [MESSAGE][PASSED] - Object 'Object Repository/Front Page Objects/h2_Login' is present

2018-05-09 10:17:07 - [TEST_STEP][PASSED] - verifyElementPresent: Object 'Object Repository/Login Objects /label_Username' is present

2018-05-09 10:17:07 - [MESSAGE][WARNING] - Timeout '0' is invalid. Using default page load timeout: '30'

2018-05-09 10:17:07 - [MESSAGE][PASSED] - Object 'Object Repository/Login Objects /label_Username' is present

2018-05-09 10:17:07 - [TEST_STEP][PASSED] - verifyElementPresent: Object 'Object Repository/Login Objects /label_Password' is present

2018-05-09 10:17:07 - [MESSAGE][WARNING] - Timeout '0' is invalid. Using default page load timeout: '30'

2018-05-09 10:17:07 - [MESSAGE][PASSED] - Object 'Object Repository/Login Objects /label_Password' is present

2018-05-09 10:17:07 - [TEST_STEP][PASSED] - setText: Text 'user' is set on object 'Object Repository/Login Objects /input_username'

2018-05-09 10:17:07 - [MESSAGE][PASSED] - Text 'user' is set on object 'Object Repository/Login Objects /input_username'

2018-05-09 10:17:07 - [TEST_STEP][PASSED] - setText: Text 'user' is set on object 'Object Repository/Login Objects /input_password'

2018-05-09 10:17:07 - [MESSAGE][PASSED] - Text 'user' is set on object 'Object Repository/Login Objects /input_password'

2018-05-09 10:17:07 - [TEST_STEP][PASSED] - click: Object: 'Object Repository/Login Objects /button_Login' is clicked on

2018-05-09 10:17:09 - [MESSAGE][PASSED] - Object: 'Object Repository/Login Objects /button_Login' is clicked on

2018-05-09 10:17:09 - [TEST_STEP][PASSED] - verifyElementPresent: Object 'Object Repository/Front Page Objects/header' is present

2018-05-09 10:17:09 - [MESSAGE][WARNING] - Timeout '0' is invalid. Using default page load timeout: '30'

2018-05-09 10:17:09 - [MESSAGE][PASSED] - Object 'Object Repository/Front Page Objects/header' is present

2018-05-09 10:17:09 - [TEST_STEP][PASSED] - verifyElementPresent: Object 'Object Repository/Front Page Objects/p_header_description' is present

2018-05-09 10:17:09 - [MESSAGE][WARNING] - Timeout '0' is invalid. Using default page load timeout: '30'

2018-05-09 10:17:09 - [MESSAGE][PASSED] - Object 'Object Repository/Front Page Objects/p_header_description' is present

2018-05-09 10:17:09 - [TEST_STEP][PASSED] - verifyElementPresent: Object 'Object Repository/Front Page Objects/div_add to cart' is present

2018-05-09 10:17:09 - [MESSAGE][WARNING] - Timeout '0' is invalid. Using default page load timeout: '30'

2018-05-09 10:17:10 - [MESSAGE][PASSED] - Object 'Object Repository/Front Page Objects/div_add to cart' is present

2018-05-09 10:17:10 - [TEST_STEP][PASSED] - click: Object: 'Object Repository/Front Page Objects/button_Carts' is clicked on

2018-05-09 10:17:11 - [MESSAGE][PASSED] - Object: 'Object Repository/Front Page Objects/button_Carts' is clicked on

2018-05-09 10:17:11 - [TEST_STEP][PASSED] - verifyElementPresent: Object 'Object Repository/Front Page Objects/User_Shopping Cart_header' is present

2018-05-09 10:17:11 - [MESSAGE][WARNING] - Timeout '0' is invalid. Using default page load timeout: '30'

2018-05-09 10:17:11 - [MESSAGE][PASSED] - Object 'Object Repository/Front Page Objects/User_Shopping Cart_header' is present

2018-05-09 10:17:11 - [TEST_STEP][PASSED] - verifyElementPresent: Object 'Object Repository/Front Page Objects/th_Product Name' is present

2018-05-09 10:17:11 - [MESSAGE][WARNING] - Timeout '0' is invalid. Using default page load timeout: '30'

2018-05-09 10:17:11 - [MESSAGE][PASSED] - Object 'Object Repository/Front Page Objects/th_Product Name' is present

2018-05-09 10:17:11 - [TEST_STEP][PASSED] - verifyElementPresent: Object 'Object Repository/Front Page Objects/th_Price' is present

2018-05-09 10:17:11 - [MESSAGE][WARNING] - Timeout '0' is invalid. Using default page load timeout: '30'

2018-05-09 10:17:11 - [MESSAGE][PASSED] - Object 'Object Repository/Front Page Objects/th_Price' is present

2018-05-09 10:17:11 - [TEST_STEP][PASSED] - verifyElementPresent: Object 'Object Repository/Front Page Objects/th_amount' is present

2018-05-09 10:17:11 - [MESSAGE][WARNING] - Timeout '0' is invalid. Using default page load timeout: '30'

2018-05-09 10:17:11 - [MESSAGE][PASSED] - Object 'Object Repository/Front Page Objects/th_amount' is present

2018-05-09 10:17:11 - [TEST_STEP][PASSED] - verifyElementPresent: Object 'Object Repository/Product Objects/p_Total price  0 THB' is present

2018-05-09 10:17:11 - [MESSAGE][WARNING] - Timeout '0' is invalid. Using default page load timeout: '30'

2018-05-09 10:17:11 - [MESSAGE][PASSED] - Object 'Object Repository/Product Objects/p_Total price  0 THB' is present

2018-05-09 10:17:11 - [TEST_STEP][PASSED] - verifyElementPresent: Object 'Object Repository/Login Objects /div_confirm' is present

2018-05-09 10:17:11 - [MESSAGE][WARNING] - Timeout '0' is invalid. Using default page load timeout: '30'

2018-05-09 10:17:11 - [MESSAGE][PASSED] - Object 'Object Repository/Login Objects /div_confirm' is present

2018-05-09 10:17:11 - [TEST_STEP][PASSED] - click: Object: 'Object Repository/Login Objects /button_Logout' is clicked on

2018-05-09 10:17:11 - [MESSAGE][PASSED] - Object: 'Object Repository/Login Objects /button_Logout' is clicked on

2018-05-09 10:17:11 - [TEST_STEP][PASSED] - verifyElementPresent: Object 'Object Repository/Front Page Objects/header' is present

2018-05-09 10:17:11 - [MESSAGE][WARNING] - Timeout '0' is invalid. Using default page load timeout: '30'

2018-05-09 10:17:11 - [MESSAGE][PASSED] - Object 'Object Repository/Front Page Objects/header' is present

2018-05-09 10:17:11 - [TEST_STEP][PASSED] - verifyElementPresent: Object 'Object Repository/Front Page Objects/p_header_description' is present

2018-05-09 10:17:11 - [MESSAGE][WARNING] - Timeout '0' is invalid. Using default page load timeout: '30'

2018-05-09 10:17:11 - [MESSAGE][PASSED] - Object 'Object Repository/Front Page Objects/p_header_description' is present

2018-05-09 10:17:11 - [TEST_STEP][PASSED] - verifyElementPresent: Object 'Object Repository/Front Page Objects/h2_Login' is present

2018-05-09 10:17:11 - [MESSAGE][WARNING] - Timeout '0' is invalid. Using default page load timeout: '30'

2018-05-09 10:17:11 - [MESSAGE][PASSED] - Object 'Object Repository/Front Page Objects/h2_Login' is present

2018-05-09 10:17:11 - [TEST_STEP][PASSED] - verifyElementPresent: Object 'Object Repository/Login Objects /label_Username' is present

2018-05-09 10:17:11 - [MESSAGE][WARNING] - Timeout '0' is invalid. Using default page load timeout: '30'

2018-05-09 10:17:11 - [MESSAGE][PASSED] - Object 'Object Repository/Login Objects /label_Username' is present

2018-05-09 10:17:11 - [TEST_STEP][PASSED] - verifyElementPresent: Object 'Object Repository/Login Objects /label_Password' is present

2018-05-09 10:17:11 - [MESSAGE][WARNING] - Timeout '0' is invalid. Using default page load timeout: '30'

2018-05-09 10:17:11 - [MESSAGE][PASSED] - Object 'Object Repository/Login Objects /label_Password' is present

2018-05-09 10:17:11 - [TEST_STEP][PASSED] - closeBrowser: Browser is closed

2018-05-09 10:17:12 - [MESSAGE][PASSED] - Browser is closed]]></system-out>
         <system-err><![CDATA[]]></system-err>
      </testcase>
      <testcase name="Test Cases/User logout " classname="Test Cases/User logout " status="PASSED">
         <system-out><![CDATA[2018-05-09 10:17:12 - [TEST_CASE][PASSED] - Test Cases/User logout : Test Cases/User logout 

2018-05-09 10:17:12 - [TEST_STEP][PASSED] - openBrowser: Browser is opened with url: ''

2018-05-09 10:17:13 - [MESSAGE][PASSED] - Browser is opened with url: ''

2018-05-09 10:17:13 - [TEST_STEP][PASSED] - navigateToUrl: Navigate to 'http://34.209.48.20:9089/' successfully

2018-05-09 10:17:23 - [MESSAGE][PASSED] - Navigate to 'http://34.209.48.20:9089/' successfully

2018-05-09 10:17:23 - [TEST_STEP][PASSED] - verifyElementPresent: Object 'Object Repository/Front Page Objects/header' is present

2018-05-09 10:17:23 - [MESSAGE][WARNING] - Timeout '0' is invalid. Using default page load timeout: '30'

2018-05-09 10:17:23 - [MESSAGE][PASSED] - Object 'Object Repository/Front Page Objects/header' is present

2018-05-09 10:17:23 - [TEST_STEP][PASSED] - verifyElementPresent: Object 'Object Repository/Front Page Objects/p_header_description' is present

2018-05-09 10:17:23 - [MESSAGE][WARNING] - Timeout '0' is invalid. Using default page load timeout: '30'

2018-05-09 10:17:23 - [MESSAGE][PASSED] - Object 'Object Repository/Front Page Objects/p_header_description' is present

2018-05-09 10:17:23 - [TEST_STEP][PASSED] - verifyElementPresent: Object 'Object Repository/Front Page Objects/h2_Login' is present

2018-05-09 10:17:23 - [MESSAGE][WARNING] - Timeout '0' is invalid. Using default page load timeout: '30'

2018-05-09 10:17:23 - [MESSAGE][PASSED] - Object 'Object Repository/Front Page Objects/h2_Login' is present

2018-05-09 10:17:23 - [TEST_STEP][PASSED] - verifyElementPresent: Object 'Object Repository/Login Objects /label_Username' is present

2018-05-09 10:17:23 - [MESSAGE][WARNING] - Timeout '0' is invalid. Using default page load timeout: '30'

2018-05-09 10:17:24 - [MESSAGE][PASSED] - Object 'Object Repository/Login Objects /label_Username' is present

2018-05-09 10:17:24 - [TEST_STEP][PASSED] - verifyElementPresent: Object 'Object Repository/Login Objects /label_Password' is present

2018-05-09 10:17:24 - [MESSAGE][WARNING] - Timeout '0' is invalid. Using default page load timeout: '30'

2018-05-09 10:17:24 - [MESSAGE][PASSED] - Object 'Object Repository/Login Objects /label_Password' is present

2018-05-09 10:17:24 - [TEST_STEP][PASSED] - setText: Text 'hello' is set on object 'Object Repository/Login Objects /input_username'

2018-05-09 10:17:24 - [MESSAGE][PASSED] - Text 'hello' is set on object 'Object Repository/Login Objects /input_username'

2018-05-09 10:17:24 - [TEST_STEP][PASSED] - setText: Text 'hello' is set on object 'Object Repository/Login Objects /input_password'

2018-05-09 10:17:24 - [MESSAGE][PASSED] - Text 'hello' is set on object 'Object Repository/Login Objects /input_password'

2018-05-09 10:17:24 - [TEST_STEP][PASSED] - click: Object: 'Object Repository/Login Objects /button_Login' is clicked on

2018-05-09 10:17:29 - [MESSAGE][PASSED] - Object: 'Object Repository/Login Objects /button_Login' is clicked on

2018-05-09 10:17:29 - [TEST_STEP][PASSED] - verifyElementPresent: Object 'Object Repository/Front Page Objects/header' is present

2018-05-09 10:17:29 - [MESSAGE][WARNING] - Timeout '0' is invalid. Using default page load timeout: '30'

2018-05-09 10:17:29 - [MESSAGE][PASSED] - Object 'Object Repository/Front Page Objects/header' is present

2018-05-09 10:17:29 - [TEST_STEP][PASSED] - verifyElementPresent: Object 'Object Repository/Front Page Objects/p_header_description' is present

2018-05-09 10:17:29 - [MESSAGE][WARNING] - Timeout '0' is invalid. Using default page load timeout: '30'

2018-05-09 10:17:29 - [MESSAGE][PASSED] - Object 'Object Repository/Front Page Objects/p_header_description' is present

2018-05-09 10:17:29 - [TEST_STEP][PASSED] - verifyElementPresent: Object 'Object Repository/Front Page Objects/div_add to cart' is present

2018-05-09 10:17:29 - [MESSAGE][WARNING] - Timeout '0' is invalid. Using default page load timeout: '30'

2018-05-09 10:17:31 - [MESSAGE][PASSED] - Object 'Object Repository/Front Page Objects/div_add to cart' is present

2018-05-09 10:17:31 - [TEST_STEP][PASSED] - click: Object: 'Object Repository/Front Page Objects/button_Carts' is clicked on

2018-05-09 10:17:36 - [MESSAGE][PASSED] - Object: 'Object Repository/Front Page Objects/button_Carts' is clicked on

2018-05-09 10:17:36 - [TEST_STEP][PASSED] - verifyElementPresent: Object 'Object Repository/Front Page Objects/User_Shopping Cart_header' is present

2018-05-09 10:17:36 - [MESSAGE][WARNING] - Timeout '0' is invalid. Using default page load timeout: '30'

2018-05-09 10:17:36 - [MESSAGE][PASSED] - Object 'Object Repository/Front Page Objects/User_Shopping Cart_header' is present

2018-05-09 10:17:36 - [TEST_STEP][PASSED] - verifyElementPresent: Object 'Object Repository/Front Page Objects/th_Product Name' is present

2018-05-09 10:17:36 - [MESSAGE][WARNING] - Timeout '0' is invalid. Using default page load timeout: '30'

2018-05-09 10:17:36 - [MESSAGE][PASSED] - Object 'Object Repository/Front Page Objects/th_Product Name' is present

2018-05-09 10:17:36 - [TEST_STEP][PASSED] - verifyElementPresent: Object 'Object Repository/Front Page Objects/th_Price' is present

2018-05-09 10:17:36 - [MESSAGE][WARNING] - Timeout '0' is invalid. Using default page load timeout: '30'

2018-05-09 10:17:36 - [MESSAGE][PASSED] - Object 'Object Repository/Front Page Objects/th_Price' is present

2018-05-09 10:17:36 - [TEST_STEP][PASSED] - verifyElementPresent: Object 'Object Repository/Front Page Objects/th_amount' is present

2018-05-09 10:17:36 - [MESSAGE][WARNING] - Timeout '0' is invalid. Using default page load timeout: '30'

2018-05-09 10:17:36 - [MESSAGE][PASSED] - Object 'Object Repository/Front Page Objects/th_amount' is present

2018-05-09 10:17:36 - [TEST_STEP][PASSED] - verifyElementPresent: Object 'Object Repository/Product Objects/p_Total price  0 THB' is present

2018-05-09 10:17:36 - [MESSAGE][WARNING] - Timeout '0' is invalid. Using default page load timeout: '30'

2018-05-09 10:17:36 - [MESSAGE][PASSED] - Object 'Object Repository/Product Objects/p_Total price  0 THB' is present

2018-05-09 10:17:36 - [TEST_STEP][PASSED] - verifyElementPresent: Object 'Object Repository/Login Objects /div_confirm' is present

2018-05-09 10:17:36 - [MESSAGE][WARNING] - Timeout '0' is invalid. Using default page load timeout: '30'

2018-05-09 10:17:36 - [MESSAGE][PASSED] - Object 'Object Repository/Login Objects /div_confirm' is present

2018-05-09 10:17:36 - [TEST_STEP][PASSED] - click: Object: 'Object Repository/Login Objects /button_Logout' is clicked on

2018-05-09 10:17:41 - [MESSAGE][PASSED] - Object: 'Object Repository/Login Objects /button_Logout' is clicked on

2018-05-09 10:17:41 - [TEST_STEP][PASSED] - verifyElementPresent: Object 'Object Repository/Front Page Objects/header' is present

2018-05-09 10:17:41 - [MESSAGE][WARNING] - Timeout '0' is invalid. Using default page load timeout: '30'

2018-05-09 10:17:41 - [MESSAGE][PASSED] - Object 'Object Repository/Front Page Objects/header' is present

2018-05-09 10:17:41 - [TEST_STEP][PASSED] - verifyElementPresent: Object 'Object Repository/Front Page Objects/p_header_description' is present

2018-05-09 10:17:41 - [MESSAGE][WARNING] - Timeout '0' is invalid. Using default page load timeout: '30'

2018-05-09 10:17:41 - [MESSAGE][PASSED] - Object 'Object Repository/Front Page Objects/p_header_description' is present

2018-05-09 10:17:41 - [TEST_STEP][PASSED] - verifyElementPresent: Object 'Object Repository/Front Page Objects/h2_Login' is present

2018-05-09 10:17:41 - [MESSAGE][WARNING] - Timeout '0' is invalid. Using default page load timeout: '30'

2018-05-09 10:17:41 - [MESSAGE][PASSED] - Object 'Object Repository/Front Page Objects/h2_Login' is present

2018-05-09 10:17:41 - [TEST_STEP][PASSED] - verifyElementPresent: Object 'Object Repository/Login Objects /label_Username' is present

2018-05-09 10:17:41 - [MESSAGE][WARNING] - Timeout '0' is invalid. Using default page load timeout: '30'

2018-05-09 10:17:41 - [MESSAGE][PASSED] - Object 'Object Repository/Login Objects /label_Username' is present

2018-05-09 10:17:41 - [TEST_STEP][PASSED] - verifyElementPresent: Object 'Object Repository/Login Objects /label_Password' is present

2018-05-09 10:17:41 - [MESSAGE][WARNING] - Timeout '0' is invalid. Using default page load timeout: '30'

2018-05-09 10:17:41 - [MESSAGE][PASSED] - Object 'Object Repository/Login Objects /label_Password' is present

2018-05-09 10:17:41 - [TEST_STEP][PASSED] - closeBrowser: Browser is closed

2018-05-09 10:17:41 - [MESSAGE][PASSED] - Browser is closed]]></system-out>
         <system-err><![CDATA[]]></system-err>
      </testcase>
      <testcase name="Test Cases/User login fail " classname="Test Cases/User login fail " status="PASSED">
         <system-out><![CDATA[2018-05-09 10:17:41 - [TEST_CASE][PASSED] - Test Cases/User login fail : Test Cases/User login fail 

2018-05-09 10:17:41 - [TEST_STEP][PASSED] - openBrowser: Browser is opened with url: ''

2018-05-09 10:17:43 - [MESSAGE][PASSED] - Browser is opened with url: ''

2018-05-09 10:17:43 - [TEST_STEP][PASSED] - navigateToUrl: Navigate to 'http://34.209.48.20:9089/' successfully

2018-05-09 10:17:55 - [MESSAGE][PASSED] - Navigate to 'http://34.209.48.20:9089/' successfully

2018-05-09 10:17:55 - [TEST_STEP][PASSED] - verifyElementPresent: Object 'Object Repository/Front Page Objects/header' is present

2018-05-09 10:17:55 - [MESSAGE][WARNING] - Timeout '0' is invalid. Using default page load timeout: '30'

2018-05-09 10:17:55 - [MESSAGE][PASSED] - Object 'Object Repository/Front Page Objects/header' is present

2018-05-09 10:17:55 - [TEST_STEP][PASSED] - verifyElementPresent: Object 'Object Repository/Front Page Objects/p_header_description' is present

2018-05-09 10:17:55 - [MESSAGE][WARNING] - Timeout '0' is invalid. Using default page load timeout: '30'

2018-05-09 10:17:55 - [MESSAGE][PASSED] - Object 'Object Repository/Front Page Objects/p_header_description' is present

2018-05-09 10:17:55 - [TEST_STEP][PASSED] - verifyElementPresent: Object 'Object Repository/Front Page Objects/h2_Login' is present

2018-05-09 10:17:55 - [MESSAGE][WARNING] - Timeout '0' is invalid. Using default page load timeout: '30'

2018-05-09 10:17:55 - [MESSAGE][PASSED] - Object 'Object Repository/Front Page Objects/h2_Login' is present

2018-05-09 10:17:55 - [TEST_STEP][PASSED] - verifyElementPresent: Object 'Object Repository/Login Objects /label_Username' is present

2018-05-09 10:17:55 - [MESSAGE][WARNING] - Timeout '0' is invalid. Using default page load timeout: '30'

2018-05-09 10:17:55 - [MESSAGE][PASSED] - Object 'Object Repository/Login Objects /label_Username' is present

2018-05-09 10:17:55 - [TEST_STEP][PASSED] - verifyElementPresent: Object 'Object Repository/Login Objects /label_Password' is present

2018-05-09 10:17:55 - [MESSAGE][WARNING] - Timeout '0' is invalid. Using default page load timeout: '30'

2018-05-09 10:17:55 - [MESSAGE][PASSED] - Object 'Object Repository/Login Objects /label_Password' is present

2018-05-09 10:17:55 - [TEST_STEP][PASSED] - setText: Text 'firefly' is set on object 'Object Repository/Login Objects /input_username'

2018-05-09 10:17:55 - [MESSAGE][PASSED] - Text 'firefly' is set on object 'Object Repository/Login Objects /input_username'

2018-05-09 10:17:55 - [TEST_STEP][PASSED] - setText: Text 'wrongpass' is set on object 'Object Repository/Login Objects /input_password'

2018-05-09 10:17:55 - [MESSAGE][PASSED] - Text 'wrongpass' is set on object 'Object Repository/Login Objects /input_password'

2018-05-09 10:17:55 - [TEST_STEP][PASSED] - click: Object: 'Object Repository/Login Objects /button_Login' is clicked on

2018-05-09 10:17:56 - [MESSAGE][PASSED] - Object: 'Object Repository/Login Objects /button_Login' is clicked on

2018-05-09 10:17:56 - [TEST_STEP][PASSED] - verifyElementPresent: Object 'Object Repository/Login Objects /label_Usernamepassword is inco' is present

2018-05-09 10:17:56 - [MESSAGE][WARNING] - Timeout '0' is invalid. Using default page load timeout: '30'

2018-05-09 10:17:57 - [MESSAGE][PASSED] - Object 'Object Repository/Login Objects /label_Usernamepassword is inco' is present

2018-05-09 10:17:57 - [TEST_STEP][PASSED] - closeBrowser: Browser is closed

2018-05-09 10:17:57 - [MESSAGE][PASSED] - Browser is closed]]></system-out>
         <system-err><![CDATA[]]></system-err>
      </testcase>
      <testcase name="Test Cases/Empty password field " classname="Test Cases/Empty password field " status="PASSED">
         <system-out><![CDATA[2018-05-09 10:17:57 - [TEST_CASE][PASSED] - Test Cases/Empty password field : Test Cases/Empty password field 

2018-05-09 10:17:57 - [TEST_STEP][PASSED] - openBrowser: Browser is opened with url: ''

2018-05-09 10:17:58 - [MESSAGE][PASSED] - Browser is opened with url: ''

2018-05-09 10:17:58 - [TEST_STEP][PASSED] - navigateToUrl: Navigate to 'http://34.209.48.20:9089/' successfully

2018-05-09 10:18:10 - [MESSAGE][PASSED] - Navigate to 'http://34.209.48.20:9089/' successfully

2018-05-09 10:18:10 - [TEST_STEP][PASSED] - verifyElementPresent: Object 'Object Repository/Front Page Objects/header' is present

2018-05-09 10:18:10 - [MESSAGE][WARNING] - Timeout '0' is invalid. Using default page load timeout: '30'

2018-05-09 10:18:10 - [MESSAGE][PASSED] - Object 'Object Repository/Front Page Objects/header' is present

2018-05-09 10:18:10 - [TEST_STEP][PASSED] - verifyElementPresent: Object 'Object Repository/Front Page Objects/p_header_description' is present

2018-05-09 10:18:10 - [MESSAGE][WARNING] - Timeout '0' is invalid. Using default page load timeout: '30'

2018-05-09 10:18:10 - [MESSAGE][PASSED] - Object 'Object Repository/Front Page Objects/p_header_description' is present

2018-05-09 10:18:10 - [TEST_STEP][PASSED] - verifyElementPresent: Object 'Object Repository/Front Page Objects/h2_Login' is present

2018-05-09 10:18:10 - [MESSAGE][WARNING] - Timeout '0' is invalid. Using default page load timeout: '30'

2018-05-09 10:18:10 - [MESSAGE][PASSED] - Object 'Object Repository/Front Page Objects/h2_Login' is present

2018-05-09 10:18:10 - [TEST_STEP][PASSED] - verifyElementPresent: Object 'Object Repository/Login Objects /label_Username' is present

2018-05-09 10:18:10 - [MESSAGE][WARNING] - Timeout '0' is invalid. Using default page load timeout: '30'

2018-05-09 10:18:10 - [MESSAGE][PASSED] - Object 'Object Repository/Login Objects /label_Username' is present

2018-05-09 10:18:10 - [TEST_STEP][PASSED] - verifyElementPresent: Object 'Object Repository/Login Objects /label_Password' is present

2018-05-09 10:18:10 - [MESSAGE][WARNING] - Timeout '0' is invalid. Using default page load timeout: '30'

2018-05-09 10:18:10 - [MESSAGE][PASSED] - Object 'Object Repository/Login Objects /label_Password' is present

2018-05-09 10:18:10 - [TEST_STEP][PASSED] - verifyElementPresent: Object 'Object Repository/Login Objects /div_Login' is present

2018-05-09 10:18:10 - [MESSAGE][WARNING] - Timeout '0' is invalid. Using default page load timeout: '30'

2018-05-09 10:18:10 - [MESSAGE][PASSED] - Object 'Object Repository/Login Objects /div_Login' is present

2018-05-09 10:18:10 - [TEST_STEP][PASSED] - setText: Text 'admin' is set on object 'Object Repository/Login Objects /input_username'

2018-05-09 10:18:10 - [MESSAGE][PASSED] - Text 'admin' is set on object 'Object Repository/Login Objects /input_username'

2018-05-09 10:18:10 - [TEST_STEP][PASSED] - setText: Text '' is set on object 'Object Repository/Login Objects /input_password'

2018-05-09 10:18:11 - [MESSAGE][PASSED] - Text '' is set on object 'Object Repository/Login Objects /input_password'

2018-05-09 10:18:11 - [TEST_STEP][PASSED] - click: Object: 'Object Repository/Login Objects /button_Login' is clicked on

2018-05-09 10:18:11 - [MESSAGE][PASSED] - Object: 'Object Repository/Login Objects /button_Login' is clicked on

2018-05-09 10:18:11 - [TEST_STEP][PASSED] - verifyElementPresent: Object 'Object Repository/Login Objects /label_Password is required' is present

2018-05-09 10:18:11 - [MESSAGE][WARNING] - Timeout '0' is invalid. Using default page load timeout: '30'

2018-05-09 10:18:11 - [MESSAGE][PASSED] - Object 'Object Repository/Login Objects /label_Password is required' is present

2018-05-09 10:18:11 - [TEST_STEP][PASSED] - closeBrowser: Browser is closed

2018-05-09 10:18:11 - [MESSAGE][PASSED] - Browser is closed]]></system-out>
         <system-err><![CDATA[]]></system-err>
      </testcase>
      <testcase name="Test Cases/Empty password field " classname="Test Cases/Empty password field " status="PASSED">
         <system-out><![CDATA[2018-05-09 10:18:11 - [TEST_CASE][PASSED] - Test Cases/Empty password field : Test Cases/Empty password field 

2018-05-09 10:18:11 - [TEST_STEP][PASSED] - openBrowser: Browser is opened with url: ''

2018-05-09 10:18:12 - [MESSAGE][PASSED] - Browser is opened with url: ''

2018-05-09 10:18:12 - [TEST_STEP][PASSED] - navigateToUrl: Navigate to 'http://34.209.48.20:9089/' successfully

2018-05-09 10:18:22 - [MESSAGE][PASSED] - Navigate to 'http://34.209.48.20:9089/' successfully

2018-05-09 10:18:22 - [TEST_STEP][PASSED] - verifyElementPresent: Object 'Object Repository/Front Page Objects/header' is present

2018-05-09 10:18:22 - [MESSAGE][WARNING] - Timeout '0' is invalid. Using default page load timeout: '30'

2018-05-09 10:18:22 - [MESSAGE][PASSED] - Object 'Object Repository/Front Page Objects/header' is present

2018-05-09 10:18:22 - [TEST_STEP][PASSED] - verifyElementPresent: Object 'Object Repository/Front Page Objects/p_header_description' is present

2018-05-09 10:18:22 - [MESSAGE][WARNING] - Timeout '0' is invalid. Using default page load timeout: '30'

2018-05-09 10:18:22 - [MESSAGE][PASSED] - Object 'Object Repository/Front Page Objects/p_header_description' is present

2018-05-09 10:18:22 - [TEST_STEP][PASSED] - verifyElementPresent: Object 'Object Repository/Front Page Objects/h2_Login' is present

2018-05-09 10:18:22 - [MESSAGE][WARNING] - Timeout '0' is invalid. Using default page load timeout: '30'

2018-05-09 10:18:22 - [MESSAGE][PASSED] - Object 'Object Repository/Front Page Objects/h2_Login' is present

2018-05-09 10:18:22 - [TEST_STEP][PASSED] - verifyElementPresent: Object 'Object Repository/Login Objects /label_Username' is present

2018-05-09 10:18:22 - [MESSAGE][WARNING] - Timeout '0' is invalid. Using default page load timeout: '30'

2018-05-09 10:18:22 - [MESSAGE][PASSED] - Object 'Object Repository/Login Objects /label_Username' is present

2018-05-09 10:18:22 - [TEST_STEP][PASSED] - verifyElementPresent: Object 'Object Repository/Login Objects /label_Password' is present

2018-05-09 10:18:22 - [MESSAGE][WARNING] - Timeout '0' is invalid. Using default page load timeout: '30'

2018-05-09 10:18:22 - [MESSAGE][PASSED] - Object 'Object Repository/Login Objects /label_Password' is present

2018-05-09 10:18:22 - [TEST_STEP][PASSED] - verifyElementPresent: Object 'Object Repository/Login Objects /div_Login' is present

2018-05-09 10:18:22 - [MESSAGE][WARNING] - Timeout '0' is invalid. Using default page load timeout: '30'

2018-05-09 10:18:22 - [MESSAGE][PASSED] - Object 'Object Repository/Login Objects /div_Login' is present

2018-05-09 10:18:22 - [TEST_STEP][PASSED] - setText: Text 'user' is set on object 'Object Repository/Login Objects /input_username'

2018-05-09 10:18:22 - [MESSAGE][PASSED] - Text 'user' is set on object 'Object Repository/Login Objects /input_username'

2018-05-09 10:18:22 - [TEST_STEP][PASSED] - setText: Text '' is set on object 'Object Repository/Login Objects /input_password'

2018-05-09 10:18:22 - [MESSAGE][PASSED] - Text '' is set on object 'Object Repository/Login Objects /input_password'

2018-05-09 10:18:22 - [TEST_STEP][PASSED] - click: Object: 'Object Repository/Login Objects /button_Login' is clicked on

2018-05-09 10:18:22 - [MESSAGE][PASSED] - Object: 'Object Repository/Login Objects /button_Login' is clicked on

2018-05-09 10:18:23 - [TEST_STEP][PASSED] - verifyElementPresent: Object 'Object Repository/Login Objects /label_Password is required' is present

2018-05-09 10:18:23 - [MESSAGE][WARNING] - Timeout '0' is invalid. Using default page load timeout: '30'

2018-05-09 10:18:23 - [MESSAGE][PASSED] - Object 'Object Repository/Login Objects /label_Password is required' is present

2018-05-09 10:18:23 - [TEST_STEP][PASSED] - closeBrowser: Browser is closed

2018-05-09 10:18:23 - [MESSAGE][PASSED] - Browser is closed]]></system-out>
         <system-err><![CDATA[]]></system-err>
      </testcase>
      <testcase name="Test Cases/Empty password field " classname="Test Cases/Empty password field " status="PASSED">
         <system-out><![CDATA[2018-05-09 10:18:23 - [TEST_CASE][PASSED] - Test Cases/Empty password field : Test Cases/Empty password field 

2018-05-09 10:18:23 - [TEST_STEP][PASSED] - openBrowser: Browser is opened with url: ''

2018-05-09 10:18:24 - [MESSAGE][PASSED] - Browser is opened with url: ''

2018-05-09 10:18:24 - [TEST_STEP][PASSED] - navigateToUrl: Navigate to 'http://34.209.48.20:9089/' successfully

2018-05-09 10:18:36 - [MESSAGE][PASSED] - Navigate to 'http://34.209.48.20:9089/' successfully

2018-05-09 10:18:36 - [TEST_STEP][PASSED] - verifyElementPresent: Object 'Object Repository/Front Page Objects/header' is present

2018-05-09 10:18:37 - [MESSAGE][WARNING] - Timeout '0' is invalid. Using default page load timeout: '30'

2018-05-09 10:18:37 - [MESSAGE][PASSED] - Object 'Object Repository/Front Page Objects/header' is present

2018-05-09 10:18:37 - [TEST_STEP][PASSED] - verifyElementPresent: Object 'Object Repository/Front Page Objects/p_header_description' is present

2018-05-09 10:18:37 - [MESSAGE][WARNING] - Timeout '0' is invalid. Using default page load timeout: '30'

2018-05-09 10:18:37 - [MESSAGE][PASSED] - Object 'Object Repository/Front Page Objects/p_header_description' is present

2018-05-09 10:18:37 - [TEST_STEP][PASSED] - verifyElementPresent: Object 'Object Repository/Front Page Objects/h2_Login' is present

2018-05-09 10:18:37 - [MESSAGE][WARNING] - Timeout '0' is invalid. Using default page load timeout: '30'

2018-05-09 10:18:37 - [MESSAGE][PASSED] - Object 'Object Repository/Front Page Objects/h2_Login' is present

2018-05-09 10:18:37 - [TEST_STEP][PASSED] - verifyElementPresent: Object 'Object Repository/Login Objects /label_Username' is present

2018-05-09 10:18:37 - [MESSAGE][WARNING] - Timeout '0' is invalid. Using default page load timeout: '30'

2018-05-09 10:18:37 - [MESSAGE][PASSED] - Object 'Object Repository/Login Objects /label_Username' is present

2018-05-09 10:18:37 - [TEST_STEP][PASSED] - verifyElementPresent: Object 'Object Repository/Login Objects /label_Password' is present

2018-05-09 10:18:37 - [MESSAGE][WARNING] - Timeout '0' is invalid. Using default page load timeout: '30'

2018-05-09 10:18:37 - [MESSAGE][PASSED] - Object 'Object Repository/Login Objects /label_Password' is present

2018-05-09 10:18:37 - [TEST_STEP][PASSED] - verifyElementPresent: Object 'Object Repository/Login Objects /div_Login' is present

2018-05-09 10:18:37 - [MESSAGE][WARNING] - Timeout '0' is invalid. Using default page load timeout: '30'

2018-05-09 10:18:37 - [MESSAGE][PASSED] - Object 'Object Repository/Login Objects /div_Login' is present

2018-05-09 10:18:37 - [TEST_STEP][PASSED] - setText: Text 'hello' is set on object 'Object Repository/Login Objects /input_username'

2018-05-09 10:18:37 - [MESSAGE][PASSED] - Text 'hello' is set on object 'Object Repository/Login Objects /input_username'

2018-05-09 10:18:37 - [TEST_STEP][PASSED] - setText: Text '' is set on object 'Object Repository/Login Objects /input_password'

2018-05-09 10:18:37 - [MESSAGE][PASSED] - Text '' is set on object 'Object Repository/Login Objects /input_password'

2018-05-09 10:18:37 - [TEST_STEP][PASSED] - click: Object: 'Object Repository/Login Objects /button_Login' is clicked on

2018-05-09 10:18:37 - [MESSAGE][PASSED] - Object: 'Object Repository/Login Objects /button_Login' is clicked on

2018-05-09 10:18:37 - [TEST_STEP][PASSED] - verifyElementPresent: Object 'Object Repository/Login Objects /label_Password is required' is present

2018-05-09 10:18:37 - [MESSAGE][WARNING] - Timeout '0' is invalid. Using default page load timeout: '30'

2018-05-09 10:18:37 - [MESSAGE][PASSED] - Object 'Object Repository/Login Objects /label_Password is required' is present

2018-05-09 10:18:37 - [TEST_STEP][PASSED] - closeBrowser: Browser is closed

2018-05-09 10:18:37 - [MESSAGE][PASSED] - Browser is closed]]></system-out>
         <system-err><![CDATA[]]></system-err>
      </testcase>
      <system-out><![CDATA[2018-05-09 10:15:16 - [TEST_SUITE][FAILED] - Data-Driven Tests Suite: Test Cases/Admin login  FAILED because (of) Unable to verify object is present (Root cause: java.lang.IllegalArgumentException: Object is null)]]></system-out>
      <system-err><![CDATA[2018-05-09 10:15:16 - [TEST_SUITE][FAILED] - Data-Driven Tests Suite: Test Cases/Admin login  FAILED because (of) Unable to verify object is present (Root cause: java.lang.IllegalArgumentException: Object is null)]]></system-err>
   </testsuite>
</testsuites>
