<?xml version="1.0" encoding="UTF-8"?>
<testsuites name="Full System Test" time="204" tests="12" failures="0" errors="0">
   <testsuite name="Full System Test" tests="12" failures="0" errors="0" time="204" timestamp="2018-05-08 13:47:46" hostname="snailwalker - 192.168.0.101" id="Test Suites/Full System Test">
      <properties>
         <property name="deviceName" value=""/>
         <property name="devicePlatform" value=""/>
         <property name="logFolder" value="/Users/snailwalker/Documents/workspace/backend/katalon/Reports/Full System Test/20180508_134744"/>
         <property name="logFiles" value="/Users/snailwalker/Documents/workspace/backend/katalon/Reports/Full System Test/20180508_134744/execution0.log"/>
         <property name="attachments" value=""/>
         <property name="hostName" value="snailwalker - 192.168.0.101"/>
         <property name="os" value="Mac OS X 64bit"/>
         <property name="katalonVersion" value="5.4.1.1"/>
         <property name="browser" value="Chrome 66.0.3359.139"/>
         <property name="hostAddress" value="192.168.0.101"/>
         <property name="sessionId" value="aecfb9f24eb29d165e7a822803d8fcc4"/>
         <property name="seleniumVersion" value="3.7.1"/>
         <property name="proxyInformation" value="ProxyInformation{proxyOption=NO_PROXY, proxyServerType=HTTP, password=, proxyServerAddress=, proxyServerPort=0}"/>
         <property name="platform" value="Mac OS X"/>
      </properties>
      <testcase name="Test Cases/Test User Logout" classname="Test Cases/Test User Logout" status="PASSED">
         <system-out><![CDATA[2018-05-08 13:47:46 - [TEST_CASE][PASSED] - Test Cases/Test User Logout: Test Cases/Test User Logout

2018-05-08 13:47:47 - [TEST_STEP][PASSED] - openBrowser: Browser is opened with url: ''

2018-05-08 13:47:50 - [MESSAGE][PASSED] - Browser is opened with url: ''

2018-05-08 13:47:50 - [TEST_STEP][PASSED] - navigateToUrl: Navigate to 'http://34.209.48.20:9089/' successfully

2018-05-08 13:47:58 - [MESSAGE][PASSED] - Navigate to 'http://34.209.48.20:9089/' successfully

2018-05-08 13:47:58 - [TEST_STEP][PASSED] - click: Object: 'Object Repository/Page_ProjectBackend (1)/h1_SE 234 Project' is clicked on

2018-05-08 13:48:04 - [MESSAGE][PASSED] - Object: 'Object Repository/Page_ProjectBackend (1)/h1_SE 234 Project' is clicked on

2018-05-08 13:48:04 - [TEST_STEP][PASSED] - click: Object: 'Object Repository/Page_ProjectBackend (1)/p_This is the mock app for the' is clicked on

2018-05-08 13:48:06 - [MESSAGE][PASSED] - Object: 'Object Repository/Page_ProjectBackend (1)/p_This is the mock app for the' is clicked on

2018-05-08 13:48:06 - [TEST_STEP][PASSED] - click: Object: 'Object Repository/Page_ProjectBackend (1)/h2_Login' is clicked on

2018-05-08 13:48:06 - [MESSAGE][PASSED] - Object: 'Object Repository/Page_ProjectBackend (1)/h2_Login' is clicked on

2018-05-08 13:48:06 - [TEST_STEP][PASSED] - click: Object: 'Object Repository/Page_ProjectBackend (1)/div_Username' is clicked on

2018-05-08 13:48:06 - [MESSAGE][PASSED] - Object: 'Object Repository/Page_ProjectBackend (1)/div_Username' is clicked on

2018-05-08 13:48:06 - [TEST_STEP][PASSED] - click: Object: 'Object Repository/Page_ProjectBackend (1)/div_Password' is clicked on

2018-05-08 13:48:06 - [MESSAGE][PASSED] - Object: 'Object Repository/Page_ProjectBackend (1)/div_Password' is clicked on

2018-05-08 13:48:06 - [TEST_STEP][PASSED] - click: Object: 'Object Repository/Page_ProjectBackend (1)/div_Login' is clicked on

2018-05-08 13:48:07 - [MESSAGE][PASSED] - Object: 'Object Repository/Page_ProjectBackend (1)/div_Login' is clicked on

2018-05-08 13:48:07 - [TEST_STEP][PASSED] - setText: Text 'user' is set on object 'Object Repository/Page_ProjectBackend (1)/input_username'

2018-05-08 13:48:07 - [MESSAGE][PASSED] - Text 'user' is set on object 'Object Repository/Page_ProjectBackend (1)/input_username'

2018-05-08 13:48:07 - [TEST_STEP][PASSED] - setText: Text 'user' is set on object 'Object Repository/Page_ProjectBackend (1)/input_password'

2018-05-08 13:48:07 - [MESSAGE][PASSED] - Text 'user' is set on object 'Object Repository/Page_ProjectBackend (1)/input_password'

2018-05-08 13:48:07 - [TEST_STEP][PASSED] - click: Object: 'Object Repository/Page_ProjectBackend (1)/button_Login' is clicked on

2018-05-08 13:48:07 - [MESSAGE][PASSED] - Object: 'Object Repository/Page_ProjectBackend (1)/button_Login' is clicked on

2018-05-08 13:48:07 - [TEST_STEP][PASSED] - click: Object: 'Object Repository/Page_ProjectBackend (1)/div_Products' is clicked on

2018-05-08 13:48:08 - [MESSAGE][PASSED] - Object: 'Object Repository/Page_ProjectBackend (1)/div_Products' is clicked on

2018-05-08 13:48:08 - [TEST_STEP][PASSED] - click: Object: 'Object Repository/Page_ProjectBackend (1)/p_This is the mock app for the' is clicked on

2018-05-08 13:48:08 - [MESSAGE][PASSED] - Object: 'Object Repository/Page_ProjectBackend (1)/p_This is the mock app for the' is clicked on

2018-05-08 13:48:08 - [TEST_STEP][PASSED] - click: Object: 'Object Repository/Page_ProjectBackend (1)/h1_SE 234 Project' is clicked on

2018-05-08 13:48:08 - [MESSAGE][PASSED] - Object: 'Object Repository/Page_ProjectBackend (1)/h1_SE 234 Project' is clicked on

2018-05-08 13:48:08 - [TEST_STEP][PASSED] - click: Object: 'Object Repository/Page_ProjectBackend (1)/button_Logout' is clicked on

2018-05-08 13:48:08 - [MESSAGE][PASSED] - Object: 'Object Repository/Page_ProjectBackend (1)/button_Logout' is clicked on

2018-05-08 13:48:08 - [TEST_STEP][PASSED] - click: Object: 'Object Repository/Page_ProjectBackend (1)/h1_SE 234 Project' is clicked on

2018-05-08 13:48:09 - [MESSAGE][PASSED] - Object: 'Object Repository/Page_ProjectBackend (1)/h1_SE 234 Project' is clicked on

2018-05-08 13:48:09 - [TEST_STEP][PASSED] - click: Object: 'Object Repository/Page_ProjectBackend (1)/p_This is the mock app for the' is clicked on

2018-05-08 13:48:09 - [MESSAGE][PASSED] - Object: 'Object Repository/Page_ProjectBackend (1)/p_This is the mock app for the' is clicked on

2018-05-08 13:48:09 - [TEST_STEP][PASSED] - click: Object: 'Object Repository/Page_ProjectBackend (1)/h2_Login' is clicked on

2018-05-08 13:48:09 - [MESSAGE][PASSED] - Object: 'Object Repository/Page_ProjectBackend (1)/h2_Login' is clicked on

2018-05-08 13:48:09 - [TEST_STEP][PASSED] - click: Object: 'Object Repository/Page_ProjectBackend (1)/div_Username' is clicked on

2018-05-08 13:48:09 - [MESSAGE][PASSED] - Object: 'Object Repository/Page_ProjectBackend (1)/div_Username' is clicked on

2018-05-08 13:48:09 - [TEST_STEP][PASSED] - click: Object: 'Object Repository/Page_ProjectBackend (1)/div_Password' is clicked on

2018-05-08 13:48:09 - [MESSAGE][PASSED] - Object: 'Object Repository/Page_ProjectBackend (1)/div_Password' is clicked on

2018-05-08 13:48:09 - [TEST_STEP][PASSED] - click: Object: 'Object Repository/Page_ProjectBackend (1)/div_Login' is clicked on

2018-05-08 13:48:09 - [MESSAGE][PASSED] - Object: 'Object Repository/Page_ProjectBackend (1)/div_Login' is clicked on

2018-05-08 13:48:09 - [TEST_STEP][PASSED] - closeBrowser: Browser is closed

2018-05-08 13:48:09 - [MESSAGE][PASSED] - Browser is closed]]></system-out>
         <system-err><![CDATA[]]></system-err>
      </testcase>
      <testcase name="Test Cases/Test All Login Page elements present" classname="Test Cases/Test All Login Page elements present" status="PASSED">
         <system-out><![CDATA[2018-05-08 13:48:09 - [TEST_CASE][PASSED] - Test Cases/Test All Login Page elements present: Test Cases/Test All Login Page elements present

2018-05-08 13:48:09 - [TEST_STEP][PASSED] - openBrowser: Browser is opened with url: ''

2018-05-08 13:48:10 - [MESSAGE][PASSED] - Browser is opened with url: ''

2018-05-08 13:48:10 - [TEST_STEP][PASSED] - navigateToUrl: Navigate to 'http://34.209.48.20:9089/' successfully

2018-05-08 13:48:20 - [MESSAGE][PASSED] - Navigate to 'http://34.209.48.20:9089/' successfully

2018-05-08 13:48:20 - [TEST_STEP][PASSED] - click: Object: 'Object Repository/Login Page/h1_SE 234 Project' is clicked on

2018-05-08 13:48:20 - [MESSAGE][PASSED] - Object: 'Object Repository/Login Page/h1_SE 234 Project' is clicked on

2018-05-08 13:48:20 - [TEST_STEP][PASSED] - click: Object: 'Object Repository/Login Page/p_This is the mock app for the' is clicked on

2018-05-08 13:48:20 - [MESSAGE][PASSED] - Object: 'Object Repository/Login Page/p_This is the mock app for the' is clicked on

2018-05-08 13:48:20 - [TEST_STEP][PASSED] - click: Object: 'Object Repository/Login Page/h2_Login' is clicked on

2018-05-08 13:48:20 - [MESSAGE][PASSED] - Object: 'Object Repository/Login Page/h2_Login' is clicked on

2018-05-08 13:48:20 - [TEST_STEP][PASSED] - click: Object: 'Object Repository/Login Page/label_Username' is clicked on

2018-05-08 13:48:20 - [MESSAGE][PASSED] - Object: 'Object Repository/Login Page/label_Username' is clicked on

2018-05-08 13:48:20 - [TEST_STEP][PASSED] - click: Object: 'Object Repository/Login Page/label_Password' is clicked on

2018-05-08 13:48:20 - [MESSAGE][PASSED] - Object: 'Object Repository/Login Page/label_Password' is clicked on

2018-05-08 13:48:20 - [TEST_STEP][PASSED] - click: Object: 'Object Repository/Login Page/div_Login' is clicked on

2018-05-08 13:48:20 - [MESSAGE][PASSED] - Object: 'Object Repository/Login Page/div_Login' is clicked on

2018-05-08 13:48:20 - [TEST_STEP][PASSED] - closeBrowser: Browser is closed

2018-05-08 13:48:20 - [MESSAGE][PASSED] - Browser is closed]]></system-out>
         <system-err><![CDATA[]]></system-err>
      </testcase>
      <testcase name="Test Cases/Test User Login Fail" classname="Test Cases/Test User Login Fail" status="PASSED">
         <system-out><![CDATA[2018-05-08 13:48:20 - [TEST_CASE][PASSED] - Test Cases/Test User Login Fail: Test Cases/Test User Login Fail

2018-05-08 13:48:21 - [TEST_STEP][PASSED] - openBrowser: Browser is opened with url: ''

2018-05-08 13:48:22 - [MESSAGE][PASSED] - Browser is opened with url: ''

2018-05-08 13:48:22 - [TEST_STEP][PASSED] - navigateToUrl: Navigate to 'http://34.209.48.20:9089/' successfully

2018-05-08 13:48:34 - [MESSAGE][PASSED] - Navigate to 'http://34.209.48.20:9089/' successfully

2018-05-08 13:48:34 - [TEST_STEP][PASSED] - click: Object: 'Object Repository/Login Fail/h1_SE 234 Project' is clicked on

2018-05-08 13:48:34 - [MESSAGE][PASSED] - Object: 'Object Repository/Login Fail/h1_SE 234 Project' is clicked on

2018-05-08 13:48:34 - [TEST_STEP][PASSED] - click: Object: 'Object Repository/Login Fail/p_This is the mock app for the' is clicked on

2018-05-08 13:48:34 - [MESSAGE][PASSED] - Object: 'Object Repository/Login Fail/p_This is the mock app for the' is clicked on

2018-05-08 13:48:34 - [TEST_STEP][PASSED] - click: Object: 'Object Repository/Login Fail/h2_Login' is clicked on

2018-05-08 13:48:34 - [MESSAGE][PASSED] - Object: 'Object Repository/Login Fail/h2_Login' is clicked on

2018-05-08 13:48:34 - [TEST_STEP][PASSED] - click: Object: 'Object Repository/Login Fail/label_Username' is clicked on

2018-05-08 13:48:34 - [MESSAGE][PASSED] - Object: 'Object Repository/Login Fail/label_Username' is clicked on

2018-05-08 13:48:34 - [TEST_STEP][PASSED] - click: Object: 'Object Repository/Login Fail/label_Password' is clicked on

2018-05-08 13:48:34 - [MESSAGE][PASSED] - Object: 'Object Repository/Login Fail/label_Password' is clicked on

2018-05-08 13:48:34 - [TEST_STEP][PASSED] - click: Object: 'Object Repository/Login Fail/div_Login' is clicked on

2018-05-08 13:48:34 - [MESSAGE][PASSED] - Object: 'Object Repository/Login Fail/div_Login' is clicked on

2018-05-08 13:48:34 - [TEST_STEP][PASSED] - setText: Text 'incorrectusername' is set on object 'Object Repository/Login Fail/input_username'

2018-05-08 13:48:34 - [MESSAGE][PASSED] - Text 'incorrectusername' is set on object 'Object Repository/Login Fail/input_username'

2018-05-08 13:48:34 - [TEST_STEP][PASSED] - setText: Text '123' is set on object 'Object Repository/Login Fail/input_password'

2018-05-08 13:48:35 - [MESSAGE][PASSED] - Text '123' is set on object 'Object Repository/Login Fail/input_password'

2018-05-08 13:48:35 - [TEST_STEP][PASSED] - click: Object: 'Object Repository/Login Fail/button_Login' is clicked on

2018-05-08 13:48:35 - [MESSAGE][PASSED] - Object: 'Object Repository/Login Fail/button_Login' is clicked on

2018-05-08 13:48:35 - [TEST_STEP][PASSED] - click: Object: 'Object Repository/Login Fail/label_Usernamepassword is inco' is clicked on

2018-05-08 13:48:36 - [MESSAGE][PASSED] - Object: 'Object Repository/Login Fail/label_Usernamepassword is inco' is clicked on

2018-05-08 13:48:36 - [TEST_STEP][PASSED] - closeBrowser: Browser is closed

2018-05-08 13:48:36 - [MESSAGE][PASSED] - Browser is closed]]></system-out>
         <system-err><![CDATA[]]></system-err>
      </testcase>
      <testcase name="Test Cases/Test Available Products for Users" classname="Test Cases/Test Available Products for Users" status="PASSED">
         <system-out><![CDATA[2018-05-08 13:48:36 - [TEST_CASE][PASSED] - Test Cases/Test Available Products for Users: Test Cases/Test Available Products for Users

2018-05-08 13:48:36 - [TEST_STEP][PASSED] - openBrowser: Browser is opened with url: ''

2018-05-08 13:48:37 - [MESSAGE][PASSED] - Browser is opened with url: ''

2018-05-08 13:48:37 - [TEST_STEP][PASSED] - navigateToUrl: Navigate to 'http://34.209.48.20:9089/' successfully

2018-05-08 13:48:48 - [MESSAGE][PASSED] - Navigate to 'http://34.209.48.20:9089/' successfully

2018-05-08 13:48:48 - [TEST_STEP][PASSED] - click: Object: 'Object Repository/Avaiable Products/h1_SE 234 Project' is clicked on

2018-05-08 13:48:48 - [MESSAGE][PASSED] - Object: 'Object Repository/Avaiable Products/h1_SE 234 Project' is clicked on

2018-05-08 13:48:48 - [TEST_STEP][PASSED] - click: Object: 'Object Repository/Avaiable Products/p_This is the mock app for the' is clicked on

2018-05-08 13:48:48 - [MESSAGE][PASSED] - Object: 'Object Repository/Avaiable Products/p_This is the mock app for the' is clicked on

2018-05-08 13:48:48 - [TEST_STEP][PASSED] - click: Object: 'Object Repository/Avaiable Products/h2_Login' is clicked on

2018-05-08 13:48:48 - [MESSAGE][PASSED] - Object: 'Object Repository/Avaiable Products/h2_Login' is clicked on

2018-05-08 13:48:48 - [TEST_STEP][PASSED] - click: Object: 'Object Repository/Avaiable Products/label_Username' is clicked on

2018-05-08 13:48:49 - [MESSAGE][PASSED] - Object: 'Object Repository/Avaiable Products/label_Username' is clicked on

2018-05-08 13:48:49 - [TEST_STEP][PASSED] - click: Object: 'Object Repository/Avaiable Products/label_Password' is clicked on

2018-05-08 13:48:49 - [MESSAGE][PASSED] - Object: 'Object Repository/Avaiable Products/label_Password' is clicked on

2018-05-08 13:48:49 - [TEST_STEP][PASSED] - click: Object: 'Object Repository/Avaiable Products/div_Login' is clicked on

2018-05-08 13:48:49 - [MESSAGE][PASSED] - Object: 'Object Repository/Avaiable Products/div_Login' is clicked on

2018-05-08 13:48:49 - [TEST_STEP][PASSED] - setText: Text 'user' is set on object 'Object Repository/Avaiable Products/input_username'

2018-05-08 13:48:49 - [MESSAGE][PASSED] - Text 'user' is set on object 'Object Repository/Avaiable Products/input_username'

2018-05-08 13:48:49 - [TEST_STEP][PASSED] - setText: Text 'user' is set on object 'Object Repository/Avaiable Products/input_password'

2018-05-08 13:48:49 - [MESSAGE][PASSED] - Text 'user' is set on object 'Object Repository/Avaiable Products/input_password'

2018-05-08 13:48:49 - [TEST_STEP][PASSED] - click: Object: 'Object Repository/Avaiable Products/button_Login' is clicked on

2018-05-08 13:48:49 - [MESSAGE][PASSED] - Object: 'Object Repository/Avaiable Products/button_Login' is clicked on

2018-05-08 13:48:49 - [TEST_STEP][PASSED] - click: Object: 'Object Repository/Avaiable Products/h1_SE 234 Project' is clicked on

2018-05-08 13:48:49 - [MESSAGE][PASSED] - Object: 'Object Repository/Avaiable Products/h1_SE 234 Project' is clicked on

2018-05-08 13:48:49 - [TEST_STEP][PASSED] - click: Object: 'Object Repository/Avaiable Products/p_This is the mock app for the' is clicked on

2018-05-08 13:48:49 - [MESSAGE][PASSED] - Object: 'Object Repository/Avaiable Products/p_This is the mock app for the' is clicked on

2018-05-08 13:48:49 - [TEST_STEP][PASSED] - click: Object: 'Object Repository/Avaiable Products/div_Products' is clicked on

2018-05-08 13:48:50 - [MESSAGE][PASSED] - Object: 'Object Repository/Avaiable Products/div_Products' is clicked on

2018-05-08 13:48:50 - [TEST_STEP][PASSED] - click: Object: 'Object Repository/Avaiable Products/div_Garden            The gard' is clicked on

2018-05-08 13:48:50 - [MESSAGE][PASSED] - Object: 'Object Repository/Avaiable Products/div_Garden            The gard' is clicked on

2018-05-08 13:48:50 - [TEST_STEP][PASSED] - click: Object: 'Object Repository/Avaiable Products/div_Banana            A good f' is clicked on

2018-05-08 13:48:50 - [MESSAGE][PASSED] - Object: 'Object Repository/Avaiable Products/div_Banana            A good f' is clicked on

2018-05-08 13:48:50 - [TEST_STEP][PASSED] - click: Object: 'Object Repository/Avaiable Products/div_Orange            Nothing' is clicked on

2018-05-08 13:48:51 - [MESSAGE][PASSED] - Object: 'Object Repository/Avaiable Products/div_Orange            Nothing' is clicked on

2018-05-08 13:48:51 - [TEST_STEP][PASSED] - click: Object: 'Object Repository/Avaiable Products/div_Papaya            Use for' is clicked on

2018-05-08 13:48:51 - [MESSAGE][PASSED] - Object: 'Object Repository/Avaiable Products/div_Papaya            Use for' is clicked on

2018-05-08 13:48:51 - [TEST_STEP][PASSED] - click: Object: 'Object Repository/Avaiable Products/div_Rambutan            An exp' is clicked on

2018-05-08 13:48:51 - [MESSAGE][PASSED] - Object: 'Object Repository/Avaiable Products/div_Rambutan            An exp' is clicked on

2018-05-08 13:48:51 - [TEST_STEP][PASSED] - closeBrowser: Browser is closed

2018-05-08 13:48:51 - [MESSAGE][PASSED] - Browser is closed]]></system-out>
         <system-err><![CDATA[]]></system-err>
      </testcase>
      <testcase name="Test Cases/Test Empty Password Field" classname="Test Cases/Test Empty Password Field" status="PASSED">
         <system-out><![CDATA[2018-05-08 13:48:51 - [TEST_CASE][PASSED] - Test Cases/Test Empty Password Field: Test Cases/Test Empty Password Field

2018-05-08 13:48:51 - [TEST_STEP][PASSED] - openBrowser: Browser is opened with url: ''

2018-05-08 13:48:52 - [MESSAGE][PASSED] - Browser is opened with url: ''

2018-05-08 13:48:52 - [TEST_STEP][PASSED] - navigateToUrl: Navigate to 'http://34.209.48.20:9089/' successfully

2018-05-08 13:49:01 - [MESSAGE][PASSED] - Navigate to 'http://34.209.48.20:9089/' successfully

2018-05-08 13:49:01 - [TEST_STEP][PASSED] - click: Object: 'Object Repository/Empty Password/h1_SE 234 Project' is clicked on

2018-05-08 13:49:01 - [MESSAGE][PASSED] - Object: 'Object Repository/Empty Password/h1_SE 234 Project' is clicked on

2018-05-08 13:49:01 - [TEST_STEP][PASSED] - click: Object: 'Object Repository/Empty Password/p_This is the mock app for the' is clicked on

2018-05-08 13:49:01 - [MESSAGE][PASSED] - Object: 'Object Repository/Empty Password/p_This is the mock app for the' is clicked on

2018-05-08 13:49:01 - [TEST_STEP][PASSED] - click: Object: 'Object Repository/Empty Password/h2_Login' is clicked on

2018-05-08 13:49:01 - [MESSAGE][PASSED] - Object: 'Object Repository/Empty Password/h2_Login' is clicked on

2018-05-08 13:49:01 - [TEST_STEP][PASSED] - click: Object: 'Object Repository/Empty Password/label_Username' is clicked on

2018-05-08 13:49:01 - [MESSAGE][PASSED] - Object: 'Object Repository/Empty Password/label_Username' is clicked on

2018-05-08 13:49:01 - [TEST_STEP][PASSED] - click: Object: 'Object Repository/Empty Password/label_Password' is clicked on

2018-05-08 13:49:01 - [MESSAGE][PASSED] - Object: 'Object Repository/Empty Password/label_Password' is clicked on

2018-05-08 13:49:01 - [TEST_STEP][PASSED] - click: Object: 'Object Repository/Empty Password/div_Login' is clicked on

2018-05-08 13:49:02 - [MESSAGE][PASSED] - Object: 'Object Repository/Empty Password/div_Login' is clicked on

2018-05-08 13:49:02 - [TEST_STEP][PASSED] - setText: Text 'user' is set on object 'Object Repository/Empty Password/input_username'

2018-05-08 13:49:02 - [MESSAGE][PASSED] - Text 'user' is set on object 'Object Repository/Empty Password/input_username'

2018-05-08 13:49:02 - [TEST_STEP][PASSED] - setText: Text '' is set on object 'Object Repository/Empty Password/input_password'

2018-05-08 13:49:02 - [MESSAGE][PASSED] - Text '' is set on object 'Object Repository/Empty Password/input_password'

2018-05-08 13:49:02 - [TEST_STEP][PASSED] - click: Object: 'Object Repository/Login Fail/button_Login' is clicked on

2018-05-08 13:49:02 - [MESSAGE][PASSED] - Object: 'Object Repository/Login Fail/button_Login' is clicked on

2018-05-08 13:49:02 - [TEST_STEP][PASSED] - click: Object: 'Object Repository/Empty Password/div_Password' is clicked on

2018-05-08 13:49:02 - [MESSAGE][PASSED] - Object: 'Object Repository/Empty Password/div_Password' is clicked on

2018-05-08 13:49:02 - [TEST_STEP][PASSED] - click: Object: 'Object Repository/Empty Password/label_Password is required' is clicked on

2018-05-08 13:49:02 - [MESSAGE][PASSED] - Object: 'Object Repository/Empty Password/label_Password is required' is clicked on

2018-05-08 13:49:02 - [TEST_STEP][PASSED] - closeBrowser: Browser is closed

2018-05-08 13:49:02 - [MESSAGE][PASSED] - Browser is closed]]></system-out>
         <system-err><![CDATA[]]></system-err>
      </testcase>
      <testcase name="Test Cases/Test User change quantity" classname="Test Cases/Test User change quantity" status="PASSED">
         <system-out><![CDATA[2018-05-08 13:49:02 - [TEST_CASE][PASSED] - Test Cases/Test User change quantity: Test Cases/Test User change quantity

2018-05-08 13:49:03 - [TEST_STEP][PASSED] - openBrowser: Browser is opened with url: ''

2018-05-08 13:49:04 - [MESSAGE][PASSED] - Browser is opened with url: ''

2018-05-08 13:49:04 - [TEST_STEP][PASSED] - navigateToUrl: Navigate to 'http://34.209.48.20:9089/' successfully

2018-05-08 13:49:16 - [MESSAGE][PASSED] - Navigate to 'http://34.209.48.20:9089/' successfully

2018-05-08 13:49:16 - [TEST_STEP][PASSED] - click: Object: 'Object Repository/change quantity/h1_SE 234 Project' is clicked on

2018-05-08 13:49:17 - [MESSAGE][PASSED] - Object: 'Object Repository/change quantity/h1_SE 234 Project' is clicked on

2018-05-08 13:49:17 - [TEST_STEP][PASSED] - click: Object: 'Object Repository/change quantity/p_This is the mock app for the' is clicked on

2018-05-08 13:49:17 - [MESSAGE][PASSED] - Object: 'Object Repository/change quantity/p_This is the mock app for the' is clicked on

2018-05-08 13:49:17 - [TEST_STEP][PASSED] - click: Object: 'Object Repository/change quantity/h2_Login' is clicked on

2018-05-08 13:49:17 - [MESSAGE][PASSED] - Object: 'Object Repository/change quantity/h2_Login' is clicked on

2018-05-08 13:49:17 - [TEST_STEP][PASSED] - click: Object: 'Object Repository/change quantity/div_Username' is clicked on

2018-05-08 13:49:17 - [MESSAGE][PASSED] - Object: 'Object Repository/change quantity/div_Username' is clicked on

2018-05-08 13:49:17 - [TEST_STEP][PASSED] - click: Object: 'Object Repository/change quantity/div_Password' is clicked on

2018-05-08 13:49:17 - [MESSAGE][PASSED] - Object: 'Object Repository/change quantity/div_Password' is clicked on

2018-05-08 13:49:17 - [TEST_STEP][PASSED] - click: Object: 'Object Repository/change quantity/div_Login' is clicked on

2018-05-08 13:49:17 - [MESSAGE][PASSED] - Object: 'Object Repository/change quantity/div_Login' is clicked on

2018-05-08 13:49:17 - [TEST_STEP][PASSED] - setText: Text 'user' is set on object 'Object Repository/change quantity/input_username'

2018-05-08 13:49:17 - [MESSAGE][PASSED] - Text 'user' is set on object 'Object Repository/change quantity/input_username'

2018-05-08 13:49:17 - [TEST_STEP][PASSED] - setText: Text 'user' is set on object 'Object Repository/change quantity/input_password'

2018-05-08 13:49:17 - [MESSAGE][PASSED] - Text 'user' is set on object 'Object Repository/change quantity/input_password'

2018-05-08 13:49:17 - [TEST_STEP][PASSED] - click: Object: 'Object Repository/change quantity/button_Login' is clicked on

2018-05-08 13:49:17 - [MESSAGE][PASSED] - Object: 'Object Repository/change quantity/button_Login' is clicked on

2018-05-08 13:49:17 - [TEST_STEP][PASSED] - click: Object: 'Object Repository/change quantity/div_Products' is clicked on

2018-05-08 13:49:19 - [MESSAGE][PASSED] - Object: 'Object Repository/change quantity/div_Products' is clicked on

2018-05-08 13:49:19 - [TEST_STEP][PASSED] - click: Object: 'Object Repository/change quantity/div_Garden            The gard' is clicked on

2018-05-08 13:49:19 - [MESSAGE][PASSED] - Object: 'Object Repository/change quantity/div_Garden            The gard' is clicked on

2018-05-08 13:49:19 - [TEST_STEP][PASSED] - click: Object: 'Object Repository/change quantity/button_add to cart' is clicked on

2018-05-08 13:49:19 - [MESSAGE][PASSED] - Object: 'Object Repository/change quantity/button_add to cart' is clicked on

2018-05-08 13:49:19 - [TEST_STEP][PASSED] - click: Object: 'Object Repository/change quantity/div_already added' is clicked on

2018-05-08 13:49:19 - [MESSAGE][PASSED] - Object: 'Object Repository/change quantity/div_already added' is clicked on

2018-05-08 13:49:19 - [TEST_STEP][PASSED] - click: Object: 'Object Repository/change quantity/div_Banana            A good f' is clicked on

2018-05-08 13:49:19 - [MESSAGE][PASSED] - Object: 'Object Repository/change quantity/div_Banana            A good f' is clicked on

2018-05-08 13:49:19 - [TEST_STEP][PASSED] - click: Object: 'Object Repository/change quantity/button_add to cart' is clicked on

2018-05-08 13:49:20 - [MESSAGE][PASSED] - Object: 'Object Repository/change quantity/button_add to cart' is clicked on

2018-05-08 13:49:20 - [TEST_STEP][PASSED] - click: Object: 'Object Repository/change quantity/div_already added' is clicked on

2018-05-08 13:49:20 - [MESSAGE][PASSED] - Object: 'Object Repository/change quantity/div_already added' is clicked on

2018-05-08 13:49:20 - [TEST_STEP][PASSED] - click: Object: 'Object Repository/change quantity/a_Carts            2' is clicked on

2018-05-08 13:49:20 - [MESSAGE][PASSED] - Object: 'Object Repository/change quantity/a_Carts            2' is clicked on

2018-05-08 13:49:20 - [TEST_STEP][PASSED] - click: Object: 'Object Repository/change quantity/div_Shopping Cart' is clicked on

2018-05-08 13:49:20 - [MESSAGE][PASSED] - Object: 'Object Repository/change quantity/div_Shopping Cart' is clicked on

2018-05-08 13:49:20 - [TEST_STEP][PASSED] - click: Object: 'Object Repository/change quantity/th_' is clicked on

2018-05-08 13:49:20 - [MESSAGE][PASSED] - Object: 'Object Repository/change quantity/th_' is clicked on

2018-05-08 13:49:20 - [TEST_STEP][PASSED] - click: Object: 'Object Repository/change quantity/th_Product Name' is clicked on

2018-05-08 13:49:20 - [MESSAGE][PASSED] - Object: 'Object Repository/change quantity/th_Product Name' is clicked on

2018-05-08 13:49:20 - [TEST_STEP][PASSED] - click: Object: 'Object Repository/change quantity/th_Price' is clicked on

2018-05-08 13:49:20 - [MESSAGE][PASSED] - Object: 'Object Repository/change quantity/th_Price' is clicked on

2018-05-08 13:49:20 - [TEST_STEP][PASSED] - click: Object: 'Object Repository/change quantity/th_amount' is clicked on

2018-05-08 13:49:20 - [MESSAGE][PASSED] - Object: 'Object Repository/change quantity/th_amount' is clicked on

2018-05-08 13:49:20 - [TEST_STEP][PASSED] - click: Object: 'Object Repository/change quantity/th_1' is clicked on

2018-05-08 13:49:20 - [MESSAGE][PASSED] - Object: 'Object Repository/change quantity/th_1' is clicked on

2018-05-08 13:49:20 - [TEST_STEP][PASSED] - click: Object: 'Object Repository/change quantity/td_Garden' is clicked on

2018-05-08 13:49:20 - [MESSAGE][PASSED] - Object: 'Object Repository/change quantity/td_Garden' is clicked on

2018-05-08 13:49:20 - [TEST_STEP][PASSED] - click: Object: 'Object Repository/change quantity/td_20000 THB' is clicked on

2018-05-08 13:49:20 - [MESSAGE][PASSED] - Object: 'Object Repository/change quantity/td_20000 THB' is clicked on

2018-05-08 13:49:20 - [TEST_STEP][PASSED] - click: Object: 'Object Repository/change quantity/td' is clicked on

2018-05-08 13:49:20 - [MESSAGE][PASSED] - Object: 'Object Repository/change quantity/td' is clicked on

2018-05-08 13:49:20 - [TEST_STEP][PASSED] - click: Object: 'Object Repository/change quantity/th_2' is clicked on

2018-05-08 13:49:20 - [MESSAGE][PASSED] - Object: 'Object Repository/change quantity/th_2' is clicked on

2018-05-08 13:49:20 - [TEST_STEP][PASSED] - click: Object: 'Object Repository/change quantity/td_Banana' is clicked on

2018-05-08 13:49:21 - [MESSAGE][PASSED] - Object: 'Object Repository/change quantity/td_Banana' is clicked on

2018-05-08 13:49:21 - [TEST_STEP][PASSED] - click: Object: 'Object Repository/change quantity/td_150 THB' is clicked on

2018-05-08 13:49:21 - [MESSAGE][PASSED] - Object: 'Object Repository/change quantity/td_150 THB' is clicked on

2018-05-08 13:49:21 - [TEST_STEP][PASSED] - click: Object: 'Object Repository/change quantity/td_1' is clicked on

2018-05-08 13:49:21 - [MESSAGE][PASSED] - Object: 'Object Repository/change quantity/td_1' is clicked on

2018-05-08 13:49:21 - [TEST_STEP][PASSED] - click: Object: 'Object Repository/change quantity/p_Total price  20150 THB' is clicked on

2018-05-08 13:49:21 - [MESSAGE][PASSED] - Object: 'Object Repository/change quantity/p_Total price  20150 THB' is clicked on

2018-05-08 13:49:21 - [TEST_STEP][PASSED] - click: Object: 'Object Repository/change quantity/div_confirm' is clicked on

2018-05-08 13:49:21 - [MESSAGE][PASSED] - Object: 'Object Repository/change quantity/div_confirm' is clicked on

2018-05-08 13:49:21 - [TEST_STEP][PASSED] - setText: Text '2' is set on object 'Object Repository/change quantity/input_amount'

2018-05-08 13:49:21 - [MESSAGE][PASSED] - Text '2' is set on object 'Object Repository/change quantity/input_amount'

2018-05-08 13:49:21 - [TEST_STEP][PASSED] - click: Object: 'Object Repository/change quantity/div_Total price  40150 THB' is clicked on

2018-05-08 13:49:21 - [MESSAGE][PASSED] - Object: 'Object Repository/change quantity/div_Total price  40150 THB' is clicked on

2018-05-08 13:49:21 - [TEST_STEP][PASSED] - closeBrowser: Browser is closed

2018-05-08 13:49:21 - [MESSAGE][PASSED] - Browser is closed]]></system-out>
         <system-err><![CDATA[]]></system-err>
      </testcase>
      <testcase name="Test Cases/Test Admin Summary page" classname="Test Cases/Test Admin Summary page" status="PASSED">
         <system-out><![CDATA[2018-05-08 13:49:21 - [TEST_CASE][PASSED] - Test Cases/Test Admin Summary page: Test Cases/Test Admin Summary page

2018-05-08 13:49:21 - [TEST_STEP][PASSED] - openBrowser: Browser is opened with url: ''

2018-05-08 13:49:22 - [MESSAGE][PASSED] - Browser is opened with url: ''

2018-05-08 13:49:22 - [TEST_STEP][PASSED] - navigateToUrl: Navigate to 'http://34.209.48.20:9089/' successfully

2018-05-08 13:49:32 - [MESSAGE][PASSED] - Navigate to 'http://34.209.48.20:9089/' successfully

2018-05-08 13:49:32 - [TEST_STEP][PASSED] - click: Object: 'Object Repository/Page_ProjectBackend (2)/h1_SE 234 Project' is clicked on

2018-05-08 13:49:32 - [MESSAGE][PASSED] - Object: 'Object Repository/Page_ProjectBackend (2)/h1_SE 234 Project' is clicked on

2018-05-08 13:49:32 - [TEST_STEP][PASSED] - click: Object: 'Object Repository/Page_ProjectBackend (2)/p_This is the mock app for the' is clicked on

2018-05-08 13:49:32 - [MESSAGE][PASSED] - Object: 'Object Repository/Page_ProjectBackend (2)/p_This is the mock app for the' is clicked on

2018-05-08 13:49:32 - [TEST_STEP][PASSED] - click: Object: 'Object Repository/Page_ProjectBackend (2)/h2_Login' is clicked on

2018-05-08 13:49:32 - [MESSAGE][PASSED] - Object: 'Object Repository/Page_ProjectBackend (2)/h2_Login' is clicked on

2018-05-08 13:49:32 - [TEST_STEP][PASSED] - click: Object: 'Object Repository/Page_ProjectBackend (2)/div_Username' is clicked on

2018-05-08 13:49:32 - [MESSAGE][PASSED] - Object: 'Object Repository/Page_ProjectBackend (2)/div_Username' is clicked on

2018-05-08 13:49:32 - [TEST_STEP][PASSED] - click: Object: 'Object Repository/Page_ProjectBackend (2)/div_Password' is clicked on

2018-05-08 13:49:32 - [MESSAGE][PASSED] - Object: 'Object Repository/Page_ProjectBackend (2)/div_Password' is clicked on

2018-05-08 13:49:32 - [TEST_STEP][PASSED] - click: Object: 'Object Repository/Page_ProjectBackend (2)/div_Login' is clicked on

2018-05-08 13:49:32 - [MESSAGE][PASSED] - Object: 'Object Repository/Page_ProjectBackend (2)/div_Login' is clicked on

2018-05-08 13:49:32 - [TEST_STEP][PASSED] - setText: Text 'admin' is set on object 'Object Repository/Page_ProjectBackend (2)/input_username'

2018-05-08 13:49:32 - [MESSAGE][PASSED] - Text 'admin' is set on object 'Object Repository/Page_ProjectBackend (2)/input_username'

2018-05-08 13:49:32 - [TEST_STEP][PASSED] - setText: Text 'admin' is set on object 'Object Repository/Page_ProjectBackend (2)/input_password'

2018-05-08 13:49:33 - [MESSAGE][PASSED] - Text 'admin' is set on object 'Object Repository/Page_ProjectBackend (2)/input_password'

2018-05-08 13:49:33 - [TEST_STEP][PASSED] - click: Object: 'Object Repository/Page_ProjectBackend (2)/button_Login' is clicked on

2018-05-08 13:49:33 - [MESSAGE][PASSED] - Object: 'Object Repository/Page_ProjectBackend (2)/button_Login' is clicked on

2018-05-08 13:49:33 - [TEST_STEP][PASSED] - click: Object: 'Object Repository/Page_ProjectBackend (2)/div_Products' is clicked on

2018-05-08 13:49:34 - [MESSAGE][PASSED] - Object: 'Object Repository/Page_ProjectBackend (2)/div_Products' is clicked on

2018-05-08 13:49:34 - [TEST_STEP][PASSED] - click: Object: 'Object Repository/Page_ProjectBackend (2)/a_Total Transaction' is clicked on

2018-05-08 13:49:34 - [MESSAGE][PASSED] - Object: 'Object Repository/Page_ProjectBackend (2)/a_Total Transaction' is clicked on

2018-05-08 13:49:34 - [TEST_STEP][PASSED] - click: Object: 'Object Repository/Page_ProjectBackend (2)/div_Transaction List' is clicked on

2018-05-08 13:49:34 - [MESSAGE][PASSED] - Object: 'Object Repository/Page_ProjectBackend (2)/div_Transaction List' is clicked on

2018-05-08 13:49:34 - [TEST_STEP][PASSED] - click: Object: 'Object Repository/Page_ProjectBackend (2)/th_' is clicked on

2018-05-08 13:49:34 - [MESSAGE][PASSED] - Object: 'Object Repository/Page_ProjectBackend (2)/th_' is clicked on

2018-05-08 13:49:34 - [TEST_STEP][PASSED] - click: Object: 'Object Repository/Page_ProjectBackend (2)/th_Transaction ID' is clicked on

2018-05-08 13:49:34 - [MESSAGE][PASSED] - Object: 'Object Repository/Page_ProjectBackend (2)/th_Transaction ID' is clicked on

2018-05-08 13:49:34 - [TEST_STEP][PASSED] - click: Object: 'Object Repository/Page_ProjectBackend (2)/th_Products' is clicked on

2018-05-08 13:49:34 - [MESSAGE][PASSED] - Object: 'Object Repository/Page_ProjectBackend (2)/th_Products' is clicked on

2018-05-08 13:49:34 - [TEST_STEP][PASSED] - click: Object: 'Object Repository/Page_ProjectBackend (2)/th_1' is clicked on

2018-05-08 13:49:34 - [MESSAGE][PASSED] - Object: 'Object Repository/Page_ProjectBackend (2)/th_1' is clicked on

2018-05-08 13:49:34 - [TEST_STEP][PASSED] - click: Object: 'Object Repository/Page_ProjectBackend (2)/td_1' is clicked on

2018-05-08 13:49:34 - [MESSAGE][PASSED] - Object: 'Object Repository/Page_ProjectBackend (2)/td_1' is clicked on

2018-05-08 13:49:34 - [TEST_STEP][PASSED] - click: Object: 'Object Repository/Page_ProjectBackend (2)/td_Garden Papaya' is clicked on

2018-05-08 13:49:34 - [MESSAGE][PASSED] - Object: 'Object Repository/Page_ProjectBackend (2)/td_Garden Papaya' is clicked on

2018-05-08 13:49:34 - [TEST_STEP][PASSED] - click: Object: 'Object Repository/Page_ProjectBackend (2)/th_2' is clicked on

2018-05-08 13:49:34 - [MESSAGE][PASSED] - Object: 'Object Repository/Page_ProjectBackend (2)/th_2' is clicked on

2018-05-08 13:49:34 - [TEST_STEP][PASSED] - click: Object: 'Object Repository/Page_ProjectBackend (2)/td_2' is clicked on

2018-05-08 13:49:35 - [MESSAGE][PASSED] - Object: 'Object Repository/Page_ProjectBackend (2)/td_2' is clicked on

2018-05-08 13:49:35 - [TEST_STEP][PASSED] - click: Object: 'Object Repository/Page_ProjectBackend (2)/td_Banana Garden Banana Rambut' is clicked on

2018-05-08 13:49:35 - [MESSAGE][PASSED] - Object: 'Object Repository/Page_ProjectBackend (2)/td_Banana Garden Banana Rambut' is clicked on

2018-05-08 13:49:35 - [TEST_STEP][PASSED] - click: Object: 'Object Repository/Page_ProjectBackend (2)/td_20120 THB' is clicked on

2018-05-08 13:49:35 - [MESSAGE][PASSED] - Object: 'Object Repository/Page_ProjectBackend (2)/td_20120 THB' is clicked on

2018-05-08 13:49:35 - [TEST_STEP][PASSED] - click: Object: 'Object Repository/Page_ProjectBackend (2)/td_60570 THB' is clicked on

2018-05-08 13:49:35 - [MESSAGE][PASSED] - Object: 'Object Repository/Page_ProjectBackend (2)/td_60570 THB' is clicked on

2018-05-08 13:49:35 - [TEST_STEP][PASSED] - closeBrowser: Browser is closed

2018-05-08 13:49:35 - [MESSAGE][PASSED] - Browser is closed]]></system-out>
         <system-err><![CDATA[]]></system-err>
      </testcase>
      <testcase name="Test Cases/Test add Transacation with confirm button" classname="Test Cases/Test add Transacation with confirm button" status="PASSED">
         <system-out><![CDATA[2018-05-08 13:49:35 - [TEST_CASE][PASSED] - Test Cases/Test add Transacation with confirm button: Test Cases/Test add Transacation with confirm button

2018-05-08 13:49:35 - [TEST_STEP][PASSED] - openBrowser: Browser is opened with url: ''

2018-05-08 13:49:36 - [MESSAGE][PASSED] - Browser is opened with url: ''

2018-05-08 13:49:36 - [TEST_STEP][PASSED] - navigateToUrl: Navigate to 'http://34.209.48.20:9089/' successfully

2018-05-08 13:49:53 - [MESSAGE][PASSED] - Navigate to 'http://34.209.48.20:9089/' successfully

2018-05-08 13:49:53 - [TEST_STEP][PASSED] - click: Object: 'Object Repository/test add transcation/h1_SE 234 Project' is clicked on

2018-05-08 13:49:53 - [MESSAGE][PASSED] - Object: 'Object Repository/test add transcation/h1_SE 234 Project' is clicked on

2018-05-08 13:49:53 - [TEST_STEP][PASSED] - click: Object: 'Object Repository/test add transcation/p_This is the mock app for the' is clicked on

2018-05-08 13:49:53 - [MESSAGE][PASSED] - Object: 'Object Repository/test add transcation/p_This is the mock app for the' is clicked on

2018-05-08 13:49:53 - [TEST_STEP][PASSED] - click: Object: 'Object Repository/test add transcation/h2_Login' is clicked on

2018-05-08 13:49:53 - [MESSAGE][PASSED] - Object: 'Object Repository/test add transcation/h2_Login' is clicked on

2018-05-08 13:49:53 - [TEST_STEP][PASSED] - click: Object: 'Object Repository/test add transcation/div_Username' is clicked on

2018-05-08 13:49:53 - [MESSAGE][PASSED] - Object: 'Object Repository/test add transcation/div_Username' is clicked on

2018-05-08 13:49:53 - [TEST_STEP][PASSED] - click: Object: 'Object Repository/test add transcation/div_Password' is clicked on

2018-05-08 13:49:53 - [MESSAGE][PASSED] - Object: 'Object Repository/test add transcation/div_Password' is clicked on

2018-05-08 13:49:53 - [TEST_STEP][PASSED] - click: Object: 'Object Repository/test add transcation/div_Login' is clicked on

2018-05-08 13:49:53 - [MESSAGE][PASSED] - Object: 'Object Repository/test add transcation/div_Login' is clicked on

2018-05-08 13:49:53 - [TEST_STEP][PASSED] - setText: Text 'user' is set on object 'Object Repository/test add transcation/input_username'

2018-05-08 13:49:53 - [MESSAGE][PASSED] - Text 'user' is set on object 'Object Repository/test add transcation/input_username'

2018-05-08 13:49:53 - [TEST_STEP][PASSED] - setText: Text 'user' is set on object 'Object Repository/test add transcation/input_password'

2018-05-08 13:49:53 - [MESSAGE][PASSED] - Text 'user' is set on object 'Object Repository/test add transcation/input_password'

2018-05-08 13:49:53 - [TEST_STEP][PASSED] - click: Object: 'Object Repository/test add transcation/button_Login' is clicked on

2018-05-08 13:49:54 - [MESSAGE][PASSED] - Object: 'Object Repository/test add transcation/button_Login' is clicked on

2018-05-08 13:49:54 - [TEST_STEP][PASSED] - click: Object: 'Object Repository/test add transcation/div_Products' is clicked on

2018-05-08 13:49:55 - [MESSAGE][PASSED] - Object: 'Object Repository/test add transcation/div_Products' is clicked on

2018-05-08 13:49:55 - [TEST_STEP][PASSED] - click: Object: 'Object Repository/test add transcation/h2_Products' is clicked on

2018-05-08 13:49:55 - [MESSAGE][PASSED] - Object: 'Object Repository/test add transcation/h2_Products' is clicked on

2018-05-08 13:49:55 - [TEST_STEP][PASSED] - click: Object: 'Object Repository/test add transcation/div_Garden            The gard' is clicked on

2018-05-08 13:49:55 - [MESSAGE][PASSED] - Object: 'Object Repository/test add transcation/div_Garden            The gard' is clicked on

2018-05-08 13:49:55 - [TEST_STEP][PASSED] - click: Object: 'Object Repository/test add transcation/button_add to cart' is clicked on

2018-05-08 13:49:55 - [MESSAGE][PASSED] - Object: 'Object Repository/test add transcation/button_add to cart' is clicked on

2018-05-08 13:49:55 - [TEST_STEP][PASSED] - click: Object: 'Object Repository/test add transcation/div_already added' is clicked on

2018-05-08 13:49:55 - [MESSAGE][PASSED] - Object: 'Object Repository/test add transcation/div_already added' is clicked on

2018-05-08 13:49:55 - [TEST_STEP][PASSED] - click: Object: 'Object Repository/test add transcation/div_Banana            A good f' is clicked on

2018-05-08 13:49:55 - [MESSAGE][PASSED] - Object: 'Object Repository/test add transcation/div_Banana            A good f' is clicked on

2018-05-08 13:49:55 - [TEST_STEP][PASSED] - click: Object: 'Object Repository/test add transcation/button_add to cart' is clicked on

2018-05-08 13:49:55 - [MESSAGE][PASSED] - Object: 'Object Repository/test add transcation/button_add to cart' is clicked on

2018-05-08 13:49:55 - [TEST_STEP][PASSED] - click: Object: 'Object Repository/test add transcation/div_already added' is clicked on

2018-05-08 13:49:55 - [MESSAGE][PASSED] - Object: 'Object Repository/test add transcation/div_already added' is clicked on

2018-05-08 13:49:55 - [TEST_STEP][PASSED] - click: Object: 'Object Repository/test add transcation/div_Products                  _1' is clicked on

2018-05-08 13:49:55 - [MESSAGE][PASSED] - Object: 'Object Repository/test add transcation/div_Products                  _1' is clicked on

2018-05-08 13:49:55 - [TEST_STEP][PASSED] - click: Object: 'Object Repository/test add transcation/a_Carts            2' is clicked on

2018-05-08 13:49:55 - [MESSAGE][PASSED] - Object: 'Object Repository/test add transcation/a_Carts            2' is clicked on

2018-05-08 13:49:55 - [TEST_STEP][PASSED] - click: Object: 'Object Repository/test add transcation/div_Shopping Cart' is clicked on

2018-05-08 13:49:56 - [MESSAGE][PASSED] - Object: 'Object Repository/test add transcation/div_Shopping Cart' is clicked on

2018-05-08 13:49:56 - [TEST_STEP][PASSED] - click: Object: 'Object Repository/test add transcation/th_' is clicked on

2018-05-08 13:49:56 - [MESSAGE][PASSED] - Object: 'Object Repository/test add transcation/th_' is clicked on

2018-05-08 13:49:56 - [TEST_STEP][PASSED] - click: Object: 'Object Repository/test add transcation/th_Product Name' is clicked on

2018-05-08 13:49:56 - [MESSAGE][PASSED] - Object: 'Object Repository/test add transcation/th_Product Name' is clicked on

2018-05-08 13:49:56 - [TEST_STEP][PASSED] - click: Object: 'Object Repository/test add transcation/th_Price' is clicked on

2018-05-08 13:49:56 - [MESSAGE][PASSED] - Object: 'Object Repository/test add transcation/th_Price' is clicked on

2018-05-08 13:49:56 - [TEST_STEP][PASSED] - click: Object: 'Object Repository/test add transcation/th_amount' is clicked on

2018-05-08 13:49:56 - [MESSAGE][PASSED] - Object: 'Object Repository/test add transcation/th_amount' is clicked on

2018-05-08 13:49:56 - [TEST_STEP][PASSED] - click: Object: 'Object Repository/test add transcation/th_1' is clicked on

2018-05-08 13:49:56 - [MESSAGE][PASSED] - Object: 'Object Repository/test add transcation/th_1' is clicked on

2018-05-08 13:49:56 - [TEST_STEP][PASSED] - click: Object: 'Object Repository/test add transcation/td_Garden' is clicked on

2018-05-08 13:49:56 - [MESSAGE][PASSED] - Object: 'Object Repository/test add transcation/td_Garden' is clicked on

2018-05-08 13:49:56 - [TEST_STEP][PASSED] - click: Object: 'Object Repository/test add transcation/td_20000 THB' is clicked on

2018-05-08 13:49:56 - [MESSAGE][PASSED] - Object: 'Object Repository/test add transcation/td_20000 THB' is clicked on

2018-05-08 13:49:56 - [TEST_STEP][PASSED] - click: Object: 'Object Repository/test add transcation/td' is clicked on

2018-05-08 13:49:56 - [MESSAGE][PASSED] - Object: 'Object Repository/test add transcation/td' is clicked on

2018-05-08 13:49:56 - [TEST_STEP][PASSED] - click: Object: 'Object Repository/test add transcation/th_2' is clicked on

2018-05-08 13:49:56 - [MESSAGE][PASSED] - Object: 'Object Repository/test add transcation/th_2' is clicked on

2018-05-08 13:49:56 - [TEST_STEP][PASSED] - click: Object: 'Object Repository/test add transcation/td_Banana' is clicked on

2018-05-08 13:49:56 - [MESSAGE][PASSED] - Object: 'Object Repository/test add transcation/td_Banana' is clicked on

2018-05-08 13:49:56 - [TEST_STEP][PASSED] - click: Object: 'Object Repository/test add transcation/td_150 THB' is clicked on

2018-05-08 13:49:56 - [MESSAGE][PASSED] - Object: 'Object Repository/test add transcation/td_150 THB' is clicked on

2018-05-08 13:49:56 - [TEST_STEP][PASSED] - click: Object: 'Object Repository/test add transcation/td_1' is clicked on

2018-05-08 13:49:56 - [MESSAGE][PASSED] - Object: 'Object Repository/test add transcation/td_1' is clicked on

2018-05-08 13:49:56 - [TEST_STEP][PASSED] - click: Object: 'Object Repository/test add transcation/p_Total price  20150 THB' is clicked on

2018-05-08 13:49:57 - [MESSAGE][PASSED] - Object: 'Object Repository/test add transcation/p_Total price  20150 THB' is clicked on

2018-05-08 13:49:57 - [TEST_STEP][PASSED] - click: Object: 'Object Repository/test add transcation/div_confirm' is clicked on

2018-05-08 13:49:57 - [MESSAGE][PASSED] - Object: 'Object Repository/test add transcation/div_confirm' is clicked on

2018-05-08 13:49:57 - [TEST_STEP][PASSED] - click: Object: 'Object Repository/test add transcation/button_confirm' is clicked on

2018-05-08 13:49:57 - [MESSAGE][PASSED] - Object: 'Object Repository/test add transcation/button_confirm' is clicked on

2018-05-08 13:49:57 - [TEST_STEP][PASSED] - acceptAlert: Alert accepted

2018-05-08 13:49:57 - [MESSAGE][PASSED] - Alert accepted

2018-05-08 13:49:57 - [TEST_STEP][PASSED] - openBrowser: Browser is opened with url: ''

2018-05-08 13:49:57 - [MESSAGE][WARNING] - A browser is already opened. Closing browser and opening a new one

2018-05-08 13:49:58 - [MESSAGE][PASSED] - Browser is opened with url: ''

2018-05-08 13:49:58 - [TEST_STEP][PASSED] - navigateToUrl: Navigate to 'http://34.209.48.20:9089/' successfully

2018-05-08 13:50:10 - [MESSAGE][PASSED] - Navigate to 'http://34.209.48.20:9089/' successfully

2018-05-08 13:50:10 - [TEST_STEP][PASSED] - click: Object: 'Object Repository/Page_ProjectBackend/h1_SE 234 Project' is clicked on

2018-05-08 13:50:10 - [MESSAGE][PASSED] - Object: 'Object Repository/Page_ProjectBackend/h1_SE 234 Project' is clicked on

2018-05-08 13:50:10 - [TEST_STEP][PASSED] - click: Object: 'Object Repository/Page_ProjectBackend/p_This is the mock app for the' is clicked on

2018-05-08 13:50:10 - [MESSAGE][PASSED] - Object: 'Object Repository/Page_ProjectBackend/p_This is the mock app for the' is clicked on

2018-05-08 13:50:10 - [TEST_STEP][PASSED] - click: Object: 'Object Repository/Page_ProjectBackend/h2_Login' is clicked on

2018-05-08 13:50:10 - [MESSAGE][PASSED] - Object: 'Object Repository/Page_ProjectBackend/h2_Login' is clicked on

2018-05-08 13:50:10 - [TEST_STEP][PASSED] - click: Object: 'Object Repository/Page_ProjectBackend/div_Username' is clicked on

2018-05-08 13:50:10 - [MESSAGE][PASSED] - Object: 'Object Repository/Page_ProjectBackend/div_Username' is clicked on

2018-05-08 13:50:10 - [TEST_STEP][PASSED] - click: Object: 'Object Repository/Page_ProjectBackend/div_Password' is clicked on

2018-05-08 13:50:10 - [MESSAGE][PASSED] - Object: 'Object Repository/Page_ProjectBackend/div_Password' is clicked on

2018-05-08 13:50:10 - [TEST_STEP][PASSED] - click: Object: 'Object Repository/Page_ProjectBackend/div_Login' is clicked on

2018-05-08 13:50:10 - [MESSAGE][PASSED] - Object: 'Object Repository/Page_ProjectBackend/div_Login' is clicked on

2018-05-08 13:50:10 - [TEST_STEP][PASSED] - setText: Text 'admin' is set on object 'Object Repository/Page_ProjectBackend/input_username'

2018-05-08 13:50:11 - [MESSAGE][PASSED] - Text 'admin' is set on object 'Object Repository/Page_ProjectBackend/input_username'

2018-05-08 13:50:11 - [TEST_STEP][PASSED] - setText: Text 'admin' is set on object 'Object Repository/Page_ProjectBackend/input_password'

2018-05-08 13:50:11 - [MESSAGE][PASSED] - Text 'admin' is set on object 'Object Repository/Page_ProjectBackend/input_password'

2018-05-08 13:50:11 - [TEST_STEP][PASSED] - click: Object: 'Object Repository/Page_ProjectBackend/button_Login' is clicked on

2018-05-08 13:50:11 - [MESSAGE][PASSED] - Object: 'Object Repository/Page_ProjectBackend/button_Login' is clicked on

2018-05-08 13:50:11 - [TEST_STEP][PASSED] - click: Object: 'Object Repository/Page_ProjectBackend/div_Products' is clicked on

2018-05-08 13:50:12 - [MESSAGE][PASSED] - Object: 'Object Repository/Page_ProjectBackend/div_Products' is clicked on

2018-05-08 13:50:12 - [TEST_STEP][PASSED] - click: Object: 'Object Repository/Page_ProjectBackend/a_Total Transaction' is clicked on

2018-05-08 13:50:12 - [MESSAGE][PASSED] - Object: 'Object Repository/Page_ProjectBackend/a_Total Transaction' is clicked on

2018-05-08 13:50:12 - [TEST_STEP][PASSED] - click: Object: 'Object Repository/Page_ProjectBackend/td_Garden Banana' is clicked on

2018-05-08 13:50:13 - [MESSAGE][PASSED] - Object: 'Object Repository/Page_ProjectBackend/td_Garden Banana' is clicked on

2018-05-08 13:50:13 - [TEST_STEP][PASSED] - click: Object: 'Object Repository/Page_ProjectBackend/td_20150 THB' is clicked on

2018-05-08 13:50:13 - [MESSAGE][PASSED] - Object: 'Object Repository/Page_ProjectBackend/td_20150 THB' is clicked on

2018-05-08 13:50:13 - [TEST_STEP][PASSED] - closeBrowser: Browser is closed

2018-05-08 13:50:13 - [MESSAGE][PASSED] - Browser is closed]]></system-out>
         <system-err><![CDATA[]]></system-err>
      </testcase>
      <testcase name="Test Cases/Test Empty Username field" classname="Test Cases/Test Empty Username field" status="PASSED">
         <system-out><![CDATA[2018-05-08 13:50:13 - [TEST_CASE][PASSED] - Test Cases/Test Empty Username field: Test Cases/Test Empty Username field

2018-05-08 13:50:13 - [TEST_STEP][PASSED] - openBrowser: Browser is opened with url: ''

2018-05-08 13:50:14 - [MESSAGE][PASSED] - Browser is opened with url: ''

2018-05-08 13:50:14 - [TEST_STEP][PASSED] - navigateToUrl: Navigate to 'http://34.209.48.20:9089/' successfully

2018-05-08 13:50:24 - [MESSAGE][PASSED] - Navigate to 'http://34.209.48.20:9089/' successfully

2018-05-08 13:50:24 - [TEST_STEP][PASSED] - click: Object: 'Object Repository/Empty Username/h1_SE 234 Project' is clicked on

2018-05-08 13:50:24 - [MESSAGE][PASSED] - Object: 'Object Repository/Empty Username/h1_SE 234 Project' is clicked on

2018-05-08 13:50:24 - [TEST_STEP][PASSED] - click: Object: 'Object Repository/Empty Username/p_This is the mock app for the' is clicked on

2018-05-08 13:50:24 - [MESSAGE][PASSED] - Object: 'Object Repository/Empty Username/p_This is the mock app for the' is clicked on

2018-05-08 13:50:24 - [TEST_STEP][PASSED] - click: Object: 'Object Repository/Empty Username/h2_Login' is clicked on

2018-05-08 13:50:24 - [MESSAGE][PASSED] - Object: 'Object Repository/Empty Username/h2_Login' is clicked on

2018-05-08 13:50:24 - [TEST_STEP][PASSED] - click: Object: 'Object Repository/Empty Username/label_Username' is clicked on

2018-05-08 13:50:24 - [MESSAGE][PASSED] - Object: 'Object Repository/Empty Username/label_Username' is clicked on

2018-05-08 13:50:24 - [TEST_STEP][PASSED] - click: Object: 'Object Repository/Empty Username/label_Password' is clicked on

2018-05-08 13:50:24 - [MESSAGE][PASSED] - Object: 'Object Repository/Empty Username/label_Password' is clicked on

2018-05-08 13:50:24 - [TEST_STEP][PASSED] - click: Object: 'Object Repository/Empty Username/div_Login' is clicked on

2018-05-08 13:50:24 - [MESSAGE][PASSED] - Object: 'Object Repository/Empty Username/div_Login' is clicked on

2018-05-08 13:50:24 - [TEST_STEP][PASSED] - setText: Text '' is set on object 'Object Repository/Empty Username/input_username'

2018-05-08 13:50:24 - [MESSAGE][PASSED] - Text '' is set on object 'Object Repository/Empty Username/input_username'

2018-05-08 13:50:24 - [TEST_STEP][PASSED] - click: Object: 'Object Repository/Empty Username/div_Password' is clicked on

2018-05-08 13:50:25 - [MESSAGE][PASSED] - Object: 'Object Repository/Empty Username/div_Password' is clicked on

2018-05-08 13:50:25 - [TEST_STEP][PASSED] - click: Object: 'Object Repository/Empty Username/label_Username is required' is clicked on

2018-05-08 13:50:25 - [MESSAGE][PASSED] - Object: 'Object Repository/Empty Username/label_Username is required' is clicked on

2018-05-08 13:50:25 - [TEST_STEP][PASSED] - closeBrowser: Browser is closed

2018-05-08 13:50:25 - [MESSAGE][PASSED] - Browser is closed]]></system-out>
         <system-err><![CDATA[]]></system-err>
      </testcase>
      <testcase name="Test Cases/Test User Login" classname="Test Cases/Test User Login" status="PASSED">
         <system-out><![CDATA[2018-05-08 13:50:25 - [TEST_CASE][PASSED] - Test Cases/Test User Login: Test Cases/Test User Login

2018-05-08 13:50:25 - [TEST_STEP][PASSED] - openBrowser: Browser is opened with url: ''

2018-05-08 13:50:26 - [MESSAGE][PASSED] - Browser is opened with url: ''

2018-05-08 13:50:26 - [TEST_STEP][PASSED] - navigateToUrl: Navigate to 'http://34.209.48.20:9089/' successfully

2018-05-08 13:50:38 - [MESSAGE][PASSED] - Navigate to 'http://34.209.48.20:9089/' successfully

2018-05-08 13:50:38 - [TEST_STEP][PASSED] - click: Object: 'Object Repository/User Login/h1_SE 234 Project' is clicked on

2018-05-08 13:50:38 - [MESSAGE][PASSED] - Object: 'Object Repository/User Login/h1_SE 234 Project' is clicked on

2018-05-08 13:50:38 - [TEST_STEP][PASSED] - click: Object: 'Object Repository/User Login/p_This is the mock app for the' is clicked on

2018-05-08 13:50:38 - [MESSAGE][PASSED] - Object: 'Object Repository/User Login/p_This is the mock app for the' is clicked on

2018-05-08 13:50:38 - [TEST_STEP][PASSED] - click: Object: 'Object Repository/User Login/h2_Login' is clicked on

2018-05-08 13:50:38 - [MESSAGE][PASSED] - Object: 'Object Repository/User Login/h2_Login' is clicked on

2018-05-08 13:50:38 - [TEST_STEP][PASSED] - click: Object: 'Object Repository/User Login/label_Username' is clicked on

2018-05-08 13:50:38 - [MESSAGE][PASSED] - Object: 'Object Repository/User Login/label_Username' is clicked on

2018-05-08 13:50:38 - [TEST_STEP][PASSED] - click: Object: 'Object Repository/User Login/label_Password' is clicked on

2018-05-08 13:50:38 - [MESSAGE][PASSED] - Object: 'Object Repository/User Login/label_Password' is clicked on

2018-05-08 13:50:38 - [TEST_STEP][PASSED] - click: Object: 'Object Repository/User Login/div_Login' is clicked on

2018-05-08 13:50:38 - [MESSAGE][PASSED] - Object: 'Object Repository/User Login/div_Login' is clicked on

2018-05-08 13:50:38 - [TEST_STEP][PASSED] - setText: Text 'user' is set on object 'Object Repository/User Login/input_username'

2018-05-08 13:50:38 - [MESSAGE][PASSED] - Text 'user' is set on object 'Object Repository/User Login/input_username'

2018-05-08 13:50:38 - [TEST_STEP][PASSED] - setText: Text 'user' is set on object 'Object Repository/User Login/input_password'

2018-05-08 13:50:38 - [MESSAGE][PASSED] - Text 'user' is set on object 'Object Repository/User Login/input_password'

2018-05-08 13:50:38 - [TEST_STEP][PASSED] - click: Object: 'Object Repository/User Login/button_Login' is clicked on

2018-05-08 13:50:38 - [MESSAGE][PASSED] - Object: 'Object Repository/User Login/button_Login' is clicked on

2018-05-08 13:50:38 - [TEST_STEP][PASSED] - click: Object: 'Object Repository/User Login/h1_SE 234 Project' is clicked on

2018-05-08 13:50:38 - [MESSAGE][PASSED] - Object: 'Object Repository/User Login/h1_SE 234 Project' is clicked on

2018-05-08 13:50:38 - [TEST_STEP][PASSED] - click: Object: 'Object Repository/User Login/p_This is the mock app for the' is clicked on

2018-05-08 13:50:39 - [MESSAGE][PASSED] - Object: 'Object Repository/User Login/p_This is the mock app for the' is clicked on

2018-05-08 13:50:39 - [TEST_STEP][PASSED] - click: Object: 'Object Repository/User Login/div_Products' is clicked on

2018-05-08 13:50:40 - [MESSAGE][PASSED] - Object: 'Object Repository/User Login/div_Products' is clicked on

2018-05-08 13:50:40 - [TEST_STEP][PASSED] - click: Object: 'Object Repository/User Login/a_Carts' is clicked on

2018-05-08 13:50:40 - [MESSAGE][PASSED] - Object: 'Object Repository/User Login/a_Carts' is clicked on

2018-05-08 13:50:40 - [TEST_STEP][PASSED] - click: Object: 'Object Repository/User Login/h2_Shopping Cart' is clicked on

2018-05-08 13:50:40 - [MESSAGE][PASSED] - Object: 'Object Repository/User Login/h2_Shopping Cart' is clicked on

2018-05-08 13:50:40 - [TEST_STEP][PASSED] - click: Object: 'Object Repository/User Login/th_' is clicked on

2018-05-08 13:50:40 - [MESSAGE][PASSED] - Object: 'Object Repository/User Login/th_' is clicked on

2018-05-08 13:50:40 - [TEST_STEP][PASSED] - click: Object: 'Object Repository/User Login/th_Product Name' is clicked on

2018-05-08 13:50:40 - [MESSAGE][PASSED] - Object: 'Object Repository/User Login/th_Product Name' is clicked on

2018-05-08 13:50:40 - [TEST_STEP][PASSED] - click: Object: 'Object Repository/User Login/th_Price' is clicked on

2018-05-08 13:50:40 - [MESSAGE][PASSED] - Object: 'Object Repository/User Login/th_Price' is clicked on

2018-05-08 13:50:40 - [TEST_STEP][PASSED] - click: Object: 'Object Repository/User Login/th_amount' is clicked on

2018-05-08 13:50:40 - [MESSAGE][PASSED] - Object: 'Object Repository/User Login/th_amount' is clicked on

2018-05-08 13:50:40 - [TEST_STEP][PASSED] - click: Object: 'Object Repository/User Login/p_Total price  0 THB' is clicked on

2018-05-08 13:50:40 - [MESSAGE][PASSED] - Object: 'Object Repository/User Login/p_Total price  0 THB' is clicked on

2018-05-08 13:50:40 - [TEST_STEP][PASSED] - click: Object: 'Object Repository/User Login/div_confirm' is clicked on

2018-05-08 13:50:40 - [MESSAGE][PASSED] - Object: 'Object Repository/User Login/div_confirm' is clicked on

2018-05-08 13:50:40 - [TEST_STEP][PASSED] - click: Object: 'Object Repository/User Login/a_Products' is clicked on

2018-05-08 13:50:40 - [MESSAGE][PASSED] - Object: 'Object Repository/User Login/a_Products' is clicked on

2018-05-08 13:50:40 - [TEST_STEP][PASSED] - click: Object: 'Object Repository/User Login/h2_Products' is clicked on

2018-05-08 13:50:40 - [MESSAGE][PASSED] - Object: 'Object Repository/User Login/h2_Products' is clicked on

2018-05-08 13:50:40 - [TEST_STEP][PASSED] - click: Object: 'Object Repository/User Login/div_add to cart' is clicked on

2018-05-08 13:50:41 - [MESSAGE][PASSED] - Object: 'Object Repository/User Login/div_add to cart' is clicked on

2018-05-08 13:50:41 - [TEST_STEP][PASSED] - click: Object: 'Object Repository/User Login/div_add to cart' is clicked on

2018-05-08 13:50:41 - [MESSAGE][PASSED] - Object: 'Object Repository/User Login/div_add to cart' is clicked on

2018-05-08 13:50:41 - [TEST_STEP][PASSED] - closeBrowser: Browser is closed

2018-05-08 13:50:41 - [MESSAGE][PASSED] - Browser is closed]]></system-out>
         <system-err><![CDATA[]]></system-err>
      </testcase>
      <testcase name="Test Cases/Test user add products to cart" classname="Test Cases/Test user add products to cart" status="PASSED">
         <system-out><![CDATA[2018-05-08 13:50:41 - [TEST_CASE][PASSED] - Test Cases/Test user add products to cart: Test Cases/Test user add products to cart

2018-05-08 13:50:41 - [TEST_STEP][PASSED] - openBrowser: Browser is opened with url: ''

2018-05-08 13:50:42 - [MESSAGE][PASSED] - Browser is opened with url: ''

2018-05-08 13:50:42 - [TEST_STEP][PASSED] - navigateToUrl: Navigate to 'http://34.209.48.20:9089/' successfully

2018-05-08 13:50:52 - [MESSAGE][PASSED] - Navigate to 'http://34.209.48.20:9089/' successfully

2018-05-08 13:50:52 - [TEST_STEP][PASSED] - click: Object: 'Object Repository/add products/h1_SE 234 Project' is clicked on

2018-05-08 13:50:52 - [MESSAGE][PASSED] - Object: 'Object Repository/add products/h1_SE 234 Project' is clicked on

2018-05-08 13:50:52 - [TEST_STEP][PASSED] - click: Object: 'Object Repository/add products/p_This is the mock app for the' is clicked on

2018-05-08 13:50:52 - [MESSAGE][PASSED] - Object: 'Object Repository/add products/p_This is the mock app for the' is clicked on

2018-05-08 13:50:52 - [TEST_STEP][PASSED] - click: Object: 'Object Repository/add products/h2_Login' is clicked on

2018-05-08 13:50:52 - [MESSAGE][PASSED] - Object: 'Object Repository/add products/h2_Login' is clicked on

2018-05-08 13:50:52 - [TEST_STEP][PASSED] - click: Object: 'Object Repository/add products/label_Username' is clicked on

2018-05-08 13:50:52 - [MESSAGE][PASSED] - Object: 'Object Repository/add products/label_Username' is clicked on

2018-05-08 13:50:52 - [TEST_STEP][PASSED] - click: Object: 'Object Repository/add products/label_Password' is clicked on

2018-05-08 13:50:52 - [MESSAGE][PASSED] - Object: 'Object Repository/add products/label_Password' is clicked on

2018-05-08 13:50:52 - [TEST_STEP][PASSED] - click: Object: 'Object Repository/add products/div_Login' is clicked on

2018-05-08 13:50:52 - [MESSAGE][PASSED] - Object: 'Object Repository/add products/div_Login' is clicked on

2018-05-08 13:50:52 - [TEST_STEP][PASSED] - setText: Text 'user' is set on object 'Object Repository/add products/input_username'

2018-05-08 13:50:53 - [MESSAGE][PASSED] - Text 'user' is set on object 'Object Repository/add products/input_username'

2018-05-08 13:50:53 - [TEST_STEP][PASSED] - setText: Text 'user' is set on object 'Object Repository/add products/input_password'

2018-05-08 13:50:53 - [MESSAGE][PASSED] - Text 'user' is set on object 'Object Repository/add products/input_password'

2018-05-08 13:50:53 - [TEST_STEP][PASSED] - click: Object: 'Object Repository/add products/button_Login' is clicked on

2018-05-08 13:50:53 - [MESSAGE][PASSED] - Object: 'Object Repository/add products/button_Login' is clicked on

2018-05-08 13:50:53 - [TEST_STEP][PASSED] - click: Object: 'Object Repository/add products/div_Products' is clicked on

2018-05-08 13:50:54 - [MESSAGE][PASSED] - Object: 'Object Repository/add products/div_Products' is clicked on

2018-05-08 13:50:54 - [TEST_STEP][PASSED] - click: Object: 'Object Repository/add products/div_Garden            The gard' is clicked on

2018-05-08 13:50:55 - [MESSAGE][PASSED] - Object: 'Object Repository/add products/div_Garden            The gard' is clicked on

2018-05-08 13:50:55 - [TEST_STEP][PASSED] - click: Object: 'Object Repository/add products/button_add to cart' is clicked on

2018-05-08 13:50:55 - [MESSAGE][PASSED] - Object: 'Object Repository/add products/button_add to cart' is clicked on

2018-05-08 13:50:55 - [TEST_STEP][PASSED] - click: Object: 'Object Repository/add products/div_already added' is clicked on

2018-05-08 13:50:55 - [MESSAGE][PASSED] - Object: 'Object Repository/add products/div_already added' is clicked on

2018-05-08 13:50:55 - [TEST_STEP][PASSED] - click: Object: 'Object Repository/add products/h5_Banana' is clicked on

2018-05-08 13:50:55 - [MESSAGE][PASSED] - Object: 'Object Repository/add products/h5_Banana' is clicked on

2018-05-08 13:50:55 - [TEST_STEP][PASSED] - click: Object: 'Object Repository/add products/div_Banana            A good f' is clicked on

2018-05-08 13:50:55 - [MESSAGE][PASSED] - Object: 'Object Repository/add products/div_Banana            A good f' is clicked on

2018-05-08 13:50:55 - [TEST_STEP][PASSED] - click: Object: 'Object Repository/add products/button_add to cart' is clicked on

2018-05-08 13:50:55 - [MESSAGE][PASSED] - Object: 'Object Repository/add products/button_add to cart' is clicked on

2018-05-08 13:50:55 - [TEST_STEP][PASSED] - click: Object: 'Object Repository/add products/a_Carts            2' is clicked on

2018-05-08 13:50:55 - [MESSAGE][PASSED] - Object: 'Object Repository/add products/a_Carts            2' is clicked on

2018-05-08 13:50:55 - [TEST_STEP][PASSED] - click: Object: 'Object Repository/add products/th_' is clicked on

2018-05-08 13:50:55 - [MESSAGE][PASSED] - Object: 'Object Repository/add products/th_' is clicked on

2018-05-08 13:50:55 - [TEST_STEP][PASSED] - click: Object: 'Object Repository/add products/th_Product Name' is clicked on

2018-05-08 13:50:55 - [MESSAGE][PASSED] - Object: 'Object Repository/add products/th_Product Name' is clicked on

2018-05-08 13:50:55 - [TEST_STEP][PASSED] - click: Object: 'Object Repository/add products/th_Price' is clicked on

2018-05-08 13:50:55 - [MESSAGE][PASSED] - Object: 'Object Repository/add products/th_Price' is clicked on

2018-05-08 13:50:55 - [TEST_STEP][PASSED] - click: Object: 'Object Repository/add products/th_amount' is clicked on

2018-05-08 13:50:55 - [MESSAGE][PASSED] - Object: 'Object Repository/add products/th_amount' is clicked on

2018-05-08 13:50:55 - [TEST_STEP][PASSED] - click: Object: 'Object Repository/add products/th_1' is clicked on

2018-05-08 13:50:55 - [MESSAGE][PASSED] - Object: 'Object Repository/add products/th_1' is clicked on

2018-05-08 13:50:55 - [TEST_STEP][PASSED] - click: Object: 'Object Repository/add products/td_Garden' is clicked on

2018-05-08 13:50:56 - [MESSAGE][PASSED] - Object: 'Object Repository/add products/td_Garden' is clicked on

2018-05-08 13:50:56 - [TEST_STEP][PASSED] - click: Object: 'Object Repository/add products/td_20000 THB' is clicked on

2018-05-08 13:50:56 - [MESSAGE][PASSED] - Object: 'Object Repository/add products/td_20000 THB' is clicked on

2018-05-08 13:50:56 - [TEST_STEP][PASSED] - click: Object: 'Object Repository/add products/td' is clicked on

2018-05-08 13:50:56 - [MESSAGE][PASSED] - Object: 'Object Repository/add products/td' is clicked on

2018-05-08 13:50:56 - [TEST_STEP][PASSED] - click: Object: 'Object Repository/add products/th_2' is clicked on

2018-05-08 13:50:56 - [MESSAGE][PASSED] - Object: 'Object Repository/add products/th_2' is clicked on

2018-05-08 13:50:56 - [TEST_STEP][PASSED] - click: Object: 'Object Repository/add products/td_Banana' is clicked on

2018-05-08 13:50:56 - [MESSAGE][PASSED] - Object: 'Object Repository/add products/td_Banana' is clicked on

2018-05-08 13:50:56 - [TEST_STEP][PASSED] - click: Object: 'Object Repository/add products/td_150 THB' is clicked on

2018-05-08 13:50:56 - [MESSAGE][PASSED] - Object: 'Object Repository/add products/td_150 THB' is clicked on

2018-05-08 13:50:56 - [TEST_STEP][PASSED] - click: Object: 'Object Repository/add products/td_1' is clicked on

2018-05-08 13:50:56 - [MESSAGE][PASSED] - Object: 'Object Repository/add products/td_1' is clicked on

2018-05-08 13:50:56 - [TEST_STEP][PASSED] - click: Object: 'Object Repository/add products/p_Total price  20150 THB' is clicked on

2018-05-08 13:50:56 - [MESSAGE][PASSED] - Object: 'Object Repository/add products/p_Total price  20150 THB' is clicked on

2018-05-08 13:50:56 - [TEST_STEP][PASSED] - click: Object: 'Object Repository/add products/div_confirm' is clicked on

2018-05-08 13:50:56 - [MESSAGE][PASSED] - Object: 'Object Repository/add products/div_confirm' is clicked on

2018-05-08 13:50:56 - [TEST_STEP][PASSED] - closeBrowser: Browser is closed

2018-05-08 13:50:56 - [MESSAGE][PASSED] - Browser is closed]]></system-out>
         <system-err><![CDATA[]]></system-err>
      </testcase>
      <testcase name="Test Cases/Test Admin Login" classname="Test Cases/Test Admin Login" status="PASSED">
         <system-out><![CDATA[2018-05-08 13:50:56 - [TEST_CASE][PASSED] - Test Cases/Test Admin Login: Test Cases/Test Admin Login

2018-05-08 13:50:56 - [TEST_STEP][PASSED] - openBrowser: Browser is opened with url: ''

2018-05-08 13:50:57 - [MESSAGE][PASSED] - Browser is opened with url: ''

2018-05-08 13:50:57 - [TEST_STEP][PASSED] - navigateToUrl: Navigate to 'http://34.209.48.20:9089/' successfully

2018-05-08 13:51:07 - [MESSAGE][PASSED] - Navigate to 'http://34.209.48.20:9089/' successfully

2018-05-08 13:51:07 - [TEST_STEP][PASSED] - click: Object: 'Object Repository/Page_ProjectBackend (3)/h1_SE 234 Project' is clicked on

2018-05-08 13:51:08 - [MESSAGE][PASSED] - Object: 'Object Repository/Page_ProjectBackend (3)/h1_SE 234 Project' is clicked on

2018-05-08 13:51:08 - [TEST_STEP][PASSED] - click: Object: 'Object Repository/Page_ProjectBackend (3)/p_This is the mock app for the' is clicked on

2018-05-08 13:51:08 - [MESSAGE][PASSED] - Object: 'Object Repository/Page_ProjectBackend (3)/p_This is the mock app for the' is clicked on

2018-05-08 13:51:08 - [TEST_STEP][PASSED] - click: Object: 'Object Repository/Page_ProjectBackend (3)/h2_Login' is clicked on

2018-05-08 13:51:08 - [MESSAGE][PASSED] - Object: 'Object Repository/Page_ProjectBackend (3)/h2_Login' is clicked on

2018-05-08 13:51:08 - [TEST_STEP][PASSED] - click: Object: 'Object Repository/Page_ProjectBackend (3)/div_Username' is clicked on

2018-05-08 13:51:08 - [MESSAGE][PASSED] - Object: 'Object Repository/Page_ProjectBackend (3)/div_Username' is clicked on

2018-05-08 13:51:08 - [TEST_STEP][PASSED] - click: Object: 'Object Repository/Page_ProjectBackend (3)/div_Password' is clicked on

2018-05-08 13:51:08 - [MESSAGE][PASSED] - Object: 'Object Repository/Page_ProjectBackend (3)/div_Password' is clicked on

2018-05-08 13:51:08 - [TEST_STEP][PASSED] - click: Object: 'Object Repository/Page_ProjectBackend (3)/div_Login' is clicked on

2018-05-08 13:51:08 - [MESSAGE][PASSED] - Object: 'Object Repository/Page_ProjectBackend (3)/div_Login' is clicked on

2018-05-08 13:51:08 - [TEST_STEP][PASSED] - setText: Text 'admin' is set on object 'Object Repository/Page_ProjectBackend (3)/input_username'

2018-05-08 13:51:08 - [MESSAGE][PASSED] - Text 'admin' is set on object 'Object Repository/Page_ProjectBackend (3)/input_username'

2018-05-08 13:51:08 - [TEST_STEP][PASSED] - setText: Text 'admin' is set on object 'Object Repository/Page_ProjectBackend (3)/input_password'

2018-05-08 13:51:08 - [MESSAGE][PASSED] - Text 'admin' is set on object 'Object Repository/Page_ProjectBackend (3)/input_password'

2018-05-08 13:51:08 - [TEST_STEP][PASSED] - click: Object: 'Object Repository/Page_ProjectBackend (3)/button_Login' is clicked on

2018-05-08 13:51:08 - [MESSAGE][PASSED] - Object: 'Object Repository/Page_ProjectBackend (3)/button_Login' is clicked on

2018-05-08 13:51:08 - [TEST_STEP][PASSED] - click: Object: 'Object Repository/Page_ProjectBackend (3)/p_This is the mock app for the' is clicked on

2018-05-08 13:51:09 - [MESSAGE][PASSED] - Object: 'Object Repository/Page_ProjectBackend (3)/p_This is the mock app for the' is clicked on

2018-05-08 13:51:09 - [TEST_STEP][PASSED] - click: Object: 'Object Repository/Page_ProjectBackend (3)/div_Products' is clicked on

2018-05-08 13:51:10 - [MESSAGE][PASSED] - Object: 'Object Repository/Page_ProjectBackend (3)/div_Products' is clicked on

2018-05-08 13:51:10 - [TEST_STEP][PASSED] - click: Object: 'Object Repository/Page_ProjectBackend (3)/a_Total Transaction' is clicked on

2018-05-08 13:51:10 - [MESSAGE][PASSED] - Object: 'Object Repository/Page_ProjectBackend (3)/a_Total Transaction' is clicked on

2018-05-08 13:51:10 - [TEST_STEP][PASSED] - click: Object: 'Object Repository/Page_ProjectBackend (3)/div_Transaction List' is clicked on

2018-05-08 13:51:10 - [MESSAGE][PASSED] - Object: 'Object Repository/Page_ProjectBackend (3)/div_Transaction List' is clicked on

2018-05-08 13:51:10 - [TEST_STEP][PASSED] - closeBrowser: Browser is closed

2018-05-08 13:51:10 - [MESSAGE][PASSED] - Browser is closed]]></system-out>
         <system-err><![CDATA[]]></system-err>
      </testcase>
      <system-out><![CDATA[2018-05-08 13:47:46 - [TEST_SUITE][PASSED] - Full System Test: Test Cases/Test Admin Login]]></system-out>
      <system-err><![CDATA[]]></system-err>
   </testsuite>
</testsuites>
