<?xml version="1.0" encoding="UTF-8"?>
<testsuites name="Data-Driven Tests Suite" time="53" tests="2" failures="0" errors="0">
   <testsuite name="Data-Driven Tests Suite" tests="2" failures="0" errors="0" time="53" timestamp="2018-05-09 11:43:34" hostname="snailwalker - 192.168.0.101" id="Test Suites/Data-Driven Tests Suite">
      <properties>
         <property name="deviceName" value=""/>
         <property name="devicePlatform" value=""/>
         <property name="logFolder" value="/Users/snailwalker/Documents/workspace/backend/katalon/Reports/Data-Driven Tests Suite/20180509_114332"/>
         <property name="logFiles" value="/Users/snailwalker/Documents/workspace/backend/katalon/Reports/Data-Driven Tests Suite/20180509_114332/execution0.log"/>
         <property name="attachments" value=""/>
         <property name="hostName" value="snailwalker - 192.168.0.101"/>
         <property name="os" value="Mac OS X 64bit"/>
         <property name="katalonVersion" value="5.4.1.1"/>
         <property name="browser" value="Chrome 66.0.3359.139"/>
         <property name="hostAddress" value="192.168.0.101"/>
         <property name="sessionId" value="799186f229af2c8ff5958e61d7c3660f"/>
         <property name="seleniumVersion" value="3.7.1"/>
         <property name="proxyInformation" value="ProxyInformation{proxyOption=NO_PROXY, proxyServerType=HTTP, password=, proxyServerAddress=, proxyServerPort=0}"/>
         <property name="platform" value="Mac OS X"/>
      </properties>
      <testcase name="Test Cases/Add transacations " classname="Test Cases/Add transacations " status="PASSED">
         <system-out><![CDATA[2018-05-09 11:43:35 - [TEST_CASE][PASSED] - Test Cases/Add transacations : Test Cases/Add transacations 

2018-05-09 11:43:35 - [TEST_STEP][PASSED] - Statement - data = com.kms.katalon.core.testdata.TestDataFactory.findTestData("Data Files/data.user"): Reading excel file with source file '/Users/snailwalker/Documents/workspace/backend/katalon/Data Files/data.xlsx' and sheet name 'user'

2018-05-09 11:43:37 - [TEST_STEP][PASSED] - openBrowser: Browser is opened with url: ''

2018-05-09 11:43:39 - [MESSAGE][PASSED] - Browser is opened with url: ''

2018-05-09 11:43:39 - [TEST_STEP][PASSED] - navigateToUrl: Navigate to 'http://34.209.48.20:9089/' successfully

2018-05-09 11:43:49 - [MESSAGE][PASSED] - Navigate to 'http://34.209.48.20:9089/' successfully

2018-05-09 11:43:49 - [TEST_STEP][PASSED] - verifyElementPresent: Object 'Object Repository/Front Page Objects/header' is present

2018-05-09 11:43:49 - [MESSAGE][WARNING] - Timeout '0' is invalid. Using default page load timeout: '30'

2018-05-09 11:43:49 - [MESSAGE][PASSED] - Object 'Object Repository/Front Page Objects/header' is present

2018-05-09 11:43:49 - [TEST_STEP][PASSED] - verifyElementPresent: Object 'Object Repository/Front Page Objects/p_header_description' is present

2018-05-09 11:43:49 - [MESSAGE][WARNING] - Timeout '0' is invalid. Using default page load timeout: '30'

2018-05-09 11:43:49 - [MESSAGE][PASSED] - Object 'Object Repository/Front Page Objects/p_header_description' is present

2018-05-09 11:43:49 - [TEST_STEP][PASSED] - verifyElementPresent: Object 'Object Repository/Front Page Objects/h2_Login' is present

2018-05-09 11:43:49 - [MESSAGE][WARNING] - Timeout '0' is invalid. Using default page load timeout: '30'

2018-05-09 11:43:49 - [MESSAGE][PASSED] - Object 'Object Repository/Front Page Objects/h2_Login' is present

2018-05-09 11:43:49 - [TEST_STEP][PASSED] - verifyElementPresent: Object 'Object Repository/Login Objects /label_Username' is present

2018-05-09 11:43:49 - [MESSAGE][WARNING] - Timeout '0' is invalid. Using default page load timeout: '30'

2018-05-09 11:43:50 - [MESSAGE][PASSED] - Object 'Object Repository/Login Objects /label_Username' is present

2018-05-09 11:43:50 - [TEST_STEP][PASSED] - verifyElementPresent: Object 'Object Repository/Login Objects /label_Password' is present

2018-05-09 11:43:50 - [MESSAGE][WARNING] - Timeout '0' is invalid. Using default page load timeout: '30'

2018-05-09 11:43:50 - [MESSAGE][PASSED] - Object 'Object Repository/Login Objects /label_Password' is present

2018-05-09 11:43:50 - [TEST_STEP][PASSED] - verifyElementPresent: Object 'Object Repository/Login Objects /div_Login' is present

2018-05-09 11:43:50 - [MESSAGE][WARNING] - Timeout '0' is invalid. Using default page load timeout: '30'

2018-05-09 11:43:50 - [MESSAGE][PASSED] - Object 'Object Repository/Login Objects /div_Login' is present

2018-05-09 11:43:50 - [TEST_STEP][PASSED] - setText: Text 'user' is set on object 'Object Repository/Login Objects /input_username'

2018-05-09 11:43:50 - [MESSAGE][PASSED] - Text 'user' is set on object 'Object Repository/Login Objects /input_username'

2018-05-09 11:43:50 - [TEST_STEP][PASSED] - setText: Text 'user' is set on object 'Object Repository/Login Objects /input_password'

2018-05-09 11:43:50 - [MESSAGE][PASSED] - Text 'user' is set on object 'Object Repository/Login Objects /input_password'

2018-05-09 11:43:50 - [TEST_STEP][PASSED] - click: Object: 'Object Repository/Login Objects /button_Login' is clicked on

2018-05-09 11:43:50 - [MESSAGE][PASSED] - Object: 'Object Repository/Login Objects /button_Login' is clicked on

2018-05-09 11:43:50 - [TEST_STEP][PASSED] - verifyElementPresent: Object 'Object Repository/Front Page Objects/div_add to cart' is present

2018-05-09 11:43:50 - [MESSAGE][WARNING] - Timeout '0' is invalid. Using default page load timeout: '30'

2018-05-09 11:43:52 - [MESSAGE][PASSED] - Object 'Object Repository/Front Page Objects/div_add to cart' is present

2018-05-09 11:43:52 - [TEST_STEP][PASSED] - verifyElementPresent: Object 'Object Repository/h5_Garden' is present

2018-05-09 11:43:52 - [MESSAGE][WARNING] - Timeout '0' is invalid. Using default page load timeout: '30'

2018-05-09 11:43:52 - [MESSAGE][PASSED] - Object 'Object Repository/h5_Garden' is present

2018-05-09 11:43:52 - [TEST_STEP][PASSED] - verifyElementPresent: Object 'Object Repository/div_add to cart' is present

2018-05-09 11:43:52 - [MESSAGE][WARNING] - Timeout '0' is invalid. Using default page load timeout: '30'

2018-05-09 11:43:52 - [MESSAGE][PASSED] - Object 'Object Repository/div_add to cart' is present

2018-05-09 11:43:52 - [TEST_STEP][PASSED] - click: Object: 'Object Repository/button_add to cart' is clicked on

2018-05-09 11:43:52 - [MESSAGE][PASSED] - Object: 'Object Repository/button_add to cart' is clicked on

2018-05-09 11:43:52 - [TEST_STEP][PASSED] - verifyElementPresent: Object 'Object Repository/div_already added' is present

2018-05-09 11:43:52 - [MESSAGE][WARNING] - Timeout '0' is invalid. Using default page load timeout: '30'

2018-05-09 11:43:52 - [MESSAGE][PASSED] - Object 'Object Repository/div_already added' is present

2018-05-09 11:43:52 - [TEST_STEP][PASSED] - verifyElementPresent: Object 'Object Repository/h5_Banana' is present

2018-05-09 11:43:52 - [MESSAGE][WARNING] - Timeout '0' is invalid. Using default page load timeout: '30'

2018-05-09 11:43:52 - [MESSAGE][PASSED] - Object 'Object Repository/h5_Banana' is present

2018-05-09 11:43:52 - [TEST_STEP][PASSED] - verifyElementPresent: Object 'Object Repository/div_add to cart' is present

2018-05-09 11:43:52 - [MESSAGE][WARNING] - Timeout '0' is invalid. Using default page load timeout: '30'

2018-05-09 11:43:52 - [MESSAGE][PASSED] - Object 'Object Repository/div_add to cart' is present

2018-05-09 11:43:52 - [TEST_STEP][PASSED] - click: Object: 'Object Repository/button_add to cart' is clicked on

2018-05-09 11:43:52 - [MESSAGE][PASSED] - Object: 'Object Repository/button_add to cart' is clicked on

2018-05-09 11:43:52 - [TEST_STEP][PASSED] - verifyElementPresent: Object 'Object Repository/div_already added' is present

2018-05-09 11:43:52 - [MESSAGE][WARNING] - Timeout '0' is invalid. Using default page load timeout: '30'

2018-05-09 11:43:52 - [MESSAGE][PASSED] - Object 'Object Repository/div_already added' is present

2018-05-09 11:43:52 - [TEST_STEP][PASSED] - verifyElementPresent: Object 'Object Repository/div_Products' is present

2018-05-09 11:43:52 - [MESSAGE][WARNING] - Timeout '0' is invalid. Using default page load timeout: '30'

2018-05-09 11:43:52 - [MESSAGE][PASSED] - Object 'Object Repository/div_Products' is present

2018-05-09 11:43:52 - [TEST_STEP][PASSED] - click: Object: 'Object Repository/a_Carts            2' is clicked on

2018-05-09 11:43:52 - [MESSAGE][PASSED] - Object: 'Object Repository/a_Carts            2' is clicked on

2018-05-09 11:43:52 - [TEST_STEP][PASSED] - verifyElementPresent: Object 'Object Repository/div_Shopping Cart' is present

2018-05-09 11:43:52 - [MESSAGE][WARNING] - Timeout '0' is invalid. Using default page load timeout: '30'

2018-05-09 11:43:52 - [MESSAGE][PASSED] - Object 'Object Repository/div_Shopping Cart' is present

2018-05-09 11:43:52 - [TEST_STEP][PASSED] - verifyElementPresent: Object 'Object Repository/td_Garden' is present

2018-05-09 11:43:52 - [MESSAGE][WARNING] - Timeout '0' is invalid. Using default page load timeout: '30'

2018-05-09 11:43:52 - [MESSAGE][PASSED] - Object 'Object Repository/td_Garden' is present

2018-05-09 11:43:52 - [TEST_STEP][PASSED] - verifyElementPresent: Object 'Object Repository/td_20000 THB' is present

2018-05-09 11:43:52 - [MESSAGE][WARNING] - Timeout '0' is invalid. Using default page load timeout: '30'

2018-05-09 11:43:52 - [MESSAGE][PASSED] - Object 'Object Repository/td_20000 THB' is present

2018-05-09 11:43:52 - [TEST_STEP][PASSED] - verifyElementPresent: Object 'Object Repository/div_col-4 center-block' is present

2018-05-09 11:43:52 - [MESSAGE][WARNING] - Timeout '0' is invalid. Using default page load timeout: '30'

2018-05-09 11:43:52 - [MESSAGE][PASSED] - Object 'Object Repository/div_col-4 center-block' is present

2018-05-09 11:43:52 - [TEST_STEP][PASSED] - verifyElementPresent: Object 'Object Repository/td_Banana' is present

2018-05-09 11:43:52 - [MESSAGE][WARNING] - Timeout '0' is invalid. Using default page load timeout: '30'

2018-05-09 11:43:52 - [MESSAGE][PASSED] - Object 'Object Repository/td_Banana' is present

2018-05-09 11:43:52 - [TEST_STEP][PASSED] - verifyElementPresent: Object 'Object Repository/td_150 THB' is present

2018-05-09 11:43:52 - [MESSAGE][WARNING] - Timeout '0' is invalid. Using default page load timeout: '30'

2018-05-09 11:43:52 - [MESSAGE][PASSED] - Object 'Object Repository/td_150 THB' is present

2018-05-09 11:43:52 - [TEST_STEP][PASSED] - verifyElementPresent: Object 'Object Repository/div_col-4 center-block_1' is present

2018-05-09 11:43:52 - [MESSAGE][WARNING] - Timeout '0' is invalid. Using default page load timeout: '30'

2018-05-09 11:43:52 - [MESSAGE][PASSED] - Object 'Object Repository/div_col-4 center-block_1' is present

2018-05-09 11:43:52 - [TEST_STEP][PASSED] - verifyElementPresent: Object 'Object Repository/p_Total price  20150 THB' is present

2018-05-09 11:43:52 - [MESSAGE][WARNING] - Timeout '0' is invalid. Using default page load timeout: '30'

2018-05-09 11:43:52 - [MESSAGE][PASSED] - Object 'Object Repository/p_Total price  20150 THB' is present

2018-05-09 11:43:52 - [TEST_STEP][PASSED] - click: Object: 'Object Repository/Login Objects /button_confirm' is clicked on

2018-05-09 11:43:53 - [MESSAGE][PASSED] - Object: 'Object Repository/Login Objects /button_confirm' is clicked on

2018-05-09 11:43:53 - [TEST_STEP][PASSED] - acceptAlert: Alert accepted

2018-05-09 11:43:53 - [MESSAGE][PASSED] - Alert accepted

2018-05-09 11:43:53 - [TEST_STEP][PASSED] - openBrowser: Browser is opened with url: ''

2018-05-09 11:43:53 - [MESSAGE][WARNING] - A browser is already opened. Closing browser and opening a new one

2018-05-09 11:43:54 - [MESSAGE][PASSED] - Browser is opened with url: ''

2018-05-09 11:43:54 - [TEST_STEP][PASSED] - navigateToUrl: Navigate to 'http://34.209.48.20:9089/' successfully

2018-05-09 11:44:01 - [MESSAGE][PASSED] - Navigate to 'http://34.209.48.20:9089/' successfully

2018-05-09 11:44:01 - [TEST_STEP][PASSED] - verifyElementPresent: Object 'Object Repository/Front Page Objects/header' is present

2018-05-09 11:44:01 - [MESSAGE][WARNING] - Timeout '0' is invalid. Using default page load timeout: '30'

2018-05-09 11:44:01 - [MESSAGE][PASSED] - Object 'Object Repository/Front Page Objects/header' is present

2018-05-09 11:44:01 - [TEST_STEP][PASSED] - verifyElementPresent: Object 'Object Repository/Front Page Objects/p_header_description' is present

2018-05-09 11:44:01 - [MESSAGE][WARNING] - Timeout '0' is invalid. Using default page load timeout: '30'

2018-05-09 11:44:01 - [MESSAGE][PASSED] - Object 'Object Repository/Front Page Objects/p_header_description' is present

2018-05-09 11:44:01 - [TEST_STEP][PASSED] - verifyElementPresent: Object 'Object Repository/Front Page Objects/h2_Login' is present

2018-05-09 11:44:01 - [MESSAGE][WARNING] - Timeout '0' is invalid. Using default page load timeout: '30'

2018-05-09 11:44:01 - [MESSAGE][PASSED] - Object 'Object Repository/Front Page Objects/h2_Login' is present

2018-05-09 11:44:01 - [TEST_STEP][PASSED] - verifyElementPresent: Object 'Object Repository/Login Objects /div_Username' is present

2018-05-09 11:44:01 - [MESSAGE][WARNING] - Timeout '0' is invalid. Using default page load timeout: '30'

2018-05-09 11:44:01 - [MESSAGE][PASSED] - Object 'Object Repository/Login Objects /div_Username' is present

2018-05-09 11:44:01 - [TEST_STEP][PASSED] - verifyElementPresent: Object 'Object Repository/Login Objects /div_Password' is present

2018-05-09 11:44:01 - [MESSAGE][WARNING] - Timeout '0' is invalid. Using default page load timeout: '30'

2018-05-09 11:44:01 - [MESSAGE][PASSED] - Object 'Object Repository/Login Objects /div_Password' is present

2018-05-09 11:44:01 - [TEST_STEP][PASSED] - verifyElementPresent: Object 'Object Repository/Login Objects /div_Login' is present

2018-05-09 11:44:01 - [MESSAGE][WARNING] - Timeout '0' is invalid. Using default page load timeout: '30'

2018-05-09 11:44:01 - [MESSAGE][PASSED] - Object 'Object Repository/Login Objects /div_Login' is present

2018-05-09 11:44:01 - [TEST_STEP][PASSED] - setText: Text 'admin' is set on object 'Object Repository/Login Objects /input_username'

2018-05-09 11:44:02 - [MESSAGE][PASSED] - Text 'admin' is set on object 'Object Repository/Login Objects /input_username'

2018-05-09 11:44:02 - [TEST_STEP][PASSED] - setText: Text 'admin' is set on object 'Object Repository/Login Objects /input_password'

2018-05-09 11:44:02 - [MESSAGE][PASSED] - Text 'admin' is set on object 'Object Repository/Login Objects /input_password'

2018-05-09 11:44:02 - [TEST_STEP][PASSED] - click: Object: 'Object Repository/Login Objects /button_Login' is clicked on

2018-05-09 11:44:02 - [MESSAGE][PASSED] - Object: 'Object Repository/Login Objects /button_Login' is clicked on

2018-05-09 11:44:02 - [TEST_STEP][PASSED] - verifyElementPresent: Object 'Object Repository/Front Page Objects/div_Products' is present

2018-05-09 11:44:02 - [MESSAGE][WARNING] - Timeout '0' is invalid. Using default page load timeout: '30'

2018-05-09 11:44:03 - [MESSAGE][PASSED] - Object 'Object Repository/Front Page Objects/div_Products' is present

2018-05-09 11:44:03 - [TEST_STEP][PASSED] - click: Object: 'Object Repository/Front Page Objects/a_Total Transaction' is clicked on

2018-05-09 11:44:03 - [MESSAGE][PASSED] - Object: 'Object Repository/Front Page Objects/a_Total Transaction' is clicked on

2018-05-09 11:44:03 - [TEST_STEP][PASSED] - verifyElementPresent: Object 'Object Repository/Front Page Objects/div_Transaction List' is present

2018-05-09 11:44:03 - [MESSAGE][WARNING] - Timeout '0' is invalid. Using default page load timeout: '30'

2018-05-09 11:44:03 - [MESSAGE][PASSED] - Object 'Object Repository/Front Page Objects/div_Transaction List' is present

2018-05-09 11:44:03 - [TEST_STEP][PASSED] - verifyElementPresent: Object 'Object Repository/Product Objects/td_Garden Banana' is present

2018-05-09 11:44:03 - [MESSAGE][WARNING] - Timeout '0' is invalid. Using default page load timeout: '30'

2018-05-09 11:44:04 - [MESSAGE][PASSED] - Object 'Object Repository/Product Objects/td_Garden Banana' is present

2018-05-09 11:44:04 - [TEST_STEP][PASSED] - verifyElementPresent: Object 'Object Repository/Product Objects/td_20150 THB' is present

2018-05-09 11:44:04 - [MESSAGE][WARNING] - Timeout '0' is invalid. Using default page load timeout: '30'

2018-05-09 11:44:04 - [MESSAGE][PASSED] - Object 'Object Repository/Product Objects/td_20150 THB' is present

2018-05-09 11:44:04 - [TEST_STEP][PASSED] - closeBrowser: Browser is closed

2018-05-09 11:44:04 - [MESSAGE][PASSED] - Browser is closed]]></system-out>
         <system-err><![CDATA[]]></system-err>
      </testcase>
      <testcase name="Test Cases/Add transacations " classname="Test Cases/Add transacations " status="PASSED">
         <system-out><![CDATA[2018-05-09 11:44:04 - [TEST_CASE][PASSED] - Test Cases/Add transacations : Test Cases/Add transacations 

2018-05-09 11:44:04 - [TEST_STEP][PASSED] - Statement - data = com.kms.katalon.core.testdata.TestDataFactory.findTestData("Data Files/data.user"): Reading excel file with source file '/Users/snailwalker/Documents/workspace/backend/katalon/Data Files/data.xlsx' and sheet name 'user'

2018-05-09 11:44:04 - [TEST_STEP][PASSED] - openBrowser: Browser is opened with url: ''

2018-05-09 11:44:05 - [MESSAGE][PASSED] - Browser is opened with url: ''

2018-05-09 11:44:05 - [TEST_STEP][PASSED] - navigateToUrl: Navigate to 'http://34.209.48.20:9089/' successfully

2018-05-09 11:44:11 - [MESSAGE][PASSED] - Navigate to 'http://34.209.48.20:9089/' successfully

2018-05-09 11:44:11 - [TEST_STEP][PASSED] - verifyElementPresent: Object 'Object Repository/Front Page Objects/header' is present

2018-05-09 11:44:11 - [MESSAGE][WARNING] - Timeout '0' is invalid. Using default page load timeout: '30'

2018-05-09 11:44:11 - [MESSAGE][PASSED] - Object 'Object Repository/Front Page Objects/header' is present

2018-05-09 11:44:11 - [TEST_STEP][PASSED] - verifyElementPresent: Object 'Object Repository/Front Page Objects/p_header_description' is present

2018-05-09 11:44:12 - [MESSAGE][WARNING] - Timeout '0' is invalid. Using default page load timeout: '30'

2018-05-09 11:44:12 - [MESSAGE][PASSED] - Object 'Object Repository/Front Page Objects/p_header_description' is present

2018-05-09 11:44:12 - [TEST_STEP][PASSED] - verifyElementPresent: Object 'Object Repository/Front Page Objects/h2_Login' is present

2018-05-09 11:44:12 - [MESSAGE][WARNING] - Timeout '0' is invalid. Using default page load timeout: '30'

2018-05-09 11:44:12 - [MESSAGE][PASSED] - Object 'Object Repository/Front Page Objects/h2_Login' is present

2018-05-09 11:44:12 - [TEST_STEP][PASSED] - verifyElementPresent: Object 'Object Repository/Login Objects /label_Username' is present

2018-05-09 11:44:12 - [MESSAGE][WARNING] - Timeout '0' is invalid. Using default page load timeout: '30'

2018-05-09 11:44:12 - [MESSAGE][PASSED] - Object 'Object Repository/Login Objects /label_Username' is present

2018-05-09 11:44:12 - [TEST_STEP][PASSED] - verifyElementPresent: Object 'Object Repository/Login Objects /label_Password' is present

2018-05-09 11:44:12 - [MESSAGE][WARNING] - Timeout '0' is invalid. Using default page load timeout: '30'

2018-05-09 11:44:12 - [MESSAGE][PASSED] - Object 'Object Repository/Login Objects /label_Password' is present

2018-05-09 11:44:12 - [TEST_STEP][PASSED] - verifyElementPresent: Object 'Object Repository/Login Objects /div_Login' is present

2018-05-09 11:44:12 - [MESSAGE][WARNING] - Timeout '0' is invalid. Using default page load timeout: '30'

2018-05-09 11:44:12 - [MESSAGE][PASSED] - Object 'Object Repository/Login Objects /div_Login' is present

2018-05-09 11:44:12 - [TEST_STEP][PASSED] - setText: Text 'hello' is set on object 'Object Repository/Login Objects /input_username'

2018-05-09 11:44:12 - [MESSAGE][PASSED] - Text 'hello' is set on object 'Object Repository/Login Objects /input_username'

2018-05-09 11:44:12 - [TEST_STEP][PASSED] - setText: Text 'hello' is set on object 'Object Repository/Login Objects /input_password'

2018-05-09 11:44:12 - [MESSAGE][PASSED] - Text 'hello' is set on object 'Object Repository/Login Objects /input_password'

2018-05-09 11:44:12 - [TEST_STEP][PASSED] - click: Object: 'Object Repository/Login Objects /button_Login' is clicked on

2018-05-09 11:44:12 - [MESSAGE][PASSED] - Object: 'Object Repository/Login Objects /button_Login' is clicked on

2018-05-09 11:44:12 - [TEST_STEP][PASSED] - verifyElementPresent: Object 'Object Repository/Front Page Objects/div_add to cart' is present

2018-05-09 11:44:12 - [MESSAGE][WARNING] - Timeout '0' is invalid. Using default page load timeout: '30'

2018-05-09 11:44:14 - [MESSAGE][PASSED] - Object 'Object Repository/Front Page Objects/div_add to cart' is present

2018-05-09 11:44:14 - [TEST_STEP][PASSED] - verifyElementPresent: Object 'Object Repository/h5_Garden' is present

2018-05-09 11:44:14 - [MESSAGE][WARNING] - Timeout '0' is invalid. Using default page load timeout: '30'

2018-05-09 11:44:14 - [MESSAGE][PASSED] - Object 'Object Repository/h5_Garden' is present

2018-05-09 11:44:14 - [TEST_STEP][PASSED] - verifyElementPresent: Object 'Object Repository/div_add to cart' is present

2018-05-09 11:44:14 - [MESSAGE][WARNING] - Timeout '0' is invalid. Using default page load timeout: '30'

2018-05-09 11:44:14 - [MESSAGE][PASSED] - Object 'Object Repository/div_add to cart' is present

2018-05-09 11:44:14 - [TEST_STEP][PASSED] - click: Object: 'Object Repository/button_add to cart' is clicked on

2018-05-09 11:44:14 - [MESSAGE][PASSED] - Object: 'Object Repository/button_add to cart' is clicked on

2018-05-09 11:44:14 - [TEST_STEP][PASSED] - verifyElementPresent: Object 'Object Repository/div_already added' is present

2018-05-09 11:44:14 - [MESSAGE][WARNING] - Timeout '0' is invalid. Using default page load timeout: '30'

2018-05-09 11:44:14 - [MESSAGE][PASSED] - Object 'Object Repository/div_already added' is present

2018-05-09 11:44:14 - [TEST_STEP][PASSED] - verifyElementPresent: Object 'Object Repository/h5_Banana' is present

2018-05-09 11:44:14 - [MESSAGE][WARNING] - Timeout '0' is invalid. Using default page load timeout: '30'

2018-05-09 11:44:14 - [MESSAGE][PASSED] - Object 'Object Repository/h5_Banana' is present

2018-05-09 11:44:14 - [TEST_STEP][PASSED] - verifyElementPresent: Object 'Object Repository/div_add to cart' is present

2018-05-09 11:44:14 - [MESSAGE][WARNING] - Timeout '0' is invalid. Using default page load timeout: '30'

2018-05-09 11:44:14 - [MESSAGE][PASSED] - Object 'Object Repository/div_add to cart' is present

2018-05-09 11:44:14 - [TEST_STEP][PASSED] - click: Object: 'Object Repository/button_add to cart' is clicked on

2018-05-09 11:44:14 - [MESSAGE][PASSED] - Object: 'Object Repository/button_add to cart' is clicked on

2018-05-09 11:44:14 - [TEST_STEP][PASSED] - verifyElementPresent: Object 'Object Repository/div_already added' is present

2018-05-09 11:44:14 - [MESSAGE][WARNING] - Timeout '0' is invalid. Using default page load timeout: '30'

2018-05-09 11:44:14 - [MESSAGE][PASSED] - Object 'Object Repository/div_already added' is present

2018-05-09 11:44:14 - [TEST_STEP][PASSED] - verifyElementPresent: Object 'Object Repository/div_Products' is present

2018-05-09 11:44:14 - [MESSAGE][WARNING] - Timeout '0' is invalid. Using default page load timeout: '30'

2018-05-09 11:44:14 - [MESSAGE][PASSED] - Object 'Object Repository/div_Products' is present

2018-05-09 11:44:14 - [TEST_STEP][PASSED] - click: Object: 'Object Repository/a_Carts            2' is clicked on

2018-05-09 11:44:14 - [MESSAGE][PASSED] - Object: 'Object Repository/a_Carts            2' is clicked on

2018-05-09 11:44:14 - [TEST_STEP][PASSED] - verifyElementPresent: Object 'Object Repository/div_Shopping Cart' is present

2018-05-09 11:44:14 - [MESSAGE][WARNING] - Timeout '0' is invalid. Using default page load timeout: '30'

2018-05-09 11:44:14 - [MESSAGE][PASSED] - Object 'Object Repository/div_Shopping Cart' is present

2018-05-09 11:44:14 - [TEST_STEP][PASSED] - verifyElementPresent: Object 'Object Repository/td_Garden' is present

2018-05-09 11:44:14 - [MESSAGE][WARNING] - Timeout '0' is invalid. Using default page load timeout: '30'

2018-05-09 11:44:14 - [MESSAGE][PASSED] - Object 'Object Repository/td_Garden' is present

2018-05-09 11:44:14 - [TEST_STEP][PASSED] - verifyElementPresent: Object 'Object Repository/td_20000 THB' is present

2018-05-09 11:44:14 - [MESSAGE][WARNING] - Timeout '0' is invalid. Using default page load timeout: '30'

2018-05-09 11:44:14 - [MESSAGE][PASSED] - Object 'Object Repository/td_20000 THB' is present

2018-05-09 11:44:14 - [TEST_STEP][PASSED] - verifyElementPresent: Object 'Object Repository/div_col-4 center-block' is present

2018-05-09 11:44:14 - [MESSAGE][WARNING] - Timeout '0' is invalid. Using default page load timeout: '30'

2018-05-09 11:44:14 - [MESSAGE][PASSED] - Object 'Object Repository/div_col-4 center-block' is present

2018-05-09 11:44:14 - [TEST_STEP][PASSED] - verifyElementPresent: Object 'Object Repository/td_Banana' is present

2018-05-09 11:44:14 - [MESSAGE][WARNING] - Timeout '0' is invalid. Using default page load timeout: '30'

2018-05-09 11:44:14 - [MESSAGE][PASSED] - Object 'Object Repository/td_Banana' is present

2018-05-09 11:44:14 - [TEST_STEP][PASSED] - verifyElementPresent: Object 'Object Repository/td_150 THB' is present

2018-05-09 11:44:14 - [MESSAGE][WARNING] - Timeout '0' is invalid. Using default page load timeout: '30'

2018-05-09 11:44:14 - [MESSAGE][PASSED] - Object 'Object Repository/td_150 THB' is present

2018-05-09 11:44:14 - [TEST_STEP][PASSED] - verifyElementPresent: Object 'Object Repository/div_col-4 center-block_1' is present

2018-05-09 11:44:14 - [MESSAGE][WARNING] - Timeout '0' is invalid. Using default page load timeout: '30'

2018-05-09 11:44:14 - [MESSAGE][PASSED] - Object 'Object Repository/div_col-4 center-block_1' is present

2018-05-09 11:44:14 - [TEST_STEP][PASSED] - verifyElementPresent: Object 'Object Repository/p_Total price  20150 THB' is present

2018-05-09 11:44:14 - [MESSAGE][WARNING] - Timeout '0' is invalid. Using default page load timeout: '30'

2018-05-09 11:44:14 - [MESSAGE][PASSED] - Object 'Object Repository/p_Total price  20150 THB' is present

2018-05-09 11:44:14 - [TEST_STEP][PASSED] - click: Object: 'Object Repository/Login Objects /button_confirm' is clicked on

2018-05-09 11:44:15 - [MESSAGE][PASSED] - Object: 'Object Repository/Login Objects /button_confirm' is clicked on

2018-05-09 11:44:15 - [TEST_STEP][PASSED] - acceptAlert: Alert accepted

2018-05-09 11:44:15 - [MESSAGE][PASSED] - Alert accepted

2018-05-09 11:44:15 - [TEST_STEP][PASSED] - openBrowser: Browser is opened with url: ''

2018-05-09 11:44:15 - [MESSAGE][WARNING] - A browser is already opened. Closing browser and opening a new one

2018-05-09 11:44:16 - [MESSAGE][PASSED] - Browser is opened with url: ''

2018-05-09 11:44:16 - [TEST_STEP][PASSED] - navigateToUrl: Navigate to 'http://34.209.48.20:9089/' successfully

2018-05-09 11:44:26 - [MESSAGE][PASSED] - Navigate to 'http://34.209.48.20:9089/' successfully

2018-05-09 11:44:26 - [TEST_STEP][PASSED] - verifyElementPresent: Object 'Object Repository/Front Page Objects/header' is present

2018-05-09 11:44:26 - [MESSAGE][WARNING] - Timeout '0' is invalid. Using default page load timeout: '30'

2018-05-09 11:44:26 - [MESSAGE][PASSED] - Object 'Object Repository/Front Page Objects/header' is present

2018-05-09 11:44:26 - [TEST_STEP][PASSED] - verifyElementPresent: Object 'Object Repository/Front Page Objects/p_header_description' is present

2018-05-09 11:44:26 - [MESSAGE][WARNING] - Timeout '0' is invalid. Using default page load timeout: '30'

2018-05-09 11:44:26 - [MESSAGE][PASSED] - Object 'Object Repository/Front Page Objects/p_header_description' is present

2018-05-09 11:44:26 - [TEST_STEP][PASSED] - verifyElementPresent: Object 'Object Repository/Front Page Objects/h2_Login' is present

2018-05-09 11:44:26 - [MESSAGE][WARNING] - Timeout '0' is invalid. Using default page load timeout: '30'

2018-05-09 11:44:26 - [MESSAGE][PASSED] - Object 'Object Repository/Front Page Objects/h2_Login' is present

2018-05-09 11:44:26 - [TEST_STEP][PASSED] - verifyElementPresent: Object 'Object Repository/Login Objects /div_Username' is present

2018-05-09 11:44:26 - [MESSAGE][WARNING] - Timeout '0' is invalid. Using default page load timeout: '30'

2018-05-09 11:44:26 - [MESSAGE][PASSED] - Object 'Object Repository/Login Objects /div_Username' is present

2018-05-09 11:44:26 - [TEST_STEP][PASSED] - verifyElementPresent: Object 'Object Repository/Login Objects /div_Password' is present

2018-05-09 11:44:26 - [MESSAGE][WARNING] - Timeout '0' is invalid. Using default page load timeout: '30'

2018-05-09 11:44:26 - [MESSAGE][PASSED] - Object 'Object Repository/Login Objects /div_Password' is present

2018-05-09 11:44:26 - [TEST_STEP][PASSED] - verifyElementPresent: Object 'Object Repository/Login Objects /div_Login' is present

2018-05-09 11:44:26 - [MESSAGE][WARNING] - Timeout '0' is invalid. Using default page load timeout: '30'

2018-05-09 11:44:26 - [MESSAGE][PASSED] - Object 'Object Repository/Login Objects /div_Login' is present

2018-05-09 11:44:26 - [TEST_STEP][PASSED] - setText: Text 'admin' is set on object 'Object Repository/Login Objects /input_username'

2018-05-09 11:44:26 - [MESSAGE][PASSED] - Text 'admin' is set on object 'Object Repository/Login Objects /input_username'

2018-05-09 11:44:26 - [TEST_STEP][PASSED] - setText: Text 'admin' is set on object 'Object Repository/Login Objects /input_password'

2018-05-09 11:44:26 - [MESSAGE][PASSED] - Text 'admin' is set on object 'Object Repository/Login Objects /input_password'

2018-05-09 11:44:26 - [TEST_STEP][PASSED] - click: Object: 'Object Repository/Login Objects /button_Login' is clicked on

2018-05-09 11:44:26 - [MESSAGE][PASSED] - Object: 'Object Repository/Login Objects /button_Login' is clicked on

2018-05-09 11:44:26 - [TEST_STEP][PASSED] - verifyElementPresent: Object 'Object Repository/Front Page Objects/div_Products' is present

2018-05-09 11:44:26 - [MESSAGE][WARNING] - Timeout '0' is invalid. Using default page load timeout: '30'

2018-05-09 11:44:27 - [MESSAGE][PASSED] - Object 'Object Repository/Front Page Objects/div_Products' is present

2018-05-09 11:44:27 - [TEST_STEP][PASSED] - click: Object: 'Object Repository/Front Page Objects/a_Total Transaction' is clicked on

2018-05-09 11:44:27 - [MESSAGE][PASSED] - Object: 'Object Repository/Front Page Objects/a_Total Transaction' is clicked on

2018-05-09 11:44:27 - [TEST_STEP][PASSED] - verifyElementPresent: Object 'Object Repository/Front Page Objects/div_Transaction List' is present

2018-05-09 11:44:27 - [MESSAGE][WARNING] - Timeout '0' is invalid. Using default page load timeout: '30'

2018-05-09 11:44:27 - [MESSAGE][PASSED] - Object 'Object Repository/Front Page Objects/div_Transaction List' is present

2018-05-09 11:44:27 - [TEST_STEP][PASSED] - verifyElementPresent: Object 'Object Repository/Product Objects/td_Garden Banana' is present

2018-05-09 11:44:27 - [MESSAGE][WARNING] - Timeout '0' is invalid. Using default page load timeout: '30'

2018-05-09 11:44:28 - [MESSAGE][PASSED] - Object 'Object Repository/Product Objects/td_Garden Banana' is present

2018-05-09 11:44:28 - [TEST_STEP][PASSED] - verifyElementPresent: Object 'Object Repository/Product Objects/td_20150 THB' is present

2018-05-09 11:44:28 - [MESSAGE][WARNING] - Timeout '0' is invalid. Using default page load timeout: '30'

2018-05-09 11:44:28 - [MESSAGE][PASSED] - Object 'Object Repository/Product Objects/td_20150 THB' is present

2018-05-09 11:44:28 - [TEST_STEP][PASSED] - closeBrowser: Browser is closed

2018-05-09 11:44:28 - [MESSAGE][PASSED] - Browser is closed]]></system-out>
         <system-err><![CDATA[]]></system-err>
      </testcase>
      <system-out><![CDATA[2018-05-09 11:43:34 - [TEST_SUITE][PASSED] - Data-Driven Tests Suite: Test Cases/Add transacations]]></system-out>
      <system-err><![CDATA[]]></system-err>
   </testsuite>
</testsuites>
