<?xml version="1.0" encoding="UTF-8"?>
<testsuites name="Data-Driven Test Suites" time="217" tests="12" failures="0" errors="0">
   <testsuite name="Data-Driven Test Suites" tests="12" failures="0" errors="0" time="217" timestamp="2018-05-09 03:03:28" hostname="snailwalker - 192.168.0.101" id="Test Suites/Data-Driven Test Suites">
      <properties>
         <property name="deviceName" value=""/>
         <property name="devicePlatform" value=""/>
         <property name="logFolder" value="/Users/snailwalker/Documents/workspace/backend/katalon/Reports/Data-Driven Test Suites/20180509_030325"/>
         <property name="logFiles" value="/Users/snailwalker/Documents/workspace/backend/katalon/Reports/Data-Driven Test Suites/20180509_030325/execution0.log"/>
         <property name="attachments" value=""/>
         <property name="hostName" value="snailwalker - 192.168.0.101"/>
         <property name="os" value="Mac OS X 64bit"/>
         <property name="katalonVersion" value="5.4.1.1"/>
         <property name="browser" value="Chrome 66.0.3359.139"/>
         <property name="hostAddress" value="192.168.0.101"/>
         <property name="sessionId" value="f454ab2ae83cd4e5673e9c187785a1a1"/>
         <property name="seleniumVersion" value="3.7.1"/>
         <property name="proxyInformation" value="ProxyInformation{proxyOption=NO_PROXY, proxyServerType=HTTP, password=, proxyServerAddress=, proxyServerPort=0}"/>
         <property name="platform" value="Mac OS X"/>
      </properties>
      <testcase name="Test Cases/Test User Login" classname="Test Cases/Test User Login" status="PASSED">
         <system-out><![CDATA[2018-05-09 03:03:28 - [TEST_CASE][PASSED] - Test Cases/Test User Login: Test Cases/Test User Login

2018-05-09 03:03:29 - [TEST_STEP][PASSED] - openBrowser: Browser is opened with url: ''

2018-05-09 03:03:33 - [MESSAGE][PASSED] - Browser is opened with url: ''

2018-05-09 03:03:33 - [TEST_STEP][PASSED] - navigateToUrl: Navigate to 'http://34.209.48.20:9089/' successfully

2018-05-09 03:03:43 - [MESSAGE][PASSED] - Navigate to 'http://34.209.48.20:9089/' successfully

2018-05-09 03:03:43 - [TEST_STEP][PASSED] - verifyElementPresent: Object 'Object Repository/all_Objects/header' is present

2018-05-09 03:03:44 - [MESSAGE][WARNING] - Timeout '0' is invalid. Using default page load timeout: '30'

2018-05-09 03:03:44 - [MESSAGE][PASSED] - Object 'Object Repository/all_Objects/header' is present

2018-05-09 03:03:44 - [TEST_STEP][PASSED] - verifyElementPresent: Object 'Object Repository/all_Objects/p_header_description' is present

2018-05-09 03:03:44 - [MESSAGE][WARNING] - Timeout '0' is invalid. Using default page load timeout: '30'

2018-05-09 03:03:44 - [MESSAGE][PASSED] - Object 'Object Repository/all_Objects/p_header_description' is present

2018-05-09 03:03:44 - [TEST_STEP][PASSED] - verifyElementPresent: Object 'Object Repository/all_Objects/h2_Login' is present

2018-05-09 03:03:44 - [MESSAGE][WARNING] - Timeout '0' is invalid. Using default page load timeout: '30'

2018-05-09 03:03:44 - [MESSAGE][PASSED] - Object 'Object Repository/all_Objects/h2_Login' is present

2018-05-09 03:03:44 - [TEST_STEP][PASSED] - verifyElementPresent: Object 'Object Repository/all_Objects/label_Username' is present

2018-05-09 03:03:44 - [MESSAGE][WARNING] - Timeout '0' is invalid. Using default page load timeout: '30'

2018-05-09 03:03:44 - [MESSAGE][PASSED] - Object 'Object Repository/all_Objects/label_Username' is present

2018-05-09 03:03:44 - [TEST_STEP][PASSED] - verifyElementPresent: Object 'Object Repository/all_Objects/label_Password' is present

2018-05-09 03:03:44 - [MESSAGE][WARNING] - Timeout '0' is invalid. Using default page load timeout: '30'

2018-05-09 03:03:44 - [MESSAGE][PASSED] - Object 'Object Repository/all_Objects/label_Password' is present

2018-05-09 03:03:44 - [TEST_STEP][PASSED] - verifyElementPresent: Object 'Object Repository/all_Objects/div_Login' is present

2018-05-09 03:03:44 - [MESSAGE][WARNING] - Timeout '0' is invalid. Using default page load timeout: '30'

2018-05-09 03:03:44 - [MESSAGE][PASSED] - Object 'Object Repository/all_Objects/div_Login' is present

2018-05-09 03:03:44 - [TEST_STEP][PASSED] - setText: Text 'user' is set on object 'Object Repository/all_Objects/input_username'

2018-05-09 03:03:44 - [MESSAGE][PASSED] - Text 'user' is set on object 'Object Repository/all_Objects/input_username'

2018-05-09 03:03:44 - [TEST_STEP][PASSED] - setText: Text 'user' is set on object 'Object Repository/all_Objects/input_password'

2018-05-09 03:03:44 - [MESSAGE][PASSED] - Text 'user' is set on object 'Object Repository/all_Objects/input_password'

2018-05-09 03:03:44 - [TEST_STEP][PASSED] - click: Object: 'Object Repository/all_Objects/button_Login' is clicked on

2018-05-09 03:03:44 - [MESSAGE][PASSED] - Object: 'Object Repository/all_Objects/button_Login' is clicked on

2018-05-09 03:03:44 - [TEST_STEP][PASSED] - verifyElementPresent: Object 'Object Repository/all_Objects/header' is present

2018-05-09 03:03:44 - [MESSAGE][WARNING] - Timeout '0' is invalid. Using default page load timeout: '30'

2018-05-09 03:03:44 - [MESSAGE][PASSED] - Object 'Object Repository/all_Objects/header' is present

2018-05-09 03:03:44 - [TEST_STEP][PASSED] - verifyElementPresent: Object 'Object Repository/all_Objects/p_header_description' is present

2018-05-09 03:03:44 - [MESSAGE][WARNING] - Timeout '0' is invalid. Using default page load timeout: '30'

2018-05-09 03:03:45 - [MESSAGE][PASSED] - Object 'Object Repository/all_Objects/p_header_description' is present

2018-05-09 03:03:45 - [TEST_STEP][PASSED] - verifyElementPresent: Object 'Object Repository/all_Objects/div_add to cart' is present

2018-05-09 03:03:45 - [MESSAGE][WARNING] - Timeout '0' is invalid. Using default page load timeout: '30'

2018-05-09 03:03:46 - [MESSAGE][PASSED] - Object 'Object Repository/all_Objects/div_add to cart' is present

2018-05-09 03:03:46 - [TEST_STEP][PASSED] - click: Object: 'Object Repository/all_Objects/button_Carts' is clicked on

2018-05-09 03:03:46 - [MESSAGE][PASSED] - Object: 'Object Repository/all_Objects/button_Carts' is clicked on

2018-05-09 03:03:46 - [TEST_STEP][PASSED] - verifyElementPresent: Object 'Object Repository/all_Objects/User_Shopping Cart_header' is present

2018-05-09 03:03:46 - [MESSAGE][WARNING] - Timeout '0' is invalid. Using default page load timeout: '30'

2018-05-09 03:03:46 - [MESSAGE][PASSED] - Object 'Object Repository/all_Objects/User_Shopping Cart_header' is present

2018-05-09 03:03:46 - [TEST_STEP][PASSED] - verifyElementPresent: Object 'Object Repository/all_Objects/th_Product Name' is present

2018-05-09 03:03:46 - [MESSAGE][WARNING] - Timeout '0' is invalid. Using default page load timeout: '30'

2018-05-09 03:03:46 - [MESSAGE][PASSED] - Object 'Object Repository/all_Objects/th_Product Name' is present

2018-05-09 03:03:46 - [TEST_STEP][PASSED] - verifyElementPresent: Object 'Object Repository/all_Objects/th_Price' is present

2018-05-09 03:03:46 - [MESSAGE][WARNING] - Timeout '0' is invalid. Using default page load timeout: '30'

2018-05-09 03:03:46 - [MESSAGE][PASSED] - Object 'Object Repository/all_Objects/th_Price' is present

2018-05-09 03:03:46 - [TEST_STEP][PASSED] - verifyElementPresent: Object 'Object Repository/all_Objects/th_amount' is present

2018-05-09 03:03:46 - [MESSAGE][WARNING] - Timeout '0' is invalid. Using default page load timeout: '30'

2018-05-09 03:03:46 - [MESSAGE][PASSED] - Object 'Object Repository/all_Objects/th_amount' is present

2018-05-09 03:03:46 - [TEST_STEP][PASSED] - verifyElementPresent: Object 'Object Repository/all_Objects/p_Total price  0 THB' is present

2018-05-09 03:03:46 - [MESSAGE][WARNING] - Timeout '0' is invalid. Using default page load timeout: '30'

2018-05-09 03:03:46 - [MESSAGE][PASSED] - Object 'Object Repository/all_Objects/p_Total price  0 THB' is present

2018-05-09 03:03:46 - [TEST_STEP][PASSED] - verifyElementPresent: Object 'Object Repository/all_Objects/div_confirm' is present

2018-05-09 03:03:46 - [MESSAGE][WARNING] - Timeout '0' is invalid. Using default page load timeout: '30'

2018-05-09 03:03:46 - [MESSAGE][PASSED] - Object 'Object Repository/all_Objects/div_confirm' is present

2018-05-09 03:03:46 - [TEST_STEP][PASSED] - closeBrowser: Browser is closed

2018-05-09 03:03:47 - [MESSAGE][PASSED] - Browser is closed]]></system-out>
         <system-err><![CDATA[]]></system-err>
      </testcase>
      <testcase name="Test Cases/Test User Login" classname="Test Cases/Test User Login" status="PASSED">
         <system-out><![CDATA[2018-05-09 03:03:47 - [TEST_CASE][PASSED] - Test Cases/Test User Login: Test Cases/Test User Login

2018-05-09 03:03:47 - [TEST_STEP][PASSED] - openBrowser: Browser is opened with url: ''

2018-05-09 03:03:48 - [MESSAGE][PASSED] - Browser is opened with url: ''

2018-05-09 03:03:48 - [TEST_STEP][PASSED] - navigateToUrl: Navigate to 'http://34.209.48.20:9089/' successfully

2018-05-09 03:03:58 - [MESSAGE][PASSED] - Navigate to 'http://34.209.48.20:9089/' successfully

2018-05-09 03:03:58 - [TEST_STEP][PASSED] - verifyElementPresent: Object 'Object Repository/all_Objects/header' is present

2018-05-09 03:03:58 - [MESSAGE][WARNING] - Timeout '0' is invalid. Using default page load timeout: '30'

2018-05-09 03:03:58 - [MESSAGE][PASSED] - Object 'Object Repository/all_Objects/header' is present

2018-05-09 03:03:58 - [TEST_STEP][PASSED] - verifyElementPresent: Object 'Object Repository/all_Objects/p_header_description' is present

2018-05-09 03:03:58 - [MESSAGE][WARNING] - Timeout '0' is invalid. Using default page load timeout: '30'

2018-05-09 03:03:59 - [MESSAGE][PASSED] - Object 'Object Repository/all_Objects/p_header_description' is present

2018-05-09 03:03:59 - [TEST_STEP][PASSED] - verifyElementPresent: Object 'Object Repository/all_Objects/h2_Login' is present

2018-05-09 03:03:59 - [MESSAGE][WARNING] - Timeout '0' is invalid. Using default page load timeout: '30'

2018-05-09 03:03:59 - [MESSAGE][PASSED] - Object 'Object Repository/all_Objects/h2_Login' is present

2018-05-09 03:03:59 - [TEST_STEP][PASSED] - verifyElementPresent: Object 'Object Repository/all_Objects/label_Username' is present

2018-05-09 03:03:59 - [MESSAGE][WARNING] - Timeout '0' is invalid. Using default page load timeout: '30'

2018-05-09 03:03:59 - [MESSAGE][PASSED] - Object 'Object Repository/all_Objects/label_Username' is present

2018-05-09 03:03:59 - [TEST_STEP][PASSED] - verifyElementPresent: Object 'Object Repository/all_Objects/label_Password' is present

2018-05-09 03:03:59 - [MESSAGE][WARNING] - Timeout '0' is invalid. Using default page load timeout: '30'

2018-05-09 03:03:59 - [MESSAGE][PASSED] - Object 'Object Repository/all_Objects/label_Password' is present

2018-05-09 03:03:59 - [TEST_STEP][PASSED] - verifyElementPresent: Object 'Object Repository/all_Objects/div_Login' is present

2018-05-09 03:03:59 - [MESSAGE][WARNING] - Timeout '0' is invalid. Using default page load timeout: '30'

2018-05-09 03:03:59 - [MESSAGE][PASSED] - Object 'Object Repository/all_Objects/div_Login' is present

2018-05-09 03:03:59 - [TEST_STEP][PASSED] - setText: Text 'hello' is set on object 'Object Repository/all_Objects/input_username'

2018-05-09 03:03:59 - [MESSAGE][PASSED] - Text 'hello' is set on object 'Object Repository/all_Objects/input_username'

2018-05-09 03:03:59 - [TEST_STEP][PASSED] - setText: Text 'hello' is set on object 'Object Repository/all_Objects/input_password'

2018-05-09 03:03:59 - [MESSAGE][PASSED] - Text 'hello' is set on object 'Object Repository/all_Objects/input_password'

2018-05-09 03:03:59 - [TEST_STEP][PASSED] - click: Object: 'Object Repository/all_Objects/button_Login' is clicked on

2018-05-09 03:04:00 - [MESSAGE][PASSED] - Object: 'Object Repository/all_Objects/button_Login' is clicked on

2018-05-09 03:04:00 - [TEST_STEP][PASSED] - verifyElementPresent: Object 'Object Repository/all_Objects/header' is present

2018-05-09 03:04:00 - [MESSAGE][WARNING] - Timeout '0' is invalid. Using default page load timeout: '30'

2018-05-09 03:04:00 - [MESSAGE][PASSED] - Object 'Object Repository/all_Objects/header' is present

2018-05-09 03:04:00 - [TEST_STEP][PASSED] - verifyElementPresent: Object 'Object Repository/all_Objects/p_header_description' is present

2018-05-09 03:04:00 - [MESSAGE][WARNING] - Timeout '0' is invalid. Using default page load timeout: '30'

2018-05-09 03:04:00 - [MESSAGE][PASSED] - Object 'Object Repository/all_Objects/p_header_description' is present

2018-05-09 03:04:00 - [TEST_STEP][PASSED] - verifyElementPresent: Object 'Object Repository/all_Objects/div_add to cart' is present

2018-05-09 03:04:00 - [MESSAGE][WARNING] - Timeout '0' is invalid. Using default page load timeout: '30'

2018-05-09 03:04:01 - [MESSAGE][PASSED] - Object 'Object Repository/all_Objects/div_add to cart' is present

2018-05-09 03:04:01 - [TEST_STEP][PASSED] - click: Object: 'Object Repository/all_Objects/button_Carts' is clicked on

2018-05-09 03:04:01 - [MESSAGE][PASSED] - Object: 'Object Repository/all_Objects/button_Carts' is clicked on

2018-05-09 03:04:01 - [TEST_STEP][PASSED] - verifyElementPresent: Object 'Object Repository/all_Objects/User_Shopping Cart_header' is present

2018-05-09 03:04:01 - [MESSAGE][WARNING] - Timeout '0' is invalid. Using default page load timeout: '30'

2018-05-09 03:04:01 - [MESSAGE][PASSED] - Object 'Object Repository/all_Objects/User_Shopping Cart_header' is present

2018-05-09 03:04:01 - [TEST_STEP][PASSED] - verifyElementPresent: Object 'Object Repository/all_Objects/th_Product Name' is present

2018-05-09 03:04:01 - [MESSAGE][WARNING] - Timeout '0' is invalid. Using default page load timeout: '30'

2018-05-09 03:04:01 - [MESSAGE][PASSED] - Object 'Object Repository/all_Objects/th_Product Name' is present

2018-05-09 03:04:01 - [TEST_STEP][PASSED] - verifyElementPresent: Object 'Object Repository/all_Objects/th_Price' is present

2018-05-09 03:04:01 - [MESSAGE][WARNING] - Timeout '0' is invalid. Using default page load timeout: '30'

2018-05-09 03:04:01 - [MESSAGE][PASSED] - Object 'Object Repository/all_Objects/th_Price' is present

2018-05-09 03:04:01 - [TEST_STEP][PASSED] - verifyElementPresent: Object 'Object Repository/all_Objects/th_amount' is present

2018-05-09 03:04:01 - [MESSAGE][WARNING] - Timeout '0' is invalid. Using default page load timeout: '30'

2018-05-09 03:04:01 - [MESSAGE][PASSED] - Object 'Object Repository/all_Objects/th_amount' is present

2018-05-09 03:04:01 - [TEST_STEP][PASSED] - verifyElementPresent: Object 'Object Repository/all_Objects/p_Total price  0 THB' is present

2018-05-09 03:04:01 - [MESSAGE][WARNING] - Timeout '0' is invalid. Using default page load timeout: '30'

2018-05-09 03:04:01 - [MESSAGE][PASSED] - Object 'Object Repository/all_Objects/p_Total price  0 THB' is present

2018-05-09 03:04:01 - [TEST_STEP][PASSED] - verifyElementPresent: Object 'Object Repository/all_Objects/div_confirm' is present

2018-05-09 03:04:01 - [MESSAGE][WARNING] - Timeout '0' is invalid. Using default page load timeout: '30'

2018-05-09 03:04:01 - [MESSAGE][PASSED] - Object 'Object Repository/all_Objects/div_confirm' is present

2018-05-09 03:04:01 - [TEST_STEP][PASSED] - closeBrowser: Browser is closed

2018-05-09 03:04:02 - [MESSAGE][PASSED] - Browser is closed]]></system-out>
         <system-err><![CDATA[]]></system-err>
      </testcase>
      <testcase name="Test Cases/Test Admin Login" classname="Test Cases/Test Admin Login" status="PASSED">
         <system-out><![CDATA[2018-05-09 03:04:02 - [TEST_CASE][PASSED] - Test Cases/Test Admin Login: Test Cases/Test Admin Login

2018-05-09 03:04:02 - [TEST_STEP][PASSED] - openBrowser: Browser is opened with url: ''

2018-05-09 03:04:03 - [MESSAGE][PASSED] - Browser is opened with url: ''

2018-05-09 03:04:03 - [TEST_STEP][PASSED] - navigateToUrl: Navigate to 'http://34.209.48.20:9089/' successfully

2018-05-09 03:04:13 - [MESSAGE][PASSED] - Navigate to 'http://34.209.48.20:9089/' successfully

2018-05-09 03:04:13 - [TEST_STEP][PASSED] - verifyElementPresent: Object 'Object Repository/all_Objects/header' is present

2018-05-09 03:04:13 - [MESSAGE][WARNING] - Timeout '0' is invalid. Using default page load timeout: '30'

2018-05-09 03:04:13 - [MESSAGE][PASSED] - Object 'Object Repository/all_Objects/header' is present

2018-05-09 03:04:13 - [TEST_STEP][PASSED] - verifyElementPresent: Object 'Object Repository/all_Objects/p_header_description' is present

2018-05-09 03:04:13 - [MESSAGE][WARNING] - Timeout '0' is invalid. Using default page load timeout: '30'

2018-05-09 03:04:14 - [MESSAGE][PASSED] - Object 'Object Repository/all_Objects/p_header_description' is present

2018-05-09 03:04:14 - [TEST_STEP][PASSED] - verifyElementPresent: Object 'Object Repository/all_Objects/h2_Login' is present

2018-05-09 03:04:14 - [MESSAGE][WARNING] - Timeout '0' is invalid. Using default page load timeout: '30'

2018-05-09 03:04:14 - [MESSAGE][PASSED] - Object 'Object Repository/all_Objects/h2_Login' is present

2018-05-09 03:04:14 - [TEST_STEP][PASSED] - verifyElementPresent: Object 'Object Repository/all_Objects/div_Username' is present

2018-05-09 03:04:14 - [MESSAGE][WARNING] - Timeout '0' is invalid. Using default page load timeout: '30'

2018-05-09 03:04:14 - [MESSAGE][PASSED] - Object 'Object Repository/all_Objects/div_Username' is present

2018-05-09 03:04:14 - [TEST_STEP][PASSED] - verifyElementPresent: Object 'Object Repository/all_Objects/div_Password' is present

2018-05-09 03:04:14 - [MESSAGE][WARNING] - Timeout '0' is invalid. Using default page load timeout: '30'

2018-05-09 03:04:14 - [MESSAGE][PASSED] - Object 'Object Repository/all_Objects/div_Password' is present

2018-05-09 03:04:14 - [TEST_STEP][PASSED] - verifyElementPresent: Object 'Object Repository/all_Objects/div_Login' is present

2018-05-09 03:04:14 - [MESSAGE][WARNING] - Timeout '0' is invalid. Using default page load timeout: '30'

2018-05-09 03:04:14 - [MESSAGE][PASSED] - Object 'Object Repository/all_Objects/div_Login' is present

2018-05-09 03:04:14 - [TEST_STEP][PASSED] - setText: Text 'admin' is set on object 'Object Repository/all_Objects/input_username'

2018-05-09 03:04:14 - [MESSAGE][PASSED] - Text 'admin' is set on object 'Object Repository/all_Objects/input_username'

2018-05-09 03:04:14 - [TEST_STEP][PASSED] - setText: Text 'admin' is set on object 'Object Repository/all_Objects/input_password'

2018-05-09 03:04:14 - [MESSAGE][PASSED] - Text 'admin' is set on object 'Object Repository/all_Objects/input_password'

2018-05-09 03:04:14 - [TEST_STEP][PASSED] - click: Object: 'Object Repository/all_Objects/button_Login' is clicked on

2018-05-09 03:04:20 - [MESSAGE][PASSED] - Object: 'Object Repository/all_Objects/button_Login' is clicked on

2018-05-09 03:04:20 - [TEST_STEP][PASSED] - verifyElementPresent: Object 'Object Repository/all_Objects/div_Products' is present

2018-05-09 03:04:20 - [MESSAGE][WARNING] - Timeout '0' is invalid. Using default page load timeout: '30'

2018-05-09 03:04:21 - [MESSAGE][PASSED] - Object 'Object Repository/all_Objects/div_Products' is present

2018-05-09 03:04:21 - [TEST_STEP][PASSED] - click: Object: 'Object Repository/all_Objects/a_Total Transaction' is clicked on

2018-05-09 03:04:26 - [MESSAGE][PASSED] - Object: 'Object Repository/all_Objects/a_Total Transaction' is clicked on

2018-05-09 03:04:26 - [TEST_STEP][PASSED] - verifyElementPresent: Object 'Object Repository/all_Objects/div_Transaction List' is present

2018-05-09 03:04:26 - [MESSAGE][WARNING] - Timeout '0' is invalid. Using default page load timeout: '30'

2018-05-09 03:04:26 - [MESSAGE][PASSED] - Object 'Object Repository/all_Objects/div_Transaction List' is present

2018-05-09 03:04:26 - [TEST_STEP][PASSED] - closeBrowser: Browser is closed

2018-05-09 03:04:26 - [MESSAGE][PASSED] - Browser is closed]]></system-out>
         <system-err><![CDATA[]]></system-err>
      </testcase>
      <testcase name="Test Cases/Test Available Products for Users - Scripted" classname="Test Cases/Test Available Products for Users - Scripted" status="PASSED">
         <system-out><![CDATA[2018-05-09 03:04:26 - [TEST_CASE][PASSED] - Test Cases/Test Available Products for Users - Scripted: Test Cases/Test Available Products for Users - Scripted

2018-05-09 03:04:26 - [TEST_STEP][PASSED] - Statement - prod = ["productId":"", "name":"", "description":"", "imageLocation":"", "price":""]: null

2018-05-09 03:04:26 - [TEST_STEP][PASSED] - Statement - data = com.kms.katalon.core.testdata.TestDataFactory.findTestData("Data Files/data.product"): Reading excel file with source file '/Users/snailwalker/Documents/workspace/backend/katalon/Data Files/data.xlsx' and sheet name 'product'

2018-05-09 03:04:27 - [TEST_STEP][PASSED] - openBrowser: Browser is opened with url: ''

2018-05-09 03:04:29 - [MESSAGE][PASSED] - Browser is opened with url: ''

2018-05-09 03:04:29 - [TEST_STEP][PASSED] - navigateToUrl: Navigate to 'http://34.209.48.20:9089/' successfully

2018-05-09 03:04:39 - [MESSAGE][PASSED] - Navigate to 'http://34.209.48.20:9089/' successfully

2018-05-09 03:04:39 - [TEST_STEP][PASSED] - verifyElementPresent: Object 'Object Repository/all_Objects/header' is present

2018-05-09 03:04:39 - [MESSAGE][WARNING] - Timeout '0' is invalid. Using default page load timeout: '30'

2018-05-09 03:04:39 - [MESSAGE][PASSED] - Object 'Object Repository/all_Objects/header' is present

2018-05-09 03:04:39 - [TEST_STEP][PASSED] - verifyElementPresent: Object 'Object Repository/all_Objects/p_header_description' is present

2018-05-09 03:04:39 - [MESSAGE][WARNING] - Timeout '0' is invalid. Using default page load timeout: '30'

2018-05-09 03:04:39 - [MESSAGE][PASSED] - Object 'Object Repository/all_Objects/p_header_description' is present

2018-05-09 03:04:39 - [TEST_STEP][PASSED] - verifyElementPresent: Object 'Object Repository/all_Objects/h2_Login' is present

2018-05-09 03:04:39 - [MESSAGE][WARNING] - Timeout '0' is invalid. Using default page load timeout: '30'

2018-05-09 03:04:39 - [MESSAGE][PASSED] - Object 'Object Repository/all_Objects/h2_Login' is present

2018-05-09 03:04:39 - [TEST_STEP][PASSED] - verifyElementPresent: Object 'Object Repository/all_Objects/label_Username' is present

2018-05-09 03:04:39 - [MESSAGE][WARNING] - Timeout '0' is invalid. Using default page load timeout: '30'

2018-05-09 03:04:39 - [MESSAGE][PASSED] - Object 'Object Repository/all_Objects/label_Username' is present

2018-05-09 03:04:39 - [TEST_STEP][PASSED] - verifyElementPresent: Object 'Object Repository/all_Objects/label_Password' is present

2018-05-09 03:04:39 - [MESSAGE][WARNING] - Timeout '0' is invalid. Using default page load timeout: '30'

2018-05-09 03:04:39 - [MESSAGE][PASSED] - Object 'Object Repository/all_Objects/label_Password' is present

2018-05-09 03:04:39 - [TEST_STEP][PASSED] - click: Object: 'Object Repository/all_Objects/h2_Login' is clicked on

2018-05-09 03:04:39 - [MESSAGE][PASSED] - Object: 'Object Repository/all_Objects/h2_Login' is clicked on

2018-05-09 03:04:39 - [TEST_STEP][PASSED] - setText: Text 'user' is set on object 'Object Repository/all_Objects/input_username'

2018-05-09 03:04:39 - [MESSAGE][PASSED] - Text 'user' is set on object 'Object Repository/all_Objects/input_username'

2018-05-09 03:04:39 - [TEST_STEP][PASSED] - setText: Text 'user' is set on object 'Object Repository/all_Objects/input_password'

2018-05-09 03:04:39 - [MESSAGE][PASSED] - Text 'user' is set on object 'Object Repository/all_Objects/input_password'

2018-05-09 03:04:39 - [TEST_STEP][PASSED] - click: Object: 'Object Repository/all_Objects/button_Login' is clicked on

2018-05-09 03:04:40 - [MESSAGE][PASSED] - Object: 'Object Repository/all_Objects/button_Login' is clicked on

2018-05-09 03:04:40 - [TEST_STEP][PASSED] - verifyElementText: Actual text and expected text of test object 'Object Repository/all_Objects/h5_Garden' are matched.

2018-05-09 03:04:41 - [MESSAGE][PASSED] - Actual text and expected text of test object 'Object Repository/all_Objects/h5_Garden' are matched.

2018-05-09 03:04:41 - [TEST_STEP][PASSED] - verifyElementText: Actual text and expected text of test object 'Object Repository/all_Objects/p_The garden which you can gro' are matched.

2018-05-09 03:04:41 - [MESSAGE][PASSED] - Actual text and expected text of test object 'Object Repository/all_Objects/p_The garden which you can gro' are matched.

2018-05-09 03:04:41 - [TEST_STEP][PASSED] - verifyElementText: Actual text and expected text of test object 'Object Repository/all_Objects/h6_Price is 20000.00 THB' are matched.

2018-05-09 03:04:41 - [MESSAGE][PASSED] - Actual text and expected text of test object 'Object Repository/all_Objects/h6_Price is 20000.00 THB' are matched.

2018-05-09 03:04:41 - [TEST_STEP][PASSED] - verifyElementText: Actual text and expected text of test object 'Object Repository/all_Objects/h5_Banana' are matched.

2018-05-09 03:04:41 - [MESSAGE][PASSED] - Actual text and expected text of test object 'Object Repository/all_Objects/h5_Banana' are matched.

2018-05-09 03:04:41 - [TEST_STEP][PASSED] - verifyElementText: Actual text and expected text of test object 'Object Repository/all_Objects/p_A good fruit with very cheap' are matched.

2018-05-09 03:04:41 - [MESSAGE][PASSED] - Actual text and expected text of test object 'Object Repository/all_Objects/p_A good fruit with very cheap' are matched.

2018-05-09 03:04:41 - [TEST_STEP][PASSED] - verifyElementText: Actual text and expected text of test object 'Object Repository/all_Objects/h6_Price is 150.00 THB' are matched.

2018-05-09 03:04:42 - [MESSAGE][PASSED] - Actual text and expected text of test object 'Object Repository/all_Objects/h6_Price is 150.00 THB' are matched.

2018-05-09 03:04:42 - [TEST_STEP][PASSED] - verifyElementText: Actual text and expected text of test object 'Object Repository/all_Objects/h5_Orange' are matched.

2018-05-09 03:04:42 - [MESSAGE][PASSED] - Actual text and expected text of test object 'Object Repository/all_Objects/h5_Orange' are matched.

2018-05-09 03:04:42 - [TEST_STEP][PASSED] - verifyElementText: Actual text and expected text of test object 'Object Repository/all_Objects/p_Nothing good about it' are matched.

2018-05-09 03:04:42 - [MESSAGE][PASSED] - Actual text and expected text of test object 'Object Repository/all_Objects/p_Nothing good about it' are matched.

2018-05-09 03:04:42 - [TEST_STEP][PASSED] - verifyElementText: Actual text and expected text of test object 'Object Repository/all_Objects/h6_Price is 280.00 THB' are matched.

2018-05-09 03:04:42 - [MESSAGE][PASSED] - Actual text and expected text of test object 'Object Repository/all_Objects/h6_Price is 280.00 THB' are matched.

2018-05-09 03:04:42 - [TEST_STEP][PASSED] - verifyElementText: Actual text and expected text of test object 'Object Repository/all_Objects/h5_Papaya' are matched.

2018-05-09 03:04:42 - [MESSAGE][PASSED] - Actual text and expected text of test object 'Object Repository/all_Objects/h5_Papaya' are matched.

2018-05-09 03:04:42 - [TEST_STEP][PASSED] - verifyElementText: Actual text and expected text of test object 'Object Repository/all_Objects/p_Use for papaya salad' are matched.

2018-05-09 03:04:42 - [MESSAGE][PASSED] - Actual text and expected text of test object 'Object Repository/all_Objects/p_Use for papaya salad' are matched.

2018-05-09 03:04:42 - [TEST_STEP][PASSED] - verifyElementText: Actual text and expected text of test object 'Object Repository/all_Objects/h6_Price is 12.00 THB' are matched.

2018-05-09 03:04:42 - [MESSAGE][PASSED] - Actual text and expected text of test object 'Object Repository/all_Objects/h6_Price is 12.00 THB' are matched.

2018-05-09 03:04:42 - [TEST_STEP][PASSED] - verifyElementText: Actual text and expected text of test object 'Object Repository/all_Objects/h5_Rambutan' are matched.

2018-05-09 03:04:42 - [MESSAGE][PASSED] - Actual text and expected text of test object 'Object Repository/all_Objects/h5_Rambutan' are matched.

2018-05-09 03:04:42 - [TEST_STEP][PASSED] - verifyElementText: Actual text and expected text of test object 'Object Repository/all_Objects/p_An expensive fruit from the' are matched.

2018-05-09 03:04:42 - [MESSAGE][PASSED] - Actual text and expected text of test object 'Object Repository/all_Objects/p_An expensive fruit from the' are matched.

2018-05-09 03:04:42 - [TEST_STEP][PASSED] - verifyElementText: Actual text and expected text of test object 'Object Repository/all_Objects/h6_Price is 20.00 THB' are matched.

2018-05-09 03:04:42 - [MESSAGE][PASSED] - Actual text and expected text of test object 'Object Repository/all_Objects/h6_Price is 20.00 THB' are matched.

2018-05-09 03:04:42 - [TEST_STEP][PASSED] - closeBrowser: Browser is closed

2018-05-09 03:04:42 - [MESSAGE][PASSED] - Browser is closed]]></system-out>
         <system-err><![CDATA[]]></system-err>
      </testcase>
      <testcase name="Test Cases/Test Available Products for Users - Scripted" classname="Test Cases/Test Available Products for Users - Scripted" status="PASSED">
         <system-out><![CDATA[2018-05-09 03:04:42 - [TEST_CASE][PASSED] - Test Cases/Test Available Products for Users - Scripted: Test Cases/Test Available Products for Users - Scripted

2018-05-09 03:04:42 - [TEST_STEP][PASSED] - Statement - prod = ["productId":"", "name":"", "description":"", "imageLocation":"", "price":""]: null

2018-05-09 03:04:42 - [TEST_STEP][PASSED] - Statement - data = com.kms.katalon.core.testdata.TestDataFactory.findTestData("Data Files/data.product"): Reading excel file with source file '/Users/snailwalker/Documents/workspace/backend/katalon/Data Files/data.xlsx' and sheet name 'product'

2018-05-09 03:04:42 - [TEST_STEP][PASSED] - openBrowser: Browser is opened with url: ''

2018-05-09 03:04:43 - [MESSAGE][PASSED] - Browser is opened with url: ''

2018-05-09 03:04:43 - [TEST_STEP][PASSED] - navigateToUrl: Navigate to 'http://34.209.48.20:9089/' successfully

2018-05-09 03:04:53 - [MESSAGE][PASSED] - Navigate to 'http://34.209.48.20:9089/' successfully

2018-05-09 03:04:53 - [TEST_STEP][PASSED] - verifyElementPresent: Object 'Object Repository/all_Objects/header' is present

2018-05-09 03:04:53 - [MESSAGE][WARNING] - Timeout '0' is invalid. Using default page load timeout: '30'

2018-05-09 03:04:53 - [MESSAGE][PASSED] - Object 'Object Repository/all_Objects/header' is present

2018-05-09 03:04:53 - [TEST_STEP][PASSED] - verifyElementPresent: Object 'Object Repository/all_Objects/p_header_description' is present

2018-05-09 03:04:54 - [MESSAGE][WARNING] - Timeout '0' is invalid. Using default page load timeout: '30'

2018-05-09 03:04:54 - [MESSAGE][PASSED] - Object 'Object Repository/all_Objects/p_header_description' is present

2018-05-09 03:04:54 - [TEST_STEP][PASSED] - verifyElementPresent: Object 'Object Repository/all_Objects/h2_Login' is present

2018-05-09 03:04:54 - [MESSAGE][WARNING] - Timeout '0' is invalid. Using default page load timeout: '30'

2018-05-09 03:04:54 - [MESSAGE][PASSED] - Object 'Object Repository/all_Objects/h2_Login' is present

2018-05-09 03:04:54 - [TEST_STEP][PASSED] - verifyElementPresent: Object 'Object Repository/all_Objects/label_Username' is present

2018-05-09 03:04:54 - [MESSAGE][WARNING] - Timeout '0' is invalid. Using default page load timeout: '30'

2018-05-09 03:04:54 - [MESSAGE][PASSED] - Object 'Object Repository/all_Objects/label_Username' is present

2018-05-09 03:04:54 - [TEST_STEP][PASSED] - verifyElementPresent: Object 'Object Repository/all_Objects/label_Password' is present

2018-05-09 03:04:54 - [MESSAGE][WARNING] - Timeout '0' is invalid. Using default page load timeout: '30'

2018-05-09 03:04:54 - [MESSAGE][PASSED] - Object 'Object Repository/all_Objects/label_Password' is present

2018-05-09 03:04:54 - [TEST_STEP][PASSED] - click: Object: 'Object Repository/all_Objects/h2_Login' is clicked on

2018-05-09 03:04:54 - [MESSAGE][PASSED] - Object: 'Object Repository/all_Objects/h2_Login' is clicked on

2018-05-09 03:04:54 - [TEST_STEP][PASSED] - setText: Text 'hello' is set on object 'Object Repository/all_Objects/input_username'

2018-05-09 03:04:54 - [MESSAGE][PASSED] - Text 'hello' is set on object 'Object Repository/all_Objects/input_username'

2018-05-09 03:04:54 - [TEST_STEP][PASSED] - setText: Text 'hello' is set on object 'Object Repository/all_Objects/input_password'

2018-05-09 03:04:54 - [MESSAGE][PASSED] - Text 'hello' is set on object 'Object Repository/all_Objects/input_password'

2018-05-09 03:04:54 - [TEST_STEP][PASSED] - click: Object: 'Object Repository/all_Objects/button_Login' is clicked on

2018-05-09 03:04:54 - [MESSAGE][PASSED] - Object: 'Object Repository/all_Objects/button_Login' is clicked on

2018-05-09 03:04:54 - [TEST_STEP][PASSED] - verifyElementText: Actual text and expected text of test object 'Object Repository/all_Objects/h5_Garden' are matched.

2018-05-09 03:04:56 - [MESSAGE][PASSED] - Actual text and expected text of test object 'Object Repository/all_Objects/h5_Garden' are matched.

2018-05-09 03:04:56 - [TEST_STEP][PASSED] - verifyElementText: Actual text and expected text of test object 'Object Repository/all_Objects/p_The garden which you can gro' are matched.

2018-05-09 03:04:56 - [MESSAGE][PASSED] - Actual text and expected text of test object 'Object Repository/all_Objects/p_The garden which you can gro' are matched.

2018-05-09 03:04:56 - [TEST_STEP][PASSED] - verifyElementText: Actual text and expected text of test object 'Object Repository/all_Objects/h6_Price is 20000.00 THB' are matched.

2018-05-09 03:04:56 - [MESSAGE][PASSED] - Actual text and expected text of test object 'Object Repository/all_Objects/h6_Price is 20000.00 THB' are matched.

2018-05-09 03:04:56 - [TEST_STEP][PASSED] - verifyElementText: Actual text and expected text of test object 'Object Repository/all_Objects/h5_Banana' are matched.

2018-05-09 03:04:56 - [MESSAGE][PASSED] - Actual text and expected text of test object 'Object Repository/all_Objects/h5_Banana' are matched.

2018-05-09 03:04:56 - [TEST_STEP][PASSED] - verifyElementText: Actual text and expected text of test object 'Object Repository/all_Objects/p_A good fruit with very cheap' are matched.

2018-05-09 03:04:56 - [MESSAGE][PASSED] - Actual text and expected text of test object 'Object Repository/all_Objects/p_A good fruit with very cheap' are matched.

2018-05-09 03:04:56 - [TEST_STEP][PASSED] - verifyElementText: Actual text and expected text of test object 'Object Repository/all_Objects/h6_Price is 150.00 THB' are matched.

2018-05-09 03:04:56 - [MESSAGE][PASSED] - Actual text and expected text of test object 'Object Repository/all_Objects/h6_Price is 150.00 THB' are matched.

2018-05-09 03:04:56 - [TEST_STEP][PASSED] - verifyElementText: Actual text and expected text of test object 'Object Repository/all_Objects/h5_Orange' are matched.

2018-05-09 03:04:56 - [MESSAGE][PASSED] - Actual text and expected text of test object 'Object Repository/all_Objects/h5_Orange' are matched.

2018-05-09 03:04:56 - [TEST_STEP][PASSED] - verifyElementText: Actual text and expected text of test object 'Object Repository/all_Objects/p_Nothing good about it' are matched.

2018-05-09 03:04:56 - [MESSAGE][PASSED] - Actual text and expected text of test object 'Object Repository/all_Objects/p_Nothing good about it' are matched.

2018-05-09 03:04:56 - [TEST_STEP][PASSED] - verifyElementText: Actual text and expected text of test object 'Object Repository/all_Objects/h6_Price is 280.00 THB' are matched.

2018-05-09 03:04:56 - [MESSAGE][PASSED] - Actual text and expected text of test object 'Object Repository/all_Objects/h6_Price is 280.00 THB' are matched.

2018-05-09 03:04:56 - [TEST_STEP][PASSED] - verifyElementText: Actual text and expected text of test object 'Object Repository/all_Objects/h5_Papaya' are matched.

2018-05-09 03:04:57 - [MESSAGE][PASSED] - Actual text and expected text of test object 'Object Repository/all_Objects/h5_Papaya' are matched.

2018-05-09 03:04:57 - [TEST_STEP][PASSED] - verifyElementText: Actual text and expected text of test object 'Object Repository/all_Objects/p_Use for papaya salad' are matched.

2018-05-09 03:04:57 - [MESSAGE][PASSED] - Actual text and expected text of test object 'Object Repository/all_Objects/p_Use for papaya salad' are matched.

2018-05-09 03:04:57 - [TEST_STEP][PASSED] - verifyElementText: Actual text and expected text of test object 'Object Repository/all_Objects/h6_Price is 12.00 THB' are matched.

2018-05-09 03:04:57 - [MESSAGE][PASSED] - Actual text and expected text of test object 'Object Repository/all_Objects/h6_Price is 12.00 THB' are matched.

2018-05-09 03:04:57 - [TEST_STEP][PASSED] - verifyElementText: Actual text and expected text of test object 'Object Repository/all_Objects/h5_Rambutan' are matched.

2018-05-09 03:04:57 - [MESSAGE][PASSED] - Actual text and expected text of test object 'Object Repository/all_Objects/h5_Rambutan' are matched.

2018-05-09 03:04:57 - [TEST_STEP][PASSED] - verifyElementText: Actual text and expected text of test object 'Object Repository/all_Objects/p_An expensive fruit from the' are matched.

2018-05-09 03:04:57 - [MESSAGE][PASSED] - Actual text and expected text of test object 'Object Repository/all_Objects/p_An expensive fruit from the' are matched.

2018-05-09 03:04:57 - [TEST_STEP][PASSED] - verifyElementText: Actual text and expected text of test object 'Object Repository/all_Objects/h6_Price is 20.00 THB' are matched.

2018-05-09 03:04:57 - [MESSAGE][PASSED] - Actual text and expected text of test object 'Object Repository/all_Objects/h6_Price is 20.00 THB' are matched.

2018-05-09 03:04:57 - [TEST_STEP][PASSED] - closeBrowser: Browser is closed

2018-05-09 03:04:57 - [MESSAGE][PASSED] - Browser is closed]]></system-out>
         <system-err><![CDATA[]]></system-err>
      </testcase>
      <testcase name="Test Cases/Test All Login Page elements present" classname="Test Cases/Test All Login Page elements present" status="PASSED">
         <system-out><![CDATA[2018-05-09 03:04:57 - [TEST_CASE][PASSED] - Test Cases/Test All Login Page elements present: Test Cases/Test All Login Page elements present

2018-05-09 03:04:57 - [TEST_STEP][PASSED] - openBrowser: Browser is opened with url: ''

2018-05-09 03:04:59 - [MESSAGE][PASSED] - Browser is opened with url: ''

2018-05-09 03:04:59 - [TEST_STEP][PASSED] - navigateToUrl: Navigate to 'http://34.209.48.20:9089/' successfully

2018-05-09 03:05:13 - [MESSAGE][PASSED] - Navigate to 'http://34.209.48.20:9089/' successfully

2018-05-09 03:05:13 - [TEST_STEP][PASSED] - verifyElementPresent: Object 'Object Repository/all_Objects/header' is present

2018-05-09 03:05:13 - [MESSAGE][WARNING] - Timeout '0' is invalid. Using default page load timeout: '30'

2018-05-09 03:05:13 - [MESSAGE][PASSED] - Object 'Object Repository/all_Objects/header' is present

2018-05-09 03:05:13 - [TEST_STEP][PASSED] - verifyElementPresent: Object 'Object Repository/all_Objects/p_header_description' is present

2018-05-09 03:05:13 - [MESSAGE][WARNING] - Timeout '0' is invalid. Using default page load timeout: '30'

2018-05-09 03:05:13 - [MESSAGE][PASSED] - Object 'Object Repository/all_Objects/p_header_description' is present

2018-05-09 03:05:13 - [TEST_STEP][PASSED] - verifyElementPresent: Object 'Object Repository/all_Objects/h2_Login' is present

2018-05-09 03:05:13 - [MESSAGE][WARNING] - Timeout '0' is invalid. Using default page load timeout: '30'

2018-05-09 03:05:13 - [MESSAGE][PASSED] - Object 'Object Repository/all_Objects/h2_Login' is present

2018-05-09 03:05:13 - [TEST_STEP][PASSED] - verifyElementPresent: Object 'Object Repository/all_Objects/label_Username' is present

2018-05-09 03:05:13 - [MESSAGE][WARNING] - Timeout '0' is invalid. Using default page load timeout: '30'

2018-05-09 03:05:13 - [MESSAGE][PASSED] - Object 'Object Repository/all_Objects/label_Username' is present

2018-05-09 03:05:13 - [TEST_STEP][PASSED] - verifyElementPresent: Object 'Object Repository/all_Objects/label_Password' is present

2018-05-09 03:05:13 - [MESSAGE][WARNING] - Timeout '0' is invalid. Using default page load timeout: '30'

2018-05-09 03:05:13 - [MESSAGE][PASSED] - Object 'Object Repository/all_Objects/label_Password' is present

2018-05-09 03:05:13 - [TEST_STEP][PASSED] - closeBrowser: Browser is closed

2018-05-09 03:05:13 - [MESSAGE][PASSED] - Browser is closed]]></system-out>
         <system-err><![CDATA[]]></system-err>
      </testcase>
      <testcase name="Test Cases/Test User Logout" classname="Test Cases/Test User Logout" status="PASSED">
         <system-out><![CDATA[2018-05-09 03:05:13 - [TEST_CASE][PASSED] - Test Cases/Test User Logout: Test Cases/Test User Logout

2018-05-09 03:05:13 - [TEST_STEP][PASSED] - openBrowser: Browser is opened with url: ''

2018-05-09 03:05:14 - [MESSAGE][PASSED] - Browser is opened with url: ''

2018-05-09 03:05:14 - [TEST_STEP][PASSED] - navigateToUrl: Navigate to 'http://34.209.48.20:9089/' successfully

2018-05-09 03:05:27 - [MESSAGE][PASSED] - Navigate to 'http://34.209.48.20:9089/' successfully

2018-05-09 03:05:27 - [TEST_STEP][PASSED] - verifyElementPresent: Object 'Object Repository/all_Objects/header' is present

2018-05-09 03:05:27 - [MESSAGE][WARNING] - Timeout '0' is invalid. Using default page load timeout: '30'

2018-05-09 03:05:27 - [MESSAGE][PASSED] - Object 'Object Repository/all_Objects/header' is present

2018-05-09 03:05:27 - [TEST_STEP][PASSED] - verifyElementPresent: Object 'Object Repository/all_Objects/p_header_description' is present

2018-05-09 03:05:27 - [MESSAGE][WARNING] - Timeout '0' is invalid. Using default page load timeout: '30'

2018-05-09 03:05:27 - [MESSAGE][PASSED] - Object 'Object Repository/all_Objects/p_header_description' is present

2018-05-09 03:05:27 - [TEST_STEP][PASSED] - verifyElementPresent: Object 'Object Repository/all_Objects/h2_Login' is present

2018-05-09 03:05:27 - [MESSAGE][WARNING] - Timeout '0' is invalid. Using default page load timeout: '30'

2018-05-09 03:05:27 - [MESSAGE][PASSED] - Object 'Object Repository/all_Objects/h2_Login' is present

2018-05-09 03:05:27 - [TEST_STEP][PASSED] - verifyElementPresent: Object 'Object Repository/all_Objects/label_Username' is present

2018-05-09 03:05:27 - [MESSAGE][WARNING] - Timeout '0' is invalid. Using default page load timeout: '30'

2018-05-09 03:05:27 - [MESSAGE][PASSED] - Object 'Object Repository/all_Objects/label_Username' is present

2018-05-09 03:05:27 - [TEST_STEP][PASSED] - verifyElementPresent: Object 'Object Repository/all_Objects/label_Password' is present

2018-05-09 03:05:27 - [MESSAGE][WARNING] - Timeout '0' is invalid. Using default page load timeout: '30'

2018-05-09 03:05:27 - [MESSAGE][PASSED] - Object 'Object Repository/all_Objects/label_Password' is present

2018-05-09 03:05:27 - [TEST_STEP][PASSED] - setText: Text 'user' is set on object 'Object Repository/all_Objects/input_username'

2018-05-09 03:05:27 - [MESSAGE][PASSED] - Text 'user' is set on object 'Object Repository/all_Objects/input_username'

2018-05-09 03:05:27 - [TEST_STEP][PASSED] - setText: Text 'user' is set on object 'Object Repository/all_Objects/input_password'

2018-05-09 03:05:28 - [MESSAGE][PASSED] - Text 'user' is set on object 'Object Repository/all_Objects/input_password'

2018-05-09 03:05:28 - [TEST_STEP][PASSED] - click: Object: 'Object Repository/all_Objects/button_Login' is clicked on

2018-05-09 03:05:33 - [MESSAGE][PASSED] - Object: 'Object Repository/all_Objects/button_Login' is clicked on

2018-05-09 03:05:33 - [TEST_STEP][PASSED] - verifyElementPresent: Object 'Object Repository/all_Objects/header' is present

2018-05-09 03:05:33 - [MESSAGE][WARNING] - Timeout '0' is invalid. Using default page load timeout: '30'

2018-05-09 03:05:33 - [MESSAGE][PASSED] - Object 'Object Repository/all_Objects/header' is present

2018-05-09 03:05:33 - [TEST_STEP][PASSED] - verifyElementPresent: Object 'Object Repository/all_Objects/p_header_description' is present

2018-05-09 03:05:33 - [MESSAGE][WARNING] - Timeout '0' is invalid. Using default page load timeout: '30'

2018-05-09 03:05:33 - [MESSAGE][PASSED] - Object 'Object Repository/all_Objects/p_header_description' is present

2018-05-09 03:05:33 - [TEST_STEP][PASSED] - verifyElementPresent: Object 'Object Repository/all_Objects/div_add to cart' is present

2018-05-09 03:05:33 - [MESSAGE][WARNING] - Timeout '0' is invalid. Using default page load timeout: '30'

2018-05-09 03:05:34 - [MESSAGE][PASSED] - Object 'Object Repository/all_Objects/div_add to cart' is present

2018-05-09 03:05:34 - [TEST_STEP][PASSED] - click: Object: 'Object Repository/all_Objects/button_Carts' is clicked on

2018-05-09 03:05:39 - [MESSAGE][PASSED] - Object: 'Object Repository/all_Objects/button_Carts' is clicked on

2018-05-09 03:05:39 - [TEST_STEP][PASSED] - verifyElementPresent: Object 'Object Repository/all_Objects/User_Shopping Cart_header' is present

2018-05-09 03:05:39 - [MESSAGE][WARNING] - Timeout '0' is invalid. Using default page load timeout: '30'

2018-05-09 03:05:39 - [MESSAGE][PASSED] - Object 'Object Repository/all_Objects/User_Shopping Cart_header' is present

2018-05-09 03:05:39 - [TEST_STEP][PASSED] - verifyElementPresent: Object 'Object Repository/all_Objects/th_Product Name' is present

2018-05-09 03:05:39 - [MESSAGE][WARNING] - Timeout '0' is invalid. Using default page load timeout: '30'

2018-05-09 03:05:39 - [MESSAGE][PASSED] - Object 'Object Repository/all_Objects/th_Product Name' is present

2018-05-09 03:05:39 - [TEST_STEP][PASSED] - verifyElementPresent: Object 'Object Repository/all_Objects/th_Price' is present

2018-05-09 03:05:39 - [MESSAGE][WARNING] - Timeout '0' is invalid. Using default page load timeout: '30'

2018-05-09 03:05:39 - [MESSAGE][PASSED] - Object 'Object Repository/all_Objects/th_Price' is present

2018-05-09 03:05:39 - [TEST_STEP][PASSED] - verifyElementPresent: Object 'Object Repository/all_Objects/th_amount' is present

2018-05-09 03:05:39 - [MESSAGE][WARNING] - Timeout '0' is invalid. Using default page load timeout: '30'

2018-05-09 03:05:39 - [MESSAGE][PASSED] - Object 'Object Repository/all_Objects/th_amount' is present

2018-05-09 03:05:39 - [TEST_STEP][PASSED] - verifyElementPresent: Object 'Object Repository/all_Objects/p_Total price  0 THB' is present

2018-05-09 03:05:39 - [MESSAGE][WARNING] - Timeout '0' is invalid. Using default page load timeout: '30'

2018-05-09 03:05:39 - [MESSAGE][PASSED] - Object 'Object Repository/all_Objects/p_Total price  0 THB' is present

2018-05-09 03:05:39 - [TEST_STEP][PASSED] - verifyElementPresent: Object 'Object Repository/all_Objects/div_confirm' is present

2018-05-09 03:05:39 - [MESSAGE][WARNING] - Timeout '0' is invalid. Using default page load timeout: '30'

2018-05-09 03:05:39 - [MESSAGE][PASSED] - Object 'Object Repository/all_Objects/div_confirm' is present

2018-05-09 03:05:39 - [TEST_STEP][PASSED] - click: Object: 'Object Repository/all_Objects/button_Logout' is clicked on

2018-05-09 03:05:44 - [MESSAGE][PASSED] - Object: 'Object Repository/all_Objects/button_Logout' is clicked on

2018-05-09 03:05:44 - [TEST_STEP][PASSED] - verifyElementPresent: Object 'Object Repository/all_Objects/header' is present

2018-05-09 03:05:44 - [MESSAGE][WARNING] - Timeout '0' is invalid. Using default page load timeout: '30'

2018-05-09 03:05:44 - [MESSAGE][PASSED] - Object 'Object Repository/all_Objects/header' is present

2018-05-09 03:05:44 - [TEST_STEP][PASSED] - verifyElementPresent: Object 'Object Repository/all_Objects/p_header_description' is present

2018-05-09 03:05:44 - [MESSAGE][WARNING] - Timeout '0' is invalid. Using default page load timeout: '30'

2018-05-09 03:05:44 - [MESSAGE][PASSED] - Object 'Object Repository/all_Objects/p_header_description' is present

2018-05-09 03:05:44 - [TEST_STEP][PASSED] - verifyElementPresent: Object 'Object Repository/all_Objects/h2_Login' is present

2018-05-09 03:05:44 - [MESSAGE][WARNING] - Timeout '0' is invalid. Using default page load timeout: '30'

2018-05-09 03:05:44 - [MESSAGE][PASSED] - Object 'Object Repository/all_Objects/h2_Login' is present

2018-05-09 03:05:44 - [TEST_STEP][PASSED] - verifyElementPresent: Object 'Object Repository/all_Objects/label_Username' is present

2018-05-09 03:05:44 - [MESSAGE][WARNING] - Timeout '0' is invalid. Using default page load timeout: '30'

2018-05-09 03:05:44 - [MESSAGE][PASSED] - Object 'Object Repository/all_Objects/label_Username' is present

2018-05-09 03:05:44 - [TEST_STEP][PASSED] - verifyElementPresent: Object 'Object Repository/all_Objects/label_Password' is present

2018-05-09 03:05:44 - [MESSAGE][WARNING] - Timeout '0' is invalid. Using default page load timeout: '30'

2018-05-09 03:05:45 - [MESSAGE][PASSED] - Object 'Object Repository/all_Objects/label_Password' is present

2018-05-09 03:05:45 - [TEST_STEP][PASSED] - closeBrowser: Browser is closed

2018-05-09 03:05:45 - [MESSAGE][PASSED] - Browser is closed]]></system-out>
         <system-err><![CDATA[]]></system-err>
      </testcase>
      <testcase name="Test Cases/Test User Logout" classname="Test Cases/Test User Logout" status="PASSED">
         <system-out><![CDATA[2018-05-09 03:05:45 - [TEST_CASE][PASSED] - Test Cases/Test User Logout: Test Cases/Test User Logout

2018-05-09 03:05:45 - [TEST_STEP][PASSED] - openBrowser: Browser is opened with url: ''

2018-05-09 03:05:46 - [MESSAGE][PASSED] - Browser is opened with url: ''

2018-05-09 03:05:46 - [TEST_STEP][PASSED] - navigateToUrl: Navigate to 'http://34.209.48.20:9089/' successfully

2018-05-09 03:05:55 - [MESSAGE][PASSED] - Navigate to 'http://34.209.48.20:9089/' successfully

2018-05-09 03:05:55 - [TEST_STEP][PASSED] - verifyElementPresent: Object 'Object Repository/all_Objects/header' is present

2018-05-09 03:05:55 - [MESSAGE][WARNING] - Timeout '0' is invalid. Using default page load timeout: '30'

2018-05-09 03:05:55 - [MESSAGE][PASSED] - Object 'Object Repository/all_Objects/header' is present

2018-05-09 03:05:55 - [TEST_STEP][PASSED] - verifyElementPresent: Object 'Object Repository/all_Objects/p_header_description' is present

2018-05-09 03:05:55 - [MESSAGE][WARNING] - Timeout '0' is invalid. Using default page load timeout: '30'

2018-05-09 03:05:55 - [MESSAGE][PASSED] - Object 'Object Repository/all_Objects/p_header_description' is present

2018-05-09 03:05:55 - [TEST_STEP][PASSED] - verifyElementPresent: Object 'Object Repository/all_Objects/h2_Login' is present

2018-05-09 03:05:55 - [MESSAGE][WARNING] - Timeout '0' is invalid. Using default page load timeout: '30'

2018-05-09 03:05:55 - [MESSAGE][PASSED] - Object 'Object Repository/all_Objects/h2_Login' is present

2018-05-09 03:05:55 - [TEST_STEP][PASSED] - verifyElementPresent: Object 'Object Repository/all_Objects/label_Username' is present

2018-05-09 03:05:55 - [MESSAGE][WARNING] - Timeout '0' is invalid. Using default page load timeout: '30'

2018-05-09 03:05:56 - [MESSAGE][PASSED] - Object 'Object Repository/all_Objects/label_Username' is present

2018-05-09 03:05:56 - [TEST_STEP][PASSED] - verifyElementPresent: Object 'Object Repository/all_Objects/label_Password' is present

2018-05-09 03:05:56 - [MESSAGE][WARNING] - Timeout '0' is invalid. Using default page load timeout: '30'

2018-05-09 03:05:56 - [MESSAGE][PASSED] - Object 'Object Repository/all_Objects/label_Password' is present

2018-05-09 03:05:56 - [TEST_STEP][PASSED] - setText: Text 'hello' is set on object 'Object Repository/all_Objects/input_username'

2018-05-09 03:05:56 - [MESSAGE][PASSED] - Text 'hello' is set on object 'Object Repository/all_Objects/input_username'

2018-05-09 03:05:56 - [TEST_STEP][PASSED] - setText: Text 'hello' is set on object 'Object Repository/all_Objects/input_password'

2018-05-09 03:05:56 - [MESSAGE][PASSED] - Text 'hello' is set on object 'Object Repository/all_Objects/input_password'

2018-05-09 03:05:56 - [TEST_STEP][PASSED] - click: Object: 'Object Repository/all_Objects/button_Login' is clicked on

2018-05-09 03:05:56 - [MESSAGE][PASSED] - Object: 'Object Repository/all_Objects/button_Login' is clicked on

2018-05-09 03:05:56 - [TEST_STEP][PASSED] - verifyElementPresent: Object 'Object Repository/all_Objects/header' is present

2018-05-09 03:05:56 - [MESSAGE][WARNING] - Timeout '0' is invalid. Using default page load timeout: '30'

2018-05-09 03:05:56 - [MESSAGE][PASSED] - Object 'Object Repository/all_Objects/header' is present

2018-05-09 03:05:56 - [TEST_STEP][PASSED] - verifyElementPresent: Object 'Object Repository/all_Objects/p_header_description' is present

2018-05-09 03:05:56 - [MESSAGE][WARNING] - Timeout '0' is invalid. Using default page load timeout: '30'

2018-05-09 03:05:56 - [MESSAGE][PASSED] - Object 'Object Repository/all_Objects/p_header_description' is present

2018-05-09 03:05:56 - [TEST_STEP][PASSED] - verifyElementPresent: Object 'Object Repository/all_Objects/div_add to cart' is present

2018-05-09 03:05:56 - [MESSAGE][WARNING] - Timeout '0' is invalid. Using default page load timeout: '30'

2018-05-09 03:05:57 - [MESSAGE][PASSED] - Object 'Object Repository/all_Objects/div_add to cart' is present

2018-05-09 03:05:57 - [TEST_STEP][PASSED] - click: Object: 'Object Repository/all_Objects/button_Carts' is clicked on

2018-05-09 03:05:57 - [MESSAGE][PASSED] - Object: 'Object Repository/all_Objects/button_Carts' is clicked on

2018-05-09 03:05:57 - [TEST_STEP][PASSED] - verifyElementPresent: Object 'Object Repository/all_Objects/User_Shopping Cart_header' is present

2018-05-09 03:05:57 - [MESSAGE][WARNING] - Timeout '0' is invalid. Using default page load timeout: '30'

2018-05-09 03:05:57 - [MESSAGE][PASSED] - Object 'Object Repository/all_Objects/User_Shopping Cart_header' is present

2018-05-09 03:05:57 - [TEST_STEP][PASSED] - verifyElementPresent: Object 'Object Repository/all_Objects/th_Product Name' is present

2018-05-09 03:05:57 - [MESSAGE][WARNING] - Timeout '0' is invalid. Using default page load timeout: '30'

2018-05-09 03:05:57 - [MESSAGE][PASSED] - Object 'Object Repository/all_Objects/th_Product Name' is present

2018-05-09 03:05:57 - [TEST_STEP][PASSED] - verifyElementPresent: Object 'Object Repository/all_Objects/th_Price' is present

2018-05-09 03:05:57 - [MESSAGE][WARNING] - Timeout '0' is invalid. Using default page load timeout: '30'

2018-05-09 03:05:57 - [MESSAGE][PASSED] - Object 'Object Repository/all_Objects/th_Price' is present

2018-05-09 03:05:57 - [TEST_STEP][PASSED] - verifyElementPresent: Object 'Object Repository/all_Objects/th_amount' is present

2018-05-09 03:05:57 - [MESSAGE][WARNING] - Timeout '0' is invalid. Using default page load timeout: '30'

2018-05-09 03:05:58 - [MESSAGE][PASSED] - Object 'Object Repository/all_Objects/th_amount' is present

2018-05-09 03:05:58 - [TEST_STEP][PASSED] - verifyElementPresent: Object 'Object Repository/all_Objects/p_Total price  0 THB' is present

2018-05-09 03:05:58 - [MESSAGE][WARNING] - Timeout '0' is invalid. Using default page load timeout: '30'

2018-05-09 03:05:58 - [MESSAGE][PASSED] - Object 'Object Repository/all_Objects/p_Total price  0 THB' is present

2018-05-09 03:05:58 - [TEST_STEP][PASSED] - verifyElementPresent: Object 'Object Repository/all_Objects/div_confirm' is present

2018-05-09 03:05:58 - [MESSAGE][WARNING] - Timeout '0' is invalid. Using default page load timeout: '30'

2018-05-09 03:05:58 - [MESSAGE][PASSED] - Object 'Object Repository/all_Objects/div_confirm' is present

2018-05-09 03:05:58 - [TEST_STEP][PASSED] - click: Object: 'Object Repository/all_Objects/button_Logout' is clicked on

2018-05-09 03:05:58 - [MESSAGE][PASSED] - Object: 'Object Repository/all_Objects/button_Logout' is clicked on

2018-05-09 03:05:58 - [TEST_STEP][PASSED] - verifyElementPresent: Object 'Object Repository/all_Objects/header' is present

2018-05-09 03:05:58 - [MESSAGE][WARNING] - Timeout '0' is invalid. Using default page load timeout: '30'

2018-05-09 03:05:58 - [MESSAGE][PASSED] - Object 'Object Repository/all_Objects/header' is present

2018-05-09 03:05:58 - [TEST_STEP][PASSED] - verifyElementPresent: Object 'Object Repository/all_Objects/p_header_description' is present

2018-05-09 03:05:58 - [MESSAGE][WARNING] - Timeout '0' is invalid. Using default page load timeout: '30'

2018-05-09 03:05:58 - [MESSAGE][PASSED] - Object 'Object Repository/all_Objects/p_header_description' is present

2018-05-09 03:05:58 - [TEST_STEP][PASSED] - verifyElementPresent: Object 'Object Repository/all_Objects/h2_Login' is present

2018-05-09 03:05:58 - [MESSAGE][WARNING] - Timeout '0' is invalid. Using default page load timeout: '30'

2018-05-09 03:05:58 - [MESSAGE][PASSED] - Object 'Object Repository/all_Objects/h2_Login' is present

2018-05-09 03:05:58 - [TEST_STEP][PASSED] - verifyElementPresent: Object 'Object Repository/all_Objects/label_Username' is present

2018-05-09 03:05:58 - [MESSAGE][WARNING] - Timeout '0' is invalid. Using default page load timeout: '30'

2018-05-09 03:05:58 - [MESSAGE][PASSED] - Object 'Object Repository/all_Objects/label_Username' is present

2018-05-09 03:05:58 - [TEST_STEP][PASSED] - verifyElementPresent: Object 'Object Repository/all_Objects/label_Password' is present

2018-05-09 03:05:58 - [MESSAGE][WARNING] - Timeout '0' is invalid. Using default page load timeout: '30'

2018-05-09 03:05:58 - [MESSAGE][PASSED] - Object 'Object Repository/all_Objects/label_Password' is present

2018-05-09 03:05:58 - [TEST_STEP][PASSED] - closeBrowser: Browser is closed

2018-05-09 03:05:58 - [MESSAGE][PASSED] - Browser is closed]]></system-out>
         <system-err><![CDATA[]]></system-err>
      </testcase>
      <testcase name="Test Cases/Test User Login Fail" classname="Test Cases/Test User Login Fail" status="PASSED">
         <system-out><![CDATA[2018-05-09 03:05:58 - [TEST_CASE][PASSED] - Test Cases/Test User Login Fail: Test Cases/Test User Login Fail

2018-05-09 03:05:58 - [TEST_STEP][PASSED] - openBrowser: Browser is opened with url: ''

2018-05-09 03:05:59 - [MESSAGE][PASSED] - Browser is opened with url: ''

2018-05-09 03:05:59 - [TEST_STEP][PASSED] - navigateToUrl: Navigate to 'http://34.209.48.20:9089/' successfully

2018-05-09 03:06:13 - [MESSAGE][PASSED] - Navigate to 'http://34.209.48.20:9089/' successfully

2018-05-09 03:06:13 - [TEST_STEP][PASSED] - verifyElementPresent: Object 'Object Repository/all_Objects/header' is present

2018-05-09 03:06:13 - [MESSAGE][WARNING] - Timeout '0' is invalid. Using default page load timeout: '30'

2018-05-09 03:06:13 - [MESSAGE][PASSED] - Object 'Object Repository/all_Objects/header' is present

2018-05-09 03:06:13 - [TEST_STEP][PASSED] - verifyElementPresent: Object 'Object Repository/all_Objects/p_header_description' is present

2018-05-09 03:06:13 - [MESSAGE][WARNING] - Timeout '0' is invalid. Using default page load timeout: '30'

2018-05-09 03:06:13 - [MESSAGE][PASSED] - Object 'Object Repository/all_Objects/p_header_description' is present

2018-05-09 03:06:13 - [TEST_STEP][PASSED] - verifyElementPresent: Object 'Object Repository/all_Objects/h2_Login' is present

2018-05-09 03:06:13 - [MESSAGE][WARNING] - Timeout '0' is invalid. Using default page load timeout: '30'

2018-05-09 03:06:13 - [MESSAGE][PASSED] - Object 'Object Repository/all_Objects/h2_Login' is present

2018-05-09 03:06:13 - [TEST_STEP][PASSED] - verifyElementPresent: Object 'Object Repository/all_Objects/label_Username' is present

2018-05-09 03:06:13 - [MESSAGE][WARNING] - Timeout '0' is invalid. Using default page load timeout: '30'

2018-05-09 03:06:13 - [MESSAGE][PASSED] - Object 'Object Repository/all_Objects/label_Username' is present

2018-05-09 03:06:13 - [TEST_STEP][PASSED] - verifyElementPresent: Object 'Object Repository/all_Objects/label_Password' is present

2018-05-09 03:06:13 - [MESSAGE][WARNING] - Timeout '0' is invalid. Using default page load timeout: '30'

2018-05-09 03:06:13 - [MESSAGE][PASSED] - Object 'Object Repository/all_Objects/label_Password' is present

2018-05-09 03:06:13 - [TEST_STEP][PASSED] - setText: Text 'firefly' is set on object 'Object Repository/all_Objects/input_username'

2018-05-09 03:06:13 - [MESSAGE][PASSED] - Text 'firefly' is set on object 'Object Repository/all_Objects/input_username'

2018-05-09 03:06:13 - [TEST_STEP][PASSED] - setText: Text 'wrongpass' is set on object 'Object Repository/all_Objects/input_password'

2018-05-09 03:06:14 - [MESSAGE][PASSED] - Text 'wrongpass' is set on object 'Object Repository/all_Objects/input_password'

2018-05-09 03:06:14 - [TEST_STEP][PASSED] - click: Object: 'Object Repository/all_Objects/button_Login' is clicked on

2018-05-09 03:06:14 - [MESSAGE][PASSED] - Object: 'Object Repository/all_Objects/button_Login' is clicked on

2018-05-09 03:06:14 - [TEST_STEP][PASSED] - verifyElementPresent: Object 'Object Repository/all_Objects/label_Usernamepassword is inco' is present

2018-05-09 03:06:14 - [MESSAGE][WARNING] - Timeout '0' is invalid. Using default page load timeout: '30'

2018-05-09 03:06:15 - [MESSAGE][PASSED] - Object 'Object Repository/all_Objects/label_Usernamepassword is inco' is present

2018-05-09 03:06:15 - [TEST_STEP][PASSED] - closeBrowser: Browser is closed

2018-05-09 03:06:15 - [MESSAGE][PASSED] - Browser is closed]]></system-out>
         <system-err><![CDATA[]]></system-err>
      </testcase>
      <testcase name="Test Cases/Test Empty Password Field" classname="Test Cases/Test Empty Password Field" status="PASSED">
         <system-out><![CDATA[2018-05-09 03:06:15 - [TEST_CASE][PASSED] - Test Cases/Test Empty Password Field: Test Cases/Test Empty Password Field

2018-05-09 03:06:15 - [TEST_STEP][PASSED] - openBrowser: Browser is opened with url: ''

2018-05-09 03:06:16 - [MESSAGE][PASSED] - Browser is opened with url: ''

2018-05-09 03:06:16 - [TEST_STEP][PASSED] - navigateToUrl: Navigate to 'http://34.209.48.20:9089/' successfully

2018-05-09 03:06:32 - [MESSAGE][PASSED] - Navigate to 'http://34.209.48.20:9089/' successfully

2018-05-09 03:06:32 - [TEST_STEP][PASSED] - verifyElementPresent: Object 'Object Repository/all_Objects/header' is present

2018-05-09 03:06:32 - [MESSAGE][WARNING] - Timeout '0' is invalid. Using default page load timeout: '30'

2018-05-09 03:06:32 - [MESSAGE][PASSED] - Object 'Object Repository/all_Objects/header' is present

2018-05-09 03:06:32 - [TEST_STEP][PASSED] - verifyElementPresent: Object 'Object Repository/all_Objects/p_header_description' is present

2018-05-09 03:06:32 - [MESSAGE][WARNING] - Timeout '0' is invalid. Using default page load timeout: '30'

2018-05-09 03:06:32 - [MESSAGE][PASSED] - Object 'Object Repository/all_Objects/p_header_description' is present

2018-05-09 03:06:32 - [TEST_STEP][PASSED] - verifyElementPresent: Object 'Object Repository/all_Objects/h2_Login' is present

2018-05-09 03:06:32 - [MESSAGE][WARNING] - Timeout '0' is invalid. Using default page load timeout: '30'

2018-05-09 03:06:32 - [MESSAGE][PASSED] - Object 'Object Repository/all_Objects/h2_Login' is present

2018-05-09 03:06:32 - [TEST_STEP][PASSED] - verifyElementPresent: Object 'Object Repository/all_Objects/label_Username' is present

2018-05-09 03:06:32 - [MESSAGE][WARNING] - Timeout '0' is invalid. Using default page load timeout: '30'

2018-05-09 03:06:32 - [MESSAGE][PASSED] - Object 'Object Repository/all_Objects/label_Username' is present

2018-05-09 03:06:32 - [TEST_STEP][PASSED] - verifyElementPresent: Object 'Object Repository/all_Objects/label_Password' is present

2018-05-09 03:06:32 - [MESSAGE][WARNING] - Timeout '0' is invalid. Using default page load timeout: '30'

2018-05-09 03:06:32 - [MESSAGE][PASSED] - Object 'Object Repository/all_Objects/label_Password' is present

2018-05-09 03:06:32 - [TEST_STEP][PASSED] - verifyElementPresent: Object 'Object Repository/all_Objects/div_Login' is present

2018-05-09 03:06:32 - [MESSAGE][WARNING] - Timeout '0' is invalid. Using default page load timeout: '30'

2018-05-09 03:06:32 - [MESSAGE][PASSED] - Object 'Object Repository/all_Objects/div_Login' is present

2018-05-09 03:06:32 - [TEST_STEP][PASSED] - setText: Text 'admin' is set on object 'Object Repository/all_Objects/input_username'

2018-05-09 03:06:32 - [MESSAGE][PASSED] - Text 'admin' is set on object 'Object Repository/all_Objects/input_username'

2018-05-09 03:06:32 - [TEST_STEP][PASSED] - setText: Text '' is set on object 'Object Repository/all_Objects/input_password'

2018-05-09 03:06:32 - [MESSAGE][PASSED] - Text '' is set on object 'Object Repository/all_Objects/input_password'

2018-05-09 03:06:32 - [TEST_STEP][PASSED] - click: Object: 'Object Repository/all_Objects/button_Login' is clicked on

2018-05-09 03:06:32 - [MESSAGE][PASSED] - Object: 'Object Repository/all_Objects/button_Login' is clicked on

2018-05-09 03:06:32 - [TEST_STEP][PASSED] - verifyElementPresent: Object 'Object Repository/all_Objects/label_Password is required' is present

2018-05-09 03:06:32 - [MESSAGE][WARNING] - Timeout '0' is invalid. Using default page load timeout: '30'

2018-05-09 03:06:32 - [MESSAGE][PASSED] - Object 'Object Repository/all_Objects/label_Password is required' is present

2018-05-09 03:06:32 - [TEST_STEP][PASSED] - closeBrowser: Browser is closed

2018-05-09 03:06:33 - [MESSAGE][PASSED] - Browser is closed]]></system-out>
         <system-err><![CDATA[]]></system-err>
      </testcase>
      <testcase name="Test Cases/Test Empty Password Field" classname="Test Cases/Test Empty Password Field" status="PASSED">
         <system-out><![CDATA[2018-05-09 03:06:33 - [TEST_CASE][PASSED] - Test Cases/Test Empty Password Field: Test Cases/Test Empty Password Field

2018-05-09 03:06:33 - [TEST_STEP][PASSED] - openBrowser: Browser is opened with url: ''

2018-05-09 03:06:34 - [MESSAGE][PASSED] - Browser is opened with url: ''

2018-05-09 03:06:34 - [TEST_STEP][PASSED] - navigateToUrl: Navigate to 'http://34.209.48.20:9089/' successfully

2018-05-09 03:06:44 - [MESSAGE][PASSED] - Navigate to 'http://34.209.48.20:9089/' successfully

2018-05-09 03:06:44 - [TEST_STEP][PASSED] - verifyElementPresent: Object 'Object Repository/all_Objects/header' is present

2018-05-09 03:06:44 - [MESSAGE][WARNING] - Timeout '0' is invalid. Using default page load timeout: '30'

2018-05-09 03:06:44 - [MESSAGE][PASSED] - Object 'Object Repository/all_Objects/header' is present

2018-05-09 03:06:44 - [TEST_STEP][PASSED] - verifyElementPresent: Object 'Object Repository/all_Objects/p_header_description' is present

2018-05-09 03:06:44 - [MESSAGE][WARNING] - Timeout '0' is invalid. Using default page load timeout: '30'

2018-05-09 03:06:44 - [MESSAGE][PASSED] - Object 'Object Repository/all_Objects/p_header_description' is present

2018-05-09 03:06:44 - [TEST_STEP][PASSED] - verifyElementPresent: Object 'Object Repository/all_Objects/h2_Login' is present

2018-05-09 03:06:44 - [MESSAGE][WARNING] - Timeout '0' is invalid. Using default page load timeout: '30'

2018-05-09 03:06:44 - [MESSAGE][PASSED] - Object 'Object Repository/all_Objects/h2_Login' is present

2018-05-09 03:06:44 - [TEST_STEP][PASSED] - verifyElementPresent: Object 'Object Repository/all_Objects/label_Username' is present

2018-05-09 03:06:44 - [MESSAGE][WARNING] - Timeout '0' is invalid. Using default page load timeout: '30'

2018-05-09 03:06:44 - [MESSAGE][PASSED] - Object 'Object Repository/all_Objects/label_Username' is present

2018-05-09 03:06:44 - [TEST_STEP][PASSED] - verifyElementPresent: Object 'Object Repository/all_Objects/label_Password' is present

2018-05-09 03:06:44 - [MESSAGE][WARNING] - Timeout '0' is invalid. Using default page load timeout: '30'

2018-05-09 03:06:44 - [MESSAGE][PASSED] - Object 'Object Repository/all_Objects/label_Password' is present

2018-05-09 03:06:44 - [TEST_STEP][PASSED] - verifyElementPresent: Object 'Object Repository/all_Objects/div_Login' is present

2018-05-09 03:06:44 - [MESSAGE][WARNING] - Timeout '0' is invalid. Using default page load timeout: '30'

2018-05-09 03:06:45 - [MESSAGE][PASSED] - Object 'Object Repository/all_Objects/div_Login' is present

2018-05-09 03:06:45 - [TEST_STEP][PASSED] - setText: Text 'user' is set on object 'Object Repository/all_Objects/input_username'

2018-05-09 03:06:45 - [MESSAGE][PASSED] - Text 'user' is set on object 'Object Repository/all_Objects/input_username'

2018-05-09 03:06:45 - [TEST_STEP][PASSED] - setText: Text '' is set on object 'Object Repository/all_Objects/input_password'

2018-05-09 03:06:45 - [MESSAGE][PASSED] - Text '' is set on object 'Object Repository/all_Objects/input_password'

2018-05-09 03:06:45 - [TEST_STEP][PASSED] - click: Object: 'Object Repository/all_Objects/button_Login' is clicked on

2018-05-09 03:06:45 - [MESSAGE][PASSED] - Object: 'Object Repository/all_Objects/button_Login' is clicked on

2018-05-09 03:06:45 - [TEST_STEP][PASSED] - verifyElementPresent: Object 'Object Repository/all_Objects/label_Password is required' is present

2018-05-09 03:06:45 - [MESSAGE][WARNING] - Timeout '0' is invalid. Using default page load timeout: '30'

2018-05-09 03:06:45 - [MESSAGE][PASSED] - Object 'Object Repository/all_Objects/label_Password is required' is present

2018-05-09 03:06:45 - [TEST_STEP][PASSED] - closeBrowser: Browser is closed

2018-05-09 03:06:45 - [MESSAGE][PASSED] - Browser is closed]]></system-out>
         <system-err><![CDATA[]]></system-err>
      </testcase>
      <testcase name="Test Cases/Test Empty Password Field" classname="Test Cases/Test Empty Password Field" status="PASSED">
         <system-out><![CDATA[2018-05-09 03:06:45 - [TEST_CASE][PASSED] - Test Cases/Test Empty Password Field: Test Cases/Test Empty Password Field

2018-05-09 03:06:45 - [TEST_STEP][PASSED] - openBrowser: Browser is opened with url: ''

2018-05-09 03:06:46 - [MESSAGE][PASSED] - Browser is opened with url: ''

2018-05-09 03:06:46 - [TEST_STEP][PASSED] - navigateToUrl: Navigate to 'http://34.209.48.20:9089/' successfully

2018-05-09 03:06:59 - [MESSAGE][PASSED] - Navigate to 'http://34.209.48.20:9089/' successfully

2018-05-09 03:06:59 - [TEST_STEP][PASSED] - verifyElementPresent: Object 'Object Repository/all_Objects/header' is present

2018-05-09 03:06:59 - [MESSAGE][WARNING] - Timeout '0' is invalid. Using default page load timeout: '30'

2018-05-09 03:06:59 - [MESSAGE][PASSED] - Object 'Object Repository/all_Objects/header' is present

2018-05-09 03:06:59 - [TEST_STEP][PASSED] - verifyElementPresent: Object 'Object Repository/all_Objects/p_header_description' is present

2018-05-09 03:06:59 - [MESSAGE][WARNING] - Timeout '0' is invalid. Using default page load timeout: '30'

2018-05-09 03:06:59 - [MESSAGE][PASSED] - Object 'Object Repository/all_Objects/p_header_description' is present

2018-05-09 03:06:59 - [TEST_STEP][PASSED] - verifyElementPresent: Object 'Object Repository/all_Objects/h2_Login' is present

2018-05-09 03:06:59 - [MESSAGE][WARNING] - Timeout '0' is invalid. Using default page load timeout: '30'

2018-05-09 03:06:59 - [MESSAGE][PASSED] - Object 'Object Repository/all_Objects/h2_Login' is present

2018-05-09 03:06:59 - [TEST_STEP][PASSED] - verifyElementPresent: Object 'Object Repository/all_Objects/label_Username' is present

2018-05-09 03:06:59 - [MESSAGE][WARNING] - Timeout '0' is invalid. Using default page load timeout: '30'

2018-05-09 03:06:59 - [MESSAGE][PASSED] - Object 'Object Repository/all_Objects/label_Username' is present

2018-05-09 03:06:59 - [TEST_STEP][PASSED] - verifyElementPresent: Object 'Object Repository/all_Objects/label_Password' is present

2018-05-09 03:06:59 - [MESSAGE][WARNING] - Timeout '0' is invalid. Using default page load timeout: '30'

2018-05-09 03:06:59 - [MESSAGE][PASSED] - Object 'Object Repository/all_Objects/label_Password' is present

2018-05-09 03:06:59 - [TEST_STEP][PASSED] - verifyElementPresent: Object 'Object Repository/all_Objects/div_Login' is present

2018-05-09 03:06:59 - [MESSAGE][WARNING] - Timeout '0' is invalid. Using default page load timeout: '30'

2018-05-09 03:06:59 - [MESSAGE][PASSED] - Object 'Object Repository/all_Objects/div_Login' is present

2018-05-09 03:06:59 - [TEST_STEP][PASSED] - setText: Text 'hello' is set on object 'Object Repository/all_Objects/input_username'

2018-05-09 03:06:59 - [MESSAGE][PASSED] - Text 'hello' is set on object 'Object Repository/all_Objects/input_username'

2018-05-09 03:06:59 - [TEST_STEP][PASSED] - setText: Text '' is set on object 'Object Repository/all_Objects/input_password'

2018-05-09 03:07:00 - [MESSAGE][PASSED] - Text '' is set on object 'Object Repository/all_Objects/input_password'

2018-05-09 03:07:00 - [TEST_STEP][PASSED] - click: Object: 'Object Repository/all_Objects/button_Login' is clicked on

2018-05-09 03:07:05 - [MESSAGE][PASSED] - Object: 'Object Repository/all_Objects/button_Login' is clicked on

2018-05-09 03:07:05 - [TEST_STEP][PASSED] - verifyElementPresent: Object 'Object Repository/all_Objects/label_Password is required' is present

2018-05-09 03:07:05 - [MESSAGE][WARNING] - Timeout '0' is invalid. Using default page load timeout: '30'

2018-05-09 03:07:05 - [MESSAGE][PASSED] - Object 'Object Repository/all_Objects/label_Password is required' is present

2018-05-09 03:07:05 - [TEST_STEP][PASSED] - closeBrowser: Browser is closed

2018-05-09 03:07:05 - [MESSAGE][PASSED] - Browser is closed]]></system-out>
         <system-err><![CDATA[]]></system-err>
      </testcase>
      <system-out><![CDATA[2018-05-09 03:03:28 - [TEST_SUITE][PASSED] - Data-Driven Test Suites: Test Cases/Test Empty Password Field]]></system-out>
      <system-err><![CDATA[]]></system-err>
   </testsuite>
</testsuites>
