<?xml version="1.0" encoding="UTF-8"?>
<testsuites name="Data-Driven Tests Suite" time="166" tests="5" failures="0" errors="0">
   <testsuite name="Data-Driven Tests Suite" tests="5" failures="0" errors="0" time="166" timestamp="2018-05-09 11:12:51" hostname="snailwalker - 192.168.0.101" id="Test Suites/Data-Driven Tests Suite">
      <properties>
         <property name="deviceName" value=""/>
         <property name="devicePlatform" value=""/>
         <property name="logFolder" value="/Users/snailwalker/Documents/workspace/backend/katalon/Reports/Data-Driven Tests Suite/20180509_111249"/>
         <property name="logFiles" value="/Users/snailwalker/Documents/workspace/backend/katalon/Reports/Data-Driven Tests Suite/20180509_111249/execution0.log"/>
         <property name="attachments" value=""/>
         <property name="hostName" value="snailwalker - 192.168.0.101"/>
         <property name="os" value="Mac OS X 64bit"/>
         <property name="katalonVersion" value="5.4.1.1"/>
         <property name="browser" value="Chrome 66.0.3359.139"/>
         <property name="hostAddress" value="192.168.0.101"/>
         <property name="sessionId" value="56de1e4f7818581f6e598e7e68505a6c"/>
         <property name="seleniumVersion" value="3.7.1"/>
         <property name="proxyInformation" value="ProxyInformation{proxyOption=NO_PROXY, proxyServerType=HTTP, password=, proxyServerAddress=, proxyServerPort=0}"/>
         <property name="platform" value="Mac OS X"/>
      </properties>
      <testcase name="Test Cases/Empty username field " classname="Test Cases/Empty username field " status="PASSED">
         <system-out><![CDATA[2018-05-09 11:12:51 - [TEST_CASE][PASSED] - Test Cases/Empty username field : Test Cases/Empty username field 

2018-05-09 11:12:52 - [TEST_STEP][PASSED] - openBrowser: Browser is opened with url: ''

2018-05-09 11:12:55 - [MESSAGE][PASSED] - Browser is opened with url: ''

2018-05-09 11:12:55 - [TEST_STEP][PASSED] - navigateToUrl: Navigate to 'http://34.209.48.20:9089/' successfully

2018-05-09 11:13:37 - [MESSAGE][PASSED] - Navigate to 'http://34.209.48.20:9089/' successfully

2018-05-09 11:13:37 - [TEST_STEP][PASSED] - verifyElementPresent: Object 'Object Repository/Front Page Objects/header' is present

2018-05-09 11:13:37 - [MESSAGE][WARNING] - Timeout '0' is invalid. Using default page load timeout: '30'

2018-05-09 11:13:37 - [MESSAGE][PASSED] - Object 'Object Repository/Front Page Objects/header' is present

2018-05-09 11:13:37 - [TEST_STEP][PASSED] - verifyElementPresent: Object 'Object Repository/Front Page Objects/p_header_description' is present

2018-05-09 11:13:37 - [MESSAGE][WARNING] - Timeout '0' is invalid. Using default page load timeout: '30'

2018-05-09 11:13:37 - [MESSAGE][PASSED] - Object 'Object Repository/Front Page Objects/p_header_description' is present

2018-05-09 11:13:37 - [TEST_STEP][PASSED] - verifyElementPresent: Object 'Object Repository/Front Page Objects/h2_Login' is present

2018-05-09 11:13:37 - [MESSAGE][WARNING] - Timeout '0' is invalid. Using default page load timeout: '30'

2018-05-09 11:13:37 - [MESSAGE][PASSED] - Object 'Object Repository/Front Page Objects/h2_Login' is present

2018-05-09 11:13:37 - [TEST_STEP][PASSED] - verifyElementPresent: Object 'Object Repository/Login Objects /label_Username' is present

2018-05-09 11:13:37 - [MESSAGE][WARNING] - Timeout '0' is invalid. Using default page load timeout: '30'

2018-05-09 11:13:37 - [MESSAGE][PASSED] - Object 'Object Repository/Login Objects /label_Username' is present

2018-05-09 11:13:37 - [TEST_STEP][PASSED] - verifyElementPresent: Object 'Object Repository/Login Objects /label_Password' is present

2018-05-09 11:13:37 - [MESSAGE][WARNING] - Timeout '0' is invalid. Using default page load timeout: '30'

2018-05-09 11:13:37 - [MESSAGE][PASSED] - Object 'Object Repository/Login Objects /label_Password' is present

2018-05-09 11:13:37 - [TEST_STEP][PASSED] - verifyElementPresent: Object 'Object Repository/Login Objects /div_Login' is present

2018-05-09 11:13:37 - [MESSAGE][WARNING] - Timeout '0' is invalid. Using default page load timeout: '30'

2018-05-09 11:13:37 - [MESSAGE][PASSED] - Object 'Object Repository/Login Objects /div_Login' is present

2018-05-09 11:13:37 - [TEST_STEP][NOT_RUN] - setText: NOT_RUN: setText

2018-05-09 11:13:37 - [MESSAGE][NOT_RUN] - NOT_RUN: setText

2018-05-09 11:13:37 - [TEST_STEP][PASSED] - setText: Text 'admin' is set on object 'Object Repository/Login Objects /input_password'

2018-05-09 11:13:38 - [MESSAGE][PASSED] - Text 'admin' is set on object 'Object Repository/Login Objects /input_password'

2018-05-09 11:13:38 - [TEST_STEP][PASSED] - click: Object: 'Object Repository/Login Objects /button_Login_2' is clicked on

2018-05-09 11:13:38 - [MESSAGE][PASSED] - Object: 'Object Repository/Login Objects /button_Login_2' is clicked on

2018-05-09 11:13:38 - [TEST_STEP][PASSED] - verifyElementPresent: Object 'Object Repository/Login Objects /label_Username is required' is present

2018-05-09 11:13:38 - [MESSAGE][WARNING] - Timeout '0' is invalid. Using default page load timeout: '30'

2018-05-09 11:13:38 - [MESSAGE][PASSED] - Object 'Object Repository/Login Objects /label_Username is required' is present

2018-05-09 11:13:38 - [TEST_STEP][PASSED] - closeBrowser: Browser is closed

2018-05-09 11:13:38 - [MESSAGE][PASSED] - Browser is closed]]></system-out>
         <system-err><![CDATA[]]></system-err>
      </testcase>
      <testcase name="Test Cases/Empty username field " classname="Test Cases/Empty username field " status="PASSED">
         <system-out><![CDATA[2018-05-09 11:13:38 - [TEST_CASE][PASSED] - Test Cases/Empty username field : Test Cases/Empty username field 

2018-05-09 11:13:38 - [TEST_STEP][PASSED] - openBrowser: Browser is opened with url: ''

2018-05-09 11:13:39 - [MESSAGE][PASSED] - Browser is opened with url: ''

2018-05-09 11:13:39 - [TEST_STEP][PASSED] - navigateToUrl: Navigate to 'http://34.209.48.20:9089/' successfully

2018-05-09 11:14:09 - [MESSAGE][PASSED] - Navigate to 'http://34.209.48.20:9089/' successfully

2018-05-09 11:14:09 - [TEST_STEP][PASSED] - verifyElementPresent: Object 'Object Repository/Front Page Objects/header' is present

2018-05-09 11:14:09 - [MESSAGE][WARNING] - Timeout '0' is invalid. Using default page load timeout: '30'

2018-05-09 11:14:09 - [MESSAGE][PASSED] - Object 'Object Repository/Front Page Objects/header' is present

2018-05-09 11:14:09 - [TEST_STEP][PASSED] - verifyElementPresent: Object 'Object Repository/Front Page Objects/p_header_description' is present

2018-05-09 11:14:09 - [MESSAGE][WARNING] - Timeout '0' is invalid. Using default page load timeout: '30'

2018-05-09 11:14:09 - [MESSAGE][PASSED] - Object 'Object Repository/Front Page Objects/p_header_description' is present

2018-05-09 11:14:09 - [TEST_STEP][PASSED] - verifyElementPresent: Object 'Object Repository/Front Page Objects/h2_Login' is present

2018-05-09 11:14:09 - [MESSAGE][WARNING] - Timeout '0' is invalid. Using default page load timeout: '30'

2018-05-09 11:14:09 - [MESSAGE][PASSED] - Object 'Object Repository/Front Page Objects/h2_Login' is present

2018-05-09 11:14:09 - [TEST_STEP][PASSED] - verifyElementPresent: Object 'Object Repository/Login Objects /label_Username' is present

2018-05-09 11:14:09 - [MESSAGE][WARNING] - Timeout '0' is invalid. Using default page load timeout: '30'

2018-05-09 11:14:09 - [MESSAGE][PASSED] - Object 'Object Repository/Login Objects /label_Username' is present

2018-05-09 11:14:09 - [TEST_STEP][PASSED] - verifyElementPresent: Object 'Object Repository/Login Objects /label_Password' is present

2018-05-09 11:14:09 - [MESSAGE][WARNING] - Timeout '0' is invalid. Using default page load timeout: '30'

2018-05-09 11:14:09 - [MESSAGE][PASSED] - Object 'Object Repository/Login Objects /label_Password' is present

2018-05-09 11:14:09 - [TEST_STEP][PASSED] - verifyElementPresent: Object 'Object Repository/Login Objects /div_Login' is present

2018-05-09 11:14:09 - [MESSAGE][WARNING] - Timeout '0' is invalid. Using default page load timeout: '30'

2018-05-09 11:14:09 - [MESSAGE][PASSED] - Object 'Object Repository/Login Objects /div_Login' is present

2018-05-09 11:14:09 - [TEST_STEP][NOT_RUN] - setText: NOT_RUN: setText

2018-05-09 11:14:09 - [MESSAGE][NOT_RUN] - NOT_RUN: setText

2018-05-09 11:14:09 - [TEST_STEP][PASSED] - setText: Text 'user' is set on object 'Object Repository/Login Objects /input_password'

2018-05-09 11:14:10 - [MESSAGE][PASSED] - Text 'user' is set on object 'Object Repository/Login Objects /input_password'

2018-05-09 11:14:10 - [TEST_STEP][PASSED] - click: Object: 'Object Repository/Login Objects /button_Login_2' is clicked on

2018-05-09 11:14:10 - [MESSAGE][PASSED] - Object: 'Object Repository/Login Objects /button_Login_2' is clicked on

2018-05-09 11:14:10 - [TEST_STEP][PASSED] - verifyElementPresent: Object 'Object Repository/Login Objects /label_Username is required' is present

2018-05-09 11:14:10 - [MESSAGE][WARNING] - Timeout '0' is invalid. Using default page load timeout: '30'

2018-05-09 11:14:10 - [MESSAGE][PASSED] - Object 'Object Repository/Login Objects /label_Username is required' is present

2018-05-09 11:14:10 - [TEST_STEP][PASSED] - closeBrowser: Browser is closed

2018-05-09 11:14:10 - [MESSAGE][PASSED] - Browser is closed]]></system-out>
         <system-err><![CDATA[]]></system-err>
      </testcase>
      <testcase name="Test Cases/Empty username field " classname="Test Cases/Empty username field " status="PASSED">
         <system-out><![CDATA[2018-05-09 11:14:10 - [TEST_CASE][PASSED] - Test Cases/Empty username field : Test Cases/Empty username field 

2018-05-09 11:14:10 - [TEST_STEP][PASSED] - openBrowser: Browser is opened with url: ''

2018-05-09 11:14:11 - [MESSAGE][PASSED] - Browser is opened with url: ''

2018-05-09 11:14:11 - [TEST_STEP][PASSED] - navigateToUrl: Navigate to 'http://34.209.48.20:9089/' successfully

2018-05-09 11:14:39 - [MESSAGE][PASSED] - Navigate to 'http://34.209.48.20:9089/' successfully

2018-05-09 11:14:39 - [TEST_STEP][PASSED] - verifyElementPresent: Object 'Object Repository/Front Page Objects/header' is present

2018-05-09 11:14:39 - [MESSAGE][WARNING] - Timeout '0' is invalid. Using default page load timeout: '30'

2018-05-09 11:14:39 - [MESSAGE][PASSED] - Object 'Object Repository/Front Page Objects/header' is present

2018-05-09 11:14:39 - [TEST_STEP][PASSED] - verifyElementPresent: Object 'Object Repository/Front Page Objects/p_header_description' is present

2018-05-09 11:14:39 - [MESSAGE][WARNING] - Timeout '0' is invalid. Using default page load timeout: '30'

2018-05-09 11:14:39 - [MESSAGE][PASSED] - Object 'Object Repository/Front Page Objects/p_header_description' is present

2018-05-09 11:14:39 - [TEST_STEP][PASSED] - verifyElementPresent: Object 'Object Repository/Front Page Objects/h2_Login' is present

2018-05-09 11:14:39 - [MESSAGE][WARNING] - Timeout '0' is invalid. Using default page load timeout: '30'

2018-05-09 11:14:39 - [MESSAGE][PASSED] - Object 'Object Repository/Front Page Objects/h2_Login' is present

2018-05-09 11:14:39 - [TEST_STEP][PASSED] - verifyElementPresent: Object 'Object Repository/Login Objects /label_Username' is present

2018-05-09 11:14:39 - [MESSAGE][WARNING] - Timeout '0' is invalid. Using default page load timeout: '30'

2018-05-09 11:14:39 - [MESSAGE][PASSED] - Object 'Object Repository/Login Objects /label_Username' is present

2018-05-09 11:14:39 - [TEST_STEP][PASSED] - verifyElementPresent: Object 'Object Repository/Login Objects /label_Password' is present

2018-05-09 11:14:39 - [MESSAGE][WARNING] - Timeout '0' is invalid. Using default page load timeout: '30'

2018-05-09 11:14:39 - [MESSAGE][PASSED] - Object 'Object Repository/Login Objects /label_Password' is present

2018-05-09 11:14:39 - [TEST_STEP][PASSED] - verifyElementPresent: Object 'Object Repository/Login Objects /div_Login' is present

2018-05-09 11:14:39 - [MESSAGE][WARNING] - Timeout '0' is invalid. Using default page load timeout: '30'

2018-05-09 11:14:39 - [MESSAGE][PASSED] - Object 'Object Repository/Login Objects /div_Login' is present

2018-05-09 11:14:39 - [TEST_STEP][NOT_RUN] - setText: NOT_RUN: setText

2018-05-09 11:14:39 - [MESSAGE][NOT_RUN] - NOT_RUN: setText

2018-05-09 11:14:39 - [TEST_STEP][PASSED] - setText: Text 'hello' is set on object 'Object Repository/Login Objects /input_password'

2018-05-09 11:14:40 - [MESSAGE][PASSED] - Text 'hello' is set on object 'Object Repository/Login Objects /input_password'

2018-05-09 11:14:40 - [TEST_STEP][PASSED] - click: Object: 'Object Repository/Login Objects /button_Login_2' is clicked on

2018-05-09 11:14:40 - [MESSAGE][PASSED] - Object: 'Object Repository/Login Objects /button_Login_2' is clicked on

2018-05-09 11:14:40 - [TEST_STEP][PASSED] - verifyElementPresent: Object 'Object Repository/Login Objects /label_Username is required' is present

2018-05-09 11:14:40 - [MESSAGE][WARNING] - Timeout '0' is invalid. Using default page load timeout: '30'

2018-05-09 11:14:40 - [MESSAGE][PASSED] - Object 'Object Repository/Login Objects /label_Username is required' is present

2018-05-09 11:14:40 - [TEST_STEP][PASSED] - closeBrowser: Browser is closed

2018-05-09 11:14:40 - [MESSAGE][PASSED] - Browser is closed]]></system-out>
         <system-err><![CDATA[]]></system-err>
      </testcase>
      <testcase name="Test Cases/User add products" classname="Test Cases/User add products" status="PASSED">
         <system-out><![CDATA[2018-05-09 11:14:40 - [TEST_CASE][PASSED] - Test Cases/User add products: Test Cases/User add products

2018-05-09 11:14:40 - [TEST_STEP][PASSED] - openBrowser: Browser is opened with url: ''

2018-05-09 11:14:41 - [MESSAGE][PASSED] - Browser is opened with url: ''

2018-05-09 11:14:41 - [TEST_STEP][PASSED] - navigateToUrl: Navigate to 'http://34.209.48.20:9089/' successfully

2018-05-09 11:15:06 - [MESSAGE][PASSED] - Navigate to 'http://34.209.48.20:9089/' successfully

2018-05-09 11:15:06 - [TEST_STEP][PASSED] - verifyElementPresent: Object 'Object Repository/Front Page Objects/header' is present

2018-05-09 11:15:06 - [MESSAGE][WARNING] - Timeout '0' is invalid. Using default page load timeout: '30'

2018-05-09 11:15:06 - [MESSAGE][PASSED] - Object 'Object Repository/Front Page Objects/header' is present

2018-05-09 11:15:06 - [TEST_STEP][PASSED] - verifyElementPresent: Object 'Object Repository/Front Page Objects/p_header_description' is present

2018-05-09 11:15:06 - [MESSAGE][WARNING] - Timeout '0' is invalid. Using default page load timeout: '30'

2018-05-09 11:15:06 - [MESSAGE][PASSED] - Object 'Object Repository/Front Page Objects/p_header_description' is present

2018-05-09 11:15:06 - [TEST_STEP][PASSED] - verifyElementPresent: Object 'Object Repository/Front Page Objects/h2_Login' is present

2018-05-09 11:15:06 - [MESSAGE][WARNING] - Timeout '0' is invalid. Using default page load timeout: '30'

2018-05-09 11:15:07 - [MESSAGE][PASSED] - Object 'Object Repository/Front Page Objects/h2_Login' is present

2018-05-09 11:15:07 - [TEST_STEP][PASSED] - verifyElementPresent: Object 'Object Repository/Login Objects /label_Username' is present

2018-05-09 11:15:07 - [MESSAGE][WARNING] - Timeout '0' is invalid. Using default page load timeout: '30'

2018-05-09 11:15:07 - [MESSAGE][PASSED] - Object 'Object Repository/Login Objects /label_Username' is present

2018-05-09 11:15:07 - [TEST_STEP][PASSED] - verifyElementPresent: Object 'Object Repository/Login Objects /label_Password' is present

2018-05-09 11:15:07 - [MESSAGE][WARNING] - Timeout '0' is invalid. Using default page load timeout: '30'

2018-05-09 11:15:07 - [MESSAGE][PASSED] - Object 'Object Repository/Login Objects /label_Password' is present

2018-05-09 11:15:07 - [TEST_STEP][PASSED] - verifyElementPresent: Object 'Object Repository/Login Objects /div_Login' is present

2018-05-09 11:15:07 - [MESSAGE][WARNING] - Timeout '0' is invalid. Using default page load timeout: '30'

2018-05-09 11:15:07 - [MESSAGE][PASSED] - Object 'Object Repository/Login Objects /div_Login' is present

2018-05-09 11:15:07 - [TEST_STEP][PASSED] - setText: Text 'user' is set on object 'Object Repository/Login Objects /input_username'

2018-05-09 11:15:07 - [MESSAGE][PASSED] - Text 'user' is set on object 'Object Repository/Login Objects /input_username'

2018-05-09 11:15:07 - [TEST_STEP][PASSED] - setText: Text 'user' is set on object 'Object Repository/Login Objects /input_password'

2018-05-09 11:15:07 - [MESSAGE][PASSED] - Text 'user' is set on object 'Object Repository/Login Objects /input_password'

2018-05-09 11:15:07 - [TEST_STEP][PASSED] - click: Object: 'Object Repository/Login Objects /button_Login' is clicked on

2018-05-09 11:15:07 - [MESSAGE][PASSED] - Object: 'Object Repository/Login Objects /button_Login' is clicked on

2018-05-09 11:15:07 - [TEST_STEP][PASSED] - verifyElementPresent: Object 'Object Repository/Front Page Objects/div_add to cart' is present

2018-05-09 11:15:07 - [MESSAGE][WARNING] - Timeout '0' is invalid. Using default page load timeout: '30'

2018-05-09 11:15:09 - [MESSAGE][PASSED] - Object 'Object Repository/Front Page Objects/div_add to cart' is present

2018-05-09 11:15:09 - [TEST_STEP][PASSED] - verifyElementPresent: Object 'Object Repository/h5_Garden' is present

2018-05-09 11:15:09 - [MESSAGE][WARNING] - Timeout '0' is invalid. Using default page load timeout: '30'

2018-05-09 11:15:09 - [MESSAGE][PASSED] - Object 'Object Repository/h5_Garden' is present

2018-05-09 11:15:09 - [TEST_STEP][PASSED] - verifyElementPresent: Object 'Object Repository/div_add to cart' is present

2018-05-09 11:15:09 - [MESSAGE][WARNING] - Timeout '0' is invalid. Using default page load timeout: '30'

2018-05-09 11:15:09 - [MESSAGE][PASSED] - Object 'Object Repository/div_add to cart' is present

2018-05-09 11:15:09 - [TEST_STEP][PASSED] - click: Object: 'Object Repository/button_add to cart' is clicked on

2018-05-09 11:15:09 - [MESSAGE][PASSED] - Object: 'Object Repository/button_add to cart' is clicked on

2018-05-09 11:15:09 - [TEST_STEP][PASSED] - verifyElementPresent: Object 'Object Repository/div_already added' is present

2018-05-09 11:15:09 - [MESSAGE][WARNING] - Timeout '0' is invalid. Using default page load timeout: '30'

2018-05-09 11:15:09 - [MESSAGE][PASSED] - Object 'Object Repository/div_already added' is present

2018-05-09 11:15:09 - [TEST_STEP][PASSED] - verifyElementPresent: Object 'Object Repository/h5_Banana' is present

2018-05-09 11:15:09 - [MESSAGE][WARNING] - Timeout '0' is invalid. Using default page load timeout: '30'

2018-05-09 11:15:09 - [MESSAGE][PASSED] - Object 'Object Repository/h5_Banana' is present

2018-05-09 11:15:09 - [TEST_STEP][PASSED] - verifyElementPresent: Object 'Object Repository/div_add to cart' is present

2018-05-09 11:15:09 - [MESSAGE][WARNING] - Timeout '0' is invalid. Using default page load timeout: '30'

2018-05-09 11:15:09 - [MESSAGE][PASSED] - Object 'Object Repository/div_add to cart' is present

2018-05-09 11:15:09 - [TEST_STEP][PASSED] - click: Object: 'Object Repository/button_add to cart' is clicked on

2018-05-09 11:15:09 - [MESSAGE][PASSED] - Object: 'Object Repository/button_add to cart' is clicked on

2018-05-09 11:15:09 - [TEST_STEP][PASSED] - verifyElementPresent: Object 'Object Repository/div_already added' is present

2018-05-09 11:15:09 - [MESSAGE][WARNING] - Timeout '0' is invalid. Using default page load timeout: '30'

2018-05-09 11:15:09 - [MESSAGE][PASSED] - Object 'Object Repository/div_already added' is present

2018-05-09 11:15:09 - [TEST_STEP][PASSED] - verifyElementPresent: Object 'Object Repository/div_Products' is present

2018-05-09 11:15:09 - [MESSAGE][WARNING] - Timeout '0' is invalid. Using default page load timeout: '30'

2018-05-09 11:15:09 - [MESSAGE][PASSED] - Object 'Object Repository/div_Products' is present

2018-05-09 11:15:09 - [TEST_STEP][PASSED] - click: Object: 'Object Repository/a_Carts            2' is clicked on

2018-05-09 11:15:09 - [MESSAGE][PASSED] - Object: 'Object Repository/a_Carts            2' is clicked on

2018-05-09 11:15:09 - [TEST_STEP][PASSED] - verifyElementPresent: Object 'Object Repository/div_Shopping Cart' is present

2018-05-09 11:15:09 - [MESSAGE][WARNING] - Timeout '0' is invalid. Using default page load timeout: '30'

2018-05-09 11:15:09 - [MESSAGE][PASSED] - Object 'Object Repository/div_Shopping Cart' is present

2018-05-09 11:15:09 - [TEST_STEP][PASSED] - verifyElementPresent: Object 'Object Repository/td_Garden' is present

2018-05-09 11:15:09 - [MESSAGE][WARNING] - Timeout '0' is invalid. Using default page load timeout: '30'

2018-05-09 11:15:09 - [MESSAGE][PASSED] - Object 'Object Repository/td_Garden' is present

2018-05-09 11:15:09 - [TEST_STEP][PASSED] - verifyElementPresent: Object 'Object Repository/td_20000 THB' is present

2018-05-09 11:15:09 - [MESSAGE][WARNING] - Timeout '0' is invalid. Using default page load timeout: '30'

2018-05-09 11:15:09 - [MESSAGE][PASSED] - Object 'Object Repository/td_20000 THB' is present

2018-05-09 11:15:09 - [TEST_STEP][PASSED] - verifyElementPresent: Object 'Object Repository/div_col-4 center-block' is present

2018-05-09 11:15:09 - [MESSAGE][WARNING] - Timeout '0' is invalid. Using default page load timeout: '30'

2018-05-09 11:15:09 - [MESSAGE][PASSED] - Object 'Object Repository/div_col-4 center-block' is present

2018-05-09 11:15:09 - [TEST_STEP][PASSED] - verifyElementPresent: Object 'Object Repository/td_Banana' is present

2018-05-09 11:15:09 - [MESSAGE][WARNING] - Timeout '0' is invalid. Using default page load timeout: '30'

2018-05-09 11:15:09 - [MESSAGE][PASSED] - Object 'Object Repository/td_Banana' is present

2018-05-09 11:15:09 - [TEST_STEP][PASSED] - verifyElementPresent: Object 'Object Repository/td_150 THB' is present

2018-05-09 11:15:09 - [MESSAGE][WARNING] - Timeout '0' is invalid. Using default page load timeout: '30'

2018-05-09 11:15:09 - [MESSAGE][PASSED] - Object 'Object Repository/td_150 THB' is present

2018-05-09 11:15:09 - [TEST_STEP][PASSED] - verifyElementPresent: Object 'Object Repository/div_col-4 center-block_1' is present

2018-05-09 11:15:09 - [MESSAGE][WARNING] - Timeout '0' is invalid. Using default page load timeout: '30'

2018-05-09 11:15:09 - [MESSAGE][PASSED] - Object 'Object Repository/div_col-4 center-block_1' is present

2018-05-09 11:15:09 - [TEST_STEP][PASSED] - verifyElementPresent: Object 'Object Repository/p_Total price  20150 THB' is present

2018-05-09 11:15:09 - [MESSAGE][WARNING] - Timeout '0' is invalid. Using default page load timeout: '30'

2018-05-09 11:15:09 - [MESSAGE][PASSED] - Object 'Object Repository/p_Total price  20150 THB' is present

2018-05-09 11:15:09 - [TEST_STEP][PASSED] - closeBrowser: Browser is closed

2018-05-09 11:15:10 - [MESSAGE][PASSED] - Browser is closed]]></system-out>
         <system-err><![CDATA[]]></system-err>
      </testcase>
      <testcase name="Test Cases/User add products" classname="Test Cases/User add products" status="PASSED">
         <system-out><![CDATA[2018-05-09 11:15:10 - [TEST_CASE][PASSED] - Test Cases/User add products: Test Cases/User add products

2018-05-09 11:15:10 - [TEST_STEP][PASSED] - openBrowser: Browser is opened with url: ''

2018-05-09 11:15:11 - [MESSAGE][PASSED] - Browser is opened with url: ''

2018-05-09 11:15:11 - [TEST_STEP][PASSED] - navigateToUrl: Navigate to 'http://34.209.48.20:9089/' successfully

2018-05-09 11:15:34 - [MESSAGE][PASSED] - Navigate to 'http://34.209.48.20:9089/' successfully

2018-05-09 11:15:34 - [TEST_STEP][PASSED] - verifyElementPresent: Object 'Object Repository/Front Page Objects/header' is present

2018-05-09 11:15:34 - [MESSAGE][WARNING] - Timeout '0' is invalid. Using default page load timeout: '30'

2018-05-09 11:15:34 - [MESSAGE][PASSED] - Object 'Object Repository/Front Page Objects/header' is present

2018-05-09 11:15:34 - [TEST_STEP][PASSED] - verifyElementPresent: Object 'Object Repository/Front Page Objects/p_header_description' is present

2018-05-09 11:15:34 - [MESSAGE][WARNING] - Timeout '0' is invalid. Using default page load timeout: '30'

2018-05-09 11:15:35 - [MESSAGE][PASSED] - Object 'Object Repository/Front Page Objects/p_header_description' is present

2018-05-09 11:15:35 - [TEST_STEP][PASSED] - verifyElementPresent: Object 'Object Repository/Front Page Objects/h2_Login' is present

2018-05-09 11:15:35 - [MESSAGE][WARNING] - Timeout '0' is invalid. Using default page load timeout: '30'

2018-05-09 11:15:35 - [MESSAGE][PASSED] - Object 'Object Repository/Front Page Objects/h2_Login' is present

2018-05-09 11:15:35 - [TEST_STEP][PASSED] - verifyElementPresent: Object 'Object Repository/Login Objects /label_Username' is present

2018-05-09 11:15:35 - [MESSAGE][WARNING] - Timeout '0' is invalid. Using default page load timeout: '30'

2018-05-09 11:15:35 - [MESSAGE][PASSED] - Object 'Object Repository/Login Objects /label_Username' is present

2018-05-09 11:15:35 - [TEST_STEP][PASSED] - verifyElementPresent: Object 'Object Repository/Login Objects /label_Password' is present

2018-05-09 11:15:35 - [MESSAGE][WARNING] - Timeout '0' is invalid. Using default page load timeout: '30'

2018-05-09 11:15:35 - [MESSAGE][PASSED] - Object 'Object Repository/Login Objects /label_Password' is present

2018-05-09 11:15:35 - [TEST_STEP][PASSED] - verifyElementPresent: Object 'Object Repository/Login Objects /div_Login' is present

2018-05-09 11:15:35 - [MESSAGE][WARNING] - Timeout '0' is invalid. Using default page load timeout: '30'

2018-05-09 11:15:35 - [MESSAGE][PASSED] - Object 'Object Repository/Login Objects /div_Login' is present

2018-05-09 11:15:35 - [TEST_STEP][PASSED] - setText: Text 'hello' is set on object 'Object Repository/Login Objects /input_username'

2018-05-09 11:15:35 - [MESSAGE][PASSED] - Text 'hello' is set on object 'Object Repository/Login Objects /input_username'

2018-05-09 11:15:35 - [TEST_STEP][PASSED] - setText: Text 'hello' is set on object 'Object Repository/Login Objects /input_password'

2018-05-09 11:15:35 - [MESSAGE][PASSED] - Text 'hello' is set on object 'Object Repository/Login Objects /input_password'

2018-05-09 11:15:35 - [TEST_STEP][PASSED] - click: Object: 'Object Repository/Login Objects /button_Login' is clicked on

2018-05-09 11:15:35 - [MESSAGE][PASSED] - Object: 'Object Repository/Login Objects /button_Login' is clicked on

2018-05-09 11:15:35 - [TEST_STEP][PASSED] - verifyElementPresent: Object 'Object Repository/Front Page Objects/div_add to cart' is present

2018-05-09 11:15:35 - [MESSAGE][WARNING] - Timeout '0' is invalid. Using default page load timeout: '30'

2018-05-09 11:15:36 - [MESSAGE][PASSED] - Object 'Object Repository/Front Page Objects/div_add to cart' is present

2018-05-09 11:15:36 - [TEST_STEP][PASSED] - verifyElementPresent: Object 'Object Repository/h5_Garden' is present

2018-05-09 11:15:36 - [MESSAGE][WARNING] - Timeout '0' is invalid. Using default page load timeout: '30'

2018-05-09 11:15:36 - [MESSAGE][PASSED] - Object 'Object Repository/h5_Garden' is present

2018-05-09 11:15:36 - [TEST_STEP][PASSED] - verifyElementPresent: Object 'Object Repository/div_add to cart' is present

2018-05-09 11:15:36 - [MESSAGE][WARNING] - Timeout '0' is invalid. Using default page load timeout: '30'

2018-05-09 11:15:36 - [MESSAGE][PASSED] - Object 'Object Repository/div_add to cart' is present

2018-05-09 11:15:36 - [TEST_STEP][PASSED] - click: Object: 'Object Repository/button_add to cart' is clicked on

2018-05-09 11:15:36 - [MESSAGE][PASSED] - Object: 'Object Repository/button_add to cart' is clicked on

2018-05-09 11:15:36 - [TEST_STEP][PASSED] - verifyElementPresent: Object 'Object Repository/div_already added' is present

2018-05-09 11:15:36 - [MESSAGE][WARNING] - Timeout '0' is invalid. Using default page load timeout: '30'

2018-05-09 11:15:36 - [MESSAGE][PASSED] - Object 'Object Repository/div_already added' is present

2018-05-09 11:15:36 - [TEST_STEP][PASSED] - verifyElementPresent: Object 'Object Repository/h5_Banana' is present

2018-05-09 11:15:36 - [MESSAGE][WARNING] - Timeout '0' is invalid. Using default page load timeout: '30'

2018-05-09 11:15:36 - [MESSAGE][PASSED] - Object 'Object Repository/h5_Banana' is present

2018-05-09 11:15:36 - [TEST_STEP][PASSED] - verifyElementPresent: Object 'Object Repository/div_add to cart' is present

2018-05-09 11:15:36 - [MESSAGE][WARNING] - Timeout '0' is invalid. Using default page load timeout: '30'

2018-05-09 11:15:36 - [MESSAGE][PASSED] - Object 'Object Repository/div_add to cart' is present

2018-05-09 11:15:36 - [TEST_STEP][PASSED] - click: Object: 'Object Repository/button_add to cart' is clicked on

2018-05-09 11:15:37 - [MESSAGE][PASSED] - Object: 'Object Repository/button_add to cart' is clicked on

2018-05-09 11:15:37 - [TEST_STEP][PASSED] - verifyElementPresent: Object 'Object Repository/div_already added' is present

2018-05-09 11:15:37 - [MESSAGE][WARNING] - Timeout '0' is invalid. Using default page load timeout: '30'

2018-05-09 11:15:37 - [MESSAGE][PASSED] - Object 'Object Repository/div_already added' is present

2018-05-09 11:15:37 - [TEST_STEP][PASSED] - verifyElementPresent: Object 'Object Repository/div_Products' is present

2018-05-09 11:15:37 - [MESSAGE][WARNING] - Timeout '0' is invalid. Using default page load timeout: '30'

2018-05-09 11:15:37 - [MESSAGE][PASSED] - Object 'Object Repository/div_Products' is present

2018-05-09 11:15:37 - [TEST_STEP][PASSED] - click: Object: 'Object Repository/a_Carts            2' is clicked on

2018-05-09 11:15:37 - [MESSAGE][PASSED] - Object: 'Object Repository/a_Carts            2' is clicked on

2018-05-09 11:15:37 - [TEST_STEP][PASSED] - verifyElementPresent: Object 'Object Repository/div_Shopping Cart' is present

2018-05-09 11:15:37 - [MESSAGE][WARNING] - Timeout '0' is invalid. Using default page load timeout: '30'

2018-05-09 11:15:37 - [MESSAGE][PASSED] - Object 'Object Repository/div_Shopping Cart' is present

2018-05-09 11:15:37 - [TEST_STEP][PASSED] - verifyElementPresent: Object 'Object Repository/td_Garden' is present

2018-05-09 11:15:37 - [MESSAGE][WARNING] - Timeout '0' is invalid. Using default page load timeout: '30'

2018-05-09 11:15:37 - [MESSAGE][PASSED] - Object 'Object Repository/td_Garden' is present

2018-05-09 11:15:37 - [TEST_STEP][PASSED] - verifyElementPresent: Object 'Object Repository/td_20000 THB' is present

2018-05-09 11:15:37 - [MESSAGE][WARNING] - Timeout '0' is invalid. Using default page load timeout: '30'

2018-05-09 11:15:37 - [MESSAGE][PASSED] - Object 'Object Repository/td_20000 THB' is present

2018-05-09 11:15:37 - [TEST_STEP][PASSED] - verifyElementPresent: Object 'Object Repository/div_col-4 center-block' is present

2018-05-09 11:15:37 - [MESSAGE][WARNING] - Timeout '0' is invalid. Using default page load timeout: '30'

2018-05-09 11:15:37 - [MESSAGE][PASSED] - Object 'Object Repository/div_col-4 center-block' is present

2018-05-09 11:15:37 - [TEST_STEP][PASSED] - verifyElementPresent: Object 'Object Repository/td_Banana' is present

2018-05-09 11:15:37 - [MESSAGE][WARNING] - Timeout '0' is invalid. Using default page load timeout: '30'

2018-05-09 11:15:37 - [MESSAGE][PASSED] - Object 'Object Repository/td_Banana' is present

2018-05-09 11:15:37 - [TEST_STEP][PASSED] - verifyElementPresent: Object 'Object Repository/td_150 THB' is present

2018-05-09 11:15:37 - [MESSAGE][WARNING] - Timeout '0' is invalid. Using default page load timeout: '30'

2018-05-09 11:15:37 - [MESSAGE][PASSED] - Object 'Object Repository/td_150 THB' is present

2018-05-09 11:15:37 - [TEST_STEP][PASSED] - verifyElementPresent: Object 'Object Repository/div_col-4 center-block_1' is present

2018-05-09 11:15:37 - [MESSAGE][WARNING] - Timeout '0' is invalid. Using default page load timeout: '30'

2018-05-09 11:15:37 - [MESSAGE][PASSED] - Object 'Object Repository/div_col-4 center-block_1' is present

2018-05-09 11:15:37 - [TEST_STEP][PASSED] - verifyElementPresent: Object 'Object Repository/p_Total price  20150 THB' is present

2018-05-09 11:15:37 - [MESSAGE][WARNING] - Timeout '0' is invalid. Using default page load timeout: '30'

2018-05-09 11:15:37 - [MESSAGE][PASSED] - Object 'Object Repository/p_Total price  20150 THB' is present

2018-05-09 11:15:37 - [TEST_STEP][PASSED] - closeBrowser: Browser is closed

2018-05-09 11:15:37 - [MESSAGE][PASSED] - Browser is closed]]></system-out>
         <system-err><![CDATA[]]></system-err>
      </testcase>
      <system-out><![CDATA[2018-05-09 11:12:51 - [TEST_SUITE][PASSED] - Data-Driven Tests Suite: Test Cases/User add products]]></system-out>
      <system-err><![CDATA[]]></system-err>
   </testsuite>
</testsuites>
