<?xml version="1.0" encoding="UTF-8"?>
<testsuites name="Test_User_Login" time="30" tests="2" failures="0" errors="0">
   <testsuite name="Test_User_Login" tests="2" failures="0" errors="0" time="30" timestamp="2018-05-08 21:46:47" hostname="snailwalker - 192.168.0.101" id="Test Suites/Test_User_Login">
      <properties>
         <property name="deviceName" value=""/>
         <property name="devicePlatform" value=""/>
         <property name="logFolder" value="/Users/snailwalker/Documents/workspace/backend/katalon/Reports/Test_User_Login/20180508_214645"/>
         <property name="logFiles" value="/Users/snailwalker/Documents/workspace/backend/katalon/Reports/Test_User_Login/20180508_214645/execution0.log"/>
         <property name="attachments" value=""/>
         <property name="hostName" value="snailwalker - 192.168.0.101"/>
         <property name="os" value="Mac OS X 64bit"/>
         <property name="katalonVersion" value="5.4.1.1"/>
         <property name="browser" value="Chrome 66.0.3359.139"/>
         <property name="hostAddress" value="192.168.0.101"/>
         <property name="sessionId" value="56e0a189444a08072314fa179ac2b880"/>
         <property name="seleniumVersion" value="3.7.1"/>
         <property name="proxyInformation" value="ProxyInformation{proxyOption=NO_PROXY, proxyServerType=HTTP, password=, proxyServerAddress=, proxyServerPort=0}"/>
         <property name="platform" value="Mac OS X"/>
      </properties>
      <testcase name="Test Cases/Test User Login" classname="Test Cases/Test User Login" status="PASSED">
         <system-out><![CDATA[2018-05-08 21:46:48 - [TEST_CASE][PASSED] - Test Cases/Test User Login: Test Cases/Test User Login

2018-05-08 21:46:48 - [TEST_STEP][PASSED] - openBrowser: Browser is opened with url: ''

2018-05-08 21:46:51 - [MESSAGE][PASSED] - Browser is opened with url: ''

2018-05-08 21:46:51 - [TEST_STEP][PASSED] - navigateToUrl: Navigate to 'http://34.209.48.20:9089/' successfully

2018-05-08 21:47:01 - [MESSAGE][PASSED] - Navigate to 'http://34.209.48.20:9089/' successfully

2018-05-08 21:47:01 - [TEST_STEP][PASSED] - verifyElementPresent: Object 'Object Repository/all_Objects/header' is present

2018-05-08 21:47:01 - [MESSAGE][WARNING] - Timeout '0' is invalid. Using default page load timeout: '30'

2018-05-08 21:47:01 - [MESSAGE][PASSED] - Object 'Object Repository/all_Objects/header' is present

2018-05-08 21:47:01 - [TEST_STEP][PASSED] - verifyElementPresent: Object 'Object Repository/all_Objects/p_header_description' is present

2018-05-08 21:47:01 - [MESSAGE][WARNING] - Timeout '0' is invalid. Using default page load timeout: '30'

2018-05-08 21:47:01 - [MESSAGE][PASSED] - Object 'Object Repository/all_Objects/p_header_description' is present

2018-05-08 21:47:01 - [TEST_STEP][PASSED] - verifyElementPresent: Object 'Object Repository/all_Objects/h2_Login' is present

2018-05-08 21:47:01 - [MESSAGE][WARNING] - Timeout '0' is invalid. Using default page load timeout: '30'

2018-05-08 21:47:01 - [MESSAGE][PASSED] - Object 'Object Repository/all_Objects/h2_Login' is present

2018-05-08 21:47:01 - [TEST_STEP][PASSED] - verifyElementPresent: Object 'Object Repository/all_Objects/label_Username' is present

2018-05-08 21:47:01 - [MESSAGE][WARNING] - Timeout '0' is invalid. Using default page load timeout: '30'

2018-05-08 21:47:01 - [MESSAGE][PASSED] - Object 'Object Repository/all_Objects/label_Username' is present

2018-05-08 21:47:01 - [TEST_STEP][PASSED] - verifyElementPresent: Object 'Object Repository/all_Objects/label_Password' is present

2018-05-08 21:47:01 - [MESSAGE][WARNING] - Timeout '0' is invalid. Using default page load timeout: '30'

2018-05-08 21:47:01 - [MESSAGE][PASSED] - Object 'Object Repository/all_Objects/label_Password' is present

2018-05-08 21:47:01 - [TEST_STEP][PASSED] - verifyElementPresent: Object 'Object Repository/all_Objects/div_Login' is present

2018-05-08 21:47:01 - [MESSAGE][WARNING] - Timeout '0' is invalid. Using default page load timeout: '30'

2018-05-08 21:47:01 - [MESSAGE][PASSED] - Object 'Object Repository/all_Objects/div_Login' is present

2018-05-08 21:47:01 - [TEST_STEP][PASSED] - setText: Text 'user' is set on object 'Object Repository/all_Objects/input_username'

2018-05-08 21:47:01 - [MESSAGE][PASSED] - Text 'user' is set on object 'Object Repository/all_Objects/input_username'

2018-05-08 21:47:01 - [TEST_STEP][PASSED] - setText: Text 'user' is set on object 'Object Repository/all_Objects/input_password'

2018-05-08 21:47:02 - [MESSAGE][PASSED] - Text 'user' is set on object 'Object Repository/all_Objects/input_password'

2018-05-08 21:47:02 - [TEST_STEP][PASSED] - click: Object: 'Object Repository/all_Objects/button_Login' is clicked on

2018-05-08 21:47:02 - [MESSAGE][PASSED] - Object: 'Object Repository/all_Objects/button_Login' is clicked on

2018-05-08 21:47:02 - [TEST_STEP][PASSED] - verifyElementPresent: Object 'Object Repository/all_Objects/header' is present

2018-05-08 21:47:02 - [MESSAGE][WARNING] - Timeout '0' is invalid. Using default page load timeout: '30'

2018-05-08 21:47:02 - [MESSAGE][PASSED] - Object 'Object Repository/all_Objects/header' is present

2018-05-08 21:47:02 - [TEST_STEP][PASSED] - verifyElementPresent: Object 'Object Repository/all_Objects/p_header_description' is present

2018-05-08 21:47:02 - [MESSAGE][WARNING] - Timeout '0' is invalid. Using default page load timeout: '30'

2018-05-08 21:47:02 - [MESSAGE][PASSED] - Object 'Object Repository/all_Objects/p_header_description' is present

2018-05-08 21:47:02 - [TEST_STEP][PASSED] - verifyElementPresent: Object 'Object Repository/all_Objects/div_add to cart' is present

2018-05-08 21:47:02 - [MESSAGE][WARNING] - Timeout '0' is invalid. Using default page load timeout: '30'

2018-05-08 21:47:03 - [MESSAGE][PASSED] - Object 'Object Repository/all_Objects/div_add to cart' is present

2018-05-08 21:47:03 - [TEST_STEP][PASSED] - click: Object: 'Object Repository/all_Objects/button_Carts' is clicked on

2018-05-08 21:47:03 - [MESSAGE][PASSED] - Object: 'Object Repository/all_Objects/button_Carts' is clicked on

2018-05-08 21:47:03 - [TEST_STEP][PASSED] - verifyElementPresent: Object 'Object Repository/all_Objects/User_Shopping Cart_header' is present

2018-05-08 21:47:03 - [MESSAGE][WARNING] - Timeout '0' is invalid. Using default page load timeout: '30'

2018-05-08 21:47:03 - [MESSAGE][PASSED] - Object 'Object Repository/all_Objects/User_Shopping Cart_header' is present

2018-05-08 21:47:03 - [TEST_STEP][PASSED] - verifyElementPresent: Object 'Object Repository/all_Objects/th_Product Name' is present

2018-05-08 21:47:03 - [MESSAGE][WARNING] - Timeout '0' is invalid. Using default page load timeout: '30'

2018-05-08 21:47:03 - [MESSAGE][PASSED] - Object 'Object Repository/all_Objects/th_Product Name' is present

2018-05-08 21:47:03 - [TEST_STEP][PASSED] - verifyElementPresent: Object 'Object Repository/all_Objects/th_Price' is present

2018-05-08 21:47:03 - [MESSAGE][WARNING] - Timeout '0' is invalid. Using default page load timeout: '30'

2018-05-08 21:47:03 - [MESSAGE][PASSED] - Object 'Object Repository/all_Objects/th_Price' is present

2018-05-08 21:47:03 - [TEST_STEP][PASSED] - verifyElementPresent: Object 'Object Repository/all_Objects/th_amount' is present

2018-05-08 21:47:03 - [MESSAGE][WARNING] - Timeout '0' is invalid. Using default page load timeout: '30'

2018-05-08 21:47:03 - [MESSAGE][PASSED] - Object 'Object Repository/all_Objects/th_amount' is present

2018-05-08 21:47:03 - [TEST_STEP][PASSED] - verifyElementPresent: Object 'Object Repository/all_Objects/p_Total price  0 THB' is present

2018-05-08 21:47:03 - [MESSAGE][WARNING] - Timeout '0' is invalid. Using default page load timeout: '30'

2018-05-08 21:47:03 - [MESSAGE][PASSED] - Object 'Object Repository/all_Objects/p_Total price  0 THB' is present

2018-05-08 21:47:03 - [TEST_STEP][PASSED] - verifyElementPresent: Object 'Object Repository/all_Objects/div_confirm' is present

2018-05-08 21:47:03 - [MESSAGE][WARNING] - Timeout '0' is invalid. Using default page load timeout: '30'

2018-05-08 21:47:03 - [MESSAGE][PASSED] - Object 'Object Repository/all_Objects/div_confirm' is present

2018-05-08 21:47:03 - [TEST_STEP][PASSED] - closeBrowser: Browser is closed

2018-05-08 21:47:03 - [MESSAGE][PASSED] - Browser is closed]]></system-out>
         <system-err><![CDATA[]]></system-err>
      </testcase>
      <testcase name="Test Cases/Test User Login" classname="Test Cases/Test User Login" status="PASSED">
         <system-out><![CDATA[2018-05-08 21:47:03 - [TEST_CASE][PASSED] - Test Cases/Test User Login: Test Cases/Test User Login

2018-05-08 21:47:03 - [TEST_STEP][PASSED] - openBrowser: Browser is opened with url: ''

2018-05-08 21:47:04 - [MESSAGE][PASSED] - Browser is opened with url: ''

2018-05-08 21:47:04 - [TEST_STEP][PASSED] - navigateToUrl: Navigate to 'http://34.209.48.20:9089/' successfully

2018-05-08 21:47:15 - [MESSAGE][PASSED] - Navigate to 'http://34.209.48.20:9089/' successfully

2018-05-08 21:47:15 - [TEST_STEP][PASSED] - verifyElementPresent: Object 'Object Repository/all_Objects/header' is present

2018-05-08 21:47:15 - [MESSAGE][WARNING] - Timeout '0' is invalid. Using default page load timeout: '30'

2018-05-08 21:47:15 - [MESSAGE][PASSED] - Object 'Object Repository/all_Objects/header' is present

2018-05-08 21:47:15 - [TEST_STEP][PASSED] - verifyElementPresent: Object 'Object Repository/all_Objects/p_header_description' is present

2018-05-08 21:47:15 - [MESSAGE][WARNING] - Timeout '0' is invalid. Using default page load timeout: '30'

2018-05-08 21:47:15 - [MESSAGE][PASSED] - Object 'Object Repository/all_Objects/p_header_description' is present

2018-05-08 21:47:15 - [TEST_STEP][PASSED] - verifyElementPresent: Object 'Object Repository/all_Objects/h2_Login' is present

2018-05-08 21:47:15 - [MESSAGE][WARNING] - Timeout '0' is invalid. Using default page load timeout: '30'

2018-05-08 21:47:15 - [MESSAGE][PASSED] - Object 'Object Repository/all_Objects/h2_Login' is present

2018-05-08 21:47:15 - [TEST_STEP][PASSED] - verifyElementPresent: Object 'Object Repository/all_Objects/label_Username' is present

2018-05-08 21:47:15 - [MESSAGE][WARNING] - Timeout '0' is invalid. Using default page load timeout: '30'

2018-05-08 21:47:15 - [MESSAGE][PASSED] - Object 'Object Repository/all_Objects/label_Username' is present

2018-05-08 21:47:15 - [TEST_STEP][PASSED] - verifyElementPresent: Object 'Object Repository/all_Objects/label_Password' is present

2018-05-08 21:47:15 - [MESSAGE][WARNING] - Timeout '0' is invalid. Using default page load timeout: '30'

2018-05-08 21:47:15 - [MESSAGE][PASSED] - Object 'Object Repository/all_Objects/label_Password' is present

2018-05-08 21:47:15 - [TEST_STEP][PASSED] - verifyElementPresent: Object 'Object Repository/all_Objects/div_Login' is present

2018-05-08 21:47:15 - [MESSAGE][WARNING] - Timeout '0' is invalid. Using default page load timeout: '30'

2018-05-08 21:47:15 - [MESSAGE][PASSED] - Object 'Object Repository/all_Objects/div_Login' is present

2018-05-08 21:47:15 - [TEST_STEP][PASSED] - setText: Text 'hello' is set on object 'Object Repository/all_Objects/input_username'

2018-05-08 21:47:15 - [MESSAGE][PASSED] - Text 'hello' is set on object 'Object Repository/all_Objects/input_username'

2018-05-08 21:47:15 - [TEST_STEP][PASSED] - setText: Text 'hello' is set on object 'Object Repository/all_Objects/input_password'

2018-05-08 21:47:15 - [MESSAGE][PASSED] - Text 'hello' is set on object 'Object Repository/all_Objects/input_password'

2018-05-08 21:47:15 - [TEST_STEP][PASSED] - click: Object: 'Object Repository/all_Objects/button_Login' is clicked on

2018-05-08 21:47:15 - [MESSAGE][PASSED] - Object: 'Object Repository/all_Objects/button_Login' is clicked on

2018-05-08 21:47:15 - [TEST_STEP][PASSED] - verifyElementPresent: Object 'Object Repository/all_Objects/header' is present

2018-05-08 21:47:15 - [MESSAGE][WARNING] - Timeout '0' is invalid. Using default page load timeout: '30'

2018-05-08 21:47:15 - [MESSAGE][PASSED] - Object 'Object Repository/all_Objects/header' is present

2018-05-08 21:47:15 - [TEST_STEP][PASSED] - verifyElementPresent: Object 'Object Repository/all_Objects/p_header_description' is present

2018-05-08 21:47:15 - [MESSAGE][WARNING] - Timeout '0' is invalid. Using default page load timeout: '30'

2018-05-08 21:47:15 - [MESSAGE][PASSED] - Object 'Object Repository/all_Objects/p_header_description' is present

2018-05-08 21:47:15 - [TEST_STEP][PASSED] - verifyElementPresent: Object 'Object Repository/all_Objects/div_add to cart' is present

2018-05-08 21:47:15 - [MESSAGE][WARNING] - Timeout '0' is invalid. Using default page load timeout: '30'

2018-05-08 21:47:17 - [MESSAGE][PASSED] - Object 'Object Repository/all_Objects/div_add to cart' is present

2018-05-08 21:47:17 - [TEST_STEP][PASSED] - click: Object: 'Object Repository/all_Objects/button_Carts' is clicked on

2018-05-08 21:47:17 - [MESSAGE][PASSED] - Object: 'Object Repository/all_Objects/button_Carts' is clicked on

2018-05-08 21:47:17 - [TEST_STEP][PASSED] - verifyElementPresent: Object 'Object Repository/all_Objects/User_Shopping Cart_header' is present

2018-05-08 21:47:17 - [MESSAGE][WARNING] - Timeout '0' is invalid. Using default page load timeout: '30'

2018-05-08 21:47:17 - [MESSAGE][PASSED] - Object 'Object Repository/all_Objects/User_Shopping Cart_header' is present

2018-05-08 21:47:17 - [TEST_STEP][PASSED] - verifyElementPresent: Object 'Object Repository/all_Objects/th_Product Name' is present

2018-05-08 21:47:17 - [MESSAGE][WARNING] - Timeout '0' is invalid. Using default page load timeout: '30'

2018-05-08 21:47:17 - [MESSAGE][PASSED] - Object 'Object Repository/all_Objects/th_Product Name' is present

2018-05-08 21:47:17 - [TEST_STEP][PASSED] - verifyElementPresent: Object 'Object Repository/all_Objects/th_Price' is present

2018-05-08 21:47:17 - [MESSAGE][WARNING] - Timeout '0' is invalid. Using default page load timeout: '30'

2018-05-08 21:47:17 - [MESSAGE][PASSED] - Object 'Object Repository/all_Objects/th_Price' is present

2018-05-08 21:47:17 - [TEST_STEP][PASSED] - verifyElementPresent: Object 'Object Repository/all_Objects/th_amount' is present

2018-05-08 21:47:17 - [MESSAGE][WARNING] - Timeout '0' is invalid. Using default page load timeout: '30'

2018-05-08 21:47:17 - [MESSAGE][PASSED] - Object 'Object Repository/all_Objects/th_amount' is present

2018-05-08 21:47:17 - [TEST_STEP][PASSED] - verifyElementPresent: Object 'Object Repository/all_Objects/p_Total price  0 THB' is present

2018-05-08 21:47:17 - [MESSAGE][WARNING] - Timeout '0' is invalid. Using default page load timeout: '30'

2018-05-08 21:47:17 - [MESSAGE][PASSED] - Object 'Object Repository/all_Objects/p_Total price  0 THB' is present

2018-05-08 21:47:17 - [TEST_STEP][PASSED] - verifyElementPresent: Object 'Object Repository/all_Objects/div_confirm' is present

2018-05-08 21:47:17 - [MESSAGE][WARNING] - Timeout '0' is invalid. Using default page load timeout: '30'

2018-05-08 21:47:17 - [MESSAGE][PASSED] - Object 'Object Repository/all_Objects/div_confirm' is present

2018-05-08 21:47:17 - [TEST_STEP][PASSED] - closeBrowser: Browser is closed

2018-05-08 21:47:17 - [MESSAGE][PASSED] - Browser is closed]]></system-out>
         <system-err><![CDATA[]]></system-err>
      </testcase>
      <system-out><![CDATA[2018-05-08 21:46:47 - [TEST_SUITE][PASSED] - Test_User_Login: Test Cases/Test User Login]]></system-out>
      <system-err><![CDATA[]]></system-err>
   </testsuite>
</testsuites>
