<?xml version="1.0" encoding="UTF-8"?>
<testsuites name="Data-Driven Test Suites" time="15" tests="1" failures="0" errors="0">
   <testsuite name="Data-Driven Test Suites" tests="1" failures="0" errors="0" time="15" timestamp="2018-05-09 02:46:18" hostname="snailwalker - 192.168.0.101" id="Test Suites/Data-Driven Test Suites">
      <properties>
         <property name="deviceName" value=""/>
         <property name="devicePlatform" value=""/>
         <property name="logFolder" value="/Users/snailwalker/Documents/workspace/backend/katalon/Reports/Data-Driven Test Suites/20180509_024615"/>
         <property name="logFiles" value="/Users/snailwalker/Documents/workspace/backend/katalon/Reports/Data-Driven Test Suites/20180509_024615/execution0.log"/>
         <property name="attachments" value=""/>
         <property name="hostName" value="snailwalker - 192.168.0.101"/>
         <property name="os" value="Mac OS X 64bit"/>
         <property name="katalonVersion" value="5.4.1.1"/>
         <property name="browser" value="Chrome 66.0.3359.139"/>
         <property name="hostAddress" value="192.168.0.101"/>
         <property name="sessionId" value="929ff5e25fb35f3ee01c2f80e82ccd82"/>
         <property name="seleniumVersion" value="3.7.1"/>
         <property name="proxyInformation" value="ProxyInformation{proxyOption=NO_PROXY, proxyServerType=HTTP, password=, proxyServerAddress=, proxyServerPort=0}"/>
         <property name="platform" value="Mac OS X"/>
      </properties>
      <testcase name="Test Cases/Test User Login Fail" classname="Test Cases/Test User Login Fail" status="PASSED">
         <system-out><![CDATA[2018-05-09 02:46:18 - [TEST_CASE][PASSED] - Test Cases/Test User Login Fail: Test Cases/Test User Login Fail

2018-05-09 02:46:19 - [TEST_STEP][PASSED] - openBrowser: Browser is opened with url: ''

2018-05-09 02:46:22 - [MESSAGE][PASSED] - Browser is opened with url: ''

2018-05-09 02:46:22 - [TEST_STEP][PASSED] - navigateToUrl: Navigate to 'http://34.209.48.20:9089/' successfully

2018-05-09 02:46:31 - [MESSAGE][PASSED] - Navigate to 'http://34.209.48.20:9089/' successfully

2018-05-09 02:46:31 - [TEST_STEP][PASSED] - verifyElementPresent: Object 'Object Repository/all_Objects/header' is present

2018-05-09 02:46:31 - [MESSAGE][WARNING] - Timeout '0' is invalid. Using default page load timeout: '30'

2018-05-09 02:46:31 - [MESSAGE][PASSED] - Object 'Object Repository/all_Objects/header' is present

2018-05-09 02:46:31 - [TEST_STEP][PASSED] - verifyElementPresent: Object 'Object Repository/all_Objects/p_header_description' is present

2018-05-09 02:46:31 - [MESSAGE][WARNING] - Timeout '0' is invalid. Using default page load timeout: '30'

2018-05-09 02:46:31 - [MESSAGE][PASSED] - Object 'Object Repository/all_Objects/p_header_description' is present

2018-05-09 02:46:31 - [TEST_STEP][PASSED] - verifyElementPresent: Object 'Object Repository/all_Objects/h2_Login' is present

2018-05-09 02:46:31 - [MESSAGE][WARNING] - Timeout '0' is invalid. Using default page load timeout: '30'

2018-05-09 02:46:31 - [MESSAGE][PASSED] - Object 'Object Repository/all_Objects/h2_Login' is present

2018-05-09 02:46:31 - [TEST_STEP][PASSED] - verifyElementPresent: Object 'Object Repository/all_Objects/label_Username' is present

2018-05-09 02:46:31 - [MESSAGE][WARNING] - Timeout '0' is invalid. Using default page load timeout: '30'

2018-05-09 02:46:31 - [MESSAGE][PASSED] - Object 'Object Repository/all_Objects/label_Username' is present

2018-05-09 02:46:31 - [TEST_STEP][PASSED] - verifyElementPresent: Object 'Object Repository/all_Objects/label_Password' is present

2018-05-09 02:46:31 - [MESSAGE][WARNING] - Timeout '0' is invalid. Using default page load timeout: '30'

2018-05-09 02:46:31 - [MESSAGE][PASSED] - Object 'Object Repository/all_Objects/label_Password' is present

2018-05-09 02:46:31 - [TEST_STEP][PASSED] - setText: Text 'firefly' is set on object 'Object Repository/all_Objects/input_username'

2018-05-09 02:46:32 - [MESSAGE][PASSED] - Text 'firefly' is set on object 'Object Repository/all_Objects/input_username'

2018-05-09 02:46:32 - [TEST_STEP][PASSED] - setText: Text 'wrongpass' is set on object 'Object Repository/all_Objects/input_password'

2018-05-09 02:46:32 - [MESSAGE][PASSED] - Text 'wrongpass' is set on object 'Object Repository/all_Objects/input_password'

2018-05-09 02:46:32 - [TEST_STEP][PASSED] - click: Object: 'Object Repository/all_Objects/button_Login' is clicked on

2018-05-09 02:46:32 - [MESSAGE][PASSED] - Object: 'Object Repository/all_Objects/button_Login' is clicked on

2018-05-09 02:46:32 - [TEST_STEP][PASSED] - verifyElementPresent: Object 'Object Repository/all_Objects/label_Usernamepassword is inco' is present

2018-05-09 02:46:32 - [MESSAGE][WARNING] - Timeout '0' is invalid. Using default page load timeout: '30'

2018-05-09 02:46:33 - [MESSAGE][PASSED] - Object 'Object Repository/all_Objects/label_Usernamepassword is inco' is present

2018-05-09 02:46:33 - [TEST_STEP][PASSED] - closeBrowser: Browser is closed

2018-05-09 02:46:33 - [MESSAGE][PASSED] - Browser is closed]]></system-out>
         <system-err><![CDATA[]]></system-err>
      </testcase>
      <system-out><![CDATA[2018-05-09 02:46:18 - [TEST_SUITE][PASSED] - Data-Driven Test Suites: Test Cases/Test User Login Fail]]></system-out>
      <system-err><![CDATA[]]></system-err>
   </testsuite>
</testsuites>
