<?xml version="1.0" encoding="UTF-8"?>
<testsuites name="Data-Driven Tests Suite" time="173" tests="12" failures="0" errors="0">
   <testsuite name="Data-Driven Tests Suite" tests="12" failures="0" errors="0" time="173" timestamp="2018-05-09 10:21:13" hostname="snailwalker - 192.168.0.101" id="Test Suites/Data-Driven Tests Suite">
      <properties>
         <property name="deviceName" value=""/>
         <property name="devicePlatform" value=""/>
         <property name="logFolder" value="/Users/snailwalker/Documents/workspace/backend/katalon/Reports/Data-Driven Tests Suite/20180509_102111"/>
         <property name="logFiles" value="/Users/snailwalker/Documents/workspace/backend/katalon/Reports/Data-Driven Tests Suite/20180509_102111/execution0.log"/>
         <property name="attachments" value=""/>
         <property name="hostName" value="snailwalker - 192.168.0.101"/>
         <property name="os" value="Mac OS X 64bit"/>
         <property name="katalonVersion" value="5.4.1.1"/>
         <property name="browser" value="Chrome 66.0.3359.139"/>
         <property name="hostAddress" value="192.168.0.101"/>
         <property name="sessionId" value="76081f6f93a41aed2bf5cde9ee22caad"/>
         <property name="seleniumVersion" value="3.7.1"/>
         <property name="proxyInformation" value="ProxyInformation{proxyOption=NO_PROXY, proxyServerType=HTTP, password=, proxyServerAddress=, proxyServerPort=0}"/>
         <property name="platform" value="Mac OS X"/>
      </properties>
      <testcase name="Test Cases/User Login" classname="Test Cases/User Login" status="PASSED">
         <system-out><![CDATA[2018-05-09 10:21:14 - [TEST_CASE][PASSED] - Test Cases/User Login: Test Cases/User Login

2018-05-09 10:21:14 - [TEST_STEP][PASSED] - openBrowser: Browser is opened with url: ''

2018-05-09 10:21:18 - [MESSAGE][PASSED] - Browser is opened with url: ''

2018-05-09 10:21:18 - [TEST_STEP][PASSED] - navigateToUrl: Navigate to 'http://34.209.48.20:9089/' successfully

2018-05-09 10:21:32 - [MESSAGE][PASSED] - Navigate to 'http://34.209.48.20:9089/' successfully

2018-05-09 10:21:32 - [TEST_STEP][PASSED] - verifyElementPresent: Object 'Object Repository/Front Page Objects/header' is present

2018-05-09 10:21:32 - [MESSAGE][WARNING] - Timeout '0' is invalid. Using default page load timeout: '30'

2018-05-09 10:21:32 - [MESSAGE][PASSED] - Object 'Object Repository/Front Page Objects/header' is present

2018-05-09 10:21:32 - [TEST_STEP][PASSED] - verifyElementPresent: Object 'Object Repository/Front Page Objects/p_header_description' is present

2018-05-09 10:21:32 - [MESSAGE][WARNING] - Timeout '0' is invalid. Using default page load timeout: '30'

2018-05-09 10:21:32 - [MESSAGE][PASSED] - Object 'Object Repository/Front Page Objects/p_header_description' is present

2018-05-09 10:21:32 - [TEST_STEP][PASSED] - verifyElementPresent: Object 'Object Repository/Front Page Objects/h2_Login' is present

2018-05-09 10:21:32 - [MESSAGE][WARNING] - Timeout '0' is invalid. Using default page load timeout: '30'

2018-05-09 10:21:32 - [MESSAGE][PASSED] - Object 'Object Repository/Front Page Objects/h2_Login' is present

2018-05-09 10:21:32 - [TEST_STEP][PASSED] - verifyElementPresent: Object 'Object Repository/Login Objects /label_Username' is present

2018-05-09 10:21:32 - [MESSAGE][WARNING] - Timeout '0' is invalid. Using default page load timeout: '30'

2018-05-09 10:21:32 - [MESSAGE][PASSED] - Object 'Object Repository/Login Objects /label_Username' is present

2018-05-09 10:21:32 - [TEST_STEP][PASSED] - verifyElementPresent: Object 'Object Repository/Login Objects /label_Password' is present

2018-05-09 10:21:32 - [MESSAGE][WARNING] - Timeout '0' is invalid. Using default page load timeout: '30'

2018-05-09 10:21:32 - [MESSAGE][PASSED] - Object 'Object Repository/Login Objects /label_Password' is present

2018-05-09 10:21:32 - [TEST_STEP][PASSED] - verifyElementPresent: Object 'Object Repository/Login Objects /div_Login' is present

2018-05-09 10:21:32 - [MESSAGE][WARNING] - Timeout '0' is invalid. Using default page load timeout: '30'

2018-05-09 10:21:32 - [MESSAGE][PASSED] - Object 'Object Repository/Login Objects /div_Login' is present

2018-05-09 10:21:32 - [TEST_STEP][PASSED] - setText: Text 'user' is set on object 'Object Repository/Login Objects /input_username'

2018-05-09 10:21:32 - [MESSAGE][PASSED] - Text 'user' is set on object 'Object Repository/Login Objects /input_username'

2018-05-09 10:21:32 - [TEST_STEP][PASSED] - setText: Text 'user' is set on object 'Object Repository/Login Objects /input_password'

2018-05-09 10:21:33 - [MESSAGE][PASSED] - Text 'user' is set on object 'Object Repository/Login Objects /input_password'

2018-05-09 10:21:33 - [TEST_STEP][PASSED] - click: Object: 'Object Repository/Login Objects /button_Login' is clicked on

2018-05-09 10:21:33 - [MESSAGE][PASSED] - Object: 'Object Repository/Login Objects /button_Login' is clicked on

2018-05-09 10:21:33 - [TEST_STEP][PASSED] - verifyElementPresent: Object 'Object Repository/Front Page Objects/header' is present

2018-05-09 10:21:33 - [MESSAGE][WARNING] - Timeout '0' is invalid. Using default page load timeout: '30'

2018-05-09 10:21:33 - [MESSAGE][PASSED] - Object 'Object Repository/Front Page Objects/header' is present

2018-05-09 10:21:33 - [TEST_STEP][PASSED] - verifyElementPresent: Object 'Object Repository/Front Page Objects/p_header_description' is present

2018-05-09 10:21:33 - [MESSAGE][WARNING] - Timeout '0' is invalid. Using default page load timeout: '30'

2018-05-09 10:21:33 - [MESSAGE][PASSED] - Object 'Object Repository/Front Page Objects/p_header_description' is present

2018-05-09 10:21:33 - [TEST_STEP][PASSED] - verifyElementPresent: Object 'Object Repository/Front Page Objects/div_add to cart' is present

2018-05-09 10:21:33 - [MESSAGE][WARNING] - Timeout '0' is invalid. Using default page load timeout: '30'

2018-05-09 10:21:34 - [MESSAGE][PASSED] - Object 'Object Repository/Front Page Objects/div_add to cart' is present

2018-05-09 10:21:34 - [TEST_STEP][PASSED] - click: Object: 'Object Repository/Front Page Objects/button_Carts' is clicked on

2018-05-09 10:21:35 - [MESSAGE][PASSED] - Object: 'Object Repository/Front Page Objects/button_Carts' is clicked on

2018-05-09 10:21:35 - [TEST_STEP][PASSED] - verifyElementPresent: Object 'Object Repository/Front Page Objects/User_Shopping Cart_header' is present

2018-05-09 10:21:35 - [MESSAGE][WARNING] - Timeout '0' is invalid. Using default page load timeout: '30'

2018-05-09 10:21:35 - [MESSAGE][PASSED] - Object 'Object Repository/Front Page Objects/User_Shopping Cart_header' is present

2018-05-09 10:21:35 - [TEST_STEP][PASSED] - verifyElementPresent: Object 'Object Repository/Front Page Objects/th_Product Name' is present

2018-05-09 10:21:35 - [MESSAGE][WARNING] - Timeout '0' is invalid. Using default page load timeout: '30'

2018-05-09 10:21:35 - [MESSAGE][PASSED] - Object 'Object Repository/Front Page Objects/th_Product Name' is present

2018-05-09 10:21:35 - [TEST_STEP][PASSED] - verifyElementPresent: Object 'Object Repository/Front Page Objects/th_Price' is present

2018-05-09 10:21:35 - [MESSAGE][WARNING] - Timeout '0' is invalid. Using default page load timeout: '30'

2018-05-09 10:21:35 - [MESSAGE][PASSED] - Object 'Object Repository/Front Page Objects/th_Price' is present

2018-05-09 10:21:35 - [TEST_STEP][PASSED] - verifyElementPresent: Object 'Object Repository/Front Page Objects/th_amount' is present

2018-05-09 10:21:35 - [MESSAGE][WARNING] - Timeout '0' is invalid. Using default page load timeout: '30'

2018-05-09 10:21:35 - [MESSAGE][PASSED] - Object 'Object Repository/Front Page Objects/th_amount' is present

2018-05-09 10:21:35 - [TEST_STEP][PASSED] - verifyElementPresent: Object 'Object Repository/Product Objects/p_Total price  0 THB' is present

2018-05-09 10:21:35 - [MESSAGE][WARNING] - Timeout '0' is invalid. Using default page load timeout: '30'

2018-05-09 10:21:35 - [MESSAGE][PASSED] - Object 'Object Repository/Product Objects/p_Total price  0 THB' is present

2018-05-09 10:21:35 - [TEST_STEP][PASSED] - verifyElementPresent: Object 'Object Repository/Login Objects /div_confirm' is present

2018-05-09 10:21:35 - [MESSAGE][WARNING] - Timeout '0' is invalid. Using default page load timeout: '30'

2018-05-09 10:21:35 - [MESSAGE][PASSED] - Object 'Object Repository/Login Objects /div_confirm' is present

2018-05-09 10:21:35 - [TEST_STEP][PASSED] - closeBrowser: Browser is closed

2018-05-09 10:21:35 - [MESSAGE][PASSED] - Browser is closed]]></system-out>
         <system-err><![CDATA[]]></system-err>
      </testcase>
      <testcase name="Test Cases/User Login" classname="Test Cases/User Login" status="PASSED">
         <system-out><![CDATA[2018-05-09 10:21:35 - [TEST_CASE][PASSED] - Test Cases/User Login: Test Cases/User Login

2018-05-09 10:21:35 - [TEST_STEP][PASSED] - openBrowser: Browser is opened with url: ''

2018-05-09 10:21:36 - [MESSAGE][PASSED] - Browser is opened with url: ''

2018-05-09 10:21:36 - [TEST_STEP][PASSED] - navigateToUrl: Navigate to 'http://34.209.48.20:9089/' successfully

2018-05-09 10:21:49 - [MESSAGE][PASSED] - Navigate to 'http://34.209.48.20:9089/' successfully

2018-05-09 10:21:49 - [TEST_STEP][PASSED] - verifyElementPresent: Object 'Object Repository/Front Page Objects/header' is present

2018-05-09 10:21:49 - [MESSAGE][WARNING] - Timeout '0' is invalid. Using default page load timeout: '30'

2018-05-09 10:21:49 - [MESSAGE][PASSED] - Object 'Object Repository/Front Page Objects/header' is present

2018-05-09 10:21:49 - [TEST_STEP][PASSED] - verifyElementPresent: Object 'Object Repository/Front Page Objects/p_header_description' is present

2018-05-09 10:21:49 - [MESSAGE][WARNING] - Timeout '0' is invalid. Using default page load timeout: '30'

2018-05-09 10:21:49 - [MESSAGE][PASSED] - Object 'Object Repository/Front Page Objects/p_header_description' is present

2018-05-09 10:21:49 - [TEST_STEP][PASSED] - verifyElementPresent: Object 'Object Repository/Front Page Objects/h2_Login' is present

2018-05-09 10:21:49 - [MESSAGE][WARNING] - Timeout '0' is invalid. Using default page load timeout: '30'

2018-05-09 10:21:49 - [MESSAGE][PASSED] - Object 'Object Repository/Front Page Objects/h2_Login' is present

2018-05-09 10:21:49 - [TEST_STEP][PASSED] - verifyElementPresent: Object 'Object Repository/Login Objects /label_Username' is present

2018-05-09 10:21:49 - [MESSAGE][WARNING] - Timeout '0' is invalid. Using default page load timeout: '30'

2018-05-09 10:21:49 - [MESSAGE][PASSED] - Object 'Object Repository/Login Objects /label_Username' is present

2018-05-09 10:21:49 - [TEST_STEP][PASSED] - verifyElementPresent: Object 'Object Repository/Login Objects /label_Password' is present

2018-05-09 10:21:49 - [MESSAGE][WARNING] - Timeout '0' is invalid. Using default page load timeout: '30'

2018-05-09 10:21:49 - [MESSAGE][PASSED] - Object 'Object Repository/Login Objects /label_Password' is present

2018-05-09 10:21:49 - [TEST_STEP][PASSED] - verifyElementPresent: Object 'Object Repository/Login Objects /div_Login' is present

2018-05-09 10:21:49 - [MESSAGE][WARNING] - Timeout '0' is invalid. Using default page load timeout: '30'

2018-05-09 10:21:49 - [MESSAGE][PASSED] - Object 'Object Repository/Login Objects /div_Login' is present

2018-05-09 10:21:49 - [TEST_STEP][PASSED] - setText: Text 'hello' is set on object 'Object Repository/Login Objects /input_username'

2018-05-09 10:21:49 - [MESSAGE][PASSED] - Text 'hello' is set on object 'Object Repository/Login Objects /input_username'

2018-05-09 10:21:49 - [TEST_STEP][PASSED] - setText: Text 'hello' is set on object 'Object Repository/Login Objects /input_password'

2018-05-09 10:21:49 - [MESSAGE][PASSED] - Text 'hello' is set on object 'Object Repository/Login Objects /input_password'

2018-05-09 10:21:49 - [TEST_STEP][PASSED] - click: Object: 'Object Repository/Login Objects /button_Login' is clicked on

2018-05-09 10:21:49 - [MESSAGE][PASSED] - Object: 'Object Repository/Login Objects /button_Login' is clicked on

2018-05-09 10:21:49 - [TEST_STEP][PASSED] - verifyElementPresent: Object 'Object Repository/Front Page Objects/header' is present

2018-05-09 10:21:49 - [MESSAGE][WARNING] - Timeout '0' is invalid. Using default page load timeout: '30'

2018-05-09 10:21:49 - [MESSAGE][PASSED] - Object 'Object Repository/Front Page Objects/header' is present

2018-05-09 10:21:49 - [TEST_STEP][PASSED] - verifyElementPresent: Object 'Object Repository/Front Page Objects/p_header_description' is present

2018-05-09 10:21:49 - [MESSAGE][WARNING] - Timeout '0' is invalid. Using default page load timeout: '30'

2018-05-09 10:21:49 - [MESSAGE][PASSED] - Object 'Object Repository/Front Page Objects/p_header_description' is present

2018-05-09 10:21:49 - [TEST_STEP][PASSED] - verifyElementPresent: Object 'Object Repository/Front Page Objects/div_add to cart' is present

2018-05-09 10:21:49 - [MESSAGE][WARNING] - Timeout '0' is invalid. Using default page load timeout: '30'

2018-05-09 10:21:51 - [MESSAGE][PASSED] - Object 'Object Repository/Front Page Objects/div_add to cart' is present

2018-05-09 10:21:51 - [TEST_STEP][PASSED] - click: Object: 'Object Repository/Front Page Objects/button_Carts' is clicked on

2018-05-09 10:21:51 - [MESSAGE][PASSED] - Object: 'Object Repository/Front Page Objects/button_Carts' is clicked on

2018-05-09 10:21:51 - [TEST_STEP][PASSED] - verifyElementPresent: Object 'Object Repository/Front Page Objects/User_Shopping Cart_header' is present

2018-05-09 10:21:51 - [MESSAGE][WARNING] - Timeout '0' is invalid. Using default page load timeout: '30'

2018-05-09 10:21:51 - [MESSAGE][PASSED] - Object 'Object Repository/Front Page Objects/User_Shopping Cart_header' is present

2018-05-09 10:21:51 - [TEST_STEP][PASSED] - verifyElementPresent: Object 'Object Repository/Front Page Objects/th_Product Name' is present

2018-05-09 10:21:51 - [MESSAGE][WARNING] - Timeout '0' is invalid. Using default page load timeout: '30'

2018-05-09 10:21:51 - [MESSAGE][PASSED] - Object 'Object Repository/Front Page Objects/th_Product Name' is present

2018-05-09 10:21:51 - [TEST_STEP][PASSED] - verifyElementPresent: Object 'Object Repository/Front Page Objects/th_Price' is present

2018-05-09 10:21:51 - [MESSAGE][WARNING] - Timeout '0' is invalid. Using default page load timeout: '30'

2018-05-09 10:21:51 - [MESSAGE][PASSED] - Object 'Object Repository/Front Page Objects/th_Price' is present

2018-05-09 10:21:51 - [TEST_STEP][PASSED] - verifyElementPresent: Object 'Object Repository/Front Page Objects/th_amount' is present

2018-05-09 10:21:51 - [MESSAGE][WARNING] - Timeout '0' is invalid. Using default page load timeout: '30'

2018-05-09 10:21:51 - [MESSAGE][PASSED] - Object 'Object Repository/Front Page Objects/th_amount' is present

2018-05-09 10:21:51 - [TEST_STEP][PASSED] - verifyElementPresent: Object 'Object Repository/Product Objects/p_Total price  0 THB' is present

2018-05-09 10:21:51 - [MESSAGE][WARNING] - Timeout '0' is invalid. Using default page load timeout: '30'

2018-05-09 10:21:51 - [MESSAGE][PASSED] - Object 'Object Repository/Product Objects/p_Total price  0 THB' is present

2018-05-09 10:21:51 - [TEST_STEP][PASSED] - verifyElementPresent: Object 'Object Repository/Login Objects /div_confirm' is present

2018-05-09 10:21:51 - [MESSAGE][WARNING] - Timeout '0' is invalid. Using default page load timeout: '30'

2018-05-09 10:21:51 - [MESSAGE][PASSED] - Object 'Object Repository/Login Objects /div_confirm' is present

2018-05-09 10:21:51 - [TEST_STEP][PASSED] - closeBrowser: Browser is closed

2018-05-09 10:21:51 - [MESSAGE][PASSED] - Browser is closed]]></system-out>
         <system-err><![CDATA[]]></system-err>
      </testcase>
      <testcase name="Test Cases/Admin login " classname="Test Cases/Admin login " status="PASSED">
         <system-out><![CDATA[2018-05-09 10:21:51 - [TEST_CASE][PASSED] - Test Cases/Admin login : Test Cases/Admin login 

2018-05-09 10:21:52 - [TEST_STEP][PASSED] - openBrowser: Browser is opened with url: ''

2018-05-09 10:21:53 - [MESSAGE][PASSED] - Browser is opened with url: ''

2018-05-09 10:21:53 - [TEST_STEP][PASSED] - navigateToUrl: Navigate to 'http://34.209.48.20:9089/' successfully

2018-05-09 10:22:02 - [MESSAGE][PASSED] - Navigate to 'http://34.209.48.20:9089/' successfully

2018-05-09 10:22:02 - [TEST_STEP][PASSED] - verifyElementPresent: Object 'Object Repository/Front Page Objects/header' is present

2018-05-09 10:22:02 - [MESSAGE][WARNING] - Timeout '0' is invalid. Using default page load timeout: '30'

2018-05-09 10:22:02 - [MESSAGE][PASSED] - Object 'Object Repository/Front Page Objects/header' is present

2018-05-09 10:22:02 - [TEST_STEP][PASSED] - verifyElementPresent: Object 'Object Repository/Front Page Objects/p_header_description' is present

2018-05-09 10:22:02 - [MESSAGE][WARNING] - Timeout '0' is invalid. Using default page load timeout: '30'

2018-05-09 10:22:02 - [MESSAGE][PASSED] - Object 'Object Repository/Front Page Objects/p_header_description' is present

2018-05-09 10:22:02 - [TEST_STEP][PASSED] - verifyElementPresent: Object 'Object Repository/Front Page Objects/h2_Login' is present

2018-05-09 10:22:02 - [MESSAGE][WARNING] - Timeout '0' is invalid. Using default page load timeout: '30'

2018-05-09 10:22:02 - [MESSAGE][PASSED] - Object 'Object Repository/Front Page Objects/h2_Login' is present

2018-05-09 10:22:02 - [TEST_STEP][PASSED] - verifyElementPresent: Object 'Object Repository/Login Objects /div_Username' is present

2018-05-09 10:22:02 - [MESSAGE][WARNING] - Timeout '0' is invalid. Using default page load timeout: '30'

2018-05-09 10:22:02 - [MESSAGE][PASSED] - Object 'Object Repository/Login Objects /div_Username' is present

2018-05-09 10:22:02 - [TEST_STEP][PASSED] - verifyElementPresent: Object 'Object Repository/Login Objects /div_Password' is present

2018-05-09 10:22:03 - [MESSAGE][WARNING] - Timeout '0' is invalid. Using default page load timeout: '30'

2018-05-09 10:22:03 - [MESSAGE][PASSED] - Object 'Object Repository/Login Objects /div_Password' is present

2018-05-09 10:22:03 - [TEST_STEP][PASSED] - verifyElementPresent: Object 'Object Repository/Login Objects /div_Login' is present

2018-05-09 10:22:03 - [MESSAGE][WARNING] - Timeout '0' is invalid. Using default page load timeout: '30'

2018-05-09 10:22:03 - [MESSAGE][PASSED] - Object 'Object Repository/Login Objects /div_Login' is present

2018-05-09 10:22:03 - [TEST_STEP][PASSED] - setText: Text 'admin' is set on object 'Object Repository/Login Objects /input_username'

2018-05-09 10:22:03 - [MESSAGE][PASSED] - Text 'admin' is set on object 'Object Repository/Login Objects /input_username'

2018-05-09 10:22:03 - [TEST_STEP][PASSED] - setText: Text 'admin' is set on object 'Object Repository/Login Objects /input_password'

2018-05-09 10:22:03 - [MESSAGE][PASSED] - Text 'admin' is set on object 'Object Repository/Login Objects /input_password'

2018-05-09 10:22:03 - [TEST_STEP][PASSED] - click: Object: 'Object Repository/Login Objects /button_Login' is clicked on

2018-05-09 10:22:03 - [MESSAGE][PASSED] - Object: 'Object Repository/Login Objects /button_Login' is clicked on

2018-05-09 10:22:03 - [TEST_STEP][PASSED] - verifyElementPresent: Object 'Object Repository/Front Page Objects/div_Products' is present

2018-05-09 10:22:03 - [MESSAGE][WARNING] - Timeout '0' is invalid. Using default page load timeout: '30'

2018-05-09 10:22:04 - [MESSAGE][PASSED] - Object 'Object Repository/Front Page Objects/div_Products' is present

2018-05-09 10:22:04 - [TEST_STEP][PASSED] - click: Object: 'Object Repository/Front Page Objects/a_Total Transaction' is clicked on

2018-05-09 10:22:04 - [MESSAGE][PASSED] - Object: 'Object Repository/Front Page Objects/a_Total Transaction' is clicked on

2018-05-09 10:22:04 - [TEST_STEP][PASSED] - verifyElementPresent: Object 'Object Repository/Front Page Objects/div_Transaction List' is present

2018-05-09 10:22:04 - [MESSAGE][WARNING] - Timeout '0' is invalid. Using default page load timeout: '30'

2018-05-09 10:22:04 - [MESSAGE][PASSED] - Object 'Object Repository/Front Page Objects/div_Transaction List' is present

2018-05-09 10:22:04 - [TEST_STEP][PASSED] - closeBrowser: Browser is closed

2018-05-09 10:22:04 - [MESSAGE][PASSED] - Browser is closed]]></system-out>
         <system-err><![CDATA[]]></system-err>
      </testcase>
      <testcase name="Test Cases/Available products -scripted " classname="Test Cases/Available products -scripted " status="PASSED">
         <system-out><![CDATA[2018-05-09 10:22:04 - [TEST_CASE][PASSED] - Test Cases/Available products -scripted : Test Cases/Available products -scripted 

2018-05-09 10:22:05 - [TEST_STEP][PASSED] - Statement - prod = ["productId":"", "name":"", "description":"", "imageLocation":"", "price":""]: null

2018-05-09 10:22:05 - [TEST_STEP][PASSED] - Statement - data = com.kms.katalon.core.testdata.TestDataFactory.findTestData("Data Files/data.product"): Reading excel file with source file '/Users/snailwalker/Documents/workspace/backend/katalon/Data Files/data.xlsx' and sheet name 'product'

2018-05-09 10:22:06 - [TEST_STEP][PASSED] - openBrowser: Browser is opened with url: ''

2018-05-09 10:22:07 - [MESSAGE][PASSED] - Browser is opened with url: ''

2018-05-09 10:22:07 - [TEST_STEP][PASSED] - navigateToUrl: Navigate to 'http://34.209.48.20:9089/' successfully

2018-05-09 10:22:17 - [MESSAGE][PASSED] - Navigate to 'http://34.209.48.20:9089/' successfully

2018-05-09 10:22:17 - [TEST_STEP][PASSED] - verifyElementPresent: Object 'Object Repository/Front Page Objects/header' is present

2018-05-09 10:22:17 - [MESSAGE][WARNING] - Timeout '0' is invalid. Using default page load timeout: '30'

2018-05-09 10:22:17 - [MESSAGE][PASSED] - Object 'Object Repository/Front Page Objects/header' is present

2018-05-09 10:22:17 - [TEST_STEP][PASSED] - verifyElementPresent: Object 'Object Repository/Front Page Objects/p_header_description' is present

2018-05-09 10:22:17 - [MESSAGE][WARNING] - Timeout '0' is invalid. Using default page load timeout: '30'

2018-05-09 10:22:17 - [MESSAGE][PASSED] - Object 'Object Repository/Front Page Objects/p_header_description' is present

2018-05-09 10:22:17 - [TEST_STEP][PASSED] - verifyElementPresent: Object 'Object Repository/Front Page Objects/h2_Login' is present

2018-05-09 10:22:17 - [MESSAGE][WARNING] - Timeout '0' is invalid. Using default page load timeout: '30'

2018-05-09 10:22:17 - [MESSAGE][PASSED] - Object 'Object Repository/Front Page Objects/h2_Login' is present

2018-05-09 10:22:17 - [TEST_STEP][PASSED] - verifyElementPresent: Object 'Object Repository/Login Objects /label_Username' is present

2018-05-09 10:22:17 - [MESSAGE][WARNING] - Timeout '0' is invalid. Using default page load timeout: '30'

2018-05-09 10:22:17 - [MESSAGE][PASSED] - Object 'Object Repository/Login Objects /label_Username' is present

2018-05-09 10:22:17 - [TEST_STEP][PASSED] - verifyElementPresent: Object 'Object Repository/Login Objects /label_Password' is present

2018-05-09 10:22:17 - [MESSAGE][WARNING] - Timeout '0' is invalid. Using default page load timeout: '30'

2018-05-09 10:22:17 - [MESSAGE][PASSED] - Object 'Object Repository/Login Objects /label_Password' is present

2018-05-09 10:22:17 - [TEST_STEP][PASSED] - click: Object: 'Object Repository/Front Page Objects/h2_Login' is clicked on

2018-05-09 10:22:17 - [MESSAGE][PASSED] - Object: 'Object Repository/Front Page Objects/h2_Login' is clicked on

2018-05-09 10:22:17 - [TEST_STEP][PASSED] - setText: Text 'user' is set on object 'Object Repository/Login Objects /input_username'

2018-05-09 10:22:17 - [MESSAGE][PASSED] - Text 'user' is set on object 'Object Repository/Login Objects /input_username'

2018-05-09 10:22:17 - [TEST_STEP][PASSED] - setText: Text 'user' is set on object 'Object Repository/Login Objects /input_password'

2018-05-09 10:22:17 - [MESSAGE][PASSED] - Text 'user' is set on object 'Object Repository/Login Objects /input_password'

2018-05-09 10:22:17 - [TEST_STEP][PASSED] - click: Object: 'Object Repository/Login Objects /button_Login' is clicked on

2018-05-09 10:22:17 - [MESSAGE][PASSED] - Object: 'Object Repository/Login Objects /button_Login' is clicked on

2018-05-09 10:22:17 - [TEST_STEP][PASSED] - verifyElementText: Actual text and expected text of test object 'Object Repository/Product Objects/h5_Garden' are matched.

2018-05-09 10:22:19 - [MESSAGE][PASSED] - Actual text and expected text of test object 'Object Repository/Product Objects/h5_Garden' are matched.

2018-05-09 10:22:19 - [TEST_STEP][PASSED] - verifyElementText: Actual text and expected text of test object 'Object Repository/Product Objects/p_The garden which you can gro' are matched.

2018-05-09 10:22:19 - [MESSAGE][PASSED] - Actual text and expected text of test object 'Object Repository/Product Objects/p_The garden which you can gro' are matched.

2018-05-09 10:22:19 - [TEST_STEP][PASSED] - verifyElementText: Actual text and expected text of test object 'Object Repository/Product Objects/h6_Price is 20000.00 THB' are matched.

2018-05-09 10:22:19 - [MESSAGE][PASSED] - Actual text and expected text of test object 'Object Repository/Product Objects/h6_Price is 20000.00 THB' are matched.

2018-05-09 10:22:19 - [TEST_STEP][PASSED] - verifyElementText: Actual text and expected text of test object 'Object Repository/Product Objects/h5_Banana' are matched.

2018-05-09 10:22:19 - [MESSAGE][PASSED] - Actual text and expected text of test object 'Object Repository/Product Objects/h5_Banana' are matched.

2018-05-09 10:22:19 - [TEST_STEP][PASSED] - verifyElementText: Actual text and expected text of test object 'Object Repository/Product Objects/p_A good fruit with very cheap' are matched.

2018-05-09 10:22:19 - [MESSAGE][PASSED] - Actual text and expected text of test object 'Object Repository/Product Objects/p_A good fruit with very cheap' are matched.

2018-05-09 10:22:19 - [TEST_STEP][PASSED] - verifyElementText: Actual text and expected text of test object 'Object Repository/Product Objects/h6_Price is 150.00 THB' are matched.

2018-05-09 10:22:19 - [MESSAGE][PASSED] - Actual text and expected text of test object 'Object Repository/Product Objects/h6_Price is 150.00 THB' are matched.

2018-05-09 10:22:19 - [TEST_STEP][PASSED] - verifyElementText: Actual text and expected text of test object 'Object Repository/Product Objects/h5_Orange' are matched.

2018-05-09 10:22:19 - [MESSAGE][PASSED] - Actual text and expected text of test object 'Object Repository/Product Objects/h5_Orange' are matched.

2018-05-09 10:22:19 - [TEST_STEP][PASSED] - verifyElementText: Actual text and expected text of test object 'Object Repository/Product Objects/p_Nothing good about it' are matched.

2018-05-09 10:22:19 - [MESSAGE][PASSED] - Actual text and expected text of test object 'Object Repository/Product Objects/p_Nothing good about it' are matched.

2018-05-09 10:22:19 - [TEST_STEP][PASSED] - verifyElementText: Actual text and expected text of test object 'Object Repository/Product Objects/h6_Price is 280.00 THB' are matched.

2018-05-09 10:22:19 - [MESSAGE][PASSED] - Actual text and expected text of test object 'Object Repository/Product Objects/h6_Price is 280.00 THB' are matched.

2018-05-09 10:22:19 - [TEST_STEP][PASSED] - verifyElementText: Actual text and expected text of test object 'Object Repository/Product Objects/h5_Papaya' are matched.

2018-05-09 10:22:19 - [MESSAGE][PASSED] - Actual text and expected text of test object 'Object Repository/Product Objects/h5_Papaya' are matched.

2018-05-09 10:22:19 - [TEST_STEP][PASSED] - verifyElementText: Actual text and expected text of test object 'Object Repository/Product Objects/p_Use for papaya salad' are matched.

2018-05-09 10:22:19 - [MESSAGE][PASSED] - Actual text and expected text of test object 'Object Repository/Product Objects/p_Use for papaya salad' are matched.

2018-05-09 10:22:19 - [TEST_STEP][PASSED] - verifyElementText: Actual text and expected text of test object 'Object Repository/Product Objects/h6_Price is 12.00 THB' are matched.

2018-05-09 10:22:19 - [MESSAGE][PASSED] - Actual text and expected text of test object 'Object Repository/Product Objects/h6_Price is 12.00 THB' are matched.

2018-05-09 10:22:19 - [TEST_STEP][PASSED] - verifyElementText: Actual text and expected text of test object 'Object Repository/Product Objects/h5_Rambutan' are matched.

2018-05-09 10:22:19 - [MESSAGE][PASSED] - Actual text and expected text of test object 'Object Repository/Product Objects/h5_Rambutan' are matched.

2018-05-09 10:22:19 - [TEST_STEP][PASSED] - verifyElementText: Actual text and expected text of test object 'Object Repository/Product Objects/p_An expensive fruit from the' are matched.

2018-05-09 10:22:19 - [MESSAGE][PASSED] - Actual text and expected text of test object 'Object Repository/Product Objects/p_An expensive fruit from the' are matched.

2018-05-09 10:22:19 - [TEST_STEP][PASSED] - verifyElementText: Actual text and expected text of test object 'Object Repository/Product Objects/h6_Price is 20.00 THB' are matched.

2018-05-09 10:22:19 - [MESSAGE][PASSED] - Actual text and expected text of test object 'Object Repository/Product Objects/h6_Price is 20.00 THB' are matched.

2018-05-09 10:22:19 - [TEST_STEP][PASSED] - closeBrowser: Browser is closed

2018-05-09 10:22:19 - [MESSAGE][PASSED] - Browser is closed]]></system-out>
         <system-err><![CDATA[]]></system-err>
      </testcase>
      <testcase name="Test Cases/Available products -scripted " classname="Test Cases/Available products -scripted " status="PASSED">
         <system-out><![CDATA[2018-05-09 10:22:19 - [TEST_CASE][PASSED] - Test Cases/Available products -scripted : Test Cases/Available products -scripted 

2018-05-09 10:22:19 - [TEST_STEP][PASSED] - Statement - prod = ["productId":"", "name":"", "description":"", "imageLocation":"", "price":""]: null

2018-05-09 10:22:19 - [TEST_STEP][PASSED] - Statement - data = com.kms.katalon.core.testdata.TestDataFactory.findTestData("Data Files/data.product"): Reading excel file with source file '/Users/snailwalker/Documents/workspace/backend/katalon/Data Files/data.xlsx' and sheet name 'product'

2018-05-09 10:22:19 - [TEST_STEP][PASSED] - openBrowser: Browser is opened with url: ''

2018-05-09 10:22:21 - [MESSAGE][PASSED] - Browser is opened with url: ''

2018-05-09 10:22:21 - [TEST_STEP][PASSED] - navigateToUrl: Navigate to 'http://34.209.48.20:9089/' successfully

2018-05-09 10:22:30 - [MESSAGE][PASSED] - Navigate to 'http://34.209.48.20:9089/' successfully

2018-05-09 10:22:30 - [TEST_STEP][PASSED] - verifyElementPresent: Object 'Object Repository/Front Page Objects/header' is present

2018-05-09 10:22:30 - [MESSAGE][WARNING] - Timeout '0' is invalid. Using default page load timeout: '30'

2018-05-09 10:22:30 - [MESSAGE][PASSED] - Object 'Object Repository/Front Page Objects/header' is present

2018-05-09 10:22:30 - [TEST_STEP][PASSED] - verifyElementPresent: Object 'Object Repository/Front Page Objects/p_header_description' is present

2018-05-09 10:22:30 - [MESSAGE][WARNING] - Timeout '0' is invalid. Using default page load timeout: '30'

2018-05-09 10:22:30 - [MESSAGE][PASSED] - Object 'Object Repository/Front Page Objects/p_header_description' is present

2018-05-09 10:22:30 - [TEST_STEP][PASSED] - verifyElementPresent: Object 'Object Repository/Front Page Objects/h2_Login' is present

2018-05-09 10:22:30 - [MESSAGE][WARNING] - Timeout '0' is invalid. Using default page load timeout: '30'

2018-05-09 10:22:30 - [MESSAGE][PASSED] - Object 'Object Repository/Front Page Objects/h2_Login' is present

2018-05-09 10:22:30 - [TEST_STEP][PASSED] - verifyElementPresent: Object 'Object Repository/Login Objects /label_Username' is present

2018-05-09 10:22:30 - [MESSAGE][WARNING] - Timeout '0' is invalid. Using default page load timeout: '30'

2018-05-09 10:22:30 - [MESSAGE][PASSED] - Object 'Object Repository/Login Objects /label_Username' is present

2018-05-09 10:22:30 - [TEST_STEP][PASSED] - verifyElementPresent: Object 'Object Repository/Login Objects /label_Password' is present

2018-05-09 10:22:30 - [MESSAGE][WARNING] - Timeout '0' is invalid. Using default page load timeout: '30'

2018-05-09 10:22:30 - [MESSAGE][PASSED] - Object 'Object Repository/Login Objects /label_Password' is present

2018-05-09 10:22:30 - [TEST_STEP][PASSED] - click: Object: 'Object Repository/Front Page Objects/h2_Login' is clicked on

2018-05-09 10:22:30 - [MESSAGE][PASSED] - Object: 'Object Repository/Front Page Objects/h2_Login' is clicked on

2018-05-09 10:22:30 - [TEST_STEP][PASSED] - setText: Text 'hello' is set on object 'Object Repository/Login Objects /input_username'

2018-05-09 10:22:31 - [MESSAGE][PASSED] - Text 'hello' is set on object 'Object Repository/Login Objects /input_username'

2018-05-09 10:22:31 - [TEST_STEP][PASSED] - setText: Text 'hello' is set on object 'Object Repository/Login Objects /input_password'

2018-05-09 10:22:31 - [MESSAGE][PASSED] - Text 'hello' is set on object 'Object Repository/Login Objects /input_password'

2018-05-09 10:22:31 - [TEST_STEP][PASSED] - click: Object: 'Object Repository/Login Objects /button_Login' is clicked on

2018-05-09 10:22:31 - [MESSAGE][PASSED] - Object: 'Object Repository/Login Objects /button_Login' is clicked on

2018-05-09 10:22:31 - [TEST_STEP][PASSED] - verifyElementText: Actual text and expected text of test object 'Object Repository/Product Objects/h5_Garden' are matched.

2018-05-09 10:22:32 - [MESSAGE][PASSED] - Actual text and expected text of test object 'Object Repository/Product Objects/h5_Garden' are matched.

2018-05-09 10:22:32 - [TEST_STEP][PASSED] - verifyElementText: Actual text and expected text of test object 'Object Repository/Product Objects/p_The garden which you can gro' are matched.

2018-05-09 10:22:32 - [MESSAGE][PASSED] - Actual text and expected text of test object 'Object Repository/Product Objects/p_The garden which you can gro' are matched.

2018-05-09 10:22:32 - [TEST_STEP][PASSED] - verifyElementText: Actual text and expected text of test object 'Object Repository/Product Objects/h6_Price is 20000.00 THB' are matched.

2018-05-09 10:22:32 - [MESSAGE][PASSED] - Actual text and expected text of test object 'Object Repository/Product Objects/h6_Price is 20000.00 THB' are matched.

2018-05-09 10:22:32 - [TEST_STEP][PASSED] - verifyElementText: Actual text and expected text of test object 'Object Repository/Product Objects/h5_Banana' are matched.

2018-05-09 10:22:33 - [MESSAGE][PASSED] - Actual text and expected text of test object 'Object Repository/Product Objects/h5_Banana' are matched.

2018-05-09 10:22:33 - [TEST_STEP][PASSED] - verifyElementText: Actual text and expected text of test object 'Object Repository/Product Objects/p_A good fruit with very cheap' are matched.

2018-05-09 10:22:33 - [MESSAGE][PASSED] - Actual text and expected text of test object 'Object Repository/Product Objects/p_A good fruit with very cheap' are matched.

2018-05-09 10:22:33 - [TEST_STEP][PASSED] - verifyElementText: Actual text and expected text of test object 'Object Repository/Product Objects/h6_Price is 150.00 THB' are matched.

2018-05-09 10:22:33 - [MESSAGE][PASSED] - Actual text and expected text of test object 'Object Repository/Product Objects/h6_Price is 150.00 THB' are matched.

2018-05-09 10:22:33 - [TEST_STEP][PASSED] - verifyElementText: Actual text and expected text of test object 'Object Repository/Product Objects/h5_Orange' are matched.

2018-05-09 10:22:33 - [MESSAGE][PASSED] - Actual text and expected text of test object 'Object Repository/Product Objects/h5_Orange' are matched.

2018-05-09 10:22:33 - [TEST_STEP][PASSED] - verifyElementText: Actual text and expected text of test object 'Object Repository/Product Objects/p_Nothing good about it' are matched.

2018-05-09 10:22:33 - [MESSAGE][PASSED] - Actual text and expected text of test object 'Object Repository/Product Objects/p_Nothing good about it' are matched.

2018-05-09 10:22:33 - [TEST_STEP][PASSED] - verifyElementText: Actual text and expected text of test object 'Object Repository/Product Objects/h6_Price is 280.00 THB' are matched.

2018-05-09 10:22:33 - [MESSAGE][PASSED] - Actual text and expected text of test object 'Object Repository/Product Objects/h6_Price is 280.00 THB' are matched.

2018-05-09 10:22:33 - [TEST_STEP][PASSED] - verifyElementText: Actual text and expected text of test object 'Object Repository/Product Objects/h5_Papaya' are matched.

2018-05-09 10:22:33 - [MESSAGE][PASSED] - Actual text and expected text of test object 'Object Repository/Product Objects/h5_Papaya' are matched.

2018-05-09 10:22:33 - [TEST_STEP][PASSED] - verifyElementText: Actual text and expected text of test object 'Object Repository/Product Objects/p_Use for papaya salad' are matched.

2018-05-09 10:22:33 - [MESSAGE][PASSED] - Actual text and expected text of test object 'Object Repository/Product Objects/p_Use for papaya salad' are matched.

2018-05-09 10:22:33 - [TEST_STEP][PASSED] - verifyElementText: Actual text and expected text of test object 'Object Repository/Product Objects/h6_Price is 12.00 THB' are matched.

2018-05-09 10:22:33 - [MESSAGE][PASSED] - Actual text and expected text of test object 'Object Repository/Product Objects/h6_Price is 12.00 THB' are matched.

2018-05-09 10:22:33 - [TEST_STEP][PASSED] - verifyElementText: Actual text and expected text of test object 'Object Repository/Product Objects/h5_Rambutan' are matched.

2018-05-09 10:22:33 - [MESSAGE][PASSED] - Actual text and expected text of test object 'Object Repository/Product Objects/h5_Rambutan' are matched.

2018-05-09 10:22:33 - [TEST_STEP][PASSED] - verifyElementText: Actual text and expected text of test object 'Object Repository/Product Objects/p_An expensive fruit from the' are matched.

2018-05-09 10:22:33 - [MESSAGE][PASSED] - Actual text and expected text of test object 'Object Repository/Product Objects/p_An expensive fruit from the' are matched.

2018-05-09 10:22:33 - [TEST_STEP][PASSED] - verifyElementText: Actual text and expected text of test object 'Object Repository/Product Objects/h6_Price is 20.00 THB' are matched.

2018-05-09 10:22:33 - [MESSAGE][PASSED] - Actual text and expected text of test object 'Object Repository/Product Objects/h6_Price is 20.00 THB' are matched.

2018-05-09 10:22:33 - [TEST_STEP][PASSED] - closeBrowser: Browser is closed

2018-05-09 10:22:33 - [MESSAGE][PASSED] - Browser is closed]]></system-out>
         <system-err><![CDATA[]]></system-err>
      </testcase>
      <testcase name="Test Cases/Login page " classname="Test Cases/Login page " status="PASSED">
         <system-out><![CDATA[2018-05-09 10:22:33 - [TEST_CASE][PASSED] - Test Cases/Login page : Test Cases/Login page 

2018-05-09 10:22:33 - [TEST_STEP][PASSED] - openBrowser: Browser is opened with url: ''

2018-05-09 10:22:34 - [MESSAGE][PASSED] - Browser is opened with url: ''

2018-05-09 10:22:34 - [TEST_STEP][PASSED] - navigateToUrl: Navigate to 'http://34.209.48.20:9089/' successfully

2018-05-09 10:22:44 - [MESSAGE][PASSED] - Navigate to 'http://34.209.48.20:9089/' successfully

2018-05-09 10:22:44 - [TEST_STEP][PASSED] - verifyElementPresent: Object 'Object Repository/Front Page Objects/header' is present

2018-05-09 10:22:44 - [MESSAGE][WARNING] - Timeout '0' is invalid. Using default page load timeout: '30'

2018-05-09 10:22:45 - [MESSAGE][PASSED] - Object 'Object Repository/Front Page Objects/header' is present

2018-05-09 10:22:45 - [TEST_STEP][PASSED] - verifyElementPresent: Object 'Object Repository/Front Page Objects/p_header_description' is present

2018-05-09 10:22:45 - [MESSAGE][WARNING] - Timeout '0' is invalid. Using default page load timeout: '30'

2018-05-09 10:22:45 - [MESSAGE][PASSED] - Object 'Object Repository/Front Page Objects/p_header_description' is present

2018-05-09 10:22:45 - [TEST_STEP][PASSED] - verifyElementPresent: Object 'Object Repository/Front Page Objects/h2_Login' is present

2018-05-09 10:22:45 - [MESSAGE][WARNING] - Timeout '0' is invalid. Using default page load timeout: '30'

2018-05-09 10:22:45 - [MESSAGE][PASSED] - Object 'Object Repository/Front Page Objects/h2_Login' is present

2018-05-09 10:22:45 - [TEST_STEP][PASSED] - verifyElementPresent: Object 'Object Repository/Login Objects /label_Username' is present

2018-05-09 10:22:45 - [MESSAGE][WARNING] - Timeout '0' is invalid. Using default page load timeout: '30'

2018-05-09 10:22:45 - [MESSAGE][PASSED] - Object 'Object Repository/Login Objects /label_Username' is present

2018-05-09 10:22:45 - [TEST_STEP][PASSED] - verifyElementPresent: Object 'Object Repository/Login Objects /label_Password' is present

2018-05-09 10:22:45 - [MESSAGE][WARNING] - Timeout '0' is invalid. Using default page load timeout: '30'

2018-05-09 10:22:45 - [MESSAGE][PASSED] - Object 'Object Repository/Login Objects /label_Password' is present

2018-05-09 10:22:45 - [TEST_STEP][PASSED] - closeBrowser: Browser is closed

2018-05-09 10:22:45 - [MESSAGE][PASSED] - Browser is closed]]></system-out>
         <system-err><![CDATA[]]></system-err>
      </testcase>
      <testcase name="Test Cases/User logout " classname="Test Cases/User logout " status="PASSED">
         <system-out><![CDATA[2018-05-09 10:22:45 - [TEST_CASE][PASSED] - Test Cases/User logout : Test Cases/User logout 

2018-05-09 10:22:45 - [TEST_STEP][PASSED] - openBrowser: Browser is opened with url: ''

2018-05-09 10:22:46 - [MESSAGE][PASSED] - Browser is opened with url: ''

2018-05-09 10:22:46 - [TEST_STEP][PASSED] - navigateToUrl: Navigate to 'http://34.209.48.20:9089/' successfully

2018-05-09 10:22:58 - [MESSAGE][PASSED] - Navigate to 'http://34.209.48.20:9089/' successfully

2018-05-09 10:22:58 - [TEST_STEP][PASSED] - verifyElementPresent: Object 'Object Repository/Front Page Objects/header' is present

2018-05-09 10:22:58 - [MESSAGE][WARNING] - Timeout '0' is invalid. Using default page load timeout: '30'

2018-05-09 10:22:58 - [MESSAGE][PASSED] - Object 'Object Repository/Front Page Objects/header' is present

2018-05-09 10:22:58 - [TEST_STEP][PASSED] - verifyElementPresent: Object 'Object Repository/Front Page Objects/p_header_description' is present

2018-05-09 10:22:58 - [MESSAGE][WARNING] - Timeout '0' is invalid. Using default page load timeout: '30'

2018-05-09 10:22:58 - [MESSAGE][PASSED] - Object 'Object Repository/Front Page Objects/p_header_description' is present

2018-05-09 10:22:58 - [TEST_STEP][PASSED] - verifyElementPresent: Object 'Object Repository/Front Page Objects/h2_Login' is present

2018-05-09 10:22:58 - [MESSAGE][WARNING] - Timeout '0' is invalid. Using default page load timeout: '30'

2018-05-09 10:22:58 - [MESSAGE][PASSED] - Object 'Object Repository/Front Page Objects/h2_Login' is present

2018-05-09 10:22:58 - [TEST_STEP][PASSED] - verifyElementPresent: Object 'Object Repository/Login Objects /label_Username' is present

2018-05-09 10:22:58 - [MESSAGE][WARNING] - Timeout '0' is invalid. Using default page load timeout: '30'

2018-05-09 10:22:58 - [MESSAGE][PASSED] - Object 'Object Repository/Login Objects /label_Username' is present

2018-05-09 10:22:58 - [TEST_STEP][PASSED] - verifyElementPresent: Object 'Object Repository/Login Objects /label_Password' is present

2018-05-09 10:22:58 - [MESSAGE][WARNING] - Timeout '0' is invalid. Using default page load timeout: '30'

2018-05-09 10:22:58 - [MESSAGE][PASSED] - Object 'Object Repository/Login Objects /label_Password' is present

2018-05-09 10:22:58 - [TEST_STEP][PASSED] - setText: Text 'user' is set on object 'Object Repository/Login Objects /input_username'

2018-05-09 10:22:58 - [MESSAGE][PASSED] - Text 'user' is set on object 'Object Repository/Login Objects /input_username'

2018-05-09 10:22:58 - [TEST_STEP][PASSED] - setText: Text 'user' is set on object 'Object Repository/Login Objects /input_password'

2018-05-09 10:22:59 - [MESSAGE][PASSED] - Text 'user' is set on object 'Object Repository/Login Objects /input_password'

2018-05-09 10:22:59 - [TEST_STEP][PASSED] - click: Object: 'Object Repository/Login Objects /button_Login' is clicked on

2018-05-09 10:22:59 - [MESSAGE][PASSED] - Object: 'Object Repository/Login Objects /button_Login' is clicked on

2018-05-09 10:22:59 - [TEST_STEP][PASSED] - verifyElementPresent: Object 'Object Repository/Front Page Objects/header' is present

2018-05-09 10:22:59 - [MESSAGE][WARNING] - Timeout '0' is invalid. Using default page load timeout: '30'

2018-05-09 10:22:59 - [MESSAGE][PASSED] - Object 'Object Repository/Front Page Objects/header' is present

2018-05-09 10:22:59 - [TEST_STEP][PASSED] - verifyElementPresent: Object 'Object Repository/Front Page Objects/p_header_description' is present

2018-05-09 10:22:59 - [MESSAGE][WARNING] - Timeout '0' is invalid. Using default page load timeout: '30'

2018-05-09 10:22:59 - [MESSAGE][PASSED] - Object 'Object Repository/Front Page Objects/p_header_description' is present

2018-05-09 10:22:59 - [TEST_STEP][PASSED] - verifyElementPresent: Object 'Object Repository/Front Page Objects/div_add to cart' is present

2018-05-09 10:22:59 - [MESSAGE][WARNING] - Timeout '0' is invalid. Using default page load timeout: '30'

2018-05-09 10:23:00 - [MESSAGE][PASSED] - Object 'Object Repository/Front Page Objects/div_add to cart' is present

2018-05-09 10:23:00 - [TEST_STEP][PASSED] - click: Object: 'Object Repository/Front Page Objects/button_Carts' is clicked on

2018-05-09 10:23:00 - [MESSAGE][PASSED] - Object: 'Object Repository/Front Page Objects/button_Carts' is clicked on

2018-05-09 10:23:00 - [TEST_STEP][PASSED] - verifyElementPresent: Object 'Object Repository/Front Page Objects/User_Shopping Cart_header' is present

2018-05-09 10:23:00 - [MESSAGE][WARNING] - Timeout '0' is invalid. Using default page load timeout: '30'

2018-05-09 10:23:00 - [MESSAGE][PASSED] - Object 'Object Repository/Front Page Objects/User_Shopping Cart_header' is present

2018-05-09 10:23:00 - [TEST_STEP][PASSED] - verifyElementPresent: Object 'Object Repository/Front Page Objects/th_Product Name' is present

2018-05-09 10:23:00 - [MESSAGE][WARNING] - Timeout '0' is invalid. Using default page load timeout: '30'

2018-05-09 10:23:00 - [MESSAGE][PASSED] - Object 'Object Repository/Front Page Objects/th_Product Name' is present

2018-05-09 10:23:00 - [TEST_STEP][PASSED] - verifyElementPresent: Object 'Object Repository/Front Page Objects/th_Price' is present

2018-05-09 10:23:00 - [MESSAGE][WARNING] - Timeout '0' is invalid. Using default page load timeout: '30'

2018-05-09 10:23:00 - [MESSAGE][PASSED] - Object 'Object Repository/Front Page Objects/th_Price' is present

2018-05-09 10:23:00 - [TEST_STEP][PASSED] - verifyElementPresent: Object 'Object Repository/Front Page Objects/th_amount' is present

2018-05-09 10:23:00 - [MESSAGE][WARNING] - Timeout '0' is invalid. Using default page load timeout: '30'

2018-05-09 10:23:00 - [MESSAGE][PASSED] - Object 'Object Repository/Front Page Objects/th_amount' is present

2018-05-09 10:23:00 - [TEST_STEP][PASSED] - verifyElementPresent: Object 'Object Repository/Product Objects/p_Total price  0 THB' is present

2018-05-09 10:23:00 - [MESSAGE][WARNING] - Timeout '0' is invalid. Using default page load timeout: '30'

2018-05-09 10:23:01 - [MESSAGE][PASSED] - Object 'Object Repository/Product Objects/p_Total price  0 THB' is present

2018-05-09 10:23:01 - [TEST_STEP][PASSED] - verifyElementPresent: Object 'Object Repository/Login Objects /div_confirm' is present

2018-05-09 10:23:01 - [MESSAGE][WARNING] - Timeout '0' is invalid. Using default page load timeout: '30'

2018-05-09 10:23:01 - [MESSAGE][PASSED] - Object 'Object Repository/Login Objects /div_confirm' is present

2018-05-09 10:23:01 - [TEST_STEP][PASSED] - click: Object: 'Object Repository/Login Objects /button_Logout' is clicked on

2018-05-09 10:23:01 - [MESSAGE][PASSED] - Object: 'Object Repository/Login Objects /button_Logout' is clicked on

2018-05-09 10:23:01 - [TEST_STEP][PASSED] - verifyElementPresent: Object 'Object Repository/Front Page Objects/header' is present

2018-05-09 10:23:01 - [MESSAGE][WARNING] - Timeout '0' is invalid. Using default page load timeout: '30'

2018-05-09 10:23:01 - [MESSAGE][PASSED] - Object 'Object Repository/Front Page Objects/header' is present

2018-05-09 10:23:01 - [TEST_STEP][PASSED] - verifyElementPresent: Object 'Object Repository/Front Page Objects/p_header_description' is present

2018-05-09 10:23:01 - [MESSAGE][WARNING] - Timeout '0' is invalid. Using default page load timeout: '30'

2018-05-09 10:23:01 - [MESSAGE][PASSED] - Object 'Object Repository/Front Page Objects/p_header_description' is present

2018-05-09 10:23:01 - [TEST_STEP][PASSED] - verifyElementPresent: Object 'Object Repository/Front Page Objects/h2_Login' is present

2018-05-09 10:23:01 - [MESSAGE][WARNING] - Timeout '0' is invalid. Using default page load timeout: '30'

2018-05-09 10:23:01 - [MESSAGE][PASSED] - Object 'Object Repository/Front Page Objects/h2_Login' is present

2018-05-09 10:23:01 - [TEST_STEP][PASSED] - verifyElementPresent: Object 'Object Repository/Login Objects /label_Username' is present

2018-05-09 10:23:01 - [MESSAGE][WARNING] - Timeout '0' is invalid. Using default page load timeout: '30'

2018-05-09 10:23:01 - [MESSAGE][PASSED] - Object 'Object Repository/Login Objects /label_Username' is present

2018-05-09 10:23:01 - [TEST_STEP][PASSED] - verifyElementPresent: Object 'Object Repository/Login Objects /label_Password' is present

2018-05-09 10:23:01 - [MESSAGE][WARNING] - Timeout '0' is invalid. Using default page load timeout: '30'

2018-05-09 10:23:01 - [MESSAGE][PASSED] - Object 'Object Repository/Login Objects /label_Password' is present

2018-05-09 10:23:01 - [TEST_STEP][PASSED] - closeBrowser: Browser is closed

2018-05-09 10:23:01 - [MESSAGE][PASSED] - Browser is closed]]></system-out>
         <system-err><![CDATA[]]></system-err>
      </testcase>
      <testcase name="Test Cases/User logout " classname="Test Cases/User logout " status="PASSED">
         <system-out><![CDATA[2018-05-09 10:23:01 - [TEST_CASE][PASSED] - Test Cases/User logout : Test Cases/User logout 

2018-05-09 10:23:01 - [TEST_STEP][PASSED] - openBrowser: Browser is opened with url: ''

2018-05-09 10:23:02 - [MESSAGE][PASSED] - Browser is opened with url: ''

2018-05-09 10:23:02 - [TEST_STEP][PASSED] - navigateToUrl: Navigate to 'http://34.209.48.20:9089/' successfully

2018-05-09 10:23:10 - [MESSAGE][PASSED] - Navigate to 'http://34.209.48.20:9089/' successfully

2018-05-09 10:23:10 - [TEST_STEP][PASSED] - verifyElementPresent: Object 'Object Repository/Front Page Objects/header' is present

2018-05-09 10:23:10 - [MESSAGE][WARNING] - Timeout '0' is invalid. Using default page load timeout: '30'

2018-05-09 10:23:10 - [MESSAGE][PASSED] - Object 'Object Repository/Front Page Objects/header' is present

2018-05-09 10:23:10 - [TEST_STEP][PASSED] - verifyElementPresent: Object 'Object Repository/Front Page Objects/p_header_description' is present

2018-05-09 10:23:10 - [MESSAGE][WARNING] - Timeout '0' is invalid. Using default page load timeout: '30'

2018-05-09 10:23:10 - [MESSAGE][PASSED] - Object 'Object Repository/Front Page Objects/p_header_description' is present

2018-05-09 10:23:10 - [TEST_STEP][PASSED] - verifyElementPresent: Object 'Object Repository/Front Page Objects/h2_Login' is present

2018-05-09 10:23:10 - [MESSAGE][WARNING] - Timeout '0' is invalid. Using default page load timeout: '30'

2018-05-09 10:23:10 - [MESSAGE][PASSED] - Object 'Object Repository/Front Page Objects/h2_Login' is present

2018-05-09 10:23:10 - [TEST_STEP][PASSED] - verifyElementPresent: Object 'Object Repository/Login Objects /label_Username' is present

2018-05-09 10:23:10 - [MESSAGE][WARNING] - Timeout '0' is invalid. Using default page load timeout: '30'

2018-05-09 10:23:10 - [MESSAGE][PASSED] - Object 'Object Repository/Login Objects /label_Username' is present

2018-05-09 10:23:10 - [TEST_STEP][PASSED] - verifyElementPresent: Object 'Object Repository/Login Objects /label_Password' is present

2018-05-09 10:23:10 - [MESSAGE][WARNING] - Timeout '0' is invalid. Using default page load timeout: '30'

2018-05-09 10:23:10 - [MESSAGE][PASSED] - Object 'Object Repository/Login Objects /label_Password' is present

2018-05-09 10:23:10 - [TEST_STEP][PASSED] - setText: Text 'hello' is set on object 'Object Repository/Login Objects /input_username'

2018-05-09 10:23:11 - [MESSAGE][PASSED] - Text 'hello' is set on object 'Object Repository/Login Objects /input_username'

2018-05-09 10:23:11 - [TEST_STEP][PASSED] - setText: Text 'hello' is set on object 'Object Repository/Login Objects /input_password'

2018-05-09 10:23:11 - [MESSAGE][PASSED] - Text 'hello' is set on object 'Object Repository/Login Objects /input_password'

2018-05-09 10:23:11 - [TEST_STEP][PASSED] - click: Object: 'Object Repository/Login Objects /button_Login' is clicked on

2018-05-09 10:23:11 - [MESSAGE][PASSED] - Object: 'Object Repository/Login Objects /button_Login' is clicked on

2018-05-09 10:23:11 - [TEST_STEP][PASSED] - verifyElementPresent: Object 'Object Repository/Front Page Objects/header' is present

2018-05-09 10:23:11 - [MESSAGE][WARNING] - Timeout '0' is invalid. Using default page load timeout: '30'

2018-05-09 10:23:11 - [MESSAGE][PASSED] - Object 'Object Repository/Front Page Objects/header' is present

2018-05-09 10:23:11 - [TEST_STEP][PASSED] - verifyElementPresent: Object 'Object Repository/Front Page Objects/p_header_description' is present

2018-05-09 10:23:11 - [MESSAGE][WARNING] - Timeout '0' is invalid. Using default page load timeout: '30'

2018-05-09 10:23:11 - [MESSAGE][PASSED] - Object 'Object Repository/Front Page Objects/p_header_description' is present

2018-05-09 10:23:11 - [TEST_STEP][PASSED] - verifyElementPresent: Object 'Object Repository/Front Page Objects/div_add to cart' is present

2018-05-09 10:23:11 - [MESSAGE][WARNING] - Timeout '0' is invalid. Using default page load timeout: '30'

2018-05-09 10:23:12 - [MESSAGE][PASSED] - Object 'Object Repository/Front Page Objects/div_add to cart' is present

2018-05-09 10:23:12 - [TEST_STEP][PASSED] - click: Object: 'Object Repository/Front Page Objects/button_Carts' is clicked on

2018-05-09 10:23:12 - [MESSAGE][PASSED] - Object: 'Object Repository/Front Page Objects/button_Carts' is clicked on

2018-05-09 10:23:12 - [TEST_STEP][PASSED] - verifyElementPresent: Object 'Object Repository/Front Page Objects/User_Shopping Cart_header' is present

2018-05-09 10:23:12 - [MESSAGE][WARNING] - Timeout '0' is invalid. Using default page load timeout: '30'

2018-05-09 10:23:12 - [MESSAGE][PASSED] - Object 'Object Repository/Front Page Objects/User_Shopping Cart_header' is present

2018-05-09 10:23:12 - [TEST_STEP][PASSED] - verifyElementPresent: Object 'Object Repository/Front Page Objects/th_Product Name' is present

2018-05-09 10:23:12 - [MESSAGE][WARNING] - Timeout '0' is invalid. Using default page load timeout: '30'

2018-05-09 10:23:13 - [MESSAGE][PASSED] - Object 'Object Repository/Front Page Objects/th_Product Name' is present

2018-05-09 10:23:13 - [TEST_STEP][PASSED] - verifyElementPresent: Object 'Object Repository/Front Page Objects/th_Price' is present

2018-05-09 10:23:13 - [MESSAGE][WARNING] - Timeout '0' is invalid. Using default page load timeout: '30'

2018-05-09 10:23:13 - [MESSAGE][PASSED] - Object 'Object Repository/Front Page Objects/th_Price' is present

2018-05-09 10:23:13 - [TEST_STEP][PASSED] - verifyElementPresent: Object 'Object Repository/Front Page Objects/th_amount' is present

2018-05-09 10:23:13 - [MESSAGE][WARNING] - Timeout '0' is invalid. Using default page load timeout: '30'

2018-05-09 10:23:13 - [MESSAGE][PASSED] - Object 'Object Repository/Front Page Objects/th_amount' is present

2018-05-09 10:23:13 - [TEST_STEP][PASSED] - verifyElementPresent: Object 'Object Repository/Product Objects/p_Total price  0 THB' is present

2018-05-09 10:23:13 - [MESSAGE][WARNING] - Timeout '0' is invalid. Using default page load timeout: '30'

2018-05-09 10:23:13 - [MESSAGE][PASSED] - Object 'Object Repository/Product Objects/p_Total price  0 THB' is present

2018-05-09 10:23:13 - [TEST_STEP][PASSED] - verifyElementPresent: Object 'Object Repository/Login Objects /div_confirm' is present

2018-05-09 10:23:13 - [MESSAGE][WARNING] - Timeout '0' is invalid. Using default page load timeout: '30'

2018-05-09 10:23:13 - [MESSAGE][PASSED] - Object 'Object Repository/Login Objects /div_confirm' is present

2018-05-09 10:23:13 - [TEST_STEP][PASSED] - click: Object: 'Object Repository/Login Objects /button_Logout' is clicked on

2018-05-09 10:23:13 - [MESSAGE][PASSED] - Object: 'Object Repository/Login Objects /button_Logout' is clicked on

2018-05-09 10:23:13 - [TEST_STEP][PASSED] - verifyElementPresent: Object 'Object Repository/Front Page Objects/header' is present

2018-05-09 10:23:13 - [MESSAGE][WARNING] - Timeout '0' is invalid. Using default page load timeout: '30'

2018-05-09 10:23:13 - [MESSAGE][PASSED] - Object 'Object Repository/Front Page Objects/header' is present

2018-05-09 10:23:13 - [TEST_STEP][PASSED] - verifyElementPresent: Object 'Object Repository/Front Page Objects/p_header_description' is present

2018-05-09 10:23:13 - [MESSAGE][WARNING] - Timeout '0' is invalid. Using default page load timeout: '30'

2018-05-09 10:23:13 - [MESSAGE][PASSED] - Object 'Object Repository/Front Page Objects/p_header_description' is present

2018-05-09 10:23:13 - [TEST_STEP][PASSED] - verifyElementPresent: Object 'Object Repository/Front Page Objects/h2_Login' is present

2018-05-09 10:23:13 - [MESSAGE][WARNING] - Timeout '0' is invalid. Using default page load timeout: '30'

2018-05-09 10:23:13 - [MESSAGE][PASSED] - Object 'Object Repository/Front Page Objects/h2_Login' is present

2018-05-09 10:23:13 - [TEST_STEP][PASSED] - verifyElementPresent: Object 'Object Repository/Login Objects /label_Username' is present

2018-05-09 10:23:13 - [MESSAGE][WARNING] - Timeout '0' is invalid. Using default page load timeout: '30'

2018-05-09 10:23:13 - [MESSAGE][PASSED] - Object 'Object Repository/Login Objects /label_Username' is present

2018-05-09 10:23:13 - [TEST_STEP][PASSED] - verifyElementPresent: Object 'Object Repository/Login Objects /label_Password' is present

2018-05-09 10:23:13 - [MESSAGE][WARNING] - Timeout '0' is invalid. Using default page load timeout: '30'

2018-05-09 10:23:13 - [MESSAGE][PASSED] - Object 'Object Repository/Login Objects /label_Password' is present

2018-05-09 10:23:13 - [TEST_STEP][PASSED] - closeBrowser: Browser is closed

2018-05-09 10:23:13 - [MESSAGE][PASSED] - Browser is closed]]></system-out>
         <system-err><![CDATA[]]></system-err>
      </testcase>
      <testcase name="Test Cases/User login fail " classname="Test Cases/User login fail " status="PASSED">
         <system-out><![CDATA[2018-05-09 10:23:13 - [TEST_CASE][PASSED] - Test Cases/User login fail : Test Cases/User login fail 

2018-05-09 10:23:13 - [TEST_STEP][PASSED] - openBrowser: Browser is opened with url: ''

2018-05-09 10:23:14 - [MESSAGE][PASSED] - Browser is opened with url: ''

2018-05-09 10:23:14 - [TEST_STEP][PASSED] - navigateToUrl: Navigate to 'http://34.209.48.20:9089/' successfully

2018-05-09 10:23:24 - [MESSAGE][PASSED] - Navigate to 'http://34.209.48.20:9089/' successfully

2018-05-09 10:23:24 - [TEST_STEP][PASSED] - verifyElementPresent: Object 'Object Repository/Front Page Objects/header' is present

2018-05-09 10:23:24 - [MESSAGE][WARNING] - Timeout '0' is invalid. Using default page load timeout: '30'

2018-05-09 10:23:24 - [MESSAGE][PASSED] - Object 'Object Repository/Front Page Objects/header' is present

2018-05-09 10:23:24 - [TEST_STEP][PASSED] - verifyElementPresent: Object 'Object Repository/Front Page Objects/p_header_description' is present

2018-05-09 10:23:24 - [MESSAGE][WARNING] - Timeout '0' is invalid. Using default page load timeout: '30'

2018-05-09 10:23:24 - [MESSAGE][PASSED] - Object 'Object Repository/Front Page Objects/p_header_description' is present

2018-05-09 10:23:24 - [TEST_STEP][PASSED] - verifyElementPresent: Object 'Object Repository/Front Page Objects/h2_Login' is present

2018-05-09 10:23:24 - [MESSAGE][WARNING] - Timeout '0' is invalid. Using default page load timeout: '30'

2018-05-09 10:23:24 - [MESSAGE][PASSED] - Object 'Object Repository/Front Page Objects/h2_Login' is present

2018-05-09 10:23:24 - [TEST_STEP][PASSED] - verifyElementPresent: Object 'Object Repository/Login Objects /label_Username' is present

2018-05-09 10:23:24 - [MESSAGE][WARNING] - Timeout '0' is invalid. Using default page load timeout: '30'

2018-05-09 10:23:24 - [MESSAGE][PASSED] - Object 'Object Repository/Login Objects /label_Username' is present

2018-05-09 10:23:24 - [TEST_STEP][PASSED] - verifyElementPresent: Object 'Object Repository/Login Objects /label_Password' is present

2018-05-09 10:23:24 - [MESSAGE][WARNING] - Timeout '0' is invalid. Using default page load timeout: '30'

2018-05-09 10:23:24 - [MESSAGE][PASSED] - Object 'Object Repository/Login Objects /label_Password' is present

2018-05-09 10:23:24 - [TEST_STEP][PASSED] - setText: Text 'firefly' is set on object 'Object Repository/Login Objects /input_username'

2018-05-09 10:23:24 - [MESSAGE][PASSED] - Text 'firefly' is set on object 'Object Repository/Login Objects /input_username'

2018-05-09 10:23:24 - [TEST_STEP][PASSED] - setText: Text 'wrongpass' is set on object 'Object Repository/Login Objects /input_password'

2018-05-09 10:23:24 - [MESSAGE][PASSED] - Text 'wrongpass' is set on object 'Object Repository/Login Objects /input_password'

2018-05-09 10:23:24 - [TEST_STEP][PASSED] - click: Object: 'Object Repository/Login Objects /button_Login' is clicked on

2018-05-09 10:23:24 - [MESSAGE][PASSED] - Object: 'Object Repository/Login Objects /button_Login' is clicked on

2018-05-09 10:23:24 - [TEST_STEP][PASSED] - verifyElementPresent: Object 'Object Repository/Login Objects /label_Usernamepassword is inco' is present

2018-05-09 10:23:24 - [MESSAGE][WARNING] - Timeout '0' is invalid. Using default page load timeout: '30'

2018-05-09 10:23:26 - [MESSAGE][PASSED] - Object 'Object Repository/Login Objects /label_Usernamepassword is inco' is present

2018-05-09 10:23:26 - [TEST_STEP][PASSED] - closeBrowser: Browser is closed

2018-05-09 10:23:26 - [MESSAGE][PASSED] - Browser is closed]]></system-out>
         <system-err><![CDATA[]]></system-err>
      </testcase>
      <testcase name="Test Cases/Empty password field " classname="Test Cases/Empty password field " status="PASSED">
         <system-out><![CDATA[2018-05-09 10:23:26 - [TEST_CASE][PASSED] - Test Cases/Empty password field : Test Cases/Empty password field 

2018-05-09 10:23:26 - [TEST_STEP][PASSED] - openBrowser: Browser is opened with url: ''

2018-05-09 10:23:27 - [MESSAGE][PASSED] - Browser is opened with url: ''

2018-05-09 10:23:27 - [TEST_STEP][PASSED] - navigateToUrl: Navigate to 'http://34.209.48.20:9089/' successfully

2018-05-09 10:23:39 - [MESSAGE][PASSED] - Navigate to 'http://34.209.48.20:9089/' successfully

2018-05-09 10:23:39 - [TEST_STEP][PASSED] - verifyElementPresent: Object 'Object Repository/Front Page Objects/header' is present

2018-05-09 10:23:39 - [MESSAGE][WARNING] - Timeout '0' is invalid. Using default page load timeout: '30'

2018-05-09 10:23:39 - [MESSAGE][PASSED] - Object 'Object Repository/Front Page Objects/header' is present

2018-05-09 10:23:39 - [TEST_STEP][PASSED] - verifyElementPresent: Object 'Object Repository/Front Page Objects/p_header_description' is present

2018-05-09 10:23:39 - [MESSAGE][WARNING] - Timeout '0' is invalid. Using default page load timeout: '30'

2018-05-09 10:23:39 - [MESSAGE][PASSED] - Object 'Object Repository/Front Page Objects/p_header_description' is present

2018-05-09 10:23:39 - [TEST_STEP][PASSED] - verifyElementPresent: Object 'Object Repository/Front Page Objects/h2_Login' is present

2018-05-09 10:23:39 - [MESSAGE][WARNING] - Timeout '0' is invalid. Using default page load timeout: '30'

2018-05-09 10:23:39 - [MESSAGE][PASSED] - Object 'Object Repository/Front Page Objects/h2_Login' is present

2018-05-09 10:23:39 - [TEST_STEP][PASSED] - verifyElementPresent: Object 'Object Repository/Login Objects /label_Username' is present

2018-05-09 10:23:39 - [MESSAGE][WARNING] - Timeout '0' is invalid. Using default page load timeout: '30'

2018-05-09 10:23:39 - [MESSAGE][PASSED] - Object 'Object Repository/Login Objects /label_Username' is present

2018-05-09 10:23:39 - [TEST_STEP][PASSED] - verifyElementPresent: Object 'Object Repository/Login Objects /label_Password' is present

2018-05-09 10:23:39 - [MESSAGE][WARNING] - Timeout '0' is invalid. Using default page load timeout: '30'

2018-05-09 10:23:39 - [MESSAGE][PASSED] - Object 'Object Repository/Login Objects /label_Password' is present

2018-05-09 10:23:39 - [TEST_STEP][PASSED] - verifyElementPresent: Object 'Object Repository/Login Objects /div_Login' is present

2018-05-09 10:23:39 - [MESSAGE][WARNING] - Timeout '0' is invalid. Using default page load timeout: '30'

2018-05-09 10:23:39 - [MESSAGE][PASSED] - Object 'Object Repository/Login Objects /div_Login' is present

2018-05-09 10:23:39 - [TEST_STEP][PASSED] - setText: Text 'admin' is set on object 'Object Repository/Login Objects /input_username'

2018-05-09 10:23:39 - [MESSAGE][PASSED] - Text 'admin' is set on object 'Object Repository/Login Objects /input_username'

2018-05-09 10:23:39 - [TEST_STEP][PASSED] - setText: Text '' is set on object 'Object Repository/Login Objects /input_password'

2018-05-09 10:23:39 - [MESSAGE][PASSED] - Text '' is set on object 'Object Repository/Login Objects /input_password'

2018-05-09 10:23:39 - [TEST_STEP][PASSED] - click: Object: 'Object Repository/Login Objects /button_Login' is clicked on

2018-05-09 10:23:39 - [MESSAGE][PASSED] - Object: 'Object Repository/Login Objects /button_Login' is clicked on

2018-05-09 10:23:39 - [TEST_STEP][PASSED] - verifyElementPresent: Object 'Object Repository/Login Objects /label_Password is required' is present

2018-05-09 10:23:39 - [MESSAGE][WARNING] - Timeout '0' is invalid. Using default page load timeout: '30'

2018-05-09 10:23:39 - [MESSAGE][PASSED] - Object 'Object Repository/Login Objects /label_Password is required' is present

2018-05-09 10:23:39 - [TEST_STEP][PASSED] - closeBrowser: Browser is closed

2018-05-09 10:23:39 - [MESSAGE][PASSED] - Browser is closed]]></system-out>
         <system-err><![CDATA[]]></system-err>
      </testcase>
      <testcase name="Test Cases/Empty password field " classname="Test Cases/Empty password field " status="PASSED">
         <system-out><![CDATA[2018-05-09 10:23:39 - [TEST_CASE][PASSED] - Test Cases/Empty password field : Test Cases/Empty password field 

2018-05-09 10:23:39 - [TEST_STEP][PASSED] - openBrowser: Browser is opened with url: ''

2018-05-09 10:23:40 - [MESSAGE][PASSED] - Browser is opened with url: ''

2018-05-09 10:23:40 - [TEST_STEP][PASSED] - navigateToUrl: Navigate to 'http://34.209.48.20:9089/' successfully

2018-05-09 10:23:52 - [MESSAGE][PASSED] - Navigate to 'http://34.209.48.20:9089/' successfully

2018-05-09 10:23:52 - [TEST_STEP][PASSED] - verifyElementPresent: Object 'Object Repository/Front Page Objects/header' is present

2018-05-09 10:23:52 - [MESSAGE][WARNING] - Timeout '0' is invalid. Using default page load timeout: '30'

2018-05-09 10:23:52 - [MESSAGE][PASSED] - Object 'Object Repository/Front Page Objects/header' is present

2018-05-09 10:23:52 - [TEST_STEP][PASSED] - verifyElementPresent: Object 'Object Repository/Front Page Objects/p_header_description' is present

2018-05-09 10:23:52 - [MESSAGE][WARNING] - Timeout '0' is invalid. Using default page load timeout: '30'

2018-05-09 10:23:52 - [MESSAGE][PASSED] - Object 'Object Repository/Front Page Objects/p_header_description' is present

2018-05-09 10:23:52 - [TEST_STEP][PASSED] - verifyElementPresent: Object 'Object Repository/Front Page Objects/h2_Login' is present

2018-05-09 10:23:52 - [MESSAGE][WARNING] - Timeout '0' is invalid. Using default page load timeout: '30'

2018-05-09 10:23:52 - [MESSAGE][PASSED] - Object 'Object Repository/Front Page Objects/h2_Login' is present

2018-05-09 10:23:52 - [TEST_STEP][PASSED] - verifyElementPresent: Object 'Object Repository/Login Objects /label_Username' is present

2018-05-09 10:23:52 - [MESSAGE][WARNING] - Timeout '0' is invalid. Using default page load timeout: '30'

2018-05-09 10:23:52 - [MESSAGE][PASSED] - Object 'Object Repository/Login Objects /label_Username' is present

2018-05-09 10:23:52 - [TEST_STEP][PASSED] - verifyElementPresent: Object 'Object Repository/Login Objects /label_Password' is present

2018-05-09 10:23:52 - [MESSAGE][WARNING] - Timeout '0' is invalid. Using default page load timeout: '30'

2018-05-09 10:23:52 - [MESSAGE][PASSED] - Object 'Object Repository/Login Objects /label_Password' is present

2018-05-09 10:23:52 - [TEST_STEP][PASSED] - verifyElementPresent: Object 'Object Repository/Login Objects /div_Login' is present

2018-05-09 10:23:52 - [MESSAGE][WARNING] - Timeout '0' is invalid. Using default page load timeout: '30'

2018-05-09 10:23:52 - [MESSAGE][PASSED] - Object 'Object Repository/Login Objects /div_Login' is present

2018-05-09 10:23:52 - [TEST_STEP][PASSED] - setText: Text 'user' is set on object 'Object Repository/Login Objects /input_username'

2018-05-09 10:23:52 - [MESSAGE][PASSED] - Text 'user' is set on object 'Object Repository/Login Objects /input_username'

2018-05-09 10:23:52 - [TEST_STEP][PASSED] - setText: Text '' is set on object 'Object Repository/Login Objects /input_password'

2018-05-09 10:23:52 - [MESSAGE][PASSED] - Text '' is set on object 'Object Repository/Login Objects /input_password'

2018-05-09 10:23:52 - [TEST_STEP][PASSED] - click: Object: 'Object Repository/Login Objects /button_Login' is clicked on

2018-05-09 10:23:52 - [MESSAGE][PASSED] - Object: 'Object Repository/Login Objects /button_Login' is clicked on

2018-05-09 10:23:52 - [TEST_STEP][PASSED] - verifyElementPresent: Object 'Object Repository/Login Objects /label_Password is required' is present

2018-05-09 10:23:52 - [MESSAGE][WARNING] - Timeout '0' is invalid. Using default page load timeout: '30'

2018-05-09 10:23:52 - [MESSAGE][PASSED] - Object 'Object Repository/Login Objects /label_Password is required' is present

2018-05-09 10:23:52 - [TEST_STEP][PASSED] - closeBrowser: Browser is closed

2018-05-09 10:23:52 - [MESSAGE][PASSED] - Browser is closed]]></system-out>
         <system-err><![CDATA[]]></system-err>
      </testcase>
      <testcase name="Test Cases/Empty password field " classname="Test Cases/Empty password field " status="PASSED">
         <system-out><![CDATA[2018-05-09 10:23:52 - [TEST_CASE][PASSED] - Test Cases/Empty password field : Test Cases/Empty password field 

2018-05-09 10:23:52 - [TEST_STEP][PASSED] - openBrowser: Browser is opened with url: ''

2018-05-09 10:23:53 - [MESSAGE][PASSED] - Browser is opened with url: ''

2018-05-09 10:23:53 - [TEST_STEP][PASSED] - navigateToUrl: Navigate to 'http://34.209.48.20:9089/' successfully

2018-05-09 10:24:06 - [MESSAGE][PASSED] - Navigate to 'http://34.209.48.20:9089/' successfully

2018-05-09 10:24:06 - [TEST_STEP][PASSED] - verifyElementPresent: Object 'Object Repository/Front Page Objects/header' is present

2018-05-09 10:24:06 - [MESSAGE][WARNING] - Timeout '0' is invalid. Using default page load timeout: '30'

2018-05-09 10:24:06 - [MESSAGE][PASSED] - Object 'Object Repository/Front Page Objects/header' is present

2018-05-09 10:24:06 - [TEST_STEP][PASSED] - verifyElementPresent: Object 'Object Repository/Front Page Objects/p_header_description' is present

2018-05-09 10:24:06 - [MESSAGE][WARNING] - Timeout '0' is invalid. Using default page load timeout: '30'

2018-05-09 10:24:06 - [MESSAGE][PASSED] - Object 'Object Repository/Front Page Objects/p_header_description' is present

2018-05-09 10:24:06 - [TEST_STEP][PASSED] - verifyElementPresent: Object 'Object Repository/Front Page Objects/h2_Login' is present

2018-05-09 10:24:06 - [MESSAGE][WARNING] - Timeout '0' is invalid. Using default page load timeout: '30'

2018-05-09 10:24:06 - [MESSAGE][PASSED] - Object 'Object Repository/Front Page Objects/h2_Login' is present

2018-05-09 10:24:06 - [TEST_STEP][PASSED] - verifyElementPresent: Object 'Object Repository/Login Objects /label_Username' is present

2018-05-09 10:24:06 - [MESSAGE][WARNING] - Timeout '0' is invalid. Using default page load timeout: '30'

2018-05-09 10:24:06 - [MESSAGE][PASSED] - Object 'Object Repository/Login Objects /label_Username' is present

2018-05-09 10:24:06 - [TEST_STEP][PASSED] - verifyElementPresent: Object 'Object Repository/Login Objects /label_Password' is present

2018-05-09 10:24:06 - [MESSAGE][WARNING] - Timeout '0' is invalid. Using default page load timeout: '30'

2018-05-09 10:24:06 - [MESSAGE][PASSED] - Object 'Object Repository/Login Objects /label_Password' is present

2018-05-09 10:24:06 - [TEST_STEP][PASSED] - verifyElementPresent: Object 'Object Repository/Login Objects /div_Login' is present

2018-05-09 10:24:06 - [MESSAGE][WARNING] - Timeout '0' is invalid. Using default page load timeout: '30'

2018-05-09 10:24:06 - [MESSAGE][PASSED] - Object 'Object Repository/Login Objects /div_Login' is present

2018-05-09 10:24:06 - [TEST_STEP][PASSED] - setText: Text 'hello' is set on object 'Object Repository/Login Objects /input_username'

2018-05-09 10:24:06 - [MESSAGE][PASSED] - Text 'hello' is set on object 'Object Repository/Login Objects /input_username'

2018-05-09 10:24:06 - [TEST_STEP][PASSED] - setText: Text '' is set on object 'Object Repository/Login Objects /input_password'

2018-05-09 10:24:06 - [MESSAGE][PASSED] - Text '' is set on object 'Object Repository/Login Objects /input_password'

2018-05-09 10:24:06 - [TEST_STEP][PASSED] - click: Object: 'Object Repository/Login Objects /button_Login' is clicked on

2018-05-09 10:24:07 - [MESSAGE][PASSED] - Object: 'Object Repository/Login Objects /button_Login' is clicked on

2018-05-09 10:24:07 - [TEST_STEP][PASSED] - verifyElementPresent: Object 'Object Repository/Login Objects /label_Password is required' is present

2018-05-09 10:24:07 - [MESSAGE][WARNING] - Timeout '0' is invalid. Using default page load timeout: '30'

2018-05-09 10:24:07 - [MESSAGE][PASSED] - Object 'Object Repository/Login Objects /label_Password is required' is present

2018-05-09 10:24:07 - [TEST_STEP][PASSED] - closeBrowser: Browser is closed

2018-05-09 10:24:07 - [MESSAGE][PASSED] - Browser is closed]]></system-out>
         <system-err><![CDATA[]]></system-err>
      </testcase>
      <system-out><![CDATA[2018-05-09 10:21:13 - [TEST_SUITE][PASSED] - Data-Driven Tests Suite: Test Cases/Empty password field]]></system-out>
      <system-err><![CDATA[]]></system-err>
   </testsuite>
</testsuites>
