<?xml version="1.0" encoding="UTF-8"?>
<testsuites name="Data-Driven Test Suites" time="176" tests="12" failures="0" errors="0">
   <testsuite name="Data-Driven Test Suites" tests="12" failures="0" errors="0" time="176" timestamp="2018-05-09 10:03:17" hostname="snailwalker - 192.168.0.101" id="Test Suites/Data-Driven Test Suites">
      <properties>
         <property name="deviceName" value=""/>
         <property name="devicePlatform" value=""/>
         <property name="logFolder" value="/Users/snailwalker/Documents/workspace/backend/katalon/Reports/Data-Driven Test Suites/20180509_100315"/>
         <property name="logFiles" value="/Users/snailwalker/Documents/workspace/backend/katalon/Reports/Data-Driven Test Suites/20180509_100315/execution0.log"/>
         <property name="attachments" value=""/>
         <property name="hostName" value="snailwalker - 192.168.0.101"/>
         <property name="os" value="Mac OS X 64bit"/>
         <property name="katalonVersion" value="5.4.1.1"/>
         <property name="browser" value="Chrome 66.0.3359.139"/>
         <property name="hostAddress" value="192.168.0.101"/>
         <property name="sessionId" value="c3b4b0134dcaf2bbf90051a78817563a"/>
         <property name="seleniumVersion" value="3.7.1"/>
         <property name="proxyInformation" value="ProxyInformation{proxyOption=NO_PROXY, proxyServerType=HTTP, password=, proxyServerAddress=, proxyServerPort=0}"/>
         <property name="platform" value="Mac OS X"/>
      </properties>
      <testcase name="Test Cases/Test User Login" classname="Test Cases/Test User Login" status="PASSED">
         <system-out><![CDATA[2018-05-09 10:03:17 - [TEST_CASE][PASSED] - Test Cases/Test User Login: Test Cases/Test User Login

2018-05-09 10:03:18 - [TEST_STEP][PASSED] - openBrowser: Browser is opened with url: ''

2018-05-09 10:03:21 - [MESSAGE][PASSED] - Browser is opened with url: ''

2018-05-09 10:03:21 - [TEST_STEP][PASSED] - navigateToUrl: Navigate to 'http://34.209.48.20:9089/' successfully

2018-05-09 10:03:33 - [MESSAGE][PASSED] - Navigate to 'http://34.209.48.20:9089/' successfully

2018-05-09 10:03:33 - [TEST_STEP][PASSED] - verifyElementPresent: Object 'Object Repository/Front Page Objects/header' is present

2018-05-09 10:03:33 - [MESSAGE][WARNING] - Timeout '0' is invalid. Using default page load timeout: '30'

2018-05-09 10:03:33 - [MESSAGE][PASSED] - Object 'Object Repository/Front Page Objects/header' is present

2018-05-09 10:03:33 - [TEST_STEP][PASSED] - verifyElementPresent: Object 'Object Repository/Front Page Objects/p_header_description' is present

2018-05-09 10:03:33 - [MESSAGE][WARNING] - Timeout '0' is invalid. Using default page load timeout: '30'

2018-05-09 10:03:33 - [MESSAGE][PASSED] - Object 'Object Repository/Front Page Objects/p_header_description' is present

2018-05-09 10:03:33 - [TEST_STEP][PASSED] - verifyElementPresent: Object 'Object Repository/Front Page Objects/h2_Login' is present

2018-05-09 10:03:33 - [MESSAGE][WARNING] - Timeout '0' is invalid. Using default page load timeout: '30'

2018-05-09 10:03:33 - [MESSAGE][PASSED] - Object 'Object Repository/Front Page Objects/h2_Login' is present

2018-05-09 10:03:33 - [TEST_STEP][PASSED] - verifyElementPresent: Object 'Object Repository/Login objects/label_Username' is present

2018-05-09 10:03:33 - [MESSAGE][WARNING] - Timeout '0' is invalid. Using default page load timeout: '30'

2018-05-09 10:03:33 - [MESSAGE][PASSED] - Object 'Object Repository/Login objects/label_Username' is present

2018-05-09 10:03:33 - [TEST_STEP][PASSED] - verifyElementPresent: Object 'Object Repository/Login objects/label_Password' is present

2018-05-09 10:03:33 - [MESSAGE][WARNING] - Timeout '0' is invalid. Using default page load timeout: '30'

2018-05-09 10:03:33 - [MESSAGE][PASSED] - Object 'Object Repository/Login objects/label_Password' is present

2018-05-09 10:03:33 - [TEST_STEP][PASSED] - verifyElementPresent: Object 'Object Repository/Login objects/div_Login' is present

2018-05-09 10:03:33 - [MESSAGE][WARNING] - Timeout '0' is invalid. Using default page load timeout: '30'

2018-05-09 10:03:33 - [MESSAGE][PASSED] - Object 'Object Repository/Login objects/div_Login' is present

2018-05-09 10:03:33 - [TEST_STEP][PASSED] - setText: Text 'user' is set on object 'Object Repository/Login objects/input_username'

2018-05-09 10:03:33 - [MESSAGE][PASSED] - Text 'user' is set on object 'Object Repository/Login objects/input_username'

2018-05-09 10:03:33 - [TEST_STEP][PASSED] - setText: Text 'user' is set on object 'Object Repository/Login objects/input_password'

2018-05-09 10:03:33 - [MESSAGE][PASSED] - Text 'user' is set on object 'Object Repository/Login objects/input_password'

2018-05-09 10:03:33 - [TEST_STEP][PASSED] - click: Object: 'Object Repository/Login objects/button_Login' is clicked on

2018-05-09 10:03:34 - [MESSAGE][PASSED] - Object: 'Object Repository/Login objects/button_Login' is clicked on

2018-05-09 10:03:34 - [TEST_STEP][PASSED] - verifyElementPresent: Object 'Object Repository/Front Page Objects/header' is present

2018-05-09 10:03:34 - [MESSAGE][WARNING] - Timeout '0' is invalid. Using default page load timeout: '30'

2018-05-09 10:03:34 - [MESSAGE][PASSED] - Object 'Object Repository/Front Page Objects/header' is present

2018-05-09 10:03:34 - [TEST_STEP][PASSED] - verifyElementPresent: Object 'Object Repository/Front Page Objects/p_header_description' is present

2018-05-09 10:03:34 - [MESSAGE][WARNING] - Timeout '0' is invalid. Using default page load timeout: '30'

2018-05-09 10:03:34 - [MESSAGE][PASSED] - Object 'Object Repository/Front Page Objects/p_header_description' is present

2018-05-09 10:03:34 - [TEST_STEP][PASSED] - verifyElementPresent: Object 'Object Repository/Front Page Objects/div_add to cart' is present

2018-05-09 10:03:34 - [MESSAGE][WARNING] - Timeout '0' is invalid. Using default page load timeout: '30'

2018-05-09 10:03:35 - [MESSAGE][PASSED] - Object 'Object Repository/Front Page Objects/div_add to cart' is present

2018-05-09 10:03:35 - [TEST_STEP][PASSED] - click: Object: 'Object Repository/Front Page Objects/button_Carts' is clicked on

2018-05-09 10:03:35 - [MESSAGE][PASSED] - Object: 'Object Repository/Front Page Objects/button_Carts' is clicked on

2018-05-09 10:03:35 - [TEST_STEP][PASSED] - verifyElementPresent: Object 'Object Repository/Front Page Objects/User_Shopping Cart_header' is present

2018-05-09 10:03:35 - [MESSAGE][WARNING] - Timeout '0' is invalid. Using default page load timeout: '30'

2018-05-09 10:03:35 - [MESSAGE][PASSED] - Object 'Object Repository/Front Page Objects/User_Shopping Cart_header' is present

2018-05-09 10:03:35 - [TEST_STEP][PASSED] - verifyElementPresent: Object 'Object Repository/Front Page Objects/th_Product Name' is present

2018-05-09 10:03:35 - [MESSAGE][WARNING] - Timeout '0' is invalid. Using default page load timeout: '30'

2018-05-09 10:03:35 - [MESSAGE][PASSED] - Object 'Object Repository/Front Page Objects/th_Product Name' is present

2018-05-09 10:03:35 - [TEST_STEP][PASSED] - verifyElementPresent: Object 'Object Repository/Front Page Objects/th_Price' is present

2018-05-09 10:03:35 - [MESSAGE][WARNING] - Timeout '0' is invalid. Using default page load timeout: '30'

2018-05-09 10:03:35 - [MESSAGE][PASSED] - Object 'Object Repository/Front Page Objects/th_Price' is present

2018-05-09 10:03:35 - [TEST_STEP][PASSED] - verifyElementPresent: Object 'Object Repository/Front Page Objects/th_amount' is present

2018-05-09 10:03:35 - [MESSAGE][WARNING] - Timeout '0' is invalid. Using default page load timeout: '30'

2018-05-09 10:03:35 - [MESSAGE][PASSED] - Object 'Object Repository/Front Page Objects/th_amount' is present

2018-05-09 10:03:35 - [TEST_STEP][PASSED] - verifyElementPresent: Object 'Object Repository/Product Objects/p_Total price  0 THB' is present

2018-05-09 10:03:35 - [MESSAGE][WARNING] - Timeout '0' is invalid. Using default page load timeout: '30'

2018-05-09 10:03:35 - [MESSAGE][PASSED] - Object 'Object Repository/Product Objects/p_Total price  0 THB' is present

2018-05-09 10:03:35 - [TEST_STEP][PASSED] - verifyElementPresent: Object 'Object Repository/Login objects/div_confirm' is present

2018-05-09 10:03:35 - [MESSAGE][WARNING] - Timeout '0' is invalid. Using default page load timeout: '30'

2018-05-09 10:03:35 - [MESSAGE][PASSED] - Object 'Object Repository/Login objects/div_confirm' is present

2018-05-09 10:03:35 - [TEST_STEP][PASSED] - closeBrowser: Browser is closed

2018-05-09 10:03:35 - [MESSAGE][PASSED] - Browser is closed]]></system-out>
         <system-err><![CDATA[]]></system-err>
      </testcase>
      <testcase name="Test Cases/Test User Login" classname="Test Cases/Test User Login" status="PASSED">
         <system-out><![CDATA[2018-05-09 10:03:35 - [TEST_CASE][PASSED] - Test Cases/Test User Login: Test Cases/Test User Login

2018-05-09 10:03:35 - [TEST_STEP][PASSED] - openBrowser: Browser is opened with url: ''

2018-05-09 10:03:36 - [MESSAGE][PASSED] - Browser is opened with url: ''

2018-05-09 10:03:36 - [TEST_STEP][PASSED] - navigateToUrl: Navigate to 'http://34.209.48.20:9089/' successfully

2018-05-09 10:03:46 - [MESSAGE][PASSED] - Navigate to 'http://34.209.48.20:9089/' successfully

2018-05-09 10:03:46 - [TEST_STEP][PASSED] - verifyElementPresent: Object 'Object Repository/Front Page Objects/header' is present

2018-05-09 10:03:46 - [MESSAGE][WARNING] - Timeout '0' is invalid. Using default page load timeout: '30'

2018-05-09 10:03:46 - [MESSAGE][PASSED] - Object 'Object Repository/Front Page Objects/header' is present

2018-05-09 10:03:46 - [TEST_STEP][PASSED] - verifyElementPresent: Object 'Object Repository/Front Page Objects/p_header_description' is present

2018-05-09 10:03:46 - [MESSAGE][WARNING] - Timeout '0' is invalid. Using default page load timeout: '30'

2018-05-09 10:03:46 - [MESSAGE][PASSED] - Object 'Object Repository/Front Page Objects/p_header_description' is present

2018-05-09 10:03:46 - [TEST_STEP][PASSED] - verifyElementPresent: Object 'Object Repository/Front Page Objects/h2_Login' is present

2018-05-09 10:03:46 - [MESSAGE][WARNING] - Timeout '0' is invalid. Using default page load timeout: '30'

2018-05-09 10:03:46 - [MESSAGE][PASSED] - Object 'Object Repository/Front Page Objects/h2_Login' is present

2018-05-09 10:03:46 - [TEST_STEP][PASSED] - verifyElementPresent: Object 'Object Repository/Login objects/label_Username' is present

2018-05-09 10:03:46 - [MESSAGE][WARNING] - Timeout '0' is invalid. Using default page load timeout: '30'

2018-05-09 10:03:46 - [MESSAGE][PASSED] - Object 'Object Repository/Login objects/label_Username' is present

2018-05-09 10:03:46 - [TEST_STEP][PASSED] - verifyElementPresent: Object 'Object Repository/Login objects/label_Password' is present

2018-05-09 10:03:46 - [MESSAGE][WARNING] - Timeout '0' is invalid. Using default page load timeout: '30'

2018-05-09 10:03:46 - [MESSAGE][PASSED] - Object 'Object Repository/Login objects/label_Password' is present

2018-05-09 10:03:46 - [TEST_STEP][PASSED] - verifyElementPresent: Object 'Object Repository/Login objects/div_Login' is present

2018-05-09 10:03:46 - [MESSAGE][WARNING] - Timeout '0' is invalid. Using default page load timeout: '30'

2018-05-09 10:03:46 - [MESSAGE][PASSED] - Object 'Object Repository/Login objects/div_Login' is present

2018-05-09 10:03:46 - [TEST_STEP][PASSED] - setText: Text 'hello' is set on object 'Object Repository/Login objects/input_username'

2018-05-09 10:03:46 - [MESSAGE][PASSED] - Text 'hello' is set on object 'Object Repository/Login objects/input_username'

2018-05-09 10:03:46 - [TEST_STEP][PASSED] - setText: Text 'hello' is set on object 'Object Repository/Login objects/input_password'

2018-05-09 10:03:47 - [MESSAGE][PASSED] - Text 'hello' is set on object 'Object Repository/Login objects/input_password'

2018-05-09 10:03:47 - [TEST_STEP][PASSED] - click: Object: 'Object Repository/Login objects/button_Login' is clicked on

2018-05-09 10:03:47 - [MESSAGE][PASSED] - Object: 'Object Repository/Login objects/button_Login' is clicked on

2018-05-09 10:03:47 - [TEST_STEP][PASSED] - verifyElementPresent: Object 'Object Repository/Front Page Objects/header' is present

2018-05-09 10:03:47 - [MESSAGE][WARNING] - Timeout '0' is invalid. Using default page load timeout: '30'

2018-05-09 10:03:47 - [MESSAGE][PASSED] - Object 'Object Repository/Front Page Objects/header' is present

2018-05-09 10:03:47 - [TEST_STEP][PASSED] - verifyElementPresent: Object 'Object Repository/Front Page Objects/p_header_description' is present

2018-05-09 10:03:47 - [MESSAGE][WARNING] - Timeout '0' is invalid. Using default page load timeout: '30'

2018-05-09 10:03:47 - [MESSAGE][PASSED] - Object 'Object Repository/Front Page Objects/p_header_description' is present

2018-05-09 10:03:47 - [TEST_STEP][PASSED] - verifyElementPresent: Object 'Object Repository/Front Page Objects/div_add to cart' is present

2018-05-09 10:03:47 - [MESSAGE][WARNING] - Timeout '0' is invalid. Using default page load timeout: '30'

2018-05-09 10:03:48 - [MESSAGE][PASSED] - Object 'Object Repository/Front Page Objects/div_add to cart' is present

2018-05-09 10:03:48 - [TEST_STEP][PASSED] - click: Object: 'Object Repository/Front Page Objects/button_Carts' is clicked on

2018-05-09 10:03:48 - [MESSAGE][PASSED] - Object: 'Object Repository/Front Page Objects/button_Carts' is clicked on

2018-05-09 10:03:48 - [TEST_STEP][PASSED] - verifyElementPresent: Object 'Object Repository/Front Page Objects/User_Shopping Cart_header' is present

2018-05-09 10:03:48 - [MESSAGE][WARNING] - Timeout '0' is invalid. Using default page load timeout: '30'

2018-05-09 10:03:48 - [MESSAGE][PASSED] - Object 'Object Repository/Front Page Objects/User_Shopping Cart_header' is present

2018-05-09 10:03:48 - [TEST_STEP][PASSED] - verifyElementPresent: Object 'Object Repository/Front Page Objects/th_Product Name' is present

2018-05-09 10:03:48 - [MESSAGE][WARNING] - Timeout '0' is invalid. Using default page load timeout: '30'

2018-05-09 10:03:48 - [MESSAGE][PASSED] - Object 'Object Repository/Front Page Objects/th_Product Name' is present

2018-05-09 10:03:48 - [TEST_STEP][PASSED] - verifyElementPresent: Object 'Object Repository/Front Page Objects/th_Price' is present

2018-05-09 10:03:48 - [MESSAGE][WARNING] - Timeout '0' is invalid. Using default page load timeout: '30'

2018-05-09 10:03:48 - [MESSAGE][PASSED] - Object 'Object Repository/Front Page Objects/th_Price' is present

2018-05-09 10:03:48 - [TEST_STEP][PASSED] - verifyElementPresent: Object 'Object Repository/Front Page Objects/th_amount' is present

2018-05-09 10:03:48 - [MESSAGE][WARNING] - Timeout '0' is invalid. Using default page load timeout: '30'

2018-05-09 10:03:48 - [MESSAGE][PASSED] - Object 'Object Repository/Front Page Objects/th_amount' is present

2018-05-09 10:03:48 - [TEST_STEP][PASSED] - verifyElementPresent: Object 'Object Repository/Product Objects/p_Total price  0 THB' is present

2018-05-09 10:03:48 - [MESSAGE][WARNING] - Timeout '0' is invalid. Using default page load timeout: '30'

2018-05-09 10:03:48 - [MESSAGE][PASSED] - Object 'Object Repository/Product Objects/p_Total price  0 THB' is present

2018-05-09 10:03:48 - [TEST_STEP][PASSED] - verifyElementPresent: Object 'Object Repository/Login objects/div_confirm' is present

2018-05-09 10:03:48 - [MESSAGE][WARNING] - Timeout '0' is invalid. Using default page load timeout: '30'

2018-05-09 10:03:48 - [MESSAGE][PASSED] - Object 'Object Repository/Login objects/div_confirm' is present

2018-05-09 10:03:48 - [TEST_STEP][PASSED] - closeBrowser: Browser is closed

2018-05-09 10:03:48 - [MESSAGE][PASSED] - Browser is closed]]></system-out>
         <system-err><![CDATA[]]></system-err>
      </testcase>
      <testcase name="Test Cases/Test Admin Login" classname="Test Cases/Test Admin Login" status="PASSED">
         <system-out><![CDATA[2018-05-09 10:03:48 - [TEST_CASE][PASSED] - Test Cases/Test Admin Login: Test Cases/Test Admin Login

2018-05-09 10:03:48 - [TEST_STEP][PASSED] - openBrowser: Browser is opened with url: ''

2018-05-09 10:03:50 - [MESSAGE][PASSED] - Browser is opened with url: ''

2018-05-09 10:03:50 - [TEST_STEP][PASSED] - navigateToUrl: Navigate to 'http://34.209.48.20:9089/' successfully

2018-05-09 10:04:02 - [MESSAGE][PASSED] - Navigate to 'http://34.209.48.20:9089/' successfully

2018-05-09 10:04:02 - [TEST_STEP][PASSED] - verifyElementPresent: Object 'Object Repository/Front Page Objects/header' is present

2018-05-09 10:04:02 - [MESSAGE][WARNING] - Timeout '0' is invalid. Using default page load timeout: '30'

2018-05-09 10:04:02 - [MESSAGE][PASSED] - Object 'Object Repository/Front Page Objects/header' is present

2018-05-09 10:04:02 - [TEST_STEP][PASSED] - verifyElementPresent: Object 'Object Repository/Front Page Objects/p_header_description' is present

2018-05-09 10:04:02 - [MESSAGE][WARNING] - Timeout '0' is invalid. Using default page load timeout: '30'

2018-05-09 10:04:03 - [MESSAGE][PASSED] - Object 'Object Repository/Front Page Objects/p_header_description' is present

2018-05-09 10:04:03 - [TEST_STEP][PASSED] - verifyElementPresent: Object 'Object Repository/Front Page Objects/h2_Login' is present

2018-05-09 10:04:03 - [MESSAGE][WARNING] - Timeout '0' is invalid. Using default page load timeout: '30'

2018-05-09 10:04:03 - [MESSAGE][PASSED] - Object 'Object Repository/Front Page Objects/h2_Login' is present

2018-05-09 10:04:03 - [TEST_STEP][PASSED] - verifyElementPresent: Object 'Object Repository/Login objects/div_Username' is present

2018-05-09 10:04:03 - [MESSAGE][WARNING] - Timeout '0' is invalid. Using default page load timeout: '30'

2018-05-09 10:04:03 - [MESSAGE][PASSED] - Object 'Object Repository/Login objects/div_Username' is present

2018-05-09 10:04:03 - [TEST_STEP][PASSED] - verifyElementPresent: Object 'Object Repository/Login objects/div_Password' is present

2018-05-09 10:04:03 - [MESSAGE][WARNING] - Timeout '0' is invalid. Using default page load timeout: '30'

2018-05-09 10:04:03 - [MESSAGE][PASSED] - Object 'Object Repository/Login objects/div_Password' is present

2018-05-09 10:04:03 - [TEST_STEP][PASSED] - verifyElementPresent: Object 'Object Repository/Login objects/div_Login' is present

2018-05-09 10:04:03 - [MESSAGE][WARNING] - Timeout '0' is invalid. Using default page load timeout: '30'

2018-05-09 10:04:03 - [MESSAGE][PASSED] - Object 'Object Repository/Login objects/div_Login' is present

2018-05-09 10:04:03 - [TEST_STEP][PASSED] - setText: Text 'admin' is set on object 'Object Repository/Login objects/input_username'

2018-05-09 10:04:03 - [MESSAGE][PASSED] - Text 'admin' is set on object 'Object Repository/Login objects/input_username'

2018-05-09 10:04:03 - [TEST_STEP][PASSED] - setText: Text 'admin' is set on object 'Object Repository/Login objects/input_password'

2018-05-09 10:04:03 - [MESSAGE][PASSED] - Text 'admin' is set on object 'Object Repository/Login objects/input_password'

2018-05-09 10:04:03 - [TEST_STEP][PASSED] - click: Object: 'Object Repository/Login objects/button_Login' is clicked on

2018-05-09 10:04:03 - [MESSAGE][PASSED] - Object: 'Object Repository/Login objects/button_Login' is clicked on

2018-05-09 10:04:03 - [TEST_STEP][PASSED] - verifyElementPresent: Object 'Object Repository/Front Page Objects/div_Products' is present

2018-05-09 10:04:03 - [MESSAGE][WARNING] - Timeout '0' is invalid. Using default page load timeout: '30'

2018-05-09 10:04:04 - [MESSAGE][PASSED] - Object 'Object Repository/Front Page Objects/div_Products' is present

2018-05-09 10:04:04 - [TEST_STEP][PASSED] - click: Object: 'Object Repository/Front Page Objects/a_Total Transaction' is clicked on

2018-05-09 10:04:04 - [MESSAGE][PASSED] - Object: 'Object Repository/Front Page Objects/a_Total Transaction' is clicked on

2018-05-09 10:04:04 - [TEST_STEP][PASSED] - verifyElementPresent: Object 'Object Repository/Front Page Objects/div_Transaction List' is present

2018-05-09 10:04:04 - [MESSAGE][WARNING] - Timeout '0' is invalid. Using default page load timeout: '30'

2018-05-09 10:04:04 - [MESSAGE][PASSED] - Object 'Object Repository/Front Page Objects/div_Transaction List' is present

2018-05-09 10:04:04 - [TEST_STEP][PASSED] - closeBrowser: Browser is closed

2018-05-09 10:04:04 - [MESSAGE][PASSED] - Browser is closed]]></system-out>
         <system-err><![CDATA[]]></system-err>
      </testcase>
      <testcase name="Test Cases/Test Available Products for Users - Scripted" classname="Test Cases/Test Available Products for Users - Scripted" status="PASSED">
         <system-out><![CDATA[2018-05-09 10:04:04 - [TEST_CASE][PASSED] - Test Cases/Test Available Products for Users - Scripted: Test Cases/Test Available Products for Users - Scripted

2018-05-09 10:04:05 - [TEST_STEP][PASSED] - Statement - prod = ["productId":"", "name":"", "description":"", "imageLocation":"", "price":""]: null

2018-05-09 10:04:05 - [TEST_STEP][PASSED] - Statement - data = com.kms.katalon.core.testdata.TestDataFactory.findTestData("Data Files/data.product"): Reading excel file with source file '/Users/snailwalker/Documents/workspace/backend/katalon/Data Files/data.xlsx' and sheet name 'product'

2018-05-09 10:04:06 - [TEST_STEP][PASSED] - openBrowser: Browser is opened with url: ''

2018-05-09 10:04:07 - [MESSAGE][PASSED] - Browser is opened with url: ''

2018-05-09 10:04:07 - [TEST_STEP][PASSED] - navigateToUrl: Navigate to 'http://34.209.48.20:9089/' successfully

2018-05-09 10:04:17 - [MESSAGE][PASSED] - Navigate to 'http://34.209.48.20:9089/' successfully

2018-05-09 10:04:17 - [TEST_STEP][PASSED] - verifyElementPresent: Object 'Object Repository/Front Page Objects/header' is present

2018-05-09 10:04:17 - [MESSAGE][WARNING] - Timeout '0' is invalid. Using default page load timeout: '30'

2018-05-09 10:04:17 - [MESSAGE][PASSED] - Object 'Object Repository/Front Page Objects/header' is present

2018-05-09 10:04:17 - [TEST_STEP][PASSED] - verifyElementPresent: Object 'Object Repository/Front Page Objects/p_header_description' is present

2018-05-09 10:04:17 - [MESSAGE][WARNING] - Timeout '0' is invalid. Using default page load timeout: '30'

2018-05-09 10:04:17 - [MESSAGE][PASSED] - Object 'Object Repository/Front Page Objects/p_header_description' is present

2018-05-09 10:04:17 - [TEST_STEP][PASSED] - verifyElementPresent: Object 'Object Repository/Front Page Objects/h2_Login' is present

2018-05-09 10:04:17 - [MESSAGE][WARNING] - Timeout '0' is invalid. Using default page load timeout: '30'

2018-05-09 10:04:17 - [MESSAGE][PASSED] - Object 'Object Repository/Front Page Objects/h2_Login' is present

2018-05-09 10:04:17 - [TEST_STEP][PASSED] - verifyElementPresent: Object 'Object Repository/Login objects/label_Username' is present

2018-05-09 10:04:17 - [MESSAGE][WARNING] - Timeout '0' is invalid. Using default page load timeout: '30'

2018-05-09 10:04:17 - [MESSAGE][PASSED] - Object 'Object Repository/Login objects/label_Username' is present

2018-05-09 10:04:17 - [TEST_STEP][PASSED] - verifyElementPresent: Object 'Object Repository/Login objects/label_Password' is present

2018-05-09 10:04:17 - [MESSAGE][WARNING] - Timeout '0' is invalid. Using default page load timeout: '30'

2018-05-09 10:04:17 - [MESSAGE][PASSED] - Object 'Object Repository/Login objects/label_Password' is present

2018-05-09 10:04:17 - [TEST_STEP][PASSED] - click: Object: 'Object Repository/Front Page Objects/h2_Login' is clicked on

2018-05-09 10:04:18 - [MESSAGE][PASSED] - Object: 'Object Repository/Front Page Objects/h2_Login' is clicked on

2018-05-09 10:04:18 - [TEST_STEP][PASSED] - setText: Text 'user' is set on object 'Object Repository/Login objects/input_username'

2018-05-09 10:04:18 - [MESSAGE][PASSED] - Text 'user' is set on object 'Object Repository/Login objects/input_username'

2018-05-09 10:04:18 - [TEST_STEP][PASSED] - setText: Text 'user' is set on object 'Object Repository/Login objects/input_password'

2018-05-09 10:04:18 - [MESSAGE][PASSED] - Text 'user' is set on object 'Object Repository/Login objects/input_password'

2018-05-09 10:04:18 - [TEST_STEP][PASSED] - click: Object: 'Object Repository/Login objects/button_Login' is clicked on

2018-05-09 10:04:18 - [MESSAGE][PASSED] - Object: 'Object Repository/Login objects/button_Login' is clicked on

2018-05-09 10:04:18 - [TEST_STEP][PASSED] - verifyElementText: Actual text and expected text of test object 'Object Repository/Product Objects/h5_Garden' are matched.

2018-05-09 10:04:20 - [MESSAGE][PASSED] - Actual text and expected text of test object 'Object Repository/Product Objects/h5_Garden' are matched.

2018-05-09 10:04:20 - [TEST_STEP][PASSED] - verifyElementText: Actual text and expected text of test object 'Object Repository/Product Objects/p_The garden which you can gro' are matched.

2018-05-09 10:04:20 - [MESSAGE][PASSED] - Actual text and expected text of test object 'Object Repository/Product Objects/p_The garden which you can gro' are matched.

2018-05-09 10:04:20 - [TEST_STEP][PASSED] - verifyElementText: Actual text and expected text of test object 'Object Repository/Product Objects/h6_Price is 20000.00 THB' are matched.

2018-05-09 10:04:20 - [MESSAGE][PASSED] - Actual text and expected text of test object 'Object Repository/Product Objects/h6_Price is 20000.00 THB' are matched.

2018-05-09 10:04:20 - [TEST_STEP][PASSED] - verifyElementText: Actual text and expected text of test object 'Object Repository/Product Objects/h5_Banana' are matched.

2018-05-09 10:04:20 - [MESSAGE][PASSED] - Actual text and expected text of test object 'Object Repository/Product Objects/h5_Banana' are matched.

2018-05-09 10:04:20 - [TEST_STEP][PASSED] - verifyElementText: Actual text and expected text of test object 'Object Repository/Product Objects/p_A good fruit with very cheap' are matched.

2018-05-09 10:04:20 - [MESSAGE][PASSED] - Actual text and expected text of test object 'Object Repository/Product Objects/p_A good fruit with very cheap' are matched.

2018-05-09 10:04:20 - [TEST_STEP][PASSED] - verifyElementText: Actual text and expected text of test object 'Object Repository/Product Objects/h6_Price is 150.00 THB' are matched.

2018-05-09 10:04:20 - [MESSAGE][PASSED] - Actual text and expected text of test object 'Object Repository/Product Objects/h6_Price is 150.00 THB' are matched.

2018-05-09 10:04:20 - [TEST_STEP][PASSED] - verifyElementText: Actual text and expected text of test object 'Object Repository/Product Objects/h5_Orange' are matched.

2018-05-09 10:04:20 - [MESSAGE][PASSED] - Actual text and expected text of test object 'Object Repository/Product Objects/h5_Orange' are matched.

2018-05-09 10:04:20 - [TEST_STEP][PASSED] - verifyElementText: Actual text and expected text of test object 'Object Repository/Product Objects/p_Nothing good about it' are matched.

2018-05-09 10:04:20 - [MESSAGE][PASSED] - Actual text and expected text of test object 'Object Repository/Product Objects/p_Nothing good about it' are matched.

2018-05-09 10:04:20 - [TEST_STEP][PASSED] - verifyElementText: Actual text and expected text of test object 'Object Repository/Product Objects/h6_Price is 280.00 THB' are matched.

2018-05-09 10:04:20 - [MESSAGE][PASSED] - Actual text and expected text of test object 'Object Repository/Product Objects/h6_Price is 280.00 THB' are matched.

2018-05-09 10:04:20 - [TEST_STEP][PASSED] - verifyElementText: Actual text and expected text of test object 'Object Repository/Product Objects/h5_Papaya' are matched.

2018-05-09 10:04:20 - [MESSAGE][PASSED] - Actual text and expected text of test object 'Object Repository/Product Objects/h5_Papaya' are matched.

2018-05-09 10:04:20 - [TEST_STEP][PASSED] - verifyElementText: Actual text and expected text of test object 'Object Repository/Product Objects/p_Use for papaya salad' are matched.

2018-05-09 10:04:20 - [MESSAGE][PASSED] - Actual text and expected text of test object 'Object Repository/Product Objects/p_Use for papaya salad' are matched.

2018-05-09 10:04:20 - [TEST_STEP][PASSED] - verifyElementText: Actual text and expected text of test object 'Object Repository/Product Objects/h6_Price is 12.00 THB' are matched.

2018-05-09 10:04:20 - [MESSAGE][PASSED] - Actual text and expected text of test object 'Object Repository/Product Objects/h6_Price is 12.00 THB' are matched.

2018-05-09 10:04:20 - [TEST_STEP][PASSED] - verifyElementText: Actual text and expected text of test object 'Object Repository/Product Objects/h5_Rambutan' are matched.

2018-05-09 10:04:20 - [MESSAGE][PASSED] - Actual text and expected text of test object 'Object Repository/Product Objects/h5_Rambutan' are matched.

2018-05-09 10:04:20 - [TEST_STEP][PASSED] - verifyElementText: Actual text and expected text of test object 'Object Repository/Product Objects/p_An expensive fruit from the' are matched.

2018-05-09 10:04:20 - [MESSAGE][PASSED] - Actual text and expected text of test object 'Object Repository/Product Objects/p_An expensive fruit from the' are matched.

2018-05-09 10:04:20 - [TEST_STEP][PASSED] - verifyElementText: Actual text and expected text of test object 'Object Repository/Product Objects/h6_Price is 20.00 THB' are matched.

2018-05-09 10:04:20 - [MESSAGE][PASSED] - Actual text and expected text of test object 'Object Repository/Product Objects/h6_Price is 20.00 THB' are matched.

2018-05-09 10:04:20 - [TEST_STEP][PASSED] - closeBrowser: Browser is closed

2018-05-09 10:04:20 - [MESSAGE][PASSED] - Browser is closed]]></system-out>
         <system-err><![CDATA[]]></system-err>
      </testcase>
      <testcase name="Test Cases/Test Available Products for Users - Scripted" classname="Test Cases/Test Available Products for Users - Scripted" status="PASSED">
         <system-out><![CDATA[2018-05-09 10:04:20 - [TEST_CASE][PASSED] - Test Cases/Test Available Products for Users - Scripted: Test Cases/Test Available Products for Users - Scripted

2018-05-09 10:04:20 - [TEST_STEP][PASSED] - Statement - prod = ["productId":"", "name":"", "description":"", "imageLocation":"", "price":""]: null

2018-05-09 10:04:20 - [TEST_STEP][PASSED] - Statement - data = com.kms.katalon.core.testdata.TestDataFactory.findTestData("Data Files/data.product"): Reading excel file with source file '/Users/snailwalker/Documents/workspace/backend/katalon/Data Files/data.xlsx' and sheet name 'product'

2018-05-09 10:04:21 - [TEST_STEP][PASSED] - openBrowser: Browser is opened with url: ''

2018-05-09 10:04:22 - [MESSAGE][PASSED] - Browser is opened with url: ''

2018-05-09 10:04:22 - [TEST_STEP][PASSED] - navigateToUrl: Navigate to 'http://34.209.48.20:9089/' successfully

2018-05-09 10:04:33 - [MESSAGE][PASSED] - Navigate to 'http://34.209.48.20:9089/' successfully

2018-05-09 10:04:33 - [TEST_STEP][PASSED] - verifyElementPresent: Object 'Object Repository/Front Page Objects/header' is present

2018-05-09 10:04:33 - [MESSAGE][WARNING] - Timeout '0' is invalid. Using default page load timeout: '30'

2018-05-09 10:04:33 - [MESSAGE][PASSED] - Object 'Object Repository/Front Page Objects/header' is present

2018-05-09 10:04:33 - [TEST_STEP][PASSED] - verifyElementPresent: Object 'Object Repository/Front Page Objects/p_header_description' is present

2018-05-09 10:04:33 - [MESSAGE][WARNING] - Timeout '0' is invalid. Using default page load timeout: '30'

2018-05-09 10:04:33 - [MESSAGE][PASSED] - Object 'Object Repository/Front Page Objects/p_header_description' is present

2018-05-09 10:04:33 - [TEST_STEP][PASSED] - verifyElementPresent: Object 'Object Repository/Front Page Objects/h2_Login' is present

2018-05-09 10:04:33 - [MESSAGE][WARNING] - Timeout '0' is invalid. Using default page load timeout: '30'

2018-05-09 10:04:33 - [MESSAGE][PASSED] - Object 'Object Repository/Front Page Objects/h2_Login' is present

2018-05-09 10:04:33 - [TEST_STEP][PASSED] - verifyElementPresent: Object 'Object Repository/Login objects/label_Username' is present

2018-05-09 10:04:33 - [MESSAGE][WARNING] - Timeout '0' is invalid. Using default page load timeout: '30'

2018-05-09 10:04:33 - [MESSAGE][PASSED] - Object 'Object Repository/Login objects/label_Username' is present

2018-05-09 10:04:33 - [TEST_STEP][PASSED] - verifyElementPresent: Object 'Object Repository/Login objects/label_Password' is present

2018-05-09 10:04:33 - [MESSAGE][WARNING] - Timeout '0' is invalid. Using default page load timeout: '30'

2018-05-09 10:04:33 - [MESSAGE][PASSED] - Object 'Object Repository/Login objects/label_Password' is present

2018-05-09 10:04:33 - [TEST_STEP][PASSED] - click: Object: 'Object Repository/Front Page Objects/h2_Login' is clicked on

2018-05-09 10:04:33 - [MESSAGE][PASSED] - Object: 'Object Repository/Front Page Objects/h2_Login' is clicked on

2018-05-09 10:04:33 - [TEST_STEP][PASSED] - setText: Text 'hello' is set on object 'Object Repository/Login objects/input_username'

2018-05-09 10:04:34 - [MESSAGE][PASSED] - Text 'hello' is set on object 'Object Repository/Login objects/input_username'

2018-05-09 10:04:34 - [TEST_STEP][PASSED] - setText: Text 'hello' is set on object 'Object Repository/Login objects/input_password'

2018-05-09 10:04:34 - [MESSAGE][PASSED] - Text 'hello' is set on object 'Object Repository/Login objects/input_password'

2018-05-09 10:04:34 - [TEST_STEP][PASSED] - click: Object: 'Object Repository/Login objects/button_Login' is clicked on

2018-05-09 10:04:34 - [MESSAGE][PASSED] - Object: 'Object Repository/Login objects/button_Login' is clicked on

2018-05-09 10:04:34 - [TEST_STEP][PASSED] - verifyElementText: Actual text and expected text of test object 'Object Repository/Product Objects/h5_Garden' are matched.

2018-05-09 10:04:35 - [MESSAGE][PASSED] - Actual text and expected text of test object 'Object Repository/Product Objects/h5_Garden' are matched.

2018-05-09 10:04:35 - [TEST_STEP][PASSED] - verifyElementText: Actual text and expected text of test object 'Object Repository/Product Objects/p_The garden which you can gro' are matched.

2018-05-09 10:04:35 - [MESSAGE][PASSED] - Actual text and expected text of test object 'Object Repository/Product Objects/p_The garden which you can gro' are matched.

2018-05-09 10:04:35 - [TEST_STEP][PASSED] - verifyElementText: Actual text and expected text of test object 'Object Repository/Product Objects/h6_Price is 20000.00 THB' are matched.

2018-05-09 10:04:35 - [MESSAGE][PASSED] - Actual text and expected text of test object 'Object Repository/Product Objects/h6_Price is 20000.00 THB' are matched.

2018-05-09 10:04:35 - [TEST_STEP][PASSED] - verifyElementText: Actual text and expected text of test object 'Object Repository/Product Objects/h5_Banana' are matched.

2018-05-09 10:04:35 - [MESSAGE][PASSED] - Actual text and expected text of test object 'Object Repository/Product Objects/h5_Banana' are matched.

2018-05-09 10:04:35 - [TEST_STEP][PASSED] - verifyElementText: Actual text and expected text of test object 'Object Repository/Product Objects/p_A good fruit with very cheap' are matched.

2018-05-09 10:04:36 - [MESSAGE][PASSED] - Actual text and expected text of test object 'Object Repository/Product Objects/p_A good fruit with very cheap' are matched.

2018-05-09 10:04:36 - [TEST_STEP][PASSED] - verifyElementText: Actual text and expected text of test object 'Object Repository/Product Objects/h6_Price is 150.00 THB' are matched.

2018-05-09 10:04:36 - [MESSAGE][PASSED] - Actual text and expected text of test object 'Object Repository/Product Objects/h6_Price is 150.00 THB' are matched.

2018-05-09 10:04:36 - [TEST_STEP][PASSED] - verifyElementText: Actual text and expected text of test object 'Object Repository/Product Objects/h5_Orange' are matched.

2018-05-09 10:04:36 - [MESSAGE][PASSED] - Actual text and expected text of test object 'Object Repository/Product Objects/h5_Orange' are matched.

2018-05-09 10:04:36 - [TEST_STEP][PASSED] - verifyElementText: Actual text and expected text of test object 'Object Repository/Product Objects/p_Nothing good about it' are matched.

2018-05-09 10:04:36 - [MESSAGE][PASSED] - Actual text and expected text of test object 'Object Repository/Product Objects/p_Nothing good about it' are matched.

2018-05-09 10:04:36 - [TEST_STEP][PASSED] - verifyElementText: Actual text and expected text of test object 'Object Repository/Product Objects/h6_Price is 280.00 THB' are matched.

2018-05-09 10:04:36 - [MESSAGE][PASSED] - Actual text and expected text of test object 'Object Repository/Product Objects/h6_Price is 280.00 THB' are matched.

2018-05-09 10:04:36 - [TEST_STEP][PASSED] - verifyElementText: Actual text and expected text of test object 'Object Repository/Product Objects/h5_Papaya' are matched.

2018-05-09 10:04:36 - [MESSAGE][PASSED] - Actual text and expected text of test object 'Object Repository/Product Objects/h5_Papaya' are matched.

2018-05-09 10:04:36 - [TEST_STEP][PASSED] - verifyElementText: Actual text and expected text of test object 'Object Repository/Product Objects/p_Use for papaya salad' are matched.

2018-05-09 10:04:36 - [MESSAGE][PASSED] - Actual text and expected text of test object 'Object Repository/Product Objects/p_Use for papaya salad' are matched.

2018-05-09 10:04:36 - [TEST_STEP][PASSED] - verifyElementText: Actual text and expected text of test object 'Object Repository/Product Objects/h6_Price is 12.00 THB' are matched.

2018-05-09 10:04:36 - [MESSAGE][PASSED] - Actual text and expected text of test object 'Object Repository/Product Objects/h6_Price is 12.00 THB' are matched.

2018-05-09 10:04:36 - [TEST_STEP][PASSED] - verifyElementText: Actual text and expected text of test object 'Object Repository/Product Objects/h5_Rambutan' are matched.

2018-05-09 10:04:36 - [MESSAGE][PASSED] - Actual text and expected text of test object 'Object Repository/Product Objects/h5_Rambutan' are matched.

2018-05-09 10:04:36 - [TEST_STEP][PASSED] - verifyElementText: Actual text and expected text of test object 'Object Repository/Product Objects/p_An expensive fruit from the' are matched.

2018-05-09 10:04:36 - [MESSAGE][PASSED] - Actual text and expected text of test object 'Object Repository/Product Objects/p_An expensive fruit from the' are matched.

2018-05-09 10:04:36 - [TEST_STEP][PASSED] - verifyElementText: Actual text and expected text of test object 'Object Repository/Product Objects/h6_Price is 20.00 THB' are matched.

2018-05-09 10:04:36 - [MESSAGE][PASSED] - Actual text and expected text of test object 'Object Repository/Product Objects/h6_Price is 20.00 THB' are matched.

2018-05-09 10:04:36 - [TEST_STEP][PASSED] - closeBrowser: Browser is closed

2018-05-09 10:04:36 - [MESSAGE][PASSED] - Browser is closed]]></system-out>
         <system-err><![CDATA[]]></system-err>
      </testcase>
      <testcase name="Test Cases/Test All Login Page elements present" classname="Test Cases/Test All Login Page elements present" status="PASSED">
         <system-out><![CDATA[2018-05-09 10:04:36 - [TEST_CASE][PASSED] - Test Cases/Test All Login Page elements present: Test Cases/Test All Login Page elements present

2018-05-09 10:04:36 - [TEST_STEP][PASSED] - openBrowser: Browser is opened with url: ''

2018-05-09 10:04:37 - [MESSAGE][PASSED] - Browser is opened with url: ''

2018-05-09 10:04:37 - [TEST_STEP][PASSED] - navigateToUrl: Navigate to 'http://34.209.48.20:9089/' successfully

2018-05-09 10:04:47 - [MESSAGE][PASSED] - Navigate to 'http://34.209.48.20:9089/' successfully

2018-05-09 10:04:47 - [TEST_STEP][PASSED] - verifyElementPresent: Object 'Object Repository/Front Page Objects/header' is present

2018-05-09 10:04:47 - [MESSAGE][WARNING] - Timeout '0' is invalid. Using default page load timeout: '30'

2018-05-09 10:04:47 - [MESSAGE][PASSED] - Object 'Object Repository/Front Page Objects/header' is present

2018-05-09 10:04:47 - [TEST_STEP][PASSED] - verifyElementPresent: Object 'Object Repository/Front Page Objects/p_header_description' is present

2018-05-09 10:04:47 - [MESSAGE][WARNING] - Timeout '0' is invalid. Using default page load timeout: '30'

2018-05-09 10:04:47 - [MESSAGE][PASSED] - Object 'Object Repository/Front Page Objects/p_header_description' is present

2018-05-09 10:04:47 - [TEST_STEP][PASSED] - verifyElementPresent: Object 'Object Repository/Front Page Objects/h2_Login' is present

2018-05-09 10:04:47 - [MESSAGE][WARNING] - Timeout '0' is invalid. Using default page load timeout: '30'

2018-05-09 10:04:47 - [MESSAGE][PASSED] - Object 'Object Repository/Front Page Objects/h2_Login' is present

2018-05-09 10:04:47 - [TEST_STEP][PASSED] - verifyElementPresent: Object 'Object Repository/Login objects/label_Username' is present

2018-05-09 10:04:47 - [MESSAGE][WARNING] - Timeout '0' is invalid. Using default page load timeout: '30'

2018-05-09 10:04:47 - [MESSAGE][PASSED] - Object 'Object Repository/Login objects/label_Username' is present

2018-05-09 10:04:47 - [TEST_STEP][PASSED] - verifyElementPresent: Object 'Object Repository/Login objects/label_Password' is present

2018-05-09 10:04:47 - [MESSAGE][WARNING] - Timeout '0' is invalid. Using default page load timeout: '30'

2018-05-09 10:04:47 - [MESSAGE][PASSED] - Object 'Object Repository/Login objects/label_Password' is present

2018-05-09 10:04:47 - [TEST_STEP][PASSED] - closeBrowser: Browser is closed

2018-05-09 10:04:47 - [MESSAGE][PASSED] - Browser is closed]]></system-out>
         <system-err><![CDATA[]]></system-err>
      </testcase>
      <testcase name="Test Cases/Test User Logout" classname="Test Cases/Test User Logout" status="PASSED">
         <system-out><![CDATA[2018-05-09 10:04:47 - [TEST_CASE][PASSED] - Test Cases/Test User Logout: Test Cases/Test User Logout

2018-05-09 10:04:47 - [TEST_STEP][PASSED] - openBrowser: Browser is opened with url: ''

2018-05-09 10:04:48 - [MESSAGE][PASSED] - Browser is opened with url: ''

2018-05-09 10:04:48 - [TEST_STEP][PASSED] - navigateToUrl: Navigate to 'http://34.209.48.20:9089/' successfully

2018-05-09 10:05:00 - [MESSAGE][PASSED] - Navigate to 'http://34.209.48.20:9089/' successfully

2018-05-09 10:05:00 - [TEST_STEP][PASSED] - verifyElementPresent: Object 'Object Repository/Front Page Objects/header' is present

2018-05-09 10:05:00 - [MESSAGE][WARNING] - Timeout '0' is invalid. Using default page load timeout: '30'

2018-05-09 10:05:00 - [MESSAGE][PASSED] - Object 'Object Repository/Front Page Objects/header' is present

2018-05-09 10:05:00 - [TEST_STEP][PASSED] - verifyElementPresent: Object 'Object Repository/Front Page Objects/p_header_description' is present

2018-05-09 10:05:00 - [MESSAGE][WARNING] - Timeout '0' is invalid. Using default page load timeout: '30'

2018-05-09 10:05:00 - [MESSAGE][PASSED] - Object 'Object Repository/Front Page Objects/p_header_description' is present

2018-05-09 10:05:00 - [TEST_STEP][PASSED] - verifyElementPresent: Object 'Object Repository/Front Page Objects/h2_Login' is present

2018-05-09 10:05:00 - [MESSAGE][WARNING] - Timeout '0' is invalid. Using default page load timeout: '30'

2018-05-09 10:05:00 - [MESSAGE][PASSED] - Object 'Object Repository/Front Page Objects/h2_Login' is present

2018-05-09 10:05:00 - [TEST_STEP][PASSED] - verifyElementPresent: Object 'Object Repository/Login objects/label_Username' is present

2018-05-09 10:05:00 - [MESSAGE][WARNING] - Timeout '0' is invalid. Using default page load timeout: '30'

2018-05-09 10:05:00 - [MESSAGE][PASSED] - Object 'Object Repository/Login objects/label_Username' is present

2018-05-09 10:05:00 - [TEST_STEP][PASSED] - verifyElementPresent: Object 'Object Repository/Login objects/label_Password' is present

2018-05-09 10:05:00 - [MESSAGE][WARNING] - Timeout '0' is invalid. Using default page load timeout: '30'

2018-05-09 10:05:00 - [MESSAGE][PASSED] - Object 'Object Repository/Login objects/label_Password' is present

2018-05-09 10:05:00 - [TEST_STEP][PASSED] - setText: Text 'user' is set on object 'Object Repository/Login objects/input_username'

2018-05-09 10:05:01 - [MESSAGE][PASSED] - Text 'user' is set on object 'Object Repository/Login objects/input_username'

2018-05-09 10:05:01 - [TEST_STEP][PASSED] - setText: Text 'user' is set on object 'Object Repository/Login objects/input_password'

2018-05-09 10:05:01 - [MESSAGE][PASSED] - Text 'user' is set on object 'Object Repository/Login objects/input_password'

2018-05-09 10:05:01 - [TEST_STEP][PASSED] - click: Object: 'Object Repository/Login objects/button_Login' is clicked on

2018-05-09 10:05:01 - [MESSAGE][PASSED] - Object: 'Object Repository/Login objects/button_Login' is clicked on

2018-05-09 10:05:01 - [TEST_STEP][PASSED] - verifyElementPresent: Object 'Object Repository/Front Page Objects/header' is present

2018-05-09 10:05:01 - [MESSAGE][WARNING] - Timeout '0' is invalid. Using default page load timeout: '30'

2018-05-09 10:05:01 - [MESSAGE][PASSED] - Object 'Object Repository/Front Page Objects/header' is present

2018-05-09 10:05:01 - [TEST_STEP][PASSED] - verifyElementPresent: Object 'Object Repository/Front Page Objects/p_header_description' is present

2018-05-09 10:05:01 - [MESSAGE][WARNING] - Timeout '0' is invalid. Using default page load timeout: '30'

2018-05-09 10:05:01 - [MESSAGE][PASSED] - Object 'Object Repository/Front Page Objects/p_header_description' is present

2018-05-09 10:05:01 - [TEST_STEP][PASSED] - verifyElementPresent: Object 'Object Repository/Front Page Objects/div_add to cart' is present

2018-05-09 10:05:01 - [MESSAGE][WARNING] - Timeout '0' is invalid. Using default page load timeout: '30'

2018-05-09 10:05:02 - [MESSAGE][PASSED] - Object 'Object Repository/Front Page Objects/div_add to cart' is present

2018-05-09 10:05:02 - [TEST_STEP][PASSED] - click: Object: 'Object Repository/Front Page Objects/button_Carts' is clicked on

2018-05-09 10:05:03 - [MESSAGE][PASSED] - Object: 'Object Repository/Front Page Objects/button_Carts' is clicked on

2018-05-09 10:05:03 - [TEST_STEP][PASSED] - verifyElementPresent: Object 'Object Repository/Front Page Objects/User_Shopping Cart_header' is present

2018-05-09 10:05:03 - [MESSAGE][WARNING] - Timeout '0' is invalid. Using default page load timeout: '30'

2018-05-09 10:05:03 - [MESSAGE][PASSED] - Object 'Object Repository/Front Page Objects/User_Shopping Cart_header' is present

2018-05-09 10:05:03 - [TEST_STEP][PASSED] - verifyElementPresent: Object 'Object Repository/Front Page Objects/th_Product Name' is present

2018-05-09 10:05:03 - [MESSAGE][WARNING] - Timeout '0' is invalid. Using default page load timeout: '30'

2018-05-09 10:05:03 - [MESSAGE][PASSED] - Object 'Object Repository/Front Page Objects/th_Product Name' is present

2018-05-09 10:05:03 - [TEST_STEP][PASSED] - verifyElementPresent: Object 'Object Repository/Front Page Objects/th_Price' is present

2018-05-09 10:05:03 - [MESSAGE][WARNING] - Timeout '0' is invalid. Using default page load timeout: '30'

2018-05-09 10:05:03 - [MESSAGE][PASSED] - Object 'Object Repository/Front Page Objects/th_Price' is present

2018-05-09 10:05:03 - [TEST_STEP][PASSED] - verifyElementPresent: Object 'Object Repository/Front Page Objects/th_amount' is present

2018-05-09 10:05:03 - [MESSAGE][WARNING] - Timeout '0' is invalid. Using default page load timeout: '30'

2018-05-09 10:05:03 - [MESSAGE][PASSED] - Object 'Object Repository/Front Page Objects/th_amount' is present

2018-05-09 10:05:03 - [TEST_STEP][PASSED] - verifyElementPresent: Object 'Object Repository/Product Objects/p_Total price  0 THB' is present

2018-05-09 10:05:03 - [MESSAGE][WARNING] - Timeout '0' is invalid. Using default page load timeout: '30'

2018-05-09 10:05:03 - [MESSAGE][PASSED] - Object 'Object Repository/Product Objects/p_Total price  0 THB' is present

2018-05-09 10:05:03 - [TEST_STEP][PASSED] - verifyElementPresent: Object 'Object Repository/Login objects/div_confirm' is present

2018-05-09 10:05:03 - [MESSAGE][WARNING] - Timeout '0' is invalid. Using default page load timeout: '30'

2018-05-09 10:05:03 - [MESSAGE][PASSED] - Object 'Object Repository/Login objects/div_confirm' is present

2018-05-09 10:05:03 - [TEST_STEP][PASSED] - click: Object: 'Object Repository/Login objects/button_Logout' is clicked on

2018-05-09 10:05:03 - [MESSAGE][PASSED] - Object: 'Object Repository/Login objects/button_Logout' is clicked on

2018-05-09 10:05:03 - [TEST_STEP][PASSED] - verifyElementPresent: Object 'Object Repository/Front Page Objects/header' is present

2018-05-09 10:05:03 - [MESSAGE][WARNING] - Timeout '0' is invalid. Using default page load timeout: '30'

2018-05-09 10:05:03 - [MESSAGE][PASSED] - Object 'Object Repository/Front Page Objects/header' is present

2018-05-09 10:05:03 - [TEST_STEP][PASSED] - verifyElementPresent: Object 'Object Repository/Front Page Objects/p_header_description' is present

2018-05-09 10:05:03 - [MESSAGE][WARNING] - Timeout '0' is invalid. Using default page load timeout: '30'

2018-05-09 10:05:03 - [MESSAGE][PASSED] - Object 'Object Repository/Front Page Objects/p_header_description' is present

2018-05-09 10:05:03 - [TEST_STEP][PASSED] - verifyElementPresent: Object 'Object Repository/Front Page Objects/h2_Login' is present

2018-05-09 10:05:03 - [MESSAGE][WARNING] - Timeout '0' is invalid. Using default page load timeout: '30'

2018-05-09 10:05:03 - [MESSAGE][PASSED] - Object 'Object Repository/Front Page Objects/h2_Login' is present

2018-05-09 10:05:03 - [TEST_STEP][PASSED] - verifyElementPresent: Object 'Object Repository/Login objects/label_Username' is present

2018-05-09 10:05:03 - [MESSAGE][WARNING] - Timeout '0' is invalid. Using default page load timeout: '30'

2018-05-09 10:05:03 - [MESSAGE][PASSED] - Object 'Object Repository/Login objects/label_Username' is present

2018-05-09 10:05:03 - [TEST_STEP][PASSED] - verifyElementPresent: Object 'Object Repository/Login objects/label_Password' is present

2018-05-09 10:05:03 - [MESSAGE][WARNING] - Timeout '0' is invalid. Using default page load timeout: '30'

2018-05-09 10:05:03 - [MESSAGE][PASSED] - Object 'Object Repository/Login objects/label_Password' is present

2018-05-09 10:05:03 - [TEST_STEP][PASSED] - closeBrowser: Browser is closed

2018-05-09 10:05:03 - [MESSAGE][PASSED] - Browser is closed]]></system-out>
         <system-err><![CDATA[]]></system-err>
      </testcase>
      <testcase name="Test Cases/Test User Logout" classname="Test Cases/Test User Logout" status="PASSED">
         <system-out><![CDATA[2018-05-09 10:05:03 - [TEST_CASE][PASSED] - Test Cases/Test User Logout: Test Cases/Test User Logout

2018-05-09 10:05:03 - [TEST_STEP][PASSED] - openBrowser: Browser is opened with url: ''

2018-05-09 10:05:04 - [MESSAGE][PASSED] - Browser is opened with url: ''

2018-05-09 10:05:04 - [TEST_STEP][PASSED] - navigateToUrl: Navigate to 'http://34.209.48.20:9089/' successfully

2018-05-09 10:05:14 - [MESSAGE][PASSED] - Navigate to 'http://34.209.48.20:9089/' successfully

2018-05-09 10:05:14 - [TEST_STEP][PASSED] - verifyElementPresent: Object 'Object Repository/Front Page Objects/header' is present

2018-05-09 10:05:14 - [MESSAGE][WARNING] - Timeout '0' is invalid. Using default page load timeout: '30'

2018-05-09 10:05:14 - [MESSAGE][PASSED] - Object 'Object Repository/Front Page Objects/header' is present

2018-05-09 10:05:14 - [TEST_STEP][PASSED] - verifyElementPresent: Object 'Object Repository/Front Page Objects/p_header_description' is present

2018-05-09 10:05:14 - [MESSAGE][WARNING] - Timeout '0' is invalid. Using default page load timeout: '30'

2018-05-09 10:05:14 - [MESSAGE][PASSED] - Object 'Object Repository/Front Page Objects/p_header_description' is present

2018-05-09 10:05:14 - [TEST_STEP][PASSED] - verifyElementPresent: Object 'Object Repository/Front Page Objects/h2_Login' is present

2018-05-09 10:05:14 - [MESSAGE][WARNING] - Timeout '0' is invalid. Using default page load timeout: '30'

2018-05-09 10:05:14 - [MESSAGE][PASSED] - Object 'Object Repository/Front Page Objects/h2_Login' is present

2018-05-09 10:05:14 - [TEST_STEP][PASSED] - verifyElementPresent: Object 'Object Repository/Login objects/label_Username' is present

2018-05-09 10:05:14 - [MESSAGE][WARNING] - Timeout '0' is invalid. Using default page load timeout: '30'

2018-05-09 10:05:15 - [MESSAGE][PASSED] - Object 'Object Repository/Login objects/label_Username' is present

2018-05-09 10:05:15 - [TEST_STEP][PASSED] - verifyElementPresent: Object 'Object Repository/Login objects/label_Password' is present

2018-05-09 10:05:15 - [MESSAGE][WARNING] - Timeout '0' is invalid. Using default page load timeout: '30'

2018-05-09 10:05:15 - [MESSAGE][PASSED] - Object 'Object Repository/Login objects/label_Password' is present

2018-05-09 10:05:15 - [TEST_STEP][PASSED] - setText: Text 'hello' is set on object 'Object Repository/Login objects/input_username'

2018-05-09 10:05:15 - [MESSAGE][PASSED] - Text 'hello' is set on object 'Object Repository/Login objects/input_username'

2018-05-09 10:05:15 - [TEST_STEP][PASSED] - setText: Text 'hello' is set on object 'Object Repository/Login objects/input_password'

2018-05-09 10:05:15 - [MESSAGE][PASSED] - Text 'hello' is set on object 'Object Repository/Login objects/input_password'

2018-05-09 10:05:15 - [TEST_STEP][PASSED] - click: Object: 'Object Repository/Login objects/button_Login' is clicked on

2018-05-09 10:05:15 - [MESSAGE][PASSED] - Object: 'Object Repository/Login objects/button_Login' is clicked on

2018-05-09 10:05:15 - [TEST_STEP][PASSED] - verifyElementPresent: Object 'Object Repository/Front Page Objects/header' is present

2018-05-09 10:05:15 - [MESSAGE][WARNING] - Timeout '0' is invalid. Using default page load timeout: '30'

2018-05-09 10:05:15 - [MESSAGE][PASSED] - Object 'Object Repository/Front Page Objects/header' is present

2018-05-09 10:05:15 - [TEST_STEP][PASSED] - verifyElementPresent: Object 'Object Repository/Front Page Objects/p_header_description' is present

2018-05-09 10:05:15 - [MESSAGE][WARNING] - Timeout '0' is invalid. Using default page load timeout: '30'

2018-05-09 10:05:15 - [MESSAGE][PASSED] - Object 'Object Repository/Front Page Objects/p_header_description' is present

2018-05-09 10:05:15 - [TEST_STEP][PASSED] - verifyElementPresent: Object 'Object Repository/Front Page Objects/div_add to cart' is present

2018-05-09 10:05:15 - [MESSAGE][WARNING] - Timeout '0' is invalid. Using default page load timeout: '30'

2018-05-09 10:05:17 - [MESSAGE][PASSED] - Object 'Object Repository/Front Page Objects/div_add to cart' is present

2018-05-09 10:05:17 - [TEST_STEP][PASSED] - click: Object: 'Object Repository/Front Page Objects/button_Carts' is clicked on

2018-05-09 10:05:17 - [MESSAGE][PASSED] - Object: 'Object Repository/Front Page Objects/button_Carts' is clicked on

2018-05-09 10:05:17 - [TEST_STEP][PASSED] - verifyElementPresent: Object 'Object Repository/Front Page Objects/User_Shopping Cart_header' is present

2018-05-09 10:05:17 - [MESSAGE][WARNING] - Timeout '0' is invalid. Using default page load timeout: '30'

2018-05-09 10:05:17 - [MESSAGE][PASSED] - Object 'Object Repository/Front Page Objects/User_Shopping Cart_header' is present

2018-05-09 10:05:17 - [TEST_STEP][PASSED] - verifyElementPresent: Object 'Object Repository/Front Page Objects/th_Product Name' is present

2018-05-09 10:05:17 - [MESSAGE][WARNING] - Timeout '0' is invalid. Using default page load timeout: '30'

2018-05-09 10:05:17 - [MESSAGE][PASSED] - Object 'Object Repository/Front Page Objects/th_Product Name' is present

2018-05-09 10:05:17 - [TEST_STEP][PASSED] - verifyElementPresent: Object 'Object Repository/Front Page Objects/th_Price' is present

2018-05-09 10:05:17 - [MESSAGE][WARNING] - Timeout '0' is invalid. Using default page load timeout: '30'

2018-05-09 10:05:17 - [MESSAGE][PASSED] - Object 'Object Repository/Front Page Objects/th_Price' is present

2018-05-09 10:05:17 - [TEST_STEP][PASSED] - verifyElementPresent: Object 'Object Repository/Front Page Objects/th_amount' is present

2018-05-09 10:05:17 - [MESSAGE][WARNING] - Timeout '0' is invalid. Using default page load timeout: '30'

2018-05-09 10:05:17 - [MESSAGE][PASSED] - Object 'Object Repository/Front Page Objects/th_amount' is present

2018-05-09 10:05:17 - [TEST_STEP][PASSED] - verifyElementPresent: Object 'Object Repository/Product Objects/p_Total price  0 THB' is present

2018-05-09 10:05:17 - [MESSAGE][WARNING] - Timeout '0' is invalid. Using default page load timeout: '30'

2018-05-09 10:05:17 - [MESSAGE][PASSED] - Object 'Object Repository/Product Objects/p_Total price  0 THB' is present

2018-05-09 10:05:17 - [TEST_STEP][PASSED] - verifyElementPresent: Object 'Object Repository/Login objects/div_confirm' is present

2018-05-09 10:05:17 - [MESSAGE][WARNING] - Timeout '0' is invalid. Using default page load timeout: '30'

2018-05-09 10:05:17 - [MESSAGE][PASSED] - Object 'Object Repository/Login objects/div_confirm' is present

2018-05-09 10:05:17 - [TEST_STEP][PASSED] - click: Object: 'Object Repository/Login objects/button_Logout' is clicked on

2018-05-09 10:05:17 - [MESSAGE][PASSED] - Object: 'Object Repository/Login objects/button_Logout' is clicked on

2018-05-09 10:05:17 - [TEST_STEP][PASSED] - verifyElementPresent: Object 'Object Repository/Front Page Objects/header' is present

2018-05-09 10:05:17 - [MESSAGE][WARNING] - Timeout '0' is invalid. Using default page load timeout: '30'

2018-05-09 10:05:17 - [MESSAGE][PASSED] - Object 'Object Repository/Front Page Objects/header' is present

2018-05-09 10:05:17 - [TEST_STEP][PASSED] - verifyElementPresent: Object 'Object Repository/Front Page Objects/p_header_description' is present

2018-05-09 10:05:17 - [MESSAGE][WARNING] - Timeout '0' is invalid. Using default page load timeout: '30'

2018-05-09 10:05:17 - [MESSAGE][PASSED] - Object 'Object Repository/Front Page Objects/p_header_description' is present

2018-05-09 10:05:17 - [TEST_STEP][PASSED] - verifyElementPresent: Object 'Object Repository/Front Page Objects/h2_Login' is present

2018-05-09 10:05:17 - [MESSAGE][WARNING] - Timeout '0' is invalid. Using default page load timeout: '30'

2018-05-09 10:05:17 - [MESSAGE][PASSED] - Object 'Object Repository/Front Page Objects/h2_Login' is present

2018-05-09 10:05:17 - [TEST_STEP][PASSED] - verifyElementPresent: Object 'Object Repository/Login objects/label_Username' is present

2018-05-09 10:05:17 - [MESSAGE][WARNING] - Timeout '0' is invalid. Using default page load timeout: '30'

2018-05-09 10:05:17 - [MESSAGE][PASSED] - Object 'Object Repository/Login objects/label_Username' is present

2018-05-09 10:05:17 - [TEST_STEP][PASSED] - verifyElementPresent: Object 'Object Repository/Login objects/label_Password' is present

2018-05-09 10:05:17 - [MESSAGE][WARNING] - Timeout '0' is invalid. Using default page load timeout: '30'

2018-05-09 10:05:17 - [MESSAGE][PASSED] - Object 'Object Repository/Login objects/label_Password' is present

2018-05-09 10:05:17 - [TEST_STEP][PASSED] - closeBrowser: Browser is closed

2018-05-09 10:05:17 - [MESSAGE][PASSED] - Browser is closed]]></system-out>
         <system-err><![CDATA[]]></system-err>
      </testcase>
      <testcase name="Test Cases/Test User Login Fail" classname="Test Cases/Test User Login Fail" status="PASSED">
         <system-out><![CDATA[2018-05-09 10:05:17 - [TEST_CASE][PASSED] - Test Cases/Test User Login Fail: Test Cases/Test User Login Fail

2018-05-09 10:05:17 - [TEST_STEP][PASSED] - openBrowser: Browser is opened with url: ''

2018-05-09 10:05:18 - [MESSAGE][PASSED] - Browser is opened with url: ''

2018-05-09 10:05:18 - [TEST_STEP][PASSED] - navigateToUrl: Navigate to 'http://34.209.48.20:9089/' successfully

2018-05-09 10:05:29 - [MESSAGE][PASSED] - Navigate to 'http://34.209.48.20:9089/' successfully

2018-05-09 10:05:29 - [TEST_STEP][PASSED] - verifyElementPresent: Object 'Object Repository/Front Page Objects/header' is present

2018-05-09 10:05:29 - [MESSAGE][WARNING] - Timeout '0' is invalid. Using default page load timeout: '30'

2018-05-09 10:05:29 - [MESSAGE][PASSED] - Object 'Object Repository/Front Page Objects/header' is present

2018-05-09 10:05:29 - [TEST_STEP][PASSED] - verifyElementPresent: Object 'Object Repository/Front Page Objects/p_header_description' is present

2018-05-09 10:05:29 - [MESSAGE][WARNING] - Timeout '0' is invalid. Using default page load timeout: '30'

2018-05-09 10:05:29 - [MESSAGE][PASSED] - Object 'Object Repository/Front Page Objects/p_header_description' is present

2018-05-09 10:05:29 - [TEST_STEP][PASSED] - verifyElementPresent: Object 'Object Repository/Front Page Objects/h2_Login' is present

2018-05-09 10:05:29 - [MESSAGE][WARNING] - Timeout '0' is invalid. Using default page load timeout: '30'

2018-05-09 10:05:30 - [MESSAGE][PASSED] - Object 'Object Repository/Front Page Objects/h2_Login' is present

2018-05-09 10:05:30 - [TEST_STEP][PASSED] - verifyElementPresent: Object 'Object Repository/Login objects/label_Username' is present

2018-05-09 10:05:30 - [MESSAGE][WARNING] - Timeout '0' is invalid. Using default page load timeout: '30'

2018-05-09 10:05:30 - [MESSAGE][PASSED] - Object 'Object Repository/Login objects/label_Username' is present

2018-05-09 10:05:30 - [TEST_STEP][PASSED] - verifyElementPresent: Object 'Object Repository/Login objects/label_Password' is present

2018-05-09 10:05:30 - [MESSAGE][WARNING] - Timeout '0' is invalid. Using default page load timeout: '30'

2018-05-09 10:05:30 - [MESSAGE][PASSED] - Object 'Object Repository/Login objects/label_Password' is present

2018-05-09 10:05:30 - [TEST_STEP][PASSED] - setText: Text 'firefly' is set on object 'Object Repository/Login objects/input_username'

2018-05-09 10:05:30 - [MESSAGE][PASSED] - Text 'firefly' is set on object 'Object Repository/Login objects/input_username'

2018-05-09 10:05:30 - [TEST_STEP][PASSED] - setText: Text 'wrongpass' is set on object 'Object Repository/Login objects/input_password'

2018-05-09 10:05:30 - [MESSAGE][PASSED] - Text 'wrongpass' is set on object 'Object Repository/Login objects/input_password'

2018-05-09 10:05:30 - [TEST_STEP][PASSED] - click: Object: 'Object Repository/Login objects/button_Login' is clicked on

2018-05-09 10:05:30 - [MESSAGE][PASSED] - Object: 'Object Repository/Login objects/button_Login' is clicked on

2018-05-09 10:05:30 - [TEST_STEP][PASSED] - verifyElementPresent: Object 'Object Repository/Login objects/label_Usernamepassword is inco' is present

2018-05-09 10:05:30 - [MESSAGE][WARNING] - Timeout '0' is invalid. Using default page load timeout: '30'

2018-05-09 10:05:31 - [MESSAGE][PASSED] - Object 'Object Repository/Login objects/label_Usernamepassword is inco' is present

2018-05-09 10:05:31 - [TEST_STEP][PASSED] - closeBrowser: Browser is closed

2018-05-09 10:05:31 - [MESSAGE][PASSED] - Browser is closed]]></system-out>
         <system-err><![CDATA[]]></system-err>
      </testcase>
      <testcase name="Test Cases/Test Empty Password Field" classname="Test Cases/Test Empty Password Field" status="PASSED">
         <system-out><![CDATA[2018-05-09 10:05:31 - [TEST_CASE][PASSED] - Test Cases/Test Empty Password Field: Test Cases/Test Empty Password Field

2018-05-09 10:05:32 - [TEST_STEP][PASSED] - openBrowser: Browser is opened with url: ''

2018-05-09 10:05:33 - [MESSAGE][PASSED] - Browser is opened with url: ''

2018-05-09 10:05:33 - [TEST_STEP][PASSED] - navigateToUrl: Navigate to 'http://34.209.48.20:9089/' successfully

2018-05-09 10:05:46 - [MESSAGE][PASSED] - Navigate to 'http://34.209.48.20:9089/' successfully

2018-05-09 10:05:46 - [TEST_STEP][PASSED] - verifyElementPresent: Object 'Object Repository/Front Page Objects/header' is present

2018-05-09 10:05:46 - [MESSAGE][WARNING] - Timeout '0' is invalid. Using default page load timeout: '30'

2018-05-09 10:05:46 - [MESSAGE][PASSED] - Object 'Object Repository/Front Page Objects/header' is present

2018-05-09 10:05:46 - [TEST_STEP][PASSED] - verifyElementPresent: Object 'Object Repository/Front Page Objects/p_header_description' is present

2018-05-09 10:05:46 - [MESSAGE][WARNING] - Timeout '0' is invalid. Using default page load timeout: '30'

2018-05-09 10:05:46 - [MESSAGE][PASSED] - Object 'Object Repository/Front Page Objects/p_header_description' is present

2018-05-09 10:05:46 - [TEST_STEP][PASSED] - verifyElementPresent: Object 'Object Repository/Front Page Objects/h2_Login' is present

2018-05-09 10:05:46 - [MESSAGE][WARNING] - Timeout '0' is invalid. Using default page load timeout: '30'

2018-05-09 10:05:46 - [MESSAGE][PASSED] - Object 'Object Repository/Front Page Objects/h2_Login' is present

2018-05-09 10:05:46 - [TEST_STEP][PASSED] - verifyElementPresent: Object 'Object Repository/Login objects/label_Username' is present

2018-05-09 10:05:46 - [MESSAGE][WARNING] - Timeout '0' is invalid. Using default page load timeout: '30'

2018-05-09 10:05:46 - [MESSAGE][PASSED] - Object 'Object Repository/Login objects/label_Username' is present

2018-05-09 10:05:46 - [TEST_STEP][PASSED] - verifyElementPresent: Object 'Object Repository/Login objects/label_Password' is present

2018-05-09 10:05:46 - [MESSAGE][WARNING] - Timeout '0' is invalid. Using default page load timeout: '30'

2018-05-09 10:05:46 - [MESSAGE][PASSED] - Object 'Object Repository/Login objects/label_Password' is present

2018-05-09 10:05:46 - [TEST_STEP][PASSED] - verifyElementPresent: Object 'Object Repository/Login objects/div_Login' is present

2018-05-09 10:05:46 - [MESSAGE][WARNING] - Timeout '0' is invalid. Using default page load timeout: '30'

2018-05-09 10:05:46 - [MESSAGE][PASSED] - Object 'Object Repository/Login objects/div_Login' is present

2018-05-09 10:05:46 - [TEST_STEP][PASSED] - setText: Text 'admin' is set on object 'Object Repository/Login objects/input_username'

2018-05-09 10:05:46 - [MESSAGE][PASSED] - Text 'admin' is set on object 'Object Repository/Login objects/input_username'

2018-05-09 10:05:46 - [TEST_STEP][PASSED] - setText: Text '' is set on object 'Object Repository/Login objects/input_password'

2018-05-09 10:05:46 - [MESSAGE][PASSED] - Text '' is set on object 'Object Repository/Login objects/input_password'

2018-05-09 10:05:46 - [TEST_STEP][PASSED] - click: Object: 'Object Repository/Login objects/button_Login' is clicked on

2018-05-09 10:05:46 - [MESSAGE][PASSED] - Object: 'Object Repository/Login objects/button_Login' is clicked on

2018-05-09 10:05:46 - [TEST_STEP][PASSED] - verifyElementPresent: Object 'Object Repository/Login objects/label_Password is required' is present

2018-05-09 10:05:46 - [MESSAGE][WARNING] - Timeout '0' is invalid. Using default page load timeout: '30'

2018-05-09 10:05:46 - [MESSAGE][PASSED] - Object 'Object Repository/Login objects/label_Password is required' is present

2018-05-09 10:05:46 - [TEST_STEP][PASSED] - closeBrowser: Browser is closed

2018-05-09 10:05:47 - [MESSAGE][PASSED] - Browser is closed]]></system-out>
         <system-err><![CDATA[]]></system-err>
      </testcase>
      <testcase name="Test Cases/Test Empty Password Field" classname="Test Cases/Test Empty Password Field" status="PASSED">
         <system-out><![CDATA[2018-05-09 10:05:47 - [TEST_CASE][PASSED] - Test Cases/Test Empty Password Field: Test Cases/Test Empty Password Field

2018-05-09 10:05:47 - [TEST_STEP][PASSED] - openBrowser: Browser is opened with url: ''

2018-05-09 10:05:47 - [MESSAGE][PASSED] - Browser is opened with url: ''

2018-05-09 10:05:47 - [TEST_STEP][PASSED] - navigateToUrl: Navigate to 'http://34.209.48.20:9089/' successfully

2018-05-09 10:05:58 - [MESSAGE][PASSED] - Navigate to 'http://34.209.48.20:9089/' successfully

2018-05-09 10:05:58 - [TEST_STEP][PASSED] - verifyElementPresent: Object 'Object Repository/Front Page Objects/header' is present

2018-05-09 10:05:58 - [MESSAGE][WARNING] - Timeout '0' is invalid. Using default page load timeout: '30'

2018-05-09 10:05:59 - [MESSAGE][PASSED] - Object 'Object Repository/Front Page Objects/header' is present

2018-05-09 10:05:59 - [TEST_STEP][PASSED] - verifyElementPresent: Object 'Object Repository/Front Page Objects/p_header_description' is present

2018-05-09 10:05:59 - [MESSAGE][WARNING] - Timeout '0' is invalid. Using default page load timeout: '30'

2018-05-09 10:05:59 - [MESSAGE][PASSED] - Object 'Object Repository/Front Page Objects/p_header_description' is present

2018-05-09 10:05:59 - [TEST_STEP][PASSED] - verifyElementPresent: Object 'Object Repository/Front Page Objects/h2_Login' is present

2018-05-09 10:05:59 - [MESSAGE][WARNING] - Timeout '0' is invalid. Using default page load timeout: '30'

2018-05-09 10:05:59 - [MESSAGE][PASSED] - Object 'Object Repository/Front Page Objects/h2_Login' is present

2018-05-09 10:05:59 - [TEST_STEP][PASSED] - verifyElementPresent: Object 'Object Repository/Login objects/label_Username' is present

2018-05-09 10:05:59 - [MESSAGE][WARNING] - Timeout '0' is invalid. Using default page load timeout: '30'

2018-05-09 10:05:59 - [MESSAGE][PASSED] - Object 'Object Repository/Login objects/label_Username' is present

2018-05-09 10:05:59 - [TEST_STEP][PASSED] - verifyElementPresent: Object 'Object Repository/Login objects/label_Password' is present

2018-05-09 10:05:59 - [MESSAGE][WARNING] - Timeout '0' is invalid. Using default page load timeout: '30'

2018-05-09 10:05:59 - [MESSAGE][PASSED] - Object 'Object Repository/Login objects/label_Password' is present

2018-05-09 10:05:59 - [TEST_STEP][PASSED] - verifyElementPresent: Object 'Object Repository/Login objects/div_Login' is present

2018-05-09 10:05:59 - [MESSAGE][WARNING] - Timeout '0' is invalid. Using default page load timeout: '30'

2018-05-09 10:05:59 - [MESSAGE][PASSED] - Object 'Object Repository/Login objects/div_Login' is present

2018-05-09 10:05:59 - [TEST_STEP][PASSED] - setText: Text 'user' is set on object 'Object Repository/Login objects/input_username'

2018-05-09 10:05:59 - [MESSAGE][PASSED] - Text 'user' is set on object 'Object Repository/Login objects/input_username'

2018-05-09 10:05:59 - [TEST_STEP][PASSED] - setText: Text '' is set on object 'Object Repository/Login objects/input_password'

2018-05-09 10:05:59 - [MESSAGE][PASSED] - Text '' is set on object 'Object Repository/Login objects/input_password'

2018-05-09 10:05:59 - [TEST_STEP][PASSED] - click: Object: 'Object Repository/Login objects/button_Login' is clicked on

2018-05-09 10:05:59 - [MESSAGE][PASSED] - Object: 'Object Repository/Login objects/button_Login' is clicked on

2018-05-09 10:05:59 - [TEST_STEP][PASSED] - verifyElementPresent: Object 'Object Repository/Login objects/label_Password is required' is present

2018-05-09 10:05:59 - [MESSAGE][WARNING] - Timeout '0' is invalid. Using default page load timeout: '30'

2018-05-09 10:05:59 - [MESSAGE][PASSED] - Object 'Object Repository/Login objects/label_Password is required' is present

2018-05-09 10:05:59 - [TEST_STEP][PASSED] - closeBrowser: Browser is closed

2018-05-09 10:05:59 - [MESSAGE][PASSED] - Browser is closed]]></system-out>
         <system-err><![CDATA[]]></system-err>
      </testcase>
      <testcase name="Test Cases/Test Empty Password Field" classname="Test Cases/Test Empty Password Field" status="PASSED">
         <system-out><![CDATA[2018-05-09 10:05:59 - [TEST_CASE][PASSED] - Test Cases/Test Empty Password Field: Test Cases/Test Empty Password Field

2018-05-09 10:05:59 - [TEST_STEP][PASSED] - openBrowser: Browser is opened with url: ''

2018-05-09 10:06:00 - [MESSAGE][PASSED] - Browser is opened with url: ''

2018-05-09 10:06:00 - [TEST_STEP][PASSED] - navigateToUrl: Navigate to 'http://34.209.48.20:9089/' successfully

2018-05-09 10:06:12 - [MESSAGE][PASSED] - Navigate to 'http://34.209.48.20:9089/' successfully

2018-05-09 10:06:12 - [TEST_STEP][PASSED] - verifyElementPresent: Object 'Object Repository/Front Page Objects/header' is present

2018-05-09 10:06:12 - [MESSAGE][WARNING] - Timeout '0' is invalid. Using default page load timeout: '30'

2018-05-09 10:06:12 - [MESSAGE][PASSED] - Object 'Object Repository/Front Page Objects/header' is present

2018-05-09 10:06:12 - [TEST_STEP][PASSED] - verifyElementPresent: Object 'Object Repository/Front Page Objects/p_header_description' is present

2018-05-09 10:06:12 - [MESSAGE][WARNING] - Timeout '0' is invalid. Using default page load timeout: '30'

2018-05-09 10:06:13 - [MESSAGE][PASSED] - Object 'Object Repository/Front Page Objects/p_header_description' is present

2018-05-09 10:06:13 - [TEST_STEP][PASSED] - verifyElementPresent: Object 'Object Repository/Front Page Objects/h2_Login' is present

2018-05-09 10:06:13 - [MESSAGE][WARNING] - Timeout '0' is invalid. Using default page load timeout: '30'

2018-05-09 10:06:13 - [MESSAGE][PASSED] - Object 'Object Repository/Front Page Objects/h2_Login' is present

2018-05-09 10:06:13 - [TEST_STEP][PASSED] - verifyElementPresent: Object 'Object Repository/Login objects/label_Username' is present

2018-05-09 10:06:13 - [MESSAGE][WARNING] - Timeout '0' is invalid. Using default page load timeout: '30'

2018-05-09 10:06:13 - [MESSAGE][PASSED] - Object 'Object Repository/Login objects/label_Username' is present

2018-05-09 10:06:13 - [TEST_STEP][PASSED] - verifyElementPresent: Object 'Object Repository/Login objects/label_Password' is present

2018-05-09 10:06:13 - [MESSAGE][WARNING] - Timeout '0' is invalid. Using default page load timeout: '30'

2018-05-09 10:06:13 - [MESSAGE][PASSED] - Object 'Object Repository/Login objects/label_Password' is present

2018-05-09 10:06:13 - [TEST_STEP][PASSED] - verifyElementPresent: Object 'Object Repository/Login objects/div_Login' is present

2018-05-09 10:06:13 - [MESSAGE][WARNING] - Timeout '0' is invalid. Using default page load timeout: '30'

2018-05-09 10:06:13 - [MESSAGE][PASSED] - Object 'Object Repository/Login objects/div_Login' is present

2018-05-09 10:06:13 - [TEST_STEP][PASSED] - setText: Text 'hello' is set on object 'Object Repository/Login objects/input_username'

2018-05-09 10:06:13 - [MESSAGE][PASSED] - Text 'hello' is set on object 'Object Repository/Login objects/input_username'

2018-05-09 10:06:13 - [TEST_STEP][PASSED] - setText: Text '' is set on object 'Object Repository/Login objects/input_password'

2018-05-09 10:06:13 - [MESSAGE][PASSED] - Text '' is set on object 'Object Repository/Login objects/input_password'

2018-05-09 10:06:13 - [TEST_STEP][PASSED] - click: Object: 'Object Repository/Login objects/button_Login' is clicked on

2018-05-09 10:06:13 - [MESSAGE][PASSED] - Object: 'Object Repository/Login objects/button_Login' is clicked on

2018-05-09 10:06:13 - [TEST_STEP][PASSED] - verifyElementPresent: Object 'Object Repository/Login objects/label_Password is required' is present

2018-05-09 10:06:13 - [MESSAGE][WARNING] - Timeout '0' is invalid. Using default page load timeout: '30'

2018-05-09 10:06:13 - [MESSAGE][PASSED] - Object 'Object Repository/Login objects/label_Password is required' is present

2018-05-09 10:06:13 - [TEST_STEP][PASSED] - closeBrowser: Browser is closed

2018-05-09 10:06:13 - [MESSAGE][PASSED] - Browser is closed]]></system-out>
         <system-err><![CDATA[]]></system-err>
      </testcase>
      <system-out><![CDATA[2018-05-09 10:03:17 - [TEST_SUITE][PASSED] - Data-Driven Test Suites: Test Cases/Test Empty Password Field]]></system-out>
      <system-err><![CDATA[]]></system-err>
   </testsuite>
</testsuites>
